[0.017s] Invoking command in '/home/pk/najnowsze_przepisywanie/ros_decawave/build/ros_decawave': CMAKE_PREFIX_PATH=${CMAKE_PREFIX_PATH}:/opt/ros/foxy /usr/bin/cmake --build /home/pk/najnowsze_przepisywanie/ros_decawave/build/ros_decawave -- -j8 -l8
[0.082s] [  1%] Built target ros_decawave__cpp
[0.083s] [ 12%] Built target ros_decawave__rosidl_generator_c
[0.108s] [ 30%] Built target ros_decawave__rosidl_typesupport_introspection_cpp
[0.108s] [ 34%] Built target ros_decawave__rosidl_typesupport_cpp
[0.113s] [ 45%] Built target ros_decawave__rosidl_typesupport_fastrtps_cpp
[0.116s] [ 67%] Built target ros_decawave__rosidl_typesupport_introspection_c
[0.116s] [ 67%] Built target ros_decawave__rosidl_typesupport_c
[0.145s] [ 78%] Built target ros_decawave__rosidl_typesupport_fastrtps_c
[0.171s] [ 78%] Built target ros_decawave
[0.198s] [ 80%] Built target ros_decawave__py
[0.232s] [ 89%] Built target ros_decawave__python
[0.262s] [100%] Built target ros_decawave__rosidl_typesupport_introspection_c__pyext
[0.262s] [100%] Built target ros_decawave__rosidl_typesupport_c__pyext
[0.262s] [100%] Built target ros_decawave__rosidl_typesupport_fastrtps_c__pyext
[0.274s] Invoked command in '/home/pk/najnowsze_przepisywanie/ros_decawave/build/ros_decawave' returned '0': CMAKE_PREFIX_PATH=${CMAKE_PREFIX_PATH}:/opt/ros/foxy /usr/bin/cmake --build /home/pk/najnowsze_przepisywanie/ros_decawave/build/ros_decawave -- -j8 -l8
[0.413s] Invoking command in '/home/pk/najnowsze_przepisywanie/ros_decawave/build/ros_decawave': CMAKE_PREFIX_PATH=${CMAKE_PREFIX_PATH}:/opt/ros/foxy /usr/bin/cmake --install /home/pk/najnowsze_przepisywanie/ros_decawave/build/ros_decawave
[0.425s] -- Install configuration: ""
[0.425s] -- Up-to-date: /home/pk/najnowsze_przepisywanie/ros_decawave/install/ros_decawave/share/ament_index/resource_index/rosidl_interfaces/ros_decawave
[0.425s] -- Up-to-date: /home/pk/najnowsze_przepisywanie/ros_decawave/install/ros_decawave/include/ros_decawave
[0.426s] -- Up-to-date: /home/pk/najnowsze_przepisywanie/ros_decawave/install/ros_decawave/include/ros_decawave/msg
[0.426s] -- Up-to-date: /home/pk/najnowsze_przepisywanie/ros_decawave/install/ros_decawave/include/ros_decawave/msg/anchor.h
[0.426s] -- Up-to-date: /home/pk/najnowsze_przepisywanie/ros_decawave/install/ros_decawave/include/ros_decawave/msg/rosidl_generator_c__visibility_control.h
[0.426s] -- Up-to-date: /home/pk/najnowsze_przepisywanie/ros_decawave/install/ros_decawave/include/ros_decawave/msg/detail
[0.426s] -- Up-to-date: /home/pk/najnowsze_przepisywanie/ros_decawave/install/ros_decawave/include/ros_decawave/msg/detail/anchor_array__struct.h
[0.426s] -- Up-to-date: /home/pk/najnowsze_przepisywanie/ros_decawave/install/ros_decawave/include/ros_decawave/msg/detail/tag__functions.c
[0.426s] -- Up-to-date: /home/pk/najnowsze_przepisywanie/ros_decawave/install/ros_decawave/include/ros_decawave/msg/detail/tag__struct.h
[0.426s] -- Up-to-date: /home/pk/najnowsze_przepisywanie/ros_decawave/install/ros_decawave/include/ros_decawave/msg/detail/anchor__functions.h
[0.426s] -- Up-to-date: /home/pk/najnowsze_przepisywanie/ros_decawave/install/ros_decawave/include/ros_decawave/msg/detail/anchor_array__functions.h
[0.427s] -- Up-to-date: /home/pk/najnowsze_przepisywanie/ros_decawave/install/ros_decawave/include/ros_decawave/msg/detail/acc__functions.h
[0.427s] -- Up-to-date: /home/pk/najnowsze_przepisywanie/ros_decawave/install/ros_decawave/include/ros_decawave/msg/detail/tag__type_support.h
[0.427s] -- Up-to-date: /home/pk/najnowsze_przepisywanie/ros_decawave/install/ros_decawave/include/ros_decawave/msg/detail/anchor__struct.h
[0.427s] -- Up-to-date: /home/pk/najnowsze_przepisywanie/ros_decawave/install/ros_decawave/include/ros_decawave/msg/detail/acc__functions.c
[0.427s] -- Up-to-date: /home/pk/najnowsze_przepisywanie/ros_decawave/install/ros_decawave/include/ros_decawave/msg/detail/tag__functions.h
[0.427s] -- Up-to-date: /home/pk/najnowsze_przepisywanie/ros_decawave/install/ros_decawave/include/ros_decawave/msg/detail/anchor__type_support.h
[0.427s] -- Up-to-date: /home/pk/najnowsze_przepisywanie/ros_decawave/install/ros_decawave/include/ros_decawave/msg/detail/anchor_array__functions.c
[0.427s] -- Up-to-date: /home/pk/najnowsze_przepisywanie/ros_decawave/install/ros_decawave/include/ros_decawave/msg/detail/anchor_array__type_support.h
[0.427s] -- Up-to-date: /home/pk/najnowsze_przepisywanie/ros_decawave/install/ros_decawave/include/ros_decawave/msg/detail/anchor__functions.c
[0.427s] -- Up-to-date: /home/pk/najnowsze_przepisywanie/ros_decawave/install/ros_decawave/include/ros_decawave/msg/detail/acc__type_support.h
[0.427s] -- Up-to-date: /home/pk/najnowsze_przepisywanie/ros_decawave/install/ros_decawave/include/ros_decawave/msg/detail/acc__struct.h
[0.427s] -- Up-to-date: /home/pk/najnowsze_przepisywanie/ros_decawave/install/ros_decawave/include/ros_decawave/msg/anchor_array.h
[0.428s] -- Up-to-date: /home/pk/najnowsze_przepisywanie/ros_decawave/install/ros_decawave/include/ros_decawave/msg/tag.h
[0.428s] -- Up-to-date: /home/pk/najnowsze_przepisywanie/ros_decawave/install/ros_decawave/include/ros_decawave/msg/acc.h
[0.428s] -- Up-to-date: /home/pk/najnowsze_przepisywanie/ros_decawave/install/ros_decawave/share/ros_decawave/environment/library_path.sh
[0.428s] -- Up-to-date: /home/pk/najnowsze_przepisywanie/ros_decawave/install/ros_decawave/share/ros_decawave/environment/library_path.dsv
[0.428s] -- Up-to-date: /home/pk/najnowsze_przepisywanie/ros_decawave/install/ros_decawave/lib/libros_decawave__rosidl_generator_c.so
[0.428s] -- Up-to-date: /home/pk/najnowsze_przepisywanie/ros_decawave/install/ros_decawave/include/ros_decawave
[0.428s] -- Up-to-date: /home/pk/najnowsze_przepisywanie/ros_decawave/install/ros_decawave/include/ros_decawave/msg
[0.428s] -- Up-to-date: /home/pk/najnowsze_przepisywanie/ros_decawave/install/ros_decawave/include/ros_decawave/msg/detail
[0.428s] -- Up-to-date: /home/pk/najnowsze_przepisywanie/ros_decawave/install/ros_decawave/include/ros_decawave/msg/detail/tag__rosidl_typesupport_fastrtps_c.h
[0.428s] -- Up-to-date: /home/pk/najnowsze_przepisywanie/ros_decawave/install/ros_decawave/include/ros_decawave/msg/detail/anchor_array__rosidl_typesupport_fastrtps_c.h
[0.429s] -- Up-to-date: /home/pk/najnowsze_przepisywanie/ros_decawave/install/ros_decawave/include/ros_decawave/msg/detail/acc__rosidl_typesupport_fastrtps_c.h
[0.429s] -- Up-to-date: /home/pk/najnowsze_przepisywanie/ros_decawave/install/ros_decawave/include/ros_decawave/msg/detail/anchor__rosidl_typesupport_fastrtps_c.h
[0.429s] -- Up-to-date: /home/pk/najnowsze_przepisywanie/ros_decawave/install/ros_decawave/include/ros_decawave/msg/rosidl_typesupport_fastrtps_c__visibility_control.h
[0.429s] -- Up-to-date: /home/pk/najnowsze_przepisywanie/ros_decawave/install/ros_decawave/lib/libros_decawave__rosidl_typesupport_fastrtps_c.so
[0.429s] -- Up-to-date: /home/pk/najnowsze_przepisywanie/ros_decawave/install/ros_decawave/include/ros_decawave
[0.430s] -- Up-to-date: /home/pk/najnowsze_przepisywanie/ros_decawave/install/ros_decawave/include/ros_decawave/msg
[0.430s] -- Up-to-date: /home/pk/najnowsze_przepisywanie/ros_decawave/install/ros_decawave/include/ros_decawave/msg/detail
[0.430s] -- Up-to-date: /home/pk/najnowsze_przepisywanie/ros_decawave/install/ros_decawave/include/ros_decawave/msg/detail/tag__rosidl_typesupport_fastrtps_cpp.hpp
[0.430s] -- Up-to-date: /home/pk/najnowsze_przepisywanie/ros_decawave/install/ros_decawave/include/ros_decawave/msg/detail/acc__rosidl_typesupport_fastrtps_cpp.hpp
[0.430s] -- Up-to-date: /home/pk/najnowsze_przepisywanie/ros_decawave/install/ros_decawave/include/ros_decawave/msg/detail/dds_fastrtps
[0.430s] -- Up-to-date: /home/pk/najnowsze_przepisywanie/ros_decawave/install/ros_decawave/include/ros_decawave/msg/detail/anchor__rosidl_typesupport_fastrtps_cpp.hpp
[0.430s] -- Up-to-date: /home/pk/najnowsze_przepisywanie/ros_decawave/install/ros_decawave/include/ros_decawave/msg/detail/anchor_array__rosidl_typesupport_fastrtps_cpp.hpp
[0.430s] -- Up-to-date: /home/pk/najnowsze_przepisywanie/ros_decawave/install/ros_decawave/include/ros_decawave/msg/rosidl_typesupport_fastrtps_cpp__visibility_control.h
[0.430s] -- Up-to-date: /home/pk/najnowsze_przepisywanie/ros_decawave/install/ros_decawave/lib/libros_decawave__rosidl_typesupport_fastrtps_cpp.so
[0.430s] -- Up-to-date: /home/pk/najnowsze_przepisywanie/ros_decawave/install/ros_decawave/include/ros_decawave
[0.431s] -- Up-to-date: /home/pk/najnowsze_przepisywanie/ros_decawave/install/ros_decawave/include/ros_decawave/msg
[0.431s] -- Up-to-date: /home/pk/najnowsze_przepisywanie/ros_decawave/install/ros_decawave/include/ros_decawave/msg/detail
[0.431s] -- Up-to-date: /home/pk/najnowsze_przepisywanie/ros_decawave/install/ros_decawave/include/ros_decawave/msg/detail/anchor_array__rosidl_typesupport_introspection_c.h
[0.431s] -- Up-to-date: /home/pk/najnowsze_przepisywanie/ros_decawave/install/ros_decawave/include/ros_decawave/msg/detail/anchor_array__type_support.c
[0.431s] -- Up-to-date: /home/pk/najnowsze_przepisywanie/ros_decawave/install/ros_decawave/include/ros_decawave/msg/detail/anchor__rosidl_typesupport_introspection_c.h
[0.431s] -- Up-to-date: /home/pk/najnowsze_przepisywanie/ros_decawave/install/ros_decawave/include/ros_decawave/msg/detail/acc__rosidl_typesupport_introspection_c.h
[0.431s] -- Up-to-date: /home/pk/najnowsze_przepisywanie/ros_decawave/install/ros_decawave/include/ros_decawave/msg/detail/tag__type_support.c
[0.431s] -- Up-to-date: /home/pk/najnowsze_przepisywanie/ros_decawave/install/ros_decawave/include/ros_decawave/msg/detail/acc__type_support.c
[0.431s] -- Up-to-date: /home/pk/najnowsze_przepisywanie/ros_decawave/install/ros_decawave/include/ros_decawave/msg/detail/anchor__type_support.c
[0.431s] -- Up-to-date: /home/pk/najnowsze_przepisywanie/ros_decawave/install/ros_decawave/include/ros_decawave/msg/detail/tag__rosidl_typesupport_introspection_c.h
[0.431s] -- Up-to-date: /home/pk/najnowsze_przepisywanie/ros_decawave/install/ros_decawave/include/ros_decawave/msg/rosidl_typesupport_introspection_c__visibility_control.h
[0.431s] -- Up-to-date: /home/pk/najnowsze_przepisywanie/ros_decawave/install/ros_decawave/lib/libros_decawave__rosidl_typesupport_introspection_c.so
[0.431s] -- Up-to-date: /home/pk/najnowsze_przepisywanie/ros_decawave/install/ros_decawave/lib/libros_decawave__rosidl_typesupport_c.so
[0.432s] -- Up-to-date: /home/pk/najnowsze_przepisywanie/ros_decawave/install/ros_decawave/include/ros_decawave
[0.432s] -- Up-to-date: /home/pk/najnowsze_przepisywanie/ros_decawave/install/ros_decawave/include/ros_decawave/msg
[0.432s] -- Up-to-date: /home/pk/najnowsze_przepisywanie/ros_decawave/install/ros_decawave/include/ros_decawave/msg/acc.hpp
[0.432s] -- Up-to-date: /home/pk/najnowsze_przepisywanie/ros_decawave/install/ros_decawave/include/ros_decawave/msg/tag.hpp
[0.432s] -- Up-to-date: /home/pk/najnowsze_przepisywanie/ros_decawave/install/ros_decawave/include/ros_decawave/msg/detail
[0.432s] -- Up-to-date: /home/pk/najnowsze_przepisywanie/ros_decawave/install/ros_decawave/include/ros_decawave/msg/detail/tag__builder.hpp
[0.432s] -- Up-to-date: /home/pk/najnowsze_przepisywanie/ros_decawave/install/ros_decawave/include/ros_decawave/msg/detail/anchor_array__struct.hpp
[0.432s] -- Up-to-date: /home/pk/najnowsze_przepisywanie/ros_decawave/install/ros_decawave/include/ros_decawave/msg/detail/acc__struct.hpp
[0.432s] -- Up-to-date: /home/pk/najnowsze_przepisywanie/ros_decawave/install/ros_decawave/include/ros_decawave/msg/detail/anchor__builder.hpp
[0.432s] -- Up-to-date: /home/pk/najnowsze_przepisywanie/ros_decawave/install/ros_decawave/include/ros_decawave/msg/detail/anchor_array__builder.hpp
[0.432s] -- Up-to-date: /home/pk/najnowsze_przepisywanie/ros_decawave/install/ros_decawave/include/ros_decawave/msg/detail/acc__traits.hpp
[0.432s] -- Up-to-date: /home/pk/najnowsze_przepisywanie/ros_decawave/install/ros_decawave/include/ros_decawave/msg/detail/anchor__traits.hpp
[0.432s] -- Up-to-date: /home/pk/najnowsze_przepisywanie/ros_decawave/install/ros_decawave/include/ros_decawave/msg/detail/acc__builder.hpp
[0.432s] -- Up-to-date: /home/pk/najnowsze_przepisywanie/ros_decawave/install/ros_decawave/include/ros_decawave/msg/detail/anchor_array__traits.hpp
[0.433s] -- Up-to-date: /home/pk/najnowsze_przepisywanie/ros_decawave/install/ros_decawave/include/ros_decawave/msg/detail/tag__traits.hpp
[0.433s] -- Up-to-date: /home/pk/najnowsze_przepisywanie/ros_decawave/install/ros_decawave/include/ros_decawave/msg/detail/tag__struct.hpp
[0.433s] -- Up-to-date: /home/pk/najnowsze_przepisywanie/ros_decawave/install/ros_decawave/include/ros_decawave/msg/detail/anchor__struct.hpp
[0.433s] -- Up-to-date: /home/pk/najnowsze_przepisywanie/ros_decawave/install/ros_decawave/include/ros_decawave/msg/anchor_array.hpp
[0.433s] -- Up-to-date: /home/pk/najnowsze_przepisywanie/ros_decawave/install/ros_decawave/include/ros_decawave/msg/anchor.hpp
[0.433s] -- Up-to-date: /home/pk/najnowsze_przepisywanie/ros_decawave/install/ros_decawave/include/ros_decawave
[0.433s] -- Up-to-date: /home/pk/najnowsze_przepisywanie/ros_decawave/install/ros_decawave/include/ros_decawave/msg
[0.433s] -- Up-to-date: /home/pk/najnowsze_przepisywanie/ros_decawave/install/ros_decawave/include/ros_decawave/msg/detail
[0.433s] -- Up-to-date: /home/pk/najnowsze_przepisywanie/ros_decawave/install/ros_decawave/include/ros_decawave/msg/detail/tag__rosidl_typesupport_introspection_cpp.hpp
[0.433s] -- Up-to-date: /home/pk/najnowsze_przepisywanie/ros_decawave/install/ros_decawave/include/ros_decawave/msg/detail/anchor_array__rosidl_typesupport_introspection_cpp.hpp
[0.433s] -- Up-to-date: /home/pk/najnowsze_przepisywanie/ros_decawave/install/ros_decawave/include/ros_decawave/msg/detail/anchor_array__type_support.cpp
[0.433s] -- Up-to-date: /home/pk/najnowsze_przepisywanie/ros_decawave/install/ros_decawave/include/ros_decawave/msg/detail/anchor__type_support.cpp
[0.434s] -- Up-to-date: /home/pk/najnowsze_przepisywanie/ros_decawave/install/ros_decawave/include/ros_decawave/msg/detail/acc__type_support.cpp
[0.434s] -- Up-to-date: /home/pk/najnowsze_przepisywanie/ros_decawave/install/ros_decawave/include/ros_decawave/msg/detail/anchor__rosidl_typesupport_introspection_cpp.hpp
[0.434s] -- Up-to-date: /home/pk/najnowsze_przepisywanie/ros_decawave/install/ros_decawave/include/ros_decawave/msg/detail/acc__rosidl_typesupport_introspection_cpp.hpp
[0.434s] -- Up-to-date: /home/pk/najnowsze_przepisywanie/ros_decawave/install/ros_decawave/include/ros_decawave/msg/detail/tag__type_support.cpp
[0.434s] -- Up-to-date: /home/pk/najnowsze_przepisywanie/ros_decawave/install/ros_decawave/lib/libros_decawave__rosidl_typesupport_introspection_cpp.so
[0.434s] -- Up-to-date: /home/pk/najnowsze_przepisywanie/ros_decawave/install/ros_decawave/lib/libros_decawave__rosidl_typesupport_cpp.so
[0.434s] -- Up-to-date: /home/pk/najnowsze_przepisywanie/ros_decawave/install/ros_decawave/share/ros_decawave/environment/pythonpath.sh
[0.434s] -- Up-to-date: /home/pk/najnowsze_przepisywanie/ros_decawave/install/ros_decawave/share/ros_decawave/environment/pythonpath.dsv
[0.434s] -- Installing: /home/pk/najnowsze_przepisywanie/ros_decawave/install/ros_decawave/lib/python3.8/site-packages/ros_decawave/__init__.py
[0.461s] Compiling '/home/pk/najnowsze_przepisywanie/ros_decawave/install/ros_decawave/lib/python3.8/site-packages/ros_decawave/__init__.py'...
[0.465s] -- Up-to-date: /home/pk/najnowsze_przepisywanie/ros_decawave/install/ros_decawave/lib/python3.8/site-packages/ros_decawave/msg
[0.466s] -- Up-to-date: /home/pk/najnowsze_przepisywanie/ros_decawave/install/ros_decawave/lib/python3.8/site-packages/ros_decawave/msg/_anchor.py
[0.466s] -- Up-to-date: /home/pk/najnowsze_przepisywanie/ros_decawave/install/ros_decawave/lib/python3.8/site-packages/ros_decawave/msg/__init__.py
[0.466s] -- Up-to-date: /home/pk/najnowsze_przepisywanie/ros_decawave/install/ros_decawave/lib/python3.8/site-packages/ros_decawave/msg/_tag.py
[0.466s] -- Up-to-date: /home/pk/najnowsze_przepisywanie/ros_decawave/install/ros_decawave/lib/python3.8/site-packages/ros_decawave/msg/_acc.py
[0.466s] -- Up-to-date: /home/pk/najnowsze_przepisywanie/ros_decawave/install/ros_decawave/lib/python3.8/site-packages/ros_decawave/msg/_tag_s.c
[0.466s] -- Up-to-date: /home/pk/najnowsze_przepisywanie/ros_decawave/install/ros_decawave/lib/python3.8/site-packages/ros_decawave/msg/_anchor_s.c
[0.466s] -- Up-to-date: /home/pk/najnowsze_przepisywanie/ros_decawave/install/ros_decawave/lib/python3.8/site-packages/ros_decawave/msg/_anchor_array_s.c
[0.467s] -- Up-to-date: /home/pk/najnowsze_przepisywanie/ros_decawave/install/ros_decawave/lib/python3.8/site-packages/ros_decawave/msg/_acc_s.c
[0.467s] -- Up-to-date: /home/pk/najnowsze_przepisywanie/ros_decawave/install/ros_decawave/lib/python3.8/site-packages/ros_decawave/msg/_anchor_array.py
[0.467s] -- Up-to-date: /home/pk/najnowsze_przepisywanie/ros_decawave/install/ros_decawave/lib/python3.8/site-packages/ros_decawave/ros_decawave_s__rosidl_typesupport_fastrtps_c.cpython-38-x86_64-linux-gnu.so
[0.467s] -- Up-to-date: /home/pk/najnowsze_przepisywanie/ros_decawave/install/ros_decawave/lib/python3.8/site-packages/ros_decawave/ros_decawave_s__rosidl_typesupport_introspection_c.cpython-38-x86_64-linux-gnu.so
[0.467s] -- Up-to-date: /home/pk/najnowsze_przepisywanie/ros_decawave/install/ros_decawave/lib/python3.8/site-packages/ros_decawave/ros_decawave_s__rosidl_typesupport_c.cpython-38-x86_64-linux-gnu.so
[0.468s] -- Up-to-date: /home/pk/najnowsze_przepisywanie/ros_decawave/install/ros_decawave/lib/libros_decawave__python.so
[0.468s] -- Up-to-date: /home/pk/najnowsze_przepisywanie/ros_decawave/install/ros_decawave/share/ros_decawave/msg/Acc.idl
[0.468s] -- Up-to-date: /home/pk/najnowsze_przepisywanie/ros_decawave/install/ros_decawave/share/ros_decawave/msg/Anchor.idl
[0.469s] -- Up-to-date: /home/pk/najnowsze_przepisywanie/ros_decawave/install/ros_decawave/share/ros_decawave/msg/AnchorArray.idl
[0.469s] -- Up-to-date: /home/pk/najnowsze_przepisywanie/ros_decawave/install/ros_decawave/share/ros_decawave/msg/Tag.idl
[0.469s] -- Up-to-date: /home/pk/najnowsze_przepisywanie/ros_decawave/install/ros_decawave/share/ros_decawave/msg/Acc.msg
[0.469s] -- Up-to-date: /home/pk/najnowsze_przepisywanie/ros_decawave/install/ros_decawave/share/ros_decawave/msg/Anchor.msg
[0.469s] -- Up-to-date: /home/pk/najnowsze_przepisywanie/ros_decawave/install/ros_decawave/share/ros_decawave/msg/AnchorArray.msg
[0.469s] -- Up-to-date: /home/pk/najnowsze_przepisywanie/ros_decawave/install/ros_decawave/share/ros_decawave/msg/Tag.msg
[0.470s] -- Up-to-date: /home/pk/najnowsze_przepisywanie/ros_decawave/install/ros_decawave/lib/python3.8/site-packages/ros_decawave
[0.470s] -- Installing: /home/pk/najnowsze_przepisywanie/ros_decawave/install/ros_decawave/lib/python3.8/site-packages/ros_decawave/__init__.py
[0.510s] Listing '/home/pk/najnowsze_przepisywanie/ros_decawave/install/ros_decawave/lib/python3.8/site-packages/ros_decawave'...
[0.510s] Compiling '/home/pk/najnowsze_przepisywanie/ros_decawave/install/ros_decawave/lib/python3.8/site-packages/ros_decawave/__init__.py'...
[0.510s] Listing '/home/pk/najnowsze_przepisywanie/ros_decawave/install/ros_decawave/lib/python3.8/site-packages/ros_decawave/msg'...
[0.514s] -- Installing: /home/pk/najnowsze_przepisywanie/ros_decawave/install/ros_decawave/lib/ros_decawave/decawave_driver.py
[0.514s] -- Up-to-date: /home/pk/najnowsze_przepisywanie/ros_decawave/install/ros_decawave/share/ament_index/resource_index/package_run_dependencies/ros_decawave
[0.514s] -- Up-to-date: /home/pk/najnowsze_przepisywanie/ros_decawave/install/ros_decawave/share/ament_index/resource_index/parent_prefix_path/ros_decawave
[0.514s] -- Up-to-date: /home/pk/najnowsze_przepisywanie/ros_decawave/install/ros_decawave/share/ros_decawave/environment/ament_prefix_path.sh
[0.515s] -- Up-to-date: /home/pk/najnowsze_przepisywanie/ros_decawave/install/ros_decawave/share/ros_decawave/environment/ament_prefix_path.dsv
[0.515s] -- Up-to-date: /home/pk/najnowsze_przepisywanie/ros_decawave/install/ros_decawave/share/ros_decawave/environment/path.sh
[0.515s] -- Up-to-date: /home/pk/najnowsze_przepisywanie/ros_decawave/install/ros_decawave/share/ros_decawave/environment/path.dsv
[0.515s] -- Up-to-date: /home/pk/najnowsze_przepisywanie/ros_decawave/install/ros_decawave/share/ros_decawave/local_setup.bash
[0.515s] -- Up-to-date: /home/pk/najnowsze_przepisywanie/ros_decawave/install/ros_decawave/share/ros_decawave/local_setup.sh
[0.515s] -- Up-to-date: /home/pk/najnowsze_przepisywanie/ros_decawave/install/ros_decawave/share/ros_decawave/local_setup.zsh
[0.516s] -- Up-to-date: /home/pk/najnowsze_przepisywanie/ros_decawave/install/ros_decawave/share/ros_decawave/local_setup.dsv
[0.516s] -- Installing: /home/pk/najnowsze_przepisywanie/ros_decawave/install/ros_decawave/share/ros_decawave/package.dsv
[0.516s] -- Up-to-date: /home/pk/najnowsze_przepisywanie/ros_decawave/install/ros_decawave/share/ament_index/resource_index/packages/ros_decawave
[0.516s] -- Up-to-date: /home/pk/najnowsze_przepisywanie/ros_decawave/install/ros_decawave/share/ros_decawave/cmake/ros_decawave__rosidl_generator_cExport.cmake
[0.516s] -- Up-to-date: /home/pk/najnowsze_przepisywanie/ros_decawave/install/ros_decawave/share/ros_decawave/cmake/ros_decawave__rosidl_generator_cExport-noconfig.cmake
[0.516s] -- Up-to-date: /home/pk/najnowsze_przepisywanie/ros_decawave/install/ros_decawave/share/ros_decawave/cmake/ros_decawave__rosidl_typesupport_introspection_cExport.cmake
[0.516s] -- Up-to-date: /home/pk/najnowsze_przepisywanie/ros_decawave/install/ros_decawave/share/ros_decawave/cmake/ros_decawave__rosidl_typesupport_introspection_cExport-noconfig.cmake
[0.517s] -- Up-to-date: /home/pk/najnowsze_przepisywanie/ros_decawave/install/ros_decawave/share/ros_decawave/cmake/ros_decawave__rosidl_typesupport_cExport.cmake
[0.517s] -- Up-to-date: /home/pk/najnowsze_przepisywanie/ros_decawave/install/ros_decawave/share/ros_decawave/cmake/ros_decawave__rosidl_typesupport_cExport-noconfig.cmake
[0.517s] -- Up-to-date: /home/pk/najnowsze_przepisywanie/ros_decawave/install/ros_decawave/share/ros_decawave/cmake/ros_decawave__rosidl_generator_cppExport.cmake
[0.517s] -- Up-to-date: /home/pk/najnowsze_przepisywanie/ros_decawave/install/ros_decawave/share/ros_decawave/cmake/ros_decawave__rosidl_typesupport_introspection_cppExport.cmake
[0.517s] -- Up-to-date: /home/pk/najnowsze_przepisywanie/ros_decawave/install/ros_decawave/share/ros_decawave/cmake/ros_decawave__rosidl_typesupport_introspection_cppExport-noconfig.cmake
[0.517s] -- Up-to-date: /home/pk/najnowsze_przepisywanie/ros_decawave/install/ros_decawave/share/ros_decawave/cmake/ros_decawave__rosidl_typesupport_cppExport.cmake
[0.518s] -- Up-to-date: /home/pk/najnowsze_przepisywanie/ros_decawave/install/ros_decawave/share/ros_decawave/cmake/ros_decawave__rosidl_typesupport_cppExport-noconfig.cmake
[0.518s] -- Up-to-date: /home/pk/najnowsze_przepisywanie/ros_decawave/install/ros_decawave/share/ros_decawave/cmake/rosidl_cmake-extras.cmake
[0.518s] -- Up-to-date: /home/pk/najnowsze_przepisywanie/ros_decawave/install/ros_decawave/share/ros_decawave/cmake/ament_cmake_export_dependencies-extras.cmake
[0.518s] -- Up-to-date: /home/pk/najnowsze_przepisywanie/ros_decawave/install/ros_decawave/share/ros_decawave/cmake/ament_cmake_export_libraries-extras.cmake
[0.518s] -- Up-to-date: /home/pk/najnowsze_przepisywanie/ros_decawave/install/ros_decawave/share/ros_decawave/cmake/ament_cmake_export_targets-extras.cmake
[0.518s] -- Up-to-date: /home/pk/najnowsze_przepisywanie/ros_decawave/install/ros_decawave/share/ros_decawave/cmake/ament_cmake_export_include_directories-extras.cmake
[0.519s] -- Up-to-date: /home/pk/najnowsze_przepisywanie/ros_decawave/install/ros_decawave/share/ros_decawave/cmake/rosidl_cmake_export_typesupport_libraries-extras.cmake
[0.519s] -- Up-to-date: /home/pk/najnowsze_przepisywanie/ros_decawave/install/ros_decawave/share/ros_decawave/cmake/rosidl_cmake_export_typesupport_targets-extras.cmake
[0.519s] -- Up-to-date: /home/pk/najnowsze_przepisywanie/ros_decawave/install/ros_decawave/share/ros_decawave/cmake/ros_decawaveConfig.cmake
[0.519s] -- Up-to-date: /home/pk/najnowsze_przepisywanie/ros_decawave/install/ros_decawave/share/ros_decawave/cmake/ros_decawaveConfig-version.cmake
[0.519s] -- Up-to-date: /home/pk/najnowsze_przepisywanie/ros_decawave/install/ros_decawave/share/ros_decawave/package.xml
[0.522s] Invoked command in '/home/pk/najnowsze_przepisywanie/ros_decawave/build/ros_decawave' returned '0': CMAKE_PREFIX_PATH=${CMAKE_PREFIX_PATH}:/opt/ros/foxy /usr/bin/cmake --install /home/pk/najnowsze_przepisywanie/ros_decawave/build/ros_decawave
