[0.020s] Invoking command in '/home/pk/najnowsze_przepisywanie/ros_decawave/build/ros_decawave': CMAKE_PREFIX_PATH=${CMAKE_PREFIX_PATH}:/opt/ros/foxy /usr/bin/cmake --build /home/pk/najnowsze_przepisywanie/ros_decawave/build/ros_decawave -- -j8 -l8
[0.051s] -- Found ament_cmake: 0.9.11 (/opt/ros/foxy/share/ament_cmake/cmake)
[0.077s] -- Found PythonInterp: /usr/bin/python3 (found suitable version "3.8.10", minimum required is "3") 
[0.077s] -- Using PYTHON_EXECUTABLE: /usr/bin/python3
[0.273s] -- Found rosidl_default_generators: 1.0.1 (/opt/ros/foxy/share/rosidl_default_generators/cmake)
[0.276s] -- Using all available rosidl_typesupport_c: rosidl_typesupport_fastrtps_c;rosidl_typesupport_introspection_c
[0.279s] -- Found rosidl_adapter: 1.3.0 (/opt/ros/foxy/share/rosidl_adapter/cmake)
[0.436s] -- Using all available rosidl_typesupport_cpp: rosidl_typesupport_fastrtps_cpp;rosidl_typesupport_introspection_cpp
[0.484s] -- Found PythonInterp: /usr/bin/python3 (found version "3.8.10") 
[0.625s] -- Found ament_cmake_ros: 0.9.2 (/opt/ros/foxy/share/ament_cmake_ros/cmake)
[0.738s] -- Using all available rosidl_typesupport_c: rosidl_typesupport_fastrtps_c;rosidl_typesupport_introspection_c
[0.746s] -- Using all available rosidl_typesupport_cpp: rosidl_typesupport_fastrtps_cpp;rosidl_typesupport_introspection_cpp
[0.769s] -- Found PythonInterp: /usr/bin/python3 (found suitable version "3.8.10", minimum required is "3.5") 
[0.770s] -- Found python_cmake_module: 0.8.1 (/opt/ros/foxy/share/python_cmake_module/cmake)
[0.797s] -- Using PYTHON_EXECUTABLE: /usr/bin/python3
[0.798s] -- Using PYTHON_INCLUDE_DIRS: /usr/include/python3.8
[0.798s] -- Using PYTHON_LIBRARIES: /usr/lib/x86_64-linux-gnu/libpython3.8.so
[0.812s] -- Found ament_lint_auto: 0.9.7 (/opt/ros/foxy/share/ament_lint_auto/cmake)
[0.824s] -- Added test 'copyright' to check source files copyright and LICENSE
[0.875s] -- Added test 'cppcheck' to perform static code analysis on C / C++ code
[0.877s] -- Configured cppcheck include dirs: $<BUILD_INTERFACE:/home/pk/najnowsze_przepisywanie/ros_decawave/build/ros_decawave/rosidl_generator_c>;/home/pk/najnowsze_przepisywanie/ros_decawave/build/ros_decawave/rosidl_generator_c;/home/pk/najnowsze_przepisywanie/ros_decawave/build/ros_decawave/rosidl_generator_cpp;/home/pk/najnowsze_przepisywanie/ros_decawave/build/ros_decawave/rosidl_typesupport_fastrtps_c;/home/pk/najnowsze_przepisywanie/ros_decawave/build/ros_decawave/rosidl_typesupport_fastrtps_cpp;$<BUILD_INTERFACE:/home/pk/najnowsze_przepisywanie/ros_decawave/build/ros_decawave/rosidl_typesupport_introspection_c>;$<BUILD_INTERFACE:/home/pk/najnowsze_przepisywanie/ros_decawave/build/ros_decawave/rosidl_typesupport_c>;$<BUILD_INTERFACE:/home/pk/najnowsze_przepisywanie/ros_decawave/build/ros_decawave/rosidl_generator_cpp>;/home/pk/najnowsze_przepisywanie/ros_decawave/build/ros_decawave/rosidl_generator_py
[0.877s] -- Configured cppcheck exclude dirs and/or files: 
[0.931s] -- Added test 'cpplint' to check C / C++ code against the Google style
[0.931s] -- Configured cpplint exclude dirs and/or files: 
[0.938s] -- Added test 'flake8' to check Python code syntax and style conventions
[0.952s] -- Added test 'lint_cmake' to check CMake code style
[0.959s] -- Added test 'pep257' to check Python code against some of the style conventions in PEP 257
[1.015s] -- Added test 'uncrustify' to check C / C++ code style
[1.015s] -- Configured uncrustify additional arguments: 
[1.023s] -- Added test 'xmllint' to check XML markup files
[1.027s] -- Configuring done
[1.069s] -- Generating done
[1.073s] -- Build files have been written to: /home/pk/najnowsze_przepisywanie/ros_decawave/build/ros_decawave
[1.109s] [  1%] [34m[1mGenerating C code for ROS interfaces[0m
[1.119s] [  3%] [34m[1mGenerating C++ code for ROS interfaces[0m
[1.667s] [  3%] Built target ros_decawave__cpp
[1.679s] [  9%] [34m[1mGenerating C++ type support for eProsima Fast-RTPS[0m
[1.679s] [  9%] [34m[1mGenerating C++ type support dispatch for ROS interfaces[0m
[1.679s] [  9%] [34m[1mGenerating C++ introspection for ROS interfaces[0m
[1.758s] [35m[1mScanning dependencies of target ros_decawave__rosidl_generator_c[0m
[1.776s] [ 10%] [32mBuilding C object CMakeFiles/ros_decawave__rosidl_generator_c.dir/rosidl_generator_c/ros_decawave/msg/detail/anchor__functions.c.o[0m
[1.779s] [ 16%] [32mBuilding C object CMakeFiles/ros_decawave__rosidl_generator_c.dir/rosidl_generator_c/ros_decawave/msg/detail/acc__functions.c.o[0m
[1.780s] [ 16%] [32mBuilding C object CMakeFiles/ros_decawave__rosidl_generator_c.dir/rosidl_generator_c/ros_decawave/msg/detail/tag__functions.c.o[0m
[1.780s] [ 16%] [32mBuilding C object CMakeFiles/ros_decawave__rosidl_generator_c.dir/rosidl_generator_c/ros_decawave/msg/detail/anchor_array__functions.c.o[0m
[1.865s] [ 18%] [32m[1mLinking C shared library libros_decawave__rosidl_generator_c.so[0m
[1.908s] [ 18%] Built target ros_decawave__rosidl_generator_c
[1.922s] [ 20%] [34m[1mGenerating C introspection for ROS interfaces[0m
[1.927s] [ 21%] [34m[1mGenerating C type support dispatch for ROS interfaces[0m
[2.306s] [35m[1mScanning dependencies of target ros_decawave__rosidl_typesupport_cpp[0m
[2.327s] [ 23%] [32mBuilding CXX object CMakeFiles/ros_decawave__rosidl_typesupport_cpp.dir/rosidl_typesupport_cpp/ros_decawave/msg/acc__type_support.cpp.o[0m
[2.328s] [ 25%] [32mBuilding CXX object CMakeFiles/ros_decawave__rosidl_typesupport_cpp.dir/rosidl_typesupport_cpp/ros_decawave/msg/anchor__type_support.cpp.o[0m
[2.329s] [ 27%] [32mBuilding CXX object CMakeFiles/ros_decawave__rosidl_typesupport_cpp.dir/rosidl_typesupport_cpp/ros_decawave/msg/anchor_array__type_support.cpp.o[0m
[2.342s] [ 29%] [32mBuilding CXX object CMakeFiles/ros_decawave__rosidl_typesupport_cpp.dir/rosidl_typesupport_cpp/ros_decawave/msg/tag__type_support.cpp.o[0m
[2.466s] [35m[1mScanning dependencies of target ros_decawave__rosidl_typesupport_introspection_cpp[0m
[2.491s] [ 30%] [32mBuilding CXX object CMakeFiles/ros_decawave__rosidl_typesupport_introspection_cpp.dir/rosidl_typesupport_introspection_cpp/ros_decawave/msg/detail/acc__type_support.cpp.o[0m
[2.523s] [35m[1mScanning dependencies of target ros_decawave__rosidl_typesupport_fastrtps_cpp[0m
[2.562s] [ 32%] [32mBuilding CXX object CMakeFiles/ros_decawave__rosidl_typesupport_fastrtps_cpp.dir/rosidl_typesupport_fastrtps_cpp/ros_decawave/msg/detail/dds_fastrtps/acc__type_support.cpp.o[0m
[2.932s] [35m[1mScanning dependencies of target ros_decawave__rosidl_typesupport_c[0m
[2.945s] [ 34%] [32mBuilding CXX object CMakeFiles/ros_decawave__rosidl_typesupport_fastrtps_cpp.dir/rosidl_typesupport_fastrtps_cpp/ros_decawave/msg/detail/dds_fastrtps/anchor__type_support.cpp.o[0m
[2.955s] [ 36%] [32mBuilding CXX object CMakeFiles/ros_decawave__rosidl_typesupport_c.dir/rosidl_typesupport_c/ros_decawave/msg/acc__type_support.cpp.o[0m
[2.987s] [ 38%] [32mBuilding CXX object CMakeFiles/ros_decawave__rosidl_typesupport_introspection_cpp.dir/rosidl_typesupport_introspection_cpp/ros_decawave/msg/detail/anchor__type_support.cpp.o[0m
[3.011s] [ 40%] [32mBuilding CXX object CMakeFiles/ros_decawave__rosidl_typesupport_c.dir/rosidl_typesupport_c/ros_decawave/msg/anchor__type_support.cpp.o[0m
[3.016s] [ 41%] [32mBuilding CXX object CMakeFiles/ros_decawave__rosidl_typesupport_c.dir/rosidl_typesupport_c/ros_decawave/msg/anchor_array__type_support.cpp.o[0m
[3.044s] [ 43%] [32m[1mLinking CXX shared library libros_decawave__rosidl_typesupport_cpp.so[0m
[3.076s] [ 45%] [32mBuilding CXX object CMakeFiles/ros_decawave__rosidl_typesupport_c.dir/rosidl_typesupport_c/ros_decawave/msg/tag__type_support.cpp.o[0m
[3.091s] [ 47%] [32mBuilding CXX object CMakeFiles/ros_decawave__rosidl_typesupport_introspection_cpp.dir/rosidl_typesupport_introspection_cpp/ros_decawave/msg/detail/anchor_array__type_support.cpp.o[0m
[3.095s] [ 49%] [32mBuilding CXX object CMakeFiles/ros_decawave__rosidl_typesupport_introspection_cpp.dir/rosidl_typesupport_introspection_cpp/ros_decawave/msg/detail/tag__type_support.cpp.o[0m
[3.104s] [35m[1mScanning dependencies of target ros_decawave__rosidl_typesupport_introspection_c[0m
[3.133s] [ 50%] [32m[1mLinking CXX shared library libros_decawave__rosidl_typesupport_c.so[0m
[3.138s] [ 50%] Built target ros_decawave__rosidl_typesupport_cpp
[3.155s] [ 52%] [32mBuilding CXX object CMakeFiles/ros_decawave__rosidl_typesupport_fastrtps_cpp.dir/rosidl_typesupport_fastrtps_cpp/ros_decawave/msg/detail/dds_fastrtps/anchor_array__type_support.cpp.o[0m
[3.165s] [ 54%] [32mBuilding C object CMakeFiles/ros_decawave__rosidl_typesupport_introspection_c.dir/rosidl_typesupport_introspection_c/ros_decawave/msg/detail/acc__type_support.c.o[0m
[3.214s] [ 54%] Built target ros_decawave__rosidl_typesupport_c
[3.233s] [ 56%] [32mBuilding C object CMakeFiles/ros_decawave__rosidl_typesupport_introspection_c.dir/rosidl_typesupport_introspection_c/ros_decawave/msg/detail/anchor__type_support.c.o[0m
[3.241s] [ 58%] [32mBuilding CXX object CMakeFiles/ros_decawave__rosidl_typesupport_fastrtps_cpp.dir/rosidl_typesupport_fastrtps_cpp/ros_decawave/msg/detail/dds_fastrtps/tag__type_support.cpp.o[0m
[3.300s] [ 60%] [32mBuilding C object CMakeFiles/ros_decawave__rosidl_typesupport_introspection_c.dir/rosidl_typesupport_introspection_c/ros_decawave/msg/detail/anchor_array__type_support.c.o[0m
[3.411s] [ 61%] [32mBuilding C object CMakeFiles/ros_decawave__rosidl_typesupport_introspection_c.dir/rosidl_typesupport_introspection_c/ros_decawave/msg/detail/tag__type_support.c.o[0m
[3.463s] [ 63%] [32m[1mLinking C shared library libros_decawave__rosidl_typesupport_introspection_c.so[0m
[3.500s] [ 63%] Built target ros_decawave__rosidl_typesupport_introspection_c
[3.735s] [ 65%] [32m[1mLinking CXX shared library libros_decawave__rosidl_typesupport_introspection_cpp.so[0m
[3.826s] [ 65%] Built target ros_decawave__rosidl_typesupport_introspection_cpp
[3.913s] [ 67%] [32m[1mLinking CXX shared library libros_decawave__rosidl_typesupport_fastrtps_cpp.so[0m
[4.015s] [ 67%] Built target ros_decawave__rosidl_typesupport_fastrtps_cpp
[4.028s] [ 69%] [34m[1mGenerating C type support for eProsima Fast-RTPS[0m
[4.518s] [35m[1mScanning dependencies of target ros_decawave__rosidl_typesupport_fastrtps_c[0m
[4.535s] [ 72%] [32mBuilding CXX object CMakeFiles/ros_decawave__rosidl_typesupport_fastrtps_c.dir/rosidl_typesupport_fastrtps_c/ros_decawave/msg/detail/anchor__type_support_c.cpp.o[0m
[4.535s] [ 72%] [32mBuilding CXX object CMakeFiles/ros_decawave__rosidl_typesupport_fastrtps_c.dir/rosidl_typesupport_fastrtps_c/ros_decawave/msg/detail/anchor_array__type_support_c.cpp.o[0m
[4.538s] [ 74%] [32mBuilding CXX object CMakeFiles/ros_decawave__rosidl_typesupport_fastrtps_c.dir/rosidl_typesupport_fastrtps_c/ros_decawave/msg/detail/acc__type_support_c.cpp.o[0m
[4.540s] [ 76%] [32mBuilding CXX object CMakeFiles/ros_decawave__rosidl_typesupport_fastrtps_c.dir/rosidl_typesupport_fastrtps_c/ros_decawave/msg/detail/tag__type_support_c.cpp.o[0m
[4.964s] [ 78%] [32m[1mLinking CXX shared library libros_decawave__rosidl_typesupport_fastrtps_c.so[0m
[5.069s] [ 78%] Built target ros_decawave__rosidl_typesupport_fastrtps_c
[5.091s] [ 78%] Built target ros_decawave
[5.117s] [ 80%] [34m[1mGenerating Python code for ROS interfaces[0m
[6.112s] [ 80%] Built target ros_decawave__py
[6.127s] [35m[1mScanning dependencies of target ros_decawave__python[0m
[6.151s] [ 83%] [32mBuilding C object CMakeFiles/ros_decawave__python.dir/rosidl_generator_py/ros_decawave/msg/_anchor_array_s.c.o[0m
[6.151s] [ 83%] [32mBuilding C object CMakeFiles/ros_decawave__python.dir/rosidl_generator_py/ros_decawave/msg/_anchor_s.c.o[0m
[6.155s] [ 85%] [32mBuilding C object CMakeFiles/ros_decawave__python.dir/rosidl_generator_py/ros_decawave/msg/_acc_s.c.o[0m
[6.155s] [ 87%] [32mBuilding C object CMakeFiles/ros_decawave__python.dir/rosidl_generator_py/ros_decawave/msg/_tag_s.c.o[0m
[6.264s] [ 89%] [32m[1mLinking C shared library rosidl_generator_py/ros_decawave/libros_decawave__python.so[0m
[6.313s] [ 89%] Built target ros_decawave__python
[6.325s] [35m[1mScanning dependencies of target ros_decawave__rosidl_typesupport_c__pyext[0m
[6.326s] [35m[1mScanning dependencies of target ros_decawave__rosidl_typesupport_introspection_c__pyext[0m
[6.326s] [35m[1mScanning dependencies of target ros_decawave__rosidl_typesupport_fastrtps_c__pyext[0m
[6.346s] [ 90%] [32mBuilding C object CMakeFiles/ros_decawave__rosidl_typesupport_fastrtps_c__pyext.dir/rosidl_generator_py/ros_decawave/_ros_decawave_s.ep.rosidl_typesupport_fastrtps_c.c.o[0m
[6.347s] [ 92%] [32mBuilding C object CMakeFiles/ros_decawave__rosidl_typesupport_introspection_c__pyext.dir/rosidl_generator_py/ros_decawave/_ros_decawave_s.ep.rosidl_typesupport_introspection_c.c.o[0m
[6.347s] [ 94%] [32mBuilding C object CMakeFiles/ros_decawave__rosidl_typesupport_c__pyext.dir/rosidl_generator_py/ros_decawave/_ros_decawave_s.ep.rosidl_typesupport_c.c.o[0m
[6.444s] [ 98%] [32m[1mLinking C shared library rosidl_generator_py/ros_decawave/ros_decawave_s__rosidl_typesupport_c.cpython-38-x86_64-linux-gnu.so[0m
[6.444s] [ 98%] [32m[1mLinking CXX shared library rosidl_generator_py/ros_decawave/ros_decawave_s__rosidl_typesupport_fastrtps_c.cpython-38-x86_64-linux-gnu.so[0m
[6.445s] [100%] [32m[1mLinking C shared library rosidl_generator_py/ros_decawave/ros_decawave_s__rosidl_typesupport_introspection_c.cpython-38-x86_64-linux-gnu.so[0m
[6.482s] [100%] Built target ros_decawave__rosidl_typesupport_c__pyext
[6.482s] [100%] Built target ros_decawave__rosidl_typesupport_introspection_c__pyext
[6.514s] [100%] Built target ros_decawave__rosidl_typesupport_fastrtps_c__pyext
[6.529s] Invoked command in '/home/pk/najnowsze_przepisywanie/ros_decawave/build/ros_decawave' returned '0': CMAKE_PREFIX_PATH=${CMAKE_PREFIX_PATH}:/opt/ros/foxy /usr/bin/cmake --build /home/pk/najnowsze_przepisywanie/ros_decawave/build/ros_decawave -- -j8 -l8
[6.691s] Invoking command in '/home/pk/najnowsze_przepisywanie/ros_decawave/build/ros_decawave': CMAKE_PREFIX_PATH=${CMAKE_PREFIX_PATH}:/opt/ros/foxy /usr/bin/cmake --install /home/pk/najnowsze_przepisywanie/ros_decawave/build/ros_decawave
[6.700s] -- Install configuration: ""
[6.700s] -- Up-to-date: /home/pk/najnowsze_przepisywanie/ros_decawave/install/ros_decawave/share/ament_index/resource_index/rosidl_interfaces/ros_decawave
[6.700s] -- Up-to-date: /home/pk/najnowsze_przepisywanie/ros_decawave/install/ros_decawave/include/ros_decawave
[6.701s] -- Up-to-date: /home/pk/najnowsze_przepisywanie/ros_decawave/install/ros_decawave/include/ros_decawave/msg
[6.701s] -- Installing: /home/pk/najnowsze_przepisywanie/ros_decawave/install/ros_decawave/include/ros_decawave/msg/anchor.h
[6.701s] -- Up-to-date: /home/pk/najnowsze_przepisywanie/ros_decawave/install/ros_decawave/include/ros_decawave/msg/rosidl_generator_c__visibility_control.h
[6.701s] -- Up-to-date: /home/pk/najnowsze_przepisywanie/ros_decawave/install/ros_decawave/include/ros_decawave/msg/detail
[6.701s] -- Installing: /home/pk/najnowsze_przepisywanie/ros_decawave/install/ros_decawave/include/ros_decawave/msg/detail/anchor_array__struct.h
[6.701s] -- Installing: /home/pk/najnowsze_przepisywanie/ros_decawave/install/ros_decawave/include/ros_decawave/msg/detail/tag__functions.c
[6.701s] -- Installing: /home/pk/najnowsze_przepisywanie/ros_decawave/install/ros_decawave/include/ros_decawave/msg/detail/tag__struct.h
[6.701s] -- Installing: /home/pk/najnowsze_przepisywanie/ros_decawave/install/ros_decawave/include/ros_decawave/msg/detail/anchor__functions.h
[6.702s] -- Installing: /home/pk/najnowsze_przepisywanie/ros_decawave/install/ros_decawave/include/ros_decawave/msg/detail/anchor_array__functions.h
[6.702s] -- Installing: /home/pk/najnowsze_przepisywanie/ros_decawave/install/ros_decawave/include/ros_decawave/msg/detail/acc__functions.h
[6.702s] -- Installing: /home/pk/najnowsze_przepisywanie/ros_decawave/install/ros_decawave/include/ros_decawave/msg/detail/tag__type_support.h
[6.702s] -- Installing: /home/pk/najnowsze_przepisywanie/ros_decawave/install/ros_decawave/include/ros_decawave/msg/detail/anchor__struct.h
[6.702s] -- Installing: /home/pk/najnowsze_przepisywanie/ros_decawave/install/ros_decawave/include/ros_decawave/msg/detail/acc__functions.c
[6.702s] -- Installing: /home/pk/najnowsze_przepisywanie/ros_decawave/install/ros_decawave/include/ros_decawave/msg/detail/tag__functions.h
[6.702s] -- Installing: /home/pk/najnowsze_przepisywanie/ros_decawave/install/ros_decawave/include/ros_decawave/msg/detail/anchor__type_support.h
[6.702s] -- Installing: /home/pk/najnowsze_przepisywanie/ros_decawave/install/ros_decawave/include/ros_decawave/msg/detail/anchor_array__functions.c
[6.702s] -- Installing: /home/pk/najnowsze_przepisywanie/ros_decawave/install/ros_decawave/include/ros_decawave/msg/detail/anchor_array__type_support.h
[6.702s] -- Installing: /home/pk/najnowsze_przepisywanie/ros_decawave/install/ros_decawave/include/ros_decawave/msg/detail/anchor__functions.c
[6.703s] -- Installing: /home/pk/najnowsze_przepisywanie/ros_decawave/install/ros_decawave/include/ros_decawave/msg/detail/acc__type_support.h
[6.703s] -- Installing: /home/pk/najnowsze_przepisywanie/ros_decawave/install/ros_decawave/include/ros_decawave/msg/detail/acc__struct.h
[6.703s] -- Installing: /home/pk/najnowsze_przepisywanie/ros_decawave/install/ros_decawave/include/ros_decawave/msg/anchor_array.h
[6.703s] -- Installing: /home/pk/najnowsze_przepisywanie/ros_decawave/install/ros_decawave/include/ros_decawave/msg/tag.h
[6.703s] -- Installing: /home/pk/najnowsze_przepisywanie/ros_decawave/install/ros_decawave/include/ros_decawave/msg/acc.h
[6.703s] -- Up-to-date: /home/pk/najnowsze_przepisywanie/ros_decawave/install/ros_decawave/share/ros_decawave/environment/library_path.sh
[6.703s] -- Installing: /home/pk/najnowsze_przepisywanie/ros_decawave/install/ros_decawave/share/ros_decawave/environment/library_path.dsv
[6.704s] -- Installing: /home/pk/najnowsze_przepisywanie/ros_decawave/install/ros_decawave/lib/libros_decawave__rosidl_generator_c.so
[6.704s] -- Set runtime path of "/home/pk/najnowsze_przepisywanie/ros_decawave/install/ros_decawave/lib/libros_decawave__rosidl_generator_c.so" to ""
[6.704s] -- Up-to-date: /home/pk/najnowsze_przepisywanie/ros_decawave/install/ros_decawave/include/ros_decawave
[6.704s] -- Up-to-date: /home/pk/najnowsze_przepisywanie/ros_decawave/install/ros_decawave/include/ros_decawave/msg
[6.704s] -- Up-to-date: /home/pk/najnowsze_przepisywanie/ros_decawave/install/ros_decawave/include/ros_decawave/msg/detail
[6.704s] -- Installing: /home/pk/najnowsze_przepisywanie/ros_decawave/install/ros_decawave/include/ros_decawave/msg/detail/tag__rosidl_typesupport_fastrtps_c.h
[6.705s] -- Installing: /home/pk/najnowsze_przepisywanie/ros_decawave/install/ros_decawave/include/ros_decawave/msg/detail/anchor_array__rosidl_typesupport_fastrtps_c.h
[6.705s] -- Installing: /home/pk/najnowsze_przepisywanie/ros_decawave/install/ros_decawave/include/ros_decawave/msg/detail/acc__rosidl_typesupport_fastrtps_c.h
[6.705s] -- Installing: /home/pk/najnowsze_przepisywanie/ros_decawave/install/ros_decawave/include/ros_decawave/msg/detail/anchor__rosidl_typesupport_fastrtps_c.h
[6.705s] -- Up-to-date: /home/pk/najnowsze_przepisywanie/ros_decawave/install/ros_decawave/include/ros_decawave/msg/rosidl_typesupport_fastrtps_c__visibility_control.h
[6.705s] -- Installing: /home/pk/najnowsze_przepisywanie/ros_decawave/install/ros_decawave/lib/libros_decawave__rosidl_typesupport_fastrtps_c.so
[6.706s] -- Set runtime path of "/home/pk/najnowsze_przepisywanie/ros_decawave/install/ros_decawave/lib/libros_decawave__rosidl_typesupport_fastrtps_c.so" to ""
[6.706s] -- Up-to-date: /home/pk/najnowsze_przepisywanie/ros_decawave/install/ros_decawave/include/ros_decawave
[6.706s] -- Up-to-date: /home/pk/najnowsze_przepisywanie/ros_decawave/install/ros_decawave/include/ros_decawave/msg
[6.706s] -- Up-to-date: /home/pk/najnowsze_przepisywanie/ros_decawave/install/ros_decawave/include/ros_decawave/msg/detail
[6.706s] -- Installing: /home/pk/najnowsze_przepisywanie/ros_decawave/install/ros_decawave/include/ros_decawave/msg/detail/tag__rosidl_typesupport_fastrtps_cpp.hpp
[6.706s] -- Installing: /home/pk/najnowsze_przepisywanie/ros_decawave/install/ros_decawave/include/ros_decawave/msg/detail/acc__rosidl_typesupport_fastrtps_cpp.hpp
[6.706s] -- Up-to-date: /home/pk/najnowsze_przepisywanie/ros_decawave/install/ros_decawave/include/ros_decawave/msg/detail/dds_fastrtps
[6.706s] -- Installing: /home/pk/najnowsze_przepisywanie/ros_decawave/install/ros_decawave/include/ros_decawave/msg/detail/anchor__rosidl_typesupport_fastrtps_cpp.hpp
[6.706s] -- Installing: /home/pk/najnowsze_przepisywanie/ros_decawave/install/ros_decawave/include/ros_decawave/msg/detail/anchor_array__rosidl_typesupport_fastrtps_cpp.hpp
[6.706s] -- Up-to-date: /home/pk/najnowsze_przepisywanie/ros_decawave/install/ros_decawave/include/ros_decawave/msg/rosidl_typesupport_fastrtps_cpp__visibility_control.h
[6.707s] -- Installing: /home/pk/najnowsze_przepisywanie/ros_decawave/install/ros_decawave/lib/libros_decawave__rosidl_typesupport_fastrtps_cpp.so
[6.707s] -- Set runtime path of "/home/pk/najnowsze_przepisywanie/ros_decawave/install/ros_decawave/lib/libros_decawave__rosidl_typesupport_fastrtps_cpp.so" to ""
[6.707s] -- Up-to-date: /home/pk/najnowsze_przepisywanie/ros_decawave/install/ros_decawave/include/ros_decawave
[6.707s] -- Up-to-date: /home/pk/najnowsze_przepisywanie/ros_decawave/install/ros_decawave/include/ros_decawave/msg
[6.707s] -- Up-to-date: /home/pk/najnowsze_przepisywanie/ros_decawave/install/ros_decawave/include/ros_decawave/msg/detail
[6.708s] -- Installing: /home/pk/najnowsze_przepisywanie/ros_decawave/install/ros_decawave/include/ros_decawave/msg/detail/anchor_array__rosidl_typesupport_introspection_c.h
[6.708s] -- Installing: /home/pk/najnowsze_przepisywanie/ros_decawave/install/ros_decawave/include/ros_decawave/msg/detail/anchor_array__type_support.c
[6.708s] -- Installing: /home/pk/najnowsze_przepisywanie/ros_decawave/install/ros_decawave/include/ros_decawave/msg/detail/anchor__rosidl_typesupport_introspection_c.h
[6.708s] -- Installing: /home/pk/najnowsze_przepisywanie/ros_decawave/install/ros_decawave/include/ros_decawave/msg/detail/acc__rosidl_typesupport_introspection_c.h
[6.708s] -- Installing: /home/pk/najnowsze_przepisywanie/ros_decawave/install/ros_decawave/include/ros_decawave/msg/detail/tag__type_support.c
[6.708s] -- Installing: /home/pk/najnowsze_przepisywanie/ros_decawave/install/ros_decawave/include/ros_decawave/msg/detail/acc__type_support.c
[6.708s] -- Installing: /home/pk/najnowsze_przepisywanie/ros_decawave/install/ros_decawave/include/ros_decawave/msg/detail/anchor__type_support.c
[6.708s] -- Installing: /home/pk/najnowsze_przepisywanie/ros_decawave/install/ros_decawave/include/ros_decawave/msg/detail/tag__rosidl_typesupport_introspection_c.h
[6.708s] -- Up-to-date: /home/pk/najnowsze_przepisywanie/ros_decawave/install/ros_decawave/include/ros_decawave/msg/rosidl_typesupport_introspection_c__visibility_control.h
[6.709s] -- Installing: /home/pk/najnowsze_przepisywanie/ros_decawave/install/ros_decawave/lib/libros_decawave__rosidl_typesupport_introspection_c.so
[6.709s] -- Set runtime path of "/home/pk/najnowsze_przepisywanie/ros_decawave/install/ros_decawave/lib/libros_decawave__rosidl_typesupport_introspection_c.so" to ""
[6.709s] -- Installing: /home/pk/najnowsze_przepisywanie/ros_decawave/install/ros_decawave/lib/libros_decawave__rosidl_typesupport_c.so
[6.710s] -- Set runtime path of "/home/pk/najnowsze_przepisywanie/ros_decawave/install/ros_decawave/lib/libros_decawave__rosidl_typesupport_c.so" to ""
[6.710s] -- Up-to-date: /home/pk/najnowsze_przepisywanie/ros_decawave/install/ros_decawave/include/ros_decawave
[6.710s] -- Up-to-date: /home/pk/najnowsze_przepisywanie/ros_decawave/install/ros_decawave/include/ros_decawave/msg
[6.710s] -- Installing: /home/pk/najnowsze_przepisywanie/ros_decawave/install/ros_decawave/include/ros_decawave/msg/acc.hpp
[6.710s] -- Installing: /home/pk/najnowsze_przepisywanie/ros_decawave/install/ros_decawave/include/ros_decawave/msg/tag.hpp
[6.710s] -- Up-to-date: /home/pk/najnowsze_przepisywanie/ros_decawave/install/ros_decawave/include/ros_decawave/msg/detail
[6.710s] -- Installing: /home/pk/najnowsze_przepisywanie/ros_decawave/install/ros_decawave/include/ros_decawave/msg/detail/tag__builder.hpp
[6.711s] -- Installing: /home/pk/najnowsze_przepisywanie/ros_decawave/install/ros_decawave/include/ros_decawave/msg/detail/anchor_array__struct.hpp
[6.711s] -- Installing: /home/pk/najnowsze_przepisywanie/ros_decawave/install/ros_decawave/include/ros_decawave/msg/detail/acc__struct.hpp
[6.711s] -- Installing: /home/pk/najnowsze_przepisywanie/ros_decawave/install/ros_decawave/include/ros_decawave/msg/detail/anchor__builder.hpp
[6.711s] -- Installing: /home/pk/najnowsze_przepisywanie/ros_decawave/install/ros_decawave/include/ros_decawave/msg/detail/anchor_array__builder.hpp
[6.711s] -- Installing: /home/pk/najnowsze_przepisywanie/ros_decawave/install/ros_decawave/include/ros_decawave/msg/detail/acc__traits.hpp
[6.711s] -- Installing: /home/pk/najnowsze_przepisywanie/ros_decawave/install/ros_decawave/include/ros_decawave/msg/detail/anchor__traits.hpp
[6.711s] -- Installing: /home/pk/najnowsze_przepisywanie/ros_decawave/install/ros_decawave/include/ros_decawave/msg/detail/acc__builder.hpp
[6.711s] -- Installing: /home/pk/najnowsze_przepisywanie/ros_decawave/install/ros_decawave/include/ros_decawave/msg/detail/anchor_array__traits.hpp
[6.711s] -- Installing: /home/pk/najnowsze_przepisywanie/ros_decawave/install/ros_decawave/include/ros_decawave/msg/detail/tag__traits.hpp
[6.711s] -- Installing: /home/pk/najnowsze_przepisywanie/ros_decawave/install/ros_decawave/include/ros_decawave/msg/detail/tag__struct.hpp
[6.712s] -- Installing: /home/pk/najnowsze_przepisywanie/ros_decawave/install/ros_decawave/include/ros_decawave/msg/detail/anchor__struct.hpp
[6.712s] -- Installing: /home/pk/najnowsze_przepisywanie/ros_decawave/install/ros_decawave/include/ros_decawave/msg/anchor_array.hpp
[6.712s] -- Installing: /home/pk/najnowsze_przepisywanie/ros_decawave/install/ros_decawave/include/ros_decawave/msg/anchor.hpp
[6.712s] -- Up-to-date: /home/pk/najnowsze_przepisywanie/ros_decawave/install/ros_decawave/include/ros_decawave
[6.712s] -- Up-to-date: /home/pk/najnowsze_przepisywanie/ros_decawave/install/ros_decawave/include/ros_decawave/msg
[6.712s] -- Up-to-date: /home/pk/najnowsze_przepisywanie/ros_decawave/install/ros_decawave/include/ros_decawave/msg/detail
[6.712s] -- Installing: /home/pk/najnowsze_przepisywanie/ros_decawave/install/ros_decawave/include/ros_decawave/msg/detail/tag__rosidl_typesupport_introspection_cpp.hpp
[6.712s] -- Installing: /home/pk/najnowsze_przepisywanie/ros_decawave/install/ros_decawave/include/ros_decawave/msg/detail/anchor_array__rosidl_typesupport_introspection_cpp.hpp
[6.712s] -- Installing: /home/pk/najnowsze_przepisywanie/ros_decawave/install/ros_decawave/include/ros_decawave/msg/detail/anchor_array__type_support.cpp
[6.713s] -- Installing: /home/pk/najnowsze_przepisywanie/ros_decawave/install/ros_decawave/include/ros_decawave/msg/detail/anchor__type_support.cpp
[6.713s] -- Installing: /home/pk/najnowsze_przepisywanie/ros_decawave/install/ros_decawave/include/ros_decawave/msg/detail/acc__type_support.cpp
[6.713s] -- Installing: /home/pk/najnowsze_przepisywanie/ros_decawave/install/ros_decawave/include/ros_decawave/msg/detail/anchor__rosidl_typesupport_introspection_cpp.hpp
[6.713s] -- Installing: /home/pk/najnowsze_przepisywanie/ros_decawave/install/ros_decawave/include/ros_decawave/msg/detail/acc__rosidl_typesupport_introspection_cpp.hpp
[6.713s] -- Installing: /home/pk/najnowsze_przepisywanie/ros_decawave/install/ros_decawave/include/ros_decawave/msg/detail/tag__type_support.cpp
[6.713s] -- Installing: /home/pk/najnowsze_przepisywanie/ros_decawave/install/ros_decawave/lib/libros_decawave__rosidl_typesupport_introspection_cpp.so
[6.714s] -- Set runtime path of "/home/pk/najnowsze_przepisywanie/ros_decawave/install/ros_decawave/lib/libros_decawave__rosidl_typesupport_introspection_cpp.so" to ""
[6.714s] -- Installing: /home/pk/najnowsze_przepisywanie/ros_decawave/install/ros_decawave/lib/libros_decawave__rosidl_typesupport_cpp.so
[6.715s] -- Set runtime path of "/home/pk/najnowsze_przepisywanie/ros_decawave/install/ros_decawave/lib/libros_decawave__rosidl_typesupport_cpp.so" to ""
[6.715s] -- Up-to-date: /home/pk/najnowsze_przepisywanie/ros_decawave/install/ros_decawave/share/ros_decawave/environment/pythonpath.sh
[6.715s] -- Installing: /home/pk/najnowsze_przepisywanie/ros_decawave/install/ros_decawave/share/ros_decawave/environment/pythonpath.dsv
[6.715s] -- Installing: /home/pk/najnowsze_przepisywanie/ros_decawave/install/ros_decawave/lib/python3.8/site-packages/ros_decawave/__init__.py
[6.747s] Compiling '/home/pk/najnowsze_przepisywanie/ros_decawave/install/ros_decawave/lib/python3.8/site-packages/ros_decawave/__init__.py'...
[6.752s] -- Up-to-date: /home/pk/najnowsze_przepisywanie/ros_decawave/install/ros_decawave/lib/python3.8/site-packages/ros_decawave/msg
[6.752s] -- Installing: /home/pk/najnowsze_przepisywanie/ros_decawave/install/ros_decawave/lib/python3.8/site-packages/ros_decawave/msg/_anchor.py
[6.752s] -- Installing: /home/pk/najnowsze_przepisywanie/ros_decawave/install/ros_decawave/lib/python3.8/site-packages/ros_decawave/msg/__init__.py
[6.752s] -- Installing: /home/pk/najnowsze_przepisywanie/ros_decawave/install/ros_decawave/lib/python3.8/site-packages/ros_decawave/msg/_tag.py
[6.752s] -- Installing: /home/pk/najnowsze_przepisywanie/ros_decawave/install/ros_decawave/lib/python3.8/site-packages/ros_decawave/msg/_acc.py
[6.752s] -- Installing: /home/pk/najnowsze_przepisywanie/ros_decawave/install/ros_decawave/lib/python3.8/site-packages/ros_decawave/msg/_tag_s.c
[6.752s] -- Installing: /home/pk/najnowsze_przepisywanie/ros_decawave/install/ros_decawave/lib/python3.8/site-packages/ros_decawave/msg/_anchor_s.c
[6.752s] -- Installing: /home/pk/najnowsze_przepisywanie/ros_decawave/install/ros_decawave/lib/python3.8/site-packages/ros_decawave/msg/_anchor_array_s.c
[6.752s] -- Installing: /home/pk/najnowsze_przepisywanie/ros_decawave/install/ros_decawave/lib/python3.8/site-packages/ros_decawave/msg/_acc_s.c
[6.753s] -- Installing: /home/pk/najnowsze_przepisywanie/ros_decawave/install/ros_decawave/lib/python3.8/site-packages/ros_decawave/msg/_anchor_array.py
[6.753s] -- Installing: /home/pk/najnowsze_przepisywanie/ros_decawave/install/ros_decawave/lib/python3.8/site-packages/ros_decawave/ros_decawave_s__rosidl_typesupport_fastrtps_c.cpython-38-x86_64-linux-gnu.so
[6.754s] -- Set runtime path of "/home/pk/najnowsze_przepisywanie/ros_decawave/install/ros_decawave/lib/python3.8/site-packages/ros_decawave/ros_decawave_s__rosidl_typesupport_fastrtps_c.cpython-38-x86_64-linux-gnu.so" to ""
[6.754s] -- Installing: /home/pk/najnowsze_przepisywanie/ros_decawave/install/ros_decawave/lib/python3.8/site-packages/ros_decawave/ros_decawave_s__rosidl_typesupport_introspection_c.cpython-38-x86_64-linux-gnu.so
[6.755s] -- Set runtime path of "/home/pk/najnowsze_przepisywanie/ros_decawave/install/ros_decawave/lib/python3.8/site-packages/ros_decawave/ros_decawave_s__rosidl_typesupport_introspection_c.cpython-38-x86_64-linux-gnu.so" to ""
[6.755s] -- Installing: /home/pk/najnowsze_przepisywanie/ros_decawave/install/ros_decawave/lib/python3.8/site-packages/ros_decawave/ros_decawave_s__rosidl_typesupport_c.cpython-38-x86_64-linux-gnu.so
[6.755s] -- Set runtime path of "/home/pk/najnowsze_przepisywanie/ros_decawave/install/ros_decawave/lib/python3.8/site-packages/ros_decawave/ros_decawave_s__rosidl_typesupport_c.cpython-38-x86_64-linux-gnu.so" to ""
[6.756s] -- Installing: /home/pk/najnowsze_przepisywanie/ros_decawave/install/ros_decawave/lib/libros_decawave__python.so
[6.756s] -- Set runtime path of "/home/pk/najnowsze_przepisywanie/ros_decawave/install/ros_decawave/lib/libros_decawave__python.so" to ""
[6.756s] -- Up-to-date: /home/pk/najnowsze_przepisywanie/ros_decawave/install/ros_decawave/share/ros_decawave/msg/Acc.idl
[6.756s] -- Up-to-date: /home/pk/najnowsze_przepisywanie/ros_decawave/install/ros_decawave/share/ros_decawave/msg/Anchor.idl
[6.757s] -- Up-to-date: /home/pk/najnowsze_przepisywanie/ros_decawave/install/ros_decawave/share/ros_decawave/msg/AnchorArray.idl
[6.757s] -- Installing: /home/pk/najnowsze_przepisywanie/ros_decawave/install/ros_decawave/share/ros_decawave/msg/Tag.idl
[6.757s] -- Up-to-date: /home/pk/najnowsze_przepisywanie/ros_decawave/install/ros_decawave/share/ros_decawave/msg/Acc.msg
[6.757s] -- Up-to-date: /home/pk/najnowsze_przepisywanie/ros_decawave/install/ros_decawave/share/ros_decawave/msg/Anchor.msg
[6.757s] -- Up-to-date: /home/pk/najnowsze_przepisywanie/ros_decawave/install/ros_decawave/share/ros_decawave/msg/AnchorArray.msg
[6.757s] -- Installing: /home/pk/najnowsze_przepisywanie/ros_decawave/install/ros_decawave/share/ros_decawave/msg/Tag.msg
[6.757s] -- Up-to-date: /home/pk/najnowsze_przepisywanie/ros_decawave/install/ros_decawave/lib/python3.8/site-packages/ros_decawave
[6.757s] -- Installing: /home/pk/najnowsze_przepisywanie/ros_decawave/install/ros_decawave/lib/python3.8/site-packages/ros_decawave/__init__.py
[6.794s] Listing '/home/pk/najnowsze_przepisywanie/ros_decawave/install/ros_decawave/lib/python3.8/site-packages/ros_decawave'...
[6.794s] Compiling '/home/pk/najnowsze_przepisywanie/ros_decawave/install/ros_decawave/lib/python3.8/site-packages/ros_decawave/__init__.py'...
[6.794s] Listing '/home/pk/najnowsze_przepisywanie/ros_decawave/install/ros_decawave/lib/python3.8/site-packages/ros_decawave/msg'...
[6.794s] Compiling '/home/pk/najnowsze_przepisywanie/ros_decawave/install/ros_decawave/lib/python3.8/site-packages/ros_decawave/msg/__init__.py'...
[6.794s] Compiling '/home/pk/najnowsze_przepisywanie/ros_decawave/install/ros_decawave/lib/python3.8/site-packages/ros_decawave/msg/_acc.py'...
[6.795s] Compiling '/home/pk/najnowsze_przepisywanie/ros_decawave/install/ros_decawave/lib/python3.8/site-packages/ros_decawave/msg/_anchor.py'...
[6.795s] Compiling '/home/pk/najnowsze_przepisywanie/ros_decawave/install/ros_decawave/lib/python3.8/site-packages/ros_decawave/msg/_anchor_array.py'...
[6.795s] Compiling '/home/pk/najnowsze_przepisywanie/ros_decawave/install/ros_decawave/lib/python3.8/site-packages/ros_decawave/msg/_tag.py'...
[6.799s] -- Installing: /home/pk/najnowsze_przepisywanie/ros_decawave/install/ros_decawave/lib/ros_decawave/decawave_driver.py
[6.799s] -- Up-to-date: /home/pk/najnowsze_przepisywanie/ros_decawave/install/ros_decawave/share/ament_index/resource_index/package_run_dependencies/ros_decawave
[6.799s] -- Installing: /home/pk/najnowsze_przepisywanie/ros_decawave/install/ros_decawave/share/ament_index/resource_index/parent_prefix_path/ros_decawave
[6.800s] -- Up-to-date: /home/pk/najnowsze_przepisywanie/ros_decawave/install/ros_decawave/share/ros_decawave/environment/ament_prefix_path.sh
[6.800s] -- Installing: /home/pk/najnowsze_przepisywanie/ros_decawave/install/ros_decawave/share/ros_decawave/environment/ament_prefix_path.dsv
[6.800s] -- Up-to-date: /home/pk/najnowsze_przepisywanie/ros_decawave/install/ros_decawave/share/ros_decawave/environment/path.sh
[6.800s] -- Installing: /home/pk/najnowsze_przepisywanie/ros_decawave/install/ros_decawave/share/ros_decawave/environment/path.dsv
[6.800s] -- Up-to-date: /home/pk/najnowsze_przepisywanie/ros_decawave/install/ros_decawave/share/ros_decawave/local_setup.bash
[6.800s] -- Up-to-date: /home/pk/najnowsze_przepisywanie/ros_decawave/install/ros_decawave/share/ros_decawave/local_setup.sh
[6.800s] -- Up-to-date: /home/pk/najnowsze_przepisywanie/ros_decawave/install/ros_decawave/share/ros_decawave/local_setup.zsh
[6.800s] -- Installing: /home/pk/najnowsze_przepisywanie/ros_decawave/install/ros_decawave/share/ros_decawave/local_setup.dsv
[6.800s] -- Installing: /home/pk/najnowsze_przepisywanie/ros_decawave/install/ros_decawave/share/ros_decawave/package.dsv
[6.801s] -- Up-to-date: /home/pk/najnowsze_przepisywanie/ros_decawave/install/ros_decawave/share/ament_index/resource_index/packages/ros_decawave
[6.801s] -- Up-to-date: /home/pk/najnowsze_przepisywanie/ros_decawave/install/ros_decawave/share/ros_decawave/cmake/ros_decawave__rosidl_generator_cExport.cmake
[6.801s] -- Installing: /home/pk/najnowsze_przepisywanie/ros_decawave/install/ros_decawave/share/ros_decawave/cmake/ros_decawave__rosidl_generator_cExport-noconfig.cmake
[6.801s] -- Up-to-date: /home/pk/najnowsze_przepisywanie/ros_decawave/install/ros_decawave/share/ros_decawave/cmake/ros_decawave__rosidl_typesupport_introspection_cExport.cmake
[6.801s] -- Installing: /home/pk/najnowsze_przepisywanie/ros_decawave/install/ros_decawave/share/ros_decawave/cmake/ros_decawave__rosidl_typesupport_introspection_cExport-noconfig.cmake
[6.801s] -- Up-to-date: /home/pk/najnowsze_przepisywanie/ros_decawave/install/ros_decawave/share/ros_decawave/cmake/ros_decawave__rosidl_typesupport_cExport.cmake
[6.801s] -- Installing: /home/pk/najnowsze_przepisywanie/ros_decawave/install/ros_decawave/share/ros_decawave/cmake/ros_decawave__rosidl_typesupport_cExport-noconfig.cmake
[6.802s] -- Up-to-date: /home/pk/najnowsze_przepisywanie/ros_decawave/install/ros_decawave/share/ros_decawave/cmake/ros_decawave__rosidl_generator_cppExport.cmake
[6.802s] -- Up-to-date: /home/pk/najnowsze_przepisywanie/ros_decawave/install/ros_decawave/share/ros_decawave/cmake/ros_decawave__rosidl_typesupport_introspection_cppExport.cmake
[6.802s] -- Installing: /home/pk/najnowsze_przepisywanie/ros_decawave/install/ros_decawave/share/ros_decawave/cmake/ros_decawave__rosidl_typesupport_introspection_cppExport-noconfig.cmake
[6.802s] -- Up-to-date: /home/pk/najnowsze_przepisywanie/ros_decawave/install/ros_decawave/share/ros_decawave/cmake/ros_decawave__rosidl_typesupport_cppExport.cmake
[6.802s] -- Installing: /home/pk/najnowsze_przepisywanie/ros_decawave/install/ros_decawave/share/ros_decawave/cmake/ros_decawave__rosidl_typesupport_cppExport-noconfig.cmake
[6.802s] -- Up-to-date: /home/pk/najnowsze_przepisywanie/ros_decawave/install/ros_decawave/share/ros_decawave/cmake/rosidl_cmake-extras.cmake
[6.802s] -- Up-to-date: /home/pk/najnowsze_przepisywanie/ros_decawave/install/ros_decawave/share/ros_decawave/cmake/ament_cmake_export_dependencies-extras.cmake
[6.803s] -- Up-to-date: /home/pk/najnowsze_przepisywanie/ros_decawave/install/ros_decawave/share/ros_decawave/cmake/ament_cmake_export_libraries-extras.cmake
[6.803s] -- Up-to-date: /home/pk/najnowsze_przepisywanie/ros_decawave/install/ros_decawave/share/ros_decawave/cmake/ament_cmake_export_targets-extras.cmake
[6.803s] -- Up-to-date: /home/pk/najnowsze_przepisywanie/ros_decawave/install/ros_decawave/share/ros_decawave/cmake/ament_cmake_export_include_directories-extras.cmake
[6.803s] -- Up-to-date: /home/pk/najnowsze_przepisywanie/ros_decawave/install/ros_decawave/share/ros_decawave/cmake/rosidl_cmake_export_typesupport_libraries-extras.cmake
[6.803s] -- Up-to-date: /home/pk/najnowsze_przepisywanie/ros_decawave/install/ros_decawave/share/ros_decawave/cmake/rosidl_cmake_export_typesupport_targets-extras.cmake
[6.803s] -- Up-to-date: /home/pk/najnowsze_przepisywanie/ros_decawave/install/ros_decawave/share/ros_decawave/cmake/ros_decawaveConfig.cmake
[6.803s] -- Up-to-date: /home/pk/najnowsze_przepisywanie/ros_decawave/install/ros_decawave/share/ros_decawave/cmake/ros_decawaveConfig-version.cmake
[6.803s] -- Up-to-date: /home/pk/najnowsze_przepisywanie/ros_decawave/install/ros_decawave/share/ros_decawave/package.xml
[6.806s] Invoked command in '/home/pk/najnowsze_przepisywanie/ros_decawave/build/ros_decawave' returned '0': CMAKE_PREFIX_PATH=${CMAKE_PREFIX_PATH}:/opt/ros/foxy /usr/bin/cmake --install /home/pk/najnowsze_przepisywanie/ros_decawave/build/ros_decawave
