[0.016s] Invoking command in '/home/pk/najnowsze_przepisywanie/ros_decawave/build/ros_decawave': CMAKE_PREFIX_PATH=/opt/ros/foxy /usr/bin/cmake /home/pk/najnowsze_przepisywanie/ros_decawave -DCMAKE_INSTALL_PREFIX=/home/pk/najnowsze_przepisywanie/ros_decawave/install/ros_decawave
[0.085s] -- The C compiler identification is GNU 9.4.0
[0.148s] -- The CXX compiler identification is GNU 9.4.0
[0.152s] -- Check for working C compiler: /usr/bin/cc
[0.235s] -- Check for working C compiler: /usr/bin/cc -- works
[0.236s] -- Detecting C compiler ABI info
[0.314s] -- Detecting C compiler ABI info - done
[0.327s] -- Detecting C compile features
[0.327s] -- Detecting C compile features - done
[0.330s] -- Check for working CXX compiler: /usr/bin/c++
[0.423s] -- Check for working CXX compiler: /usr/bin/c++ -- works
[0.424s] -- Detecting CXX compiler ABI info
[0.517s] -- Detecting CXX compiler ABI info - done
[0.534s] -- Detecting CXX compile features
[0.535s] -- Detecting CXX compile features - done
[0.537s] -- Found ament_cmake: 0.9.11 (/opt/ros/foxy/share/ament_cmake/cmake)
[0.562s] -- Found PythonInterp: /usr/bin/python3 (found suitable version "3.8.10", minimum required is "3") 
[0.562s] -- Using PYTHON_EXECUTABLE: /usr/bin/python3
[0.786s] -- Found rosidl_default_generators: 1.0.1 (/opt/ros/foxy/share/rosidl_default_generators/cmake)
[0.789s] -- Using all available rosidl_typesupport_c: rosidl_typesupport_fastrtps_c;rosidl_typesupport_introspection_c
[0.799s] -- Found rosidl_adapter: 1.3.0 (/opt/ros/foxy/share/rosidl_adapter/cmake)
[0.929s] -- Found OpenSSL: /usr/lib/x86_64-linux-gnu/libcrypto.so (found version "1.1.1f")  
[0.963s] -- Found FastRTPS: /opt/ros/foxy/include  
[1.056s] -- Using all available rosidl_typesupport_cpp: rosidl_typesupport_fastrtps_cpp;rosidl_typesupport_introspection_cpp
[1.111s] -- Found PythonInterp: /usr/bin/python3 (found version "3.8.10") 
[1.261s] -- Found ament_cmake_ros: 0.9.2 (/opt/ros/foxy/share/ament_cmake_ros/cmake)
[1.373s] -- Using all available rosidl_typesupport_c: rosidl_typesupport_fastrtps_c;rosidl_typesupport_introspection_c
[1.381s] -- Using all available rosidl_typesupport_cpp: rosidl_typesupport_fastrtps_cpp;rosidl_typesupport_introspection_cpp
[1.409s] -- Found PythonInterp: /usr/bin/python3 (found suitable version "3.8.10", minimum required is "3.5") 
[1.410s] -- Found python_cmake_module: 0.8.1 (/opt/ros/foxy/share/python_cmake_module/cmake)
[1.446s] -- Found PythonLibs: /usr/lib/x86_64-linux-gnu/libpython3.8.so (found suitable version "3.8.10", minimum required is "3.5") 
[1.446s] -- Using PYTHON_EXECUTABLE: /usr/bin/python3
[1.446s] -- Using PYTHON_INCLUDE_DIRS: /usr/include/python3.8
[1.446s] -- Using PYTHON_LIBRARIES: /usr/lib/x86_64-linux-gnu/libpython3.8.so
[1.468s] -- Found PythonExtra: .so  
[1.512s] -- Found ament_lint_auto: 0.9.7 (/opt/ros/foxy/share/ament_lint_auto/cmake)
[1.534s] -- Added test 'copyright' to check source files copyright and LICENSE
[1.581s] -- Added test 'cppcheck' to perform static code analysis on C / C++ code
[1.582s] -- Configured cppcheck include dirs: $<BUILD_INTERFACE:/home/pk/najnowsze_przepisywanie/ros_decawave/build/ros_decawave/rosidl_generator_c>;/home/pk/najnowsze_przepisywanie/ros_decawave/build/ros_decawave/rosidl_generator_c;/home/pk/najnowsze_przepisywanie/ros_decawave/build/ros_decawave/rosidl_generator_cpp;/home/pk/najnowsze_przepisywanie/ros_decawave/build/ros_decawave/rosidl_typesupport_fastrtps_c;/home/pk/najnowsze_przepisywanie/ros_decawave/build/ros_decawave/rosidl_typesupport_fastrtps_cpp;$<BUILD_INTERFACE:/home/pk/najnowsze_przepisywanie/ros_decawave/build/ros_decawave/rosidl_typesupport_introspection_c>;$<BUILD_INTERFACE:/home/pk/najnowsze_przepisywanie/ros_decawave/build/ros_decawave/rosidl_typesupport_c>;$<BUILD_INTERFACE:/home/pk/najnowsze_przepisywanie/ros_decawave/build/ros_decawave/rosidl_generator_cpp>;/home/pk/najnowsze_przepisywanie/ros_decawave/build/ros_decawave/rosidl_generator_py
[1.583s] -- Configured cppcheck exclude dirs and/or files: 
[1.608s] -- Added test 'cpplint' to check C / C++ code against the Google style
[1.608s] -- Configured cpplint exclude dirs and/or files: 
[1.612s] -- Added test 'flake8' to check Python code syntax and style conventions
[1.619s] -- Added test 'lint_cmake' to check CMake code style
[1.623s] -- Added test 'pep257' to check Python code against some of the style conventions in PEP 257
[1.649s] -- Added test 'uncrustify' to check C / C++ code style
[1.649s] -- Configured uncrustify additional arguments: 
[1.654s] -- Added test 'xmllint' to check XML markup files
[1.660s] -- Configuring done
[1.702s] -- Generating done
[1.705s] -- Build files have been written to: /home/pk/najnowsze_przepisywanie/ros_decawave/build/ros_decawave
[1.719s] Invoked command in '/home/pk/najnowsze_przepisywanie/ros_decawave/build/ros_decawave' returned '0': CMAKE_PREFIX_PATH=/opt/ros/foxy /usr/bin/cmake /home/pk/najnowsze_przepisywanie/ros_decawave -DCMAKE_INSTALL_PREFIX=/home/pk/najnowsze_przepisywanie/ros_decawave/install/ros_decawave
[1.723s] Invoking command in '/home/pk/najnowsze_przepisywanie/ros_decawave/build/ros_decawave': CMAKE_PREFIX_PATH=/opt/ros/foxy /usr/bin/cmake --build /home/pk/najnowsze_przepisywanie/ros_decawave/build/ros_decawave -- -j8 -l8
[1.774s] [  1%] [34m[1mGenerating C code for ROS interfaces[0m
[1.774s] [35m[1mScanning dependencies of target ros_decawave__cpp[0m
[1.787s] [  3%] [34m[1mGenerating C++ code for ROS interfaces[0m
[2.362s] [  3%] Built target ros_decawave__cpp
[2.379s] [  5%] [34m[1mGenerating C++ introspection for ROS interfaces[0m
[2.379s] [  9%] [34m[1mGenerating C++ type support dispatch for ROS interfaces[0m
[2.379s] [  9%] [34m[1mGenerating C++ type support for eProsima Fast-RTPS[0m
[2.420s] [35m[1mScanning dependencies of target ros_decawave__rosidl_generator_c[0m
[2.441s] [ 14%] [32mBuilding C object CMakeFiles/ros_decawave__rosidl_generator_c.dir/rosidl_generator_c/ros_decawave/msg/detail/anchor__functions.c.o[0m
[2.441s] [ 14%] [32mBuilding C object CMakeFiles/ros_decawave__rosidl_generator_c.dir/rosidl_generator_c/ros_decawave/msg/detail/anchor_array__functions.c.o[0m
[2.442s] [ 14%] [32mBuilding C object CMakeFiles/ros_decawave__rosidl_generator_c.dir/rosidl_generator_c/ros_decawave/msg/detail/acc__functions.c.o[0m
[2.445s] [ 16%] [32mBuilding C object CMakeFiles/ros_decawave__rosidl_generator_c.dir/rosidl_generator_c/ros_decawave/msg/detail/tag__functions.c.o[0m
[2.546s] [ 18%] [32m[1mLinking C shared library libros_decawave__rosidl_generator_c.so[0m
[2.593s] [ 18%] Built target ros_decawave__rosidl_generator_c
[2.606s] [ 20%] [34m[1mGenerating C introspection for ROS interfaces[0m
[2.611s] [ 21%] [34m[1mGenerating C type support dispatch for ROS interfaces[0m
[3.026s] [35m[1mScanning dependencies of target ros_decawave__rosidl_typesupport_cpp[0m
[3.047s] [ 25%] [32mBuilding CXX object CMakeFiles/ros_decawave__rosidl_typesupport_cpp.dir/rosidl_typesupport_cpp/ros_decawave/msg/anchor__type_support.cpp.o[0m
[3.048s] [ 25%] [32mBuilding CXX object CMakeFiles/ros_decawave__rosidl_typesupport_cpp.dir/rosidl_typesupport_cpp/ros_decawave/msg/acc__type_support.cpp.o[0m
[3.049s] [ 29%] [32mBuilding CXX object CMakeFiles/ros_decawave__rosidl_typesupport_cpp.dir/rosidl_typesupport_cpp/ros_decawave/msg/anchor_array__type_support.cpp.o[0m
[3.050s] [ 29%] [32mBuilding CXX object CMakeFiles/ros_decawave__rosidl_typesupport_cpp.dir/rosidl_typesupport_cpp/ros_decawave/msg/tag__type_support.cpp.o[0m
[3.165s] [35m[1mScanning dependencies of target ros_decawave__rosidl_typesupport_introspection_cpp[0m
[3.203s] [ 30%] [32mBuilding CXX object CMakeFiles/ros_decawave__rosidl_typesupport_introspection_cpp.dir/rosidl_typesupport_introspection_cpp/ros_decawave/msg/detail/acc__type_support.cpp.o[0m
[3.361s] [35m[1mScanning dependencies of target ros_decawave__rosidl_typesupport_c[0m
[3.385s] [ 32%] [32mBuilding CXX object CMakeFiles/ros_decawave__rosidl_typesupport_c.dir/rosidl_typesupport_c/ros_decawave/msg/acc__type_support.cpp.o[0m
[3.442s] [ 34%] [32mBuilding CXX object CMakeFiles/ros_decawave__rosidl_typesupport_c.dir/rosidl_typesupport_c/ros_decawave/msg/anchor__type_support.cpp.o[0m
[3.500s] [ 36%] [32mBuilding CXX object CMakeFiles/ros_decawave__rosidl_typesupport_c.dir/rosidl_typesupport_c/ros_decawave/msg/anchor_array__type_support.cpp.o[0m
[3.558s] [ 38%] [32mBuilding CXX object CMakeFiles/ros_decawave__rosidl_typesupport_c.dir/rosidl_typesupport_c/ros_decawave/msg/tag__type_support.cpp.o[0m
[3.615s] [ 40%] [32m[1mLinking CXX shared library libros_decawave__rosidl_typesupport_c.so[0m
[3.624s] [35m[1mScanning dependencies of target ros_decawave__rosidl_typesupport_fastrtps_cpp[0m
[3.662s] [ 41%] [32mBuilding CXX object CMakeFiles/ros_decawave__rosidl_typesupport_fastrtps_cpp.dir/rosidl_typesupport_fastrtps_cpp/ros_decawave/msg/detail/dds_fastrtps/acc__type_support.cpp.o[0m
[3.673s] [ 43%] [32mBuilding CXX object CMakeFiles/ros_decawave__rosidl_typesupport_fastrtps_cpp.dir/rosidl_typesupport_fastrtps_cpp/ros_decawave/msg/detail/dds_fastrtps/anchor__type_support.cpp.o[0m
[3.680s] [ 45%] [32mBuilding CXX object CMakeFiles/ros_decawave__rosidl_typesupport_introspection_cpp.dir/rosidl_typesupport_introspection_cpp/ros_decawave/msg/detail/anchor__type_support.cpp.o[0m
[3.701s] [ 45%] Built target ros_decawave__rosidl_typesupport_c
[3.742s] [ 47%] [32mBuilding CXX object CMakeFiles/ros_decawave__rosidl_typesupport_fastrtps_cpp.dir/rosidl_typesupport_fastrtps_cpp/ros_decawave/msg/detail/dds_fastrtps/anchor_array__type_support.cpp.o[0m
[3.748s] [ 49%] [32m[1mLinking CXX shared library libros_decawave__rosidl_typesupport_cpp.so[0m
[3.758s] [ 50%] [32mBuilding CXX object CMakeFiles/ros_decawave__rosidl_typesupport_fastrtps_cpp.dir/rosidl_typesupport_fastrtps_cpp/ros_decawave/msg/detail/dds_fastrtps/tag__type_support.cpp.o[0m
[3.766s] [35m[1mScanning dependencies of target ros_decawave__rosidl_typesupport_introspection_c[0m
[3.800s] [ 52%] [32mBuilding C object CMakeFiles/ros_decawave__rosidl_typesupport_introspection_c.dir/rosidl_typesupport_introspection_c/ros_decawave/msg/detail/acc__type_support.c.o[0m
[3.832s] [ 52%] Built target ros_decawave__rosidl_typesupport_cpp
[3.848s] [ 56%] [32mBuilding CXX object CMakeFiles/ros_decawave__rosidl_typesupport_introspection_cpp.dir/rosidl_typesupport_introspection_cpp/ros_decawave/msg/detail/anchor_array__type_support.cpp.o[0m
[3.849s] [ 56%] [32mBuilding C object CMakeFiles/ros_decawave__rosidl_typesupport_introspection_c.dir/rosidl_typesupport_introspection_c/ros_decawave/msg/detail/anchor__type_support.c.o[0m
[3.862s] [ 58%] [32mBuilding C object CMakeFiles/ros_decawave__rosidl_typesupport_introspection_c.dir/rosidl_typesupport_introspection_c/ros_decawave/msg/detail/anchor_array__type_support.c.o[0m
[3.913s] [ 60%] [32mBuilding C object CMakeFiles/ros_decawave__rosidl_typesupport_introspection_c.dir/rosidl_typesupport_introspection_c/ros_decawave/msg/detail/tag__type_support.c.o[0m
[3.929s] [ 61%] [32mBuilding CXX object CMakeFiles/ros_decawave__rosidl_typesupport_introspection_cpp.dir/rosidl_typesupport_introspection_cpp/ros_decawave/msg/detail/tag__type_support.cpp.o[0m
[3.977s] [ 63%] [32m[1mLinking C shared library libros_decawave__rosidl_typesupport_introspection_c.so[0m
[4.039s] [ 63%] Built target ros_decawave__rosidl_typesupport_introspection_c
[4.494s] [ 65%] [32m[1mLinking CXX shared library libros_decawave__rosidl_typesupport_introspection_cpp.so[0m
[4.589s] [ 65%] Built target ros_decawave__rosidl_typesupport_introspection_cpp
[4.639s] [ 67%] [32m[1mLinking CXX shared library libros_decawave__rosidl_typesupport_fastrtps_cpp.so[0m
[4.744s] [ 67%] Built target ros_decawave__rosidl_typesupport_fastrtps_cpp
[4.756s] [ 69%] [34m[1mGenerating C type support for eProsima Fast-RTPS[0m
[5.270s] [35m[1mScanning dependencies of target ros_decawave__rosidl_typesupport_fastrtps_c[0m
[5.288s] [ 72%] [32mBuilding CXX object CMakeFiles/ros_decawave__rosidl_typesupport_fastrtps_c.dir/rosidl_typesupport_fastrtps_c/ros_decawave/msg/detail/anchor_array__type_support_c.cpp.o[0m
[5.288s] [ 72%] [32mBuilding CXX object CMakeFiles/ros_decawave__rosidl_typesupport_fastrtps_c.dir/rosidl_typesupport_fastrtps_c/ros_decawave/msg/detail/anchor__type_support_c.cpp.o[0m
[5.291s] [ 74%] [32mBuilding CXX object CMakeFiles/ros_decawave__rosidl_typesupport_fastrtps_c.dir/rosidl_typesupport_fastrtps_c/ros_decawave/msg/detail/acc__type_support_c.cpp.o[0m
[5.291s] [ 76%] [32mBuilding CXX object CMakeFiles/ros_decawave__rosidl_typesupport_fastrtps_c.dir/rosidl_typesupport_fastrtps_c/ros_decawave/msg/detail/tag__type_support_c.cpp.o[0m
[5.711s] [ 78%] [32m[1mLinking CXX shared library libros_decawave__rosidl_typesupport_fastrtps_c.so[0m
[5.816s] [ 78%] Built target ros_decawave__rosidl_typesupport_fastrtps_c
[5.830s] [35m[1mScanning dependencies of target ros_decawave[0m
[5.844s] [ 78%] Built target ros_decawave
[5.854s] [35m[1mScanning dependencies of target ros_decawave__py[0m
[5.869s] [ 80%] [34m[1mGenerating Python code for ROS interfaces[0m
[6.898s] [ 80%] Built target ros_decawave__py
[6.915s] [35m[1mScanning dependencies of target ros_decawave__python[0m
[6.945s] [ 81%] [32mBuilding C object CMakeFiles/ros_decawave__python.dir/rosidl_generator_py/ros_decawave/msg/_anchor_array_s.c.o[0m
[6.947s] [ 83%] [32mBuilding C object CMakeFiles/ros_decawave__python.dir/rosidl_generator_py/ros_decawave/msg/_tag_s.c.o[0m
[6.947s] [ 85%] [32mBuilding C object CMakeFiles/ros_decawave__python.dir/rosidl_generator_py/ros_decawave/msg/_anchor_s.c.o[0m
[6.948s] [ 87%] [32mBuilding C object CMakeFiles/ros_decawave__python.dir/rosidl_generator_py/ros_decawave/msg/_acc_s.c.o[0m
[7.078s] [ 89%] [32m[1mLinking C shared library rosidl_generator_py/ros_decawave/libros_decawave__python.so[0m
[7.124s] [ 89%] Built target ros_decawave__python
[7.137s] [35m[1mScanning dependencies of target ros_decawave__rosidl_typesupport_c__pyext[0m
[7.138s] [35m[1mScanning dependencies of target ros_decawave__rosidl_typesupport_introspection_c__pyext[0m
[7.141s] [35m[1mScanning dependencies of target ros_decawave__rosidl_typesupport_fastrtps_c__pyext[0m
[7.165s] [ 90%] [32mBuilding C object CMakeFiles/ros_decawave__rosidl_typesupport_introspection_c__pyext.dir/rosidl_generator_py/ros_decawave/_ros_decawave_s.ep.rosidl_typesupport_introspection_c.c.o[0m
[7.167s] [ 92%] [32mBuilding C object CMakeFiles/ros_decawave__rosidl_typesupport_c__pyext.dir/rosidl_generator_py/ros_decawave/_ros_decawave_s.ep.rosidl_typesupport_c.c.o[0m
[7.169s] [ 94%] [32mBuilding C object CMakeFiles/ros_decawave__rosidl_typesupport_fastrtps_c__pyext.dir/rosidl_generator_py/ros_decawave/_ros_decawave_s.ep.rosidl_typesupport_fastrtps_c.c.o[0m
[7.268s] [ 98%] [32m[1mLinking C shared library rosidl_generator_py/ros_decawave/ros_decawave_s__rosidl_typesupport_introspection_c.cpython-38-x86_64-linux-gnu.so[0m
[7.269s] [ 98%] [32m[1mLinking C shared library rosidl_generator_py/ros_decawave/ros_decawave_s__rosidl_typesupport_c.cpython-38-x86_64-linux-gnu.so[0m
[7.272s] [100%] [32m[1mLinking CXX shared library rosidl_generator_py/ros_decawave/ros_decawave_s__rosidl_typesupport_fastrtps_c.cpython-38-x86_64-linux-gnu.so[0m
[7.306s] [100%] Built target ros_decawave__rosidl_typesupport_introspection_c__pyext
[7.306s] [100%] Built target ros_decawave__rosidl_typesupport_c__pyext
[7.341s] [100%] Built target ros_decawave__rosidl_typesupport_fastrtps_c__pyext
[7.354s] Invoked command in '/home/pk/najnowsze_przepisywanie/ros_decawave/build/ros_decawave' returned '0': CMAKE_PREFIX_PATH=/opt/ros/foxy /usr/bin/cmake --build /home/pk/najnowsze_przepisywanie/ros_decawave/build/ros_decawave -- -j8 -l8
[7.494s] Invoking command in '/home/pk/najnowsze_przepisywanie/ros_decawave/build/ros_decawave': CMAKE_PREFIX_PATH=/opt/ros/foxy /usr/bin/cmake --install /home/pk/najnowsze_przepisywanie/ros_decawave/build/ros_decawave
[7.506s] -- Install configuration: ""
[7.507s] -- Installing: /home/pk/najnowsze_przepisywanie/ros_decawave/install/ros_decawave/share/ament_index/resource_index/rosidl_interfaces/ros_decawave
[7.507s] -- Installing: /home/pk/najnowsze_przepisywanie/ros_decawave/install/ros_decawave/include/ros_decawave
[7.507s] -- Installing: /home/pk/najnowsze_przepisywanie/ros_decawave/install/ros_decawave/include/ros_decawave/msg
[7.507s] -- Installing: /home/pk/najnowsze_przepisywanie/ros_decawave/install/ros_decawave/include/ros_decawave/msg/anchor.h
[7.507s] -- Installing: /home/pk/najnowsze_przepisywanie/ros_decawave/install/ros_decawave/include/ros_decawave/msg/rosidl_generator_c__visibility_control.h
[7.507s] -- Installing: /home/pk/najnowsze_przepisywanie/ros_decawave/install/ros_decawave/include/ros_decawave/msg/detail
[7.507s] -- Installing: /home/pk/najnowsze_przepisywanie/ros_decawave/install/ros_decawave/include/ros_decawave/msg/detail/anchor_array__struct.h
[7.508s] -- Installing: /home/pk/najnowsze_przepisywanie/ros_decawave/install/ros_decawave/include/ros_decawave/msg/detail/tag__functions.c
[7.508s] -- Installing: /home/pk/najnowsze_przepisywanie/ros_decawave/install/ros_decawave/include/ros_decawave/msg/detail/tag__struct.h
[7.508s] -- Installing: /home/pk/najnowsze_przepisywanie/ros_decawave/install/ros_decawave/include/ros_decawave/msg/detail/anchor__functions.h
[7.508s] -- Installing: /home/pk/najnowsze_przepisywanie/ros_decawave/install/ros_decawave/include/ros_decawave/msg/detail/anchor_array__functions.h
[7.508s] -- Installing: /home/pk/najnowsze_przepisywanie/ros_decawave/install/ros_decawave/include/ros_decawave/msg/detail/acc__functions.h
[7.508s] -- Installing: /home/pk/najnowsze_przepisywanie/ros_decawave/install/ros_decawave/include/ros_decawave/msg/detail/tag__type_support.h
[7.508s] -- Installing: /home/pk/najnowsze_przepisywanie/ros_decawave/install/ros_decawave/include/ros_decawave/msg/detail/anchor__struct.h
[7.508s] -- Installing: /home/pk/najnowsze_przepisywanie/ros_decawave/install/ros_decawave/include/ros_decawave/msg/detail/acc__functions.c
[7.509s] -- Installing: /home/pk/najnowsze_przepisywanie/ros_decawave/install/ros_decawave/include/ros_decawave/msg/detail/tag__functions.h
[7.509s] -- Installing: /home/pk/najnowsze_przepisywanie/ros_decawave/install/ros_decawave/include/ros_decawave/msg/detail/anchor__type_support.h
[7.509s] -- Installing: /home/pk/najnowsze_przepisywanie/ros_decawave/install/ros_decawave/include/ros_decawave/msg/detail/anchor_array__functions.c
[7.509s] -- Installing: /home/pk/najnowsze_przepisywanie/ros_decawave/install/ros_decawave/include/ros_decawave/msg/detail/anchor_array__type_support.h
[7.509s] -- Installing: /home/pk/najnowsze_przepisywanie/ros_decawave/install/ros_decawave/include/ros_decawave/msg/detail/anchor__functions.c
[7.509s] -- Installing: /home/pk/najnowsze_przepisywanie/ros_decawave/install/ros_decawave/include/ros_decawave/msg/detail/acc__type_support.h
[7.509s] -- Installing: /home/pk/najnowsze_przepisywanie/ros_decawave/install/ros_decawave/include/ros_decawave/msg/detail/acc__struct.h
[7.509s] -- Installing: /home/pk/najnowsze_przepisywanie/ros_decawave/install/ros_decawave/include/ros_decawave/msg/anchor_array.h
[7.509s] -- Installing: /home/pk/najnowsze_przepisywanie/ros_decawave/install/ros_decawave/include/ros_decawave/msg/tag.h
[7.509s] -- Installing: /home/pk/najnowsze_przepisywanie/ros_decawave/install/ros_decawave/include/ros_decawave/msg/acc.h
[7.509s] -- Installing: /home/pk/najnowsze_przepisywanie/ros_decawave/install/ros_decawave/share/ros_decawave/environment/library_path.sh
[7.510s] -- Installing: /home/pk/najnowsze_przepisywanie/ros_decawave/install/ros_decawave/share/ros_decawave/environment/library_path.dsv
[7.510s] -- Installing: /home/pk/najnowsze_przepisywanie/ros_decawave/install/ros_decawave/lib/libros_decawave__rosidl_generator_c.so
[7.510s] -- Set runtime path of "/home/pk/najnowsze_przepisywanie/ros_decawave/install/ros_decawave/lib/libros_decawave__rosidl_generator_c.so" to ""
[7.510s] -- Up-to-date: /home/pk/najnowsze_przepisywanie/ros_decawave/install/ros_decawave/include/ros_decawave
[7.510s] -- Up-to-date: /home/pk/najnowsze_przepisywanie/ros_decawave/install/ros_decawave/include/ros_decawave/msg
[7.510s] -- Up-to-date: /home/pk/najnowsze_przepisywanie/ros_decawave/install/ros_decawave/include/ros_decawave/msg/detail
[7.510s] -- Installing: /home/pk/najnowsze_przepisywanie/ros_decawave/install/ros_decawave/include/ros_decawave/msg/detail/tag__rosidl_typesupport_fastrtps_c.h
[7.510s] -- Installing: /home/pk/najnowsze_przepisywanie/ros_decawave/install/ros_decawave/include/ros_decawave/msg/detail/anchor_array__rosidl_typesupport_fastrtps_c.h
[7.510s] -- Installing: /home/pk/najnowsze_przepisywanie/ros_decawave/install/ros_decawave/include/ros_decawave/msg/detail/acc__rosidl_typesupport_fastrtps_c.h
[7.511s] -- Installing: /home/pk/najnowsze_przepisywanie/ros_decawave/install/ros_decawave/include/ros_decawave/msg/detail/anchor__rosidl_typesupport_fastrtps_c.h
[7.511s] -- Installing: /home/pk/najnowsze_przepisywanie/ros_decawave/install/ros_decawave/include/ros_decawave/msg/rosidl_typesupport_fastrtps_c__visibility_control.h
[7.511s] -- Installing: /home/pk/najnowsze_przepisywanie/ros_decawave/install/ros_decawave/lib/libros_decawave__rosidl_typesupport_fastrtps_c.so
[7.511s] -- Set runtime path of "/home/pk/najnowsze_przepisywanie/ros_decawave/install/ros_decawave/lib/libros_decawave__rosidl_typesupport_fastrtps_c.so" to ""
[7.511s] -- Up-to-date: /home/pk/najnowsze_przepisywanie/ros_decawave/install/ros_decawave/include/ros_decawave
[7.511s] -- Up-to-date: /home/pk/najnowsze_przepisywanie/ros_decawave/install/ros_decawave/include/ros_decawave/msg
[7.511s] -- Up-to-date: /home/pk/najnowsze_przepisywanie/ros_decawave/install/ros_decawave/include/ros_decawave/msg/detail
[7.511s] -- Installing: /home/pk/najnowsze_przepisywanie/ros_decawave/install/ros_decawave/include/ros_decawave/msg/detail/tag__rosidl_typesupport_fastrtps_cpp.hpp
[7.512s] -- Installing: /home/pk/najnowsze_przepisywanie/ros_decawave/install/ros_decawave/include/ros_decawave/msg/detail/acc__rosidl_typesupport_fastrtps_cpp.hpp
[7.512s] -- Installing: /home/pk/najnowsze_przepisywanie/ros_decawave/install/ros_decawave/include/ros_decawave/msg/detail/dds_fastrtps
[7.512s] -- Installing: /home/pk/najnowsze_przepisywanie/ros_decawave/install/ros_decawave/include/ros_decawave/msg/detail/anchor__rosidl_typesupport_fastrtps_cpp.hpp
[7.512s] -- Installing: /home/pk/najnowsze_przepisywanie/ros_decawave/install/ros_decawave/include/ros_decawave/msg/detail/anchor_array__rosidl_typesupport_fastrtps_cpp.hpp
[7.512s] -- Installing: /home/pk/najnowsze_przepisywanie/ros_decawave/install/ros_decawave/include/ros_decawave/msg/rosidl_typesupport_fastrtps_cpp__visibility_control.h
[7.512s] -- Installing: /home/pk/najnowsze_przepisywanie/ros_decawave/install/ros_decawave/lib/libros_decawave__rosidl_typesupport_fastrtps_cpp.so
[7.512s] -- Set runtime path of "/home/pk/najnowsze_przepisywanie/ros_decawave/install/ros_decawave/lib/libros_decawave__rosidl_typesupport_fastrtps_cpp.so" to ""
[7.512s] -- Up-to-date: /home/pk/najnowsze_przepisywanie/ros_decawave/install/ros_decawave/include/ros_decawave
[7.512s] -- Up-to-date: /home/pk/najnowsze_przepisywanie/ros_decawave/install/ros_decawave/include/ros_decawave/msg
[7.513s] -- Up-to-date: /home/pk/najnowsze_przepisywanie/ros_decawave/install/ros_decawave/include/ros_decawave/msg/detail
[7.513s] -- Installing: /home/pk/najnowsze_przepisywanie/ros_decawave/install/ros_decawave/include/ros_decawave/msg/detail/anchor_array__rosidl_typesupport_introspection_c.h
[7.513s] -- Installing: /home/pk/najnowsze_przepisywanie/ros_decawave/install/ros_decawave/include/ros_decawave/msg/detail/anchor_array__type_support.c
[7.513s] -- Installing: /home/pk/najnowsze_przepisywanie/ros_decawave/install/ros_decawave/include/ros_decawave/msg/detail/anchor__rosidl_typesupport_introspection_c.h
[7.513s] -- Installing: /home/pk/najnowsze_przepisywanie/ros_decawave/install/ros_decawave/include/ros_decawave/msg/detail/acc__rosidl_typesupport_introspection_c.h
[7.513s] -- Installing: /home/pk/najnowsze_przepisywanie/ros_decawave/install/ros_decawave/include/ros_decawave/msg/detail/tag__type_support.c
[7.513s] -- Installing: /home/pk/najnowsze_przepisywanie/ros_decawave/install/ros_decawave/include/ros_decawave/msg/detail/acc__type_support.c
[7.513s] -- Installing: /home/pk/najnowsze_przepisywanie/ros_decawave/install/ros_decawave/include/ros_decawave/msg/detail/anchor__type_support.c
[7.513s] -- Installing: /home/pk/najnowsze_przepisywanie/ros_decawave/install/ros_decawave/include/ros_decawave/msg/detail/tag__rosidl_typesupport_introspection_c.h
[7.513s] -- Installing: /home/pk/najnowsze_przepisywanie/ros_decawave/install/ros_decawave/include/ros_decawave/msg/rosidl_typesupport_introspection_c__visibility_control.h
[7.514s] -- Installing: /home/pk/najnowsze_przepisywanie/ros_decawave/install/ros_decawave/lib/libros_decawave__rosidl_typesupport_introspection_c.so
[7.514s] -- Set runtime path of "/home/pk/najnowsze_przepisywanie/ros_decawave/install/ros_decawave/lib/libros_decawave__rosidl_typesupport_introspection_c.so" to ""
[7.514s] -- Installing: /home/pk/najnowsze_przepisywanie/ros_decawave/install/ros_decawave/lib/libros_decawave__rosidl_typesupport_c.so
[7.514s] -- Set runtime path of "/home/pk/najnowsze_przepisywanie/ros_decawave/install/ros_decawave/lib/libros_decawave__rosidl_typesupport_c.so" to ""
[7.514s] -- Up-to-date: /home/pk/najnowsze_przepisywanie/ros_decawave/install/ros_decawave/include/ros_decawave
[7.515s] -- Up-to-date: /home/pk/najnowsze_przepisywanie/ros_decawave/install/ros_decawave/include/ros_decawave/msg
[7.515s] -- Installing: /home/pk/najnowsze_przepisywanie/ros_decawave/install/ros_decawave/include/ros_decawave/msg/acc.hpp
[7.515s] -- Installing: /home/pk/najnowsze_przepisywanie/ros_decawave/install/ros_decawave/include/ros_decawave/msg/tag.hpp
[7.515s] -- Up-to-date: /home/pk/najnowsze_przepisywanie/ros_decawave/install/ros_decawave/include/ros_decawave/msg/detail
[7.515s] -- Installing: /home/pk/najnowsze_przepisywanie/ros_decawave/install/ros_decawave/include/ros_decawave/msg/detail/tag__builder.hpp
[7.515s] -- Installing: /home/pk/najnowsze_przepisywanie/ros_decawave/install/ros_decawave/include/ros_decawave/msg/detail/anchor_array__struct.hpp
[7.515s] -- Installing: /home/pk/najnowsze_przepisywanie/ros_decawave/install/ros_decawave/include/ros_decawave/msg/detail/acc__struct.hpp
[7.515s] -- Installing: /home/pk/najnowsze_przepisywanie/ros_decawave/install/ros_decawave/include/ros_decawave/msg/detail/anchor__builder.hpp
[7.515s] -- Installing: /home/pk/najnowsze_przepisywanie/ros_decawave/install/ros_decawave/include/ros_decawave/msg/detail/anchor_array__builder.hpp
[7.516s] -- Installing: /home/pk/najnowsze_przepisywanie/ros_decawave/install/ros_decawave/include/ros_decawave/msg/detail/acc__traits.hpp
[7.516s] -- Installing: /home/pk/najnowsze_przepisywanie/ros_decawave/install/ros_decawave/include/ros_decawave/msg/detail/anchor__traits.hpp
[7.516s] -- Installing: /home/pk/najnowsze_przepisywanie/ros_decawave/install/ros_decawave/include/ros_decawave/msg/detail/acc__builder.hpp
[7.516s] -- Installing: /home/pk/najnowsze_przepisywanie/ros_decawave/install/ros_decawave/include/ros_decawave/msg/detail/anchor_array__traits.hpp
[7.516s] -- Installing: /home/pk/najnowsze_przepisywanie/ros_decawave/install/ros_decawave/include/ros_decawave/msg/detail/tag__traits.hpp
[7.516s] -- Installing: /home/pk/najnowsze_przepisywanie/ros_decawave/install/ros_decawave/include/ros_decawave/msg/detail/tag__struct.hpp
[7.517s] -- Installing: /home/pk/najnowsze_przepisywanie/ros_decawave/install/ros_decawave/include/ros_decawave/msg/detail/anchor__struct.hpp
[7.517s] -- Installing: /home/pk/najnowsze_przepisywanie/ros_decawave/install/ros_decawave/include/ros_decawave/msg/anchor_array.hpp
[7.517s] -- Installing: /home/pk/najnowsze_przepisywanie/ros_decawave/install/ros_decawave/include/ros_decawave/msg/anchor.hpp
[7.517s] -- Up-to-date: /home/pk/najnowsze_przepisywanie/ros_decawave/install/ros_decawave/include/ros_decawave
[7.517s] -- Up-to-date: /home/pk/najnowsze_przepisywanie/ros_decawave/install/ros_decawave/include/ros_decawave/msg
[7.517s] -- Up-to-date: /home/pk/najnowsze_przepisywanie/ros_decawave/install/ros_decawave/include/ros_decawave/msg/detail
[7.517s] -- Installing: /home/pk/najnowsze_przepisywanie/ros_decawave/install/ros_decawave/include/ros_decawave/msg/detail/tag__rosidl_typesupport_introspection_cpp.hpp
[7.517s] -- Installing: /home/pk/najnowsze_przepisywanie/ros_decawave/install/ros_decawave/include/ros_decawave/msg/detail/anchor_array__rosidl_typesupport_introspection_cpp.hpp
[7.517s] -- Installing: /home/pk/najnowsze_przepisywanie/ros_decawave/install/ros_decawave/include/ros_decawave/msg/detail/anchor_array__type_support.cpp
[7.517s] -- Installing: /home/pk/najnowsze_przepisywanie/ros_decawave/install/ros_decawave/include/ros_decawave/msg/detail/anchor__type_support.cpp
[7.517s] -- Installing: /home/pk/najnowsze_przepisywanie/ros_decawave/install/ros_decawave/include/ros_decawave/msg/detail/acc__type_support.cpp
[7.517s] -- Installing: /home/pk/najnowsze_przepisywanie/ros_decawave/install/ros_decawave/include/ros_decawave/msg/detail/anchor__rosidl_typesupport_introspection_cpp.hpp
[7.517s] -- Installing: /home/pk/najnowsze_przepisywanie/ros_decawave/install/ros_decawave/include/ros_decawave/msg/detail/acc__rosidl_typesupport_introspection_cpp.hpp
[7.518s] -- Installing: /home/pk/najnowsze_przepisywanie/ros_decawave/install/ros_decawave/include/ros_decawave/msg/detail/tag__type_support.cpp
[7.518s] -- Installing: /home/pk/najnowsze_przepisywanie/ros_decawave/install/ros_decawave/lib/libros_decawave__rosidl_typesupport_introspection_cpp.so
[7.518s] -- Set runtime path of "/home/pk/najnowsze_przepisywanie/ros_decawave/install/ros_decawave/lib/libros_decawave__rosidl_typesupport_introspection_cpp.so" to ""
[7.518s] -- Installing: /home/pk/najnowsze_przepisywanie/ros_decawave/install/ros_decawave/lib/libros_decawave__rosidl_typesupport_cpp.so
[7.518s] -- Set runtime path of "/home/pk/najnowsze_przepisywanie/ros_decawave/install/ros_decawave/lib/libros_decawave__rosidl_typesupport_cpp.so" to ""
[7.518s] -- Installing: /home/pk/najnowsze_przepisywanie/ros_decawave/install/ros_decawave/share/ros_decawave/environment/pythonpath.sh
[7.518s] -- Installing: /home/pk/najnowsze_przepisywanie/ros_decawave/install/ros_decawave/share/ros_decawave/environment/pythonpath.dsv
[7.519s] -- Installing: /home/pk/najnowsze_przepisywanie/ros_decawave/install/ros_decawave/lib/python3.8/site-packages/ros_decawave/__init__.py
[7.554s] Compiling '/home/pk/najnowsze_przepisywanie/ros_decawave/install/ros_decawave/lib/python3.8/site-packages/ros_decawave/__init__.py'...
[7.559s] -- Installing: /home/pk/najnowsze_przepisywanie/ros_decawave/install/ros_decawave/lib/python3.8/site-packages/ros_decawave/msg
[7.559s] -- Installing: /home/pk/najnowsze_przepisywanie/ros_decawave/install/ros_decawave/lib/python3.8/site-packages/ros_decawave/msg/_anchor.py
[7.559s] -- Installing: /home/pk/najnowsze_przepisywanie/ros_decawave/install/ros_decawave/lib/python3.8/site-packages/ros_decawave/msg/__init__.py
[7.559s] -- Installing: /home/pk/najnowsze_przepisywanie/ros_decawave/install/ros_decawave/lib/python3.8/site-packages/ros_decawave/msg/_tag.py
[7.559s] -- Installing: /home/pk/najnowsze_przepisywanie/ros_decawave/install/ros_decawave/lib/python3.8/site-packages/ros_decawave/msg/_acc.py
[7.559s] -- Installing: /home/pk/najnowsze_przepisywanie/ros_decawave/install/ros_decawave/lib/python3.8/site-packages/ros_decawave/msg/_tag_s.c
[7.559s] -- Installing: /home/pk/najnowsze_przepisywanie/ros_decawave/install/ros_decawave/lib/python3.8/site-packages/ros_decawave/msg/_anchor_s.c
[7.560s] -- Installing: /home/pk/najnowsze_przepisywanie/ros_decawave/install/ros_decawave/lib/python3.8/site-packages/ros_decawave/msg/_anchor_array_s.c
[7.560s] -- Installing: /home/pk/najnowsze_przepisywanie/ros_decawave/install/ros_decawave/lib/python3.8/site-packages/ros_decawave/msg/_acc_s.c
[7.560s] -- Installing: /home/pk/najnowsze_przepisywanie/ros_decawave/install/ros_decawave/lib/python3.8/site-packages/ros_decawave/msg/_anchor_array.py
[7.560s] -- Installing: /home/pk/najnowsze_przepisywanie/ros_decawave/install/ros_decawave/lib/python3.8/site-packages/ros_decawave/ros_decawave_s__rosidl_typesupport_fastrtps_c.cpython-38-x86_64-linux-gnu.so
[7.560s] -- Set runtime path of "/home/pk/najnowsze_przepisywanie/ros_decawave/install/ros_decawave/lib/python3.8/site-packages/ros_decawave/ros_decawave_s__rosidl_typesupport_fastrtps_c.cpython-38-x86_64-linux-gnu.so" to ""
[7.560s] -- Installing: /home/pk/najnowsze_przepisywanie/ros_decawave/install/ros_decawave/lib/python3.8/site-packages/ros_decawave/ros_decawave_s__rosidl_typesupport_introspection_c.cpython-38-x86_64-linux-gnu.so
[7.561s] -- Set runtime path of "/home/pk/najnowsze_przepisywanie/ros_decawave/install/ros_decawave/lib/python3.8/site-packages/ros_decawave/ros_decawave_s__rosidl_typesupport_introspection_c.cpython-38-x86_64-linux-gnu.so" to ""
[7.561s] -- Installing: /home/pk/najnowsze_przepisywanie/ros_decawave/install/ros_decawave/lib/python3.8/site-packages/ros_decawave/ros_decawave_s__rosidl_typesupport_c.cpython-38-x86_64-linux-gnu.so
[7.562s] -- Set runtime path of "/home/pk/najnowsze_przepisywanie/ros_decawave/install/ros_decawave/lib/python3.8/site-packages/ros_decawave/ros_decawave_s__rosidl_typesupport_c.cpython-38-x86_64-linux-gnu.so" to ""
[7.562s] -- Installing: /home/pk/najnowsze_przepisywanie/ros_decawave/install/ros_decawave/lib/libros_decawave__python.so
[7.562s] -- Set runtime path of "/home/pk/najnowsze_przepisywanie/ros_decawave/install/ros_decawave/lib/libros_decawave__python.so" to ""
[7.563s] -- Installing: /home/pk/najnowsze_przepisywanie/ros_decawave/install/ros_decawave/share/ros_decawave/msg/Acc.idl
[7.563s] -- Installing: /home/pk/najnowsze_przepisywanie/ros_decawave/install/ros_decawave/share/ros_decawave/msg/Anchor.idl
[7.563s] -- Installing: /home/pk/najnowsze_przepisywanie/ros_decawave/install/ros_decawave/share/ros_decawave/msg/AnchorArray.idl
[7.563s] -- Installing: /home/pk/najnowsze_przepisywanie/ros_decawave/install/ros_decawave/share/ros_decawave/msg/Tag.idl
[7.563s] -- Installing: /home/pk/najnowsze_przepisywanie/ros_decawave/install/ros_decawave/share/ros_decawave/msg/Acc.msg
[7.563s] -- Installing: /home/pk/najnowsze_przepisywanie/ros_decawave/install/ros_decawave/share/ros_decawave/msg/Anchor.msg
[7.564s] -- Installing: /home/pk/najnowsze_przepisywanie/ros_decawave/install/ros_decawave/share/ros_decawave/msg/AnchorArray.msg
[7.564s] -- Installing: /home/pk/najnowsze_przepisywanie/ros_decawave/install/ros_decawave/share/ros_decawave/msg/Tag.msg
[7.564s] -- Up-to-date: /home/pk/najnowsze_przepisywanie/ros_decawave/install/ros_decawave/lib/python3.8/site-packages/ros_decawave
[7.564s] -- Installing: /home/pk/najnowsze_przepisywanie/ros_decawave/install/ros_decawave/lib/python3.8/site-packages/ros_decawave/__init__.py
[7.602s] Listing '/home/pk/najnowsze_przepisywanie/ros_decawave/install/ros_decawave/lib/python3.8/site-packages/ros_decawave'...
[7.602s] Compiling '/home/pk/najnowsze_przepisywanie/ros_decawave/install/ros_decawave/lib/python3.8/site-packages/ros_decawave/__init__.py'...
[7.603s] Listing '/home/pk/najnowsze_przepisywanie/ros_decawave/install/ros_decawave/lib/python3.8/site-packages/ros_decawave/msg'...
[7.603s] Compiling '/home/pk/najnowsze_przepisywanie/ros_decawave/install/ros_decawave/lib/python3.8/site-packages/ros_decawave/msg/__init__.py'...
[7.603s] Compiling '/home/pk/najnowsze_przepisywanie/ros_decawave/install/ros_decawave/lib/python3.8/site-packages/ros_decawave/msg/_acc.py'...
[7.603s] Compiling '/home/pk/najnowsze_przepisywanie/ros_decawave/install/ros_decawave/lib/python3.8/site-packages/ros_decawave/msg/_anchor.py'...
[7.603s] Compiling '/home/pk/najnowsze_przepisywanie/ros_decawave/install/ros_decawave/lib/python3.8/site-packages/ros_decawave/msg/_anchor_array.py'...
[7.603s] Compiling '/home/pk/najnowsze_przepisywanie/ros_decawave/install/ros_decawave/lib/python3.8/site-packages/ros_decawave/msg/_tag.py'...
[7.606s] -- Installing: /home/pk/najnowsze_przepisywanie/ros_decawave/install/ros_decawave/lib/ros_decawave/decawave_driver.py
[7.607s] -- Installing: /home/pk/najnowsze_przepisywanie/ros_decawave/install/ros_decawave/share/ament_index/resource_index/package_run_dependencies/ros_decawave
[7.607s] -- Installing: /home/pk/najnowsze_przepisywanie/ros_decawave/install/ros_decawave/share/ament_index/resource_index/parent_prefix_path/ros_decawave
[7.607s] -- Installing: /home/pk/najnowsze_przepisywanie/ros_decawave/install/ros_decawave/share/ros_decawave/environment/ament_prefix_path.sh
[7.607s] -- Installing: /home/pk/najnowsze_przepisywanie/ros_decawave/install/ros_decawave/share/ros_decawave/environment/ament_prefix_path.dsv
[7.607s] -- Installing: /home/pk/najnowsze_przepisywanie/ros_decawave/install/ros_decawave/share/ros_decawave/environment/path.sh
[7.607s] -- Installing: /home/pk/najnowsze_przepisywanie/ros_decawave/install/ros_decawave/share/ros_decawave/environment/path.dsv
[7.607s] -- Installing: /home/pk/najnowsze_przepisywanie/ros_decawave/install/ros_decawave/share/ros_decawave/local_setup.bash
[7.608s] -- Installing: /home/pk/najnowsze_przepisywanie/ros_decawave/install/ros_decawave/share/ros_decawave/local_setup.sh
[7.608s] -- Installing: /home/pk/najnowsze_przepisywanie/ros_decawave/install/ros_decawave/share/ros_decawave/local_setup.zsh
[7.608s] -- Installing: /home/pk/najnowsze_przepisywanie/ros_decawave/install/ros_decawave/share/ros_decawave/local_setup.dsv
[7.608s] -- Installing: /home/pk/najnowsze_przepisywanie/ros_decawave/install/ros_decawave/share/ros_decawave/package.dsv
[7.608s] -- Installing: /home/pk/najnowsze_przepisywanie/ros_decawave/install/ros_decawave/share/ament_index/resource_index/packages/ros_decawave
[7.608s] -- Installing: /home/pk/najnowsze_przepisywanie/ros_decawave/install/ros_decawave/share/ros_decawave/cmake/ros_decawave__rosidl_generator_cExport.cmake
[7.609s] -- Installing: /home/pk/najnowsze_przepisywanie/ros_decawave/install/ros_decawave/share/ros_decawave/cmake/ros_decawave__rosidl_generator_cExport-noconfig.cmake
[7.609s] -- Installing: /home/pk/najnowsze_przepisywanie/ros_decawave/install/ros_decawave/share/ros_decawave/cmake/ros_decawave__rosidl_typesupport_introspection_cExport.cmake
[7.609s] -- Installing: /home/pk/najnowsze_przepisywanie/ros_decawave/install/ros_decawave/share/ros_decawave/cmake/ros_decawave__rosidl_typesupport_introspection_cExport-noconfig.cmake
[7.609s] -- Installing: /home/pk/najnowsze_przepisywanie/ros_decawave/install/ros_decawave/share/ros_decawave/cmake/ros_decawave__rosidl_typesupport_cExport.cmake
[7.609s] -- Installing: /home/pk/najnowsze_przepisywanie/ros_decawave/install/ros_decawave/share/ros_decawave/cmake/ros_decawave__rosidl_typesupport_cExport-noconfig.cmake
[7.609s] -- Installing: /home/pk/najnowsze_przepisywanie/ros_decawave/install/ros_decawave/share/ros_decawave/cmake/ros_decawave__rosidl_generator_cppExport.cmake
[7.610s] -- Installing: /home/pk/najnowsze_przepisywanie/ros_decawave/install/ros_decawave/share/ros_decawave/cmake/ros_decawave__rosidl_typesupport_introspection_cppExport.cmake
[7.610s] -- Installing: /home/pk/najnowsze_przepisywanie/ros_decawave/install/ros_decawave/share/ros_decawave/cmake/ros_decawave__rosidl_typesupport_introspection_cppExport-noconfig.cmake
[7.610s] -- Installing: /home/pk/najnowsze_przepisywanie/ros_decawave/install/ros_decawave/share/ros_decawave/cmake/ros_decawave__rosidl_typesupport_cppExport.cmake
[7.610s] -- Installing: /home/pk/najnowsze_przepisywanie/ros_decawave/install/ros_decawave/share/ros_decawave/cmake/ros_decawave__rosidl_typesupport_cppExport-noconfig.cmake
[7.610s] -- Installing: /home/pk/najnowsze_przepisywanie/ros_decawave/install/ros_decawave/share/ros_decawave/cmake/rosidl_cmake-extras.cmake
[7.610s] -- Installing: /home/pk/najnowsze_przepisywanie/ros_decawave/install/ros_decawave/share/ros_decawave/cmake/ament_cmake_export_dependencies-extras.cmake
[7.611s] -- Installing: /home/pk/najnowsze_przepisywanie/ros_decawave/install/ros_decawave/share/ros_decawave/cmake/ament_cmake_export_libraries-extras.cmake
[7.611s] -- Installing: /home/pk/najnowsze_przepisywanie/ros_decawave/install/ros_decawave/share/ros_decawave/cmake/ament_cmake_export_targets-extras.cmake
[7.611s] -- Installing: /home/pk/najnowsze_przepisywanie/ros_decawave/install/ros_decawave/share/ros_decawave/cmake/ament_cmake_export_include_directories-extras.cmake
[7.611s] -- Installing: /home/pk/najnowsze_przepisywanie/ros_decawave/install/ros_decawave/share/ros_decawave/cmake/rosidl_cmake_export_typesupport_libraries-extras.cmake
[7.611s] -- Installing: /home/pk/najnowsze_przepisywanie/ros_decawave/install/ros_decawave/share/ros_decawave/cmake/rosidl_cmake_export_typesupport_targets-extras.cmake
[7.611s] -- Installing: /home/pk/najnowsze_przepisywanie/ros_decawave/install/ros_decawave/share/ros_decawave/cmake/ros_decawaveConfig.cmake
[7.611s] -- Installing: /home/pk/najnowsze_przepisywanie/ros_decawave/install/ros_decawave/share/ros_decawave/cmake/ros_decawaveConfig-version.cmake
[7.612s] -- Installing: /home/pk/najnowsze_przepisywanie/ros_decawave/install/ros_decawave/share/ros_decawave/package.xml
[7.614s] Invoked command in '/home/pk/najnowsze_przepisywanie/ros_decawave/build/ros_decawave' returned '0': CMAKE_PREFIX_PATH=/opt/ros/foxy /usr/bin/cmake --install /home/pk/najnowsze_przepisywanie/ros_decawave/build/ros_decawave
