In file included from [01m[K/home/pk/najnowsze_przepisywanie/ros_decawave/build/ros_decawave/rosidl_generator_c/ros_decawave/msg/detail/tag__functions.h:19[m[K,
                 from [01m[K/home/pk/najnowsze_przepisywanie/ros_decawave/build/ros_decawave/rosidl_generator_c/ros_decawave/msg/detail/tag__functions.c:4[m[K:
[01m[K/home/pk/najnowsze_przepisywanie/ros_decawave/build/ros_decawave/rosidl_generator_c/ros_decawave/msg/detail/tag__struct.h:22:10:[m[K [01;31m[Kfatal error: [m[Kros_decawave/msg/detail/header__struct.h: No such file or directory
   22 | #include [01;31m[K"ros_decawave/msg/detail/header__struct.h"[m[K
      |          [01;31m[K^~~~~~~~~~~~~~~~~~~~~~~~~~~~~~~~~~~~~~~~~~[m[K
compilation terminated.
make[2]: *** [CMakeFiles/ros_decawave__rosidl_generator_c.dir/build.make:179: CMakeFiles/ros_decawave__rosidl_generator_c.dir/rosidl_generator_c/ros_decawave/msg/detail/tag__functions.c.o] Error 1
make[2]: *** Waiting for unfinished jobs....
make[1]: *** [CMakeFiles/Makefile2:361: CMakeFiles/ros_decawave__rosidl_generator_c.dir/all] Error 2
make[1]: *** Waiting for unfinished jobs....
In file included from [01m[K/home/pk/najnowsze_przepisywanie/ros_decawave/build/ros_decawave/rosidl_typesupport_cpp/ros_decawave/msg/tag__type_support.cpp:7[m[K:
[01m[K/home/pk/najnowsze_przepisywanie/ros_decawave/build/ros_decawave/rosidl_generator_cpp/ros_decawave/msg/detail/tag__struct.hpp:19:10:[m[K [01;31m[Kfatal error: [m[Kros_decawave/msg/detail/header__struct.hpp: No such file or directory
   19 | #include [01;31m[K"ros_decawave/msg/detail/header__struct.hpp"[m[K
      |          [01;31m[K^~~~~~~~~~~~~~~~~~~~~~~~~~~~~~~~~~~~~~~~~~~~[m[K
compilation terminated.
make[2]: *** [CMakeFiles/ros_decawave__rosidl_typesupport_cpp.dir/build.make:124: CMakeFiles/ros_decawave__rosidl_typesupport_cpp.dir/rosidl_typesupport_cpp/ros_decawave/msg/tag__type_support.cpp.o] Error 1
make[2]: *** Waiting for unfinished jobs....
In file included from [01m[K/home/pk/najnowsze_przepisywanie/ros_decawave/build/ros_decawave/rosidl_typesupport_fastrtps_cpp/ros_decawave/msg/detail/tag__rosidl_typesupport_fastrtps_cpp.hpp:11[m[K,
                 from [01m[K/home/pk/najnowsze_przepisywanie/ros_decawave/build/ros_decawave/rosidl_typesupport_fastrtps_cpp/ros_decawave/msg/detail/dds_fastrtps/tag__type_support.cpp:4[m[K:
[01m[K/home/pk/najnowsze_przepisywanie/ros_decawave/build/ros_decawave/rosidl_generator_cpp/ros_decawave/msg/detail/tag__struct.hpp:19:10:[m[K [01;31m[Kfatal error: [m[Kros_decawave/msg/detail/header__struct.hpp: No such file or directory
   19 | #include [01;31m[K"ros_decawave/msg/detail/header__struct.hpp"[m[K
      |          [01;31m[K^~~~~~~~~~~~~~~~~~~~~~~~~~~~~~~~~~~~~~~~~~~~[m[K
compilation terminated.
make[2]: *** [CMakeFiles/ros_decawave__rosidl_typesupport_fastrtps_cpp.dir/build.make:138: CMakeFiles/ros_decawave__rosidl_typesupport_fastrtps_cpp.dir/rosidl_typesupport_fastrtps_cpp/ros_decawave/msg/detail/dds_fastrtps/tag__type_support.cpp.o] Error 1
make[2]: *** Waiting for unfinished jobs....
make[1]: *** [CMakeFiles/Makefile2:526: CMakeFiles/ros_decawave__rosidl_typesupport_cpp.dir/all] Error 2
In file included from [01m[K/home/pk/najnowsze_przepisywanie/ros_decawave/build/ros_decawave/rosidl_typesupport_introspection_cpp/ros_decawave/msg/detail/tag__type_support.cpp:12[m[K:
[01m[K/home/pk/najnowsze_przepisywanie/ros_decawave/build/ros_decawave/rosidl_generator_cpp/ros_decawave/msg/detail/tag__struct.hpp:19:10:[m[K [01;31m[Kfatal error: [m[Kros_decawave/msg/detail/header__struct.hpp: No such file or directory
   19 | #include [01;31m[K"ros_decawave/msg/detail/header__struct.hpp"[m[K
      |          [01;31m[K^~~~~~~~~~~~~~~~~~~~~~~~~~~~~~~~~~~~~~~~~~~~[m[K
compilation terminated.
make[2]: *** [CMakeFiles/ros_decawave__rosidl_typesupport_introspection_cpp.dir/build.make:138: CMakeFiles/ros_decawave__rosidl_typesupport_introspection_cpp.dir/rosidl_typesupport_introspection_cpp/ros_decawave/msg/detail/tag__type_support.cpp.o] Error 1
make[2]: *** Waiting for unfinished jobs....
make[1]: *** [CMakeFiles/Makefile2:388: CMakeFiles/ros_decawave__rosidl_typesupport_fastrtps_cpp.dir/all] Error 2
make[1]: *** [CMakeFiles/Makefile2:300: CMakeFiles/ros_decawave__rosidl_typesupport_introspection_cpp.dir/all] Error 2
make: *** [Makefile:141: all] Error 2
