[0.018s] Invoking command in '/home/pk/najnowsze_przepisywanie/ros_decawave/build/ros_decawave': CMAKE_PREFIX_PATH=${CMAKE_PREFIX_PATH}:/opt/ros/foxy /usr/bin/cmake --build /home/pk/najnowsze_przepisywanie/ros_decawave/build/ros_decawave -- -j8 -l8
[0.055s] -- Found ament_cmake: 0.9.11 (/opt/ros/foxy/share/ament_cmake/cmake)
[0.080s] -- Found PythonInterp: /usr/bin/python3 (found suitable version "3.8.10", minimum required is "3") 
[0.080s] -- Using PYTHON_EXECUTABLE: /usr/bin/python3
[0.279s] -- Found rosidl_default_generators: 1.0.1 (/opt/ros/foxy/share/rosidl_default_generators/cmake)
[0.281s] -- Using all available rosidl_typesupport_c: rosidl_typesupport_fastrtps_c;rosidl_typesupport_introspection_c
[0.285s] -- Found rosidl_adapter: 1.3.0 (/opt/ros/foxy/share/rosidl_adapter/cmake)
[0.437s] -- Using all available rosidl_typesupport_cpp: rosidl_typesupport_fastrtps_cpp;rosidl_typesupport_introspection_cpp
[0.489s] -- Found PythonInterp: /usr/bin/python3 (found version "3.8.10") 
[0.637s] -- Found ament_cmake_ros: 0.9.2 (/opt/ros/foxy/share/ament_cmake_ros/cmake)
[0.746s] -- Using all available rosidl_typesupport_c: rosidl_typesupport_fastrtps_c;rosidl_typesupport_introspection_c
[0.754s] -- Using all available rosidl_typesupport_cpp: rosidl_typesupport_fastrtps_cpp;rosidl_typesupport_introspection_cpp
[0.778s] -- Found PythonInterp: /usr/bin/python3 (found suitable version "3.8.10", minimum required is "3.5") 
[0.778s] -- Found python_cmake_module: 0.8.1 (/opt/ros/foxy/share/python_cmake_module/cmake)
[0.804s] -- Using PYTHON_EXECUTABLE: /usr/bin/python3
[0.804s] -- Using PYTHON_INCLUDE_DIRS: /usr/include/python3.8
[0.805s] -- Using PYTHON_LIBRARIES: /usr/lib/x86_64-linux-gnu/libpython3.8.so
[0.823s] -- Found ament_lint_auto: 0.9.7 (/opt/ros/foxy/share/ament_lint_auto/cmake)
[0.834s] -- Added test 'copyright' to check source files copyright and LICENSE
[0.887s] -- Added test 'cppcheck' to perform static code analysis on C / C++ code
[0.889s] -- Configured cppcheck include dirs: $<BUILD_INTERFACE:/home/pk/najnowsze_przepisywanie/ros_decawave/build/ros_decawave/rosidl_generator_c>;/home/pk/najnowsze_przepisywanie/ros_decawave/build/ros_decawave/rosidl_generator_c;/home/pk/najnowsze_przepisywanie/ros_decawave/build/ros_decawave/rosidl_generator_cpp;/home/pk/najnowsze_przepisywanie/ros_decawave/build/ros_decawave/rosidl_typesupport_fastrtps_c;/home/pk/najnowsze_przepisywanie/ros_decawave/build/ros_decawave/rosidl_typesupport_fastrtps_cpp;$<BUILD_INTERFACE:/home/pk/najnowsze_przepisywanie/ros_decawave/build/ros_decawave/rosidl_typesupport_introspection_c>;$<BUILD_INTERFACE:/home/pk/najnowsze_przepisywanie/ros_decawave/build/ros_decawave/rosidl_typesupport_c>;$<BUILD_INTERFACE:/home/pk/najnowsze_przepisywanie/ros_decawave/build/ros_decawave/rosidl_generator_cpp>;/home/pk/najnowsze_przepisywanie/ros_decawave/build/ros_decawave/rosidl_generator_py
[0.889s] -- Configured cppcheck exclude dirs and/or files: 
[0.944s] -- Added test 'cpplint' to check C / C++ code against the Google style
[0.945s] -- Configured cpplint exclude dirs and/or files: 
[0.954s] -- Added test 'flake8' to check Python code syntax and style conventions
[0.968s] -- Added test 'lint_cmake' to check CMake code style
[0.976s] -- Added test 'pep257' to check Python code against some of the style conventions in PEP 257
[1.033s] -- Added test 'uncrustify' to check C / C++ code style
[1.033s] -- Configured uncrustify additional arguments: 
[1.041s] -- Added test 'xmllint' to check XML markup files
[1.045s] -- Configuring done
[1.087s] -- Generating done
[1.090s] -- Build files have been written to: /home/pk/najnowsze_przepisywanie/ros_decawave/build/ros_decawave
[1.122s] [  1%] [34m[1mGenerating C code for ROS interfaces[0m
[1.134s] [  3%] [34m[1mGenerating C++ code for ROS interfaces[0m
[1.706s] [  3%] Built target ros_decawave__cpp
[1.728s] [  5%] [34m[1mGenerating C++ type support dispatch for ROS interfaces[0m
[1.733s] [  7%] [34m[1mGenerating C++ type support for eProsima Fast-RTPS[0m
[1.734s] [  9%] [34m[1mGenerating C++ introspection for ROS interfaces[0m
[1.747s] [35m[1mScanning dependencies of target ros_decawave__rosidl_generator_c[0m
[1.763s] [ 10%] [32mBuilding C object CMakeFiles/ros_decawave__rosidl_generator_c.dir/rosidl_generator_c/ros_decawave/msg/detail/acc__functions.c.o[0m
[1.767s] [ 16%] [32mBuilding C object CMakeFiles/ros_decawave__rosidl_generator_c.dir/rosidl_generator_c/ros_decawave/msg/detail/anchor_array__functions.c.o[0m
[1.767s] [ 16%] [32mBuilding C object CMakeFiles/ros_decawave__rosidl_generator_c.dir/rosidl_generator_c/ros_decawave/msg/detail/anchor__functions.c.o[0m
[1.767s] [ 16%] [32mBuilding C object CMakeFiles/ros_decawave__rosidl_generator_c.dir/rosidl_generator_c/ros_decawave/msg/detail/tag__functions.c.o[0m
[1.791s] In file included from [01m[K/home/pk/najnowsze_przepisywanie/ros_decawave/build/ros_decawave/rosidl_generator_c/ros_decawave/msg/detail/tag__functions.h:19[m[K,
[1.792s]                  from [01m[K/home/pk/najnowsze_przepisywanie/ros_decawave/build/ros_decawave/rosidl_generator_c/ros_decawave/msg/detail/tag__functions.c:4[m[K:
[1.792s] [01m[K/home/pk/najnowsze_przepisywanie/ros_decawave/build/ros_decawave/rosidl_generator_c/ros_decawave/msg/detail/tag__struct.h:22:10:[m[K [01;31m[Kfatal error: [m[Kros_decawave/msg/detail/header__struct.h: No such file or directory
[1.792s]    22 | #include [01;31m[K"ros_decawave/msg/detail/header__struct.h"[m[K
[1.792s]       |          [01;31m[K^~~~~~~~~~~~~~~~~~~~~~~~~~~~~~~~~~~~~~~~~~[m[K
[1.792s] compilation terminated.
[1.793s] make[2]: *** [CMakeFiles/ros_decawave__rosidl_generator_c.dir/build.make:179: CMakeFiles/ros_decawave__rosidl_generator_c.dir/rosidl_generator_c/ros_decawave/msg/detail/tag__functions.c.o] Error 1
[1.793s] make[2]: *** Waiting for unfinished jobs....
[1.838s] make[1]: *** [CMakeFiles/Makefile2:361: CMakeFiles/ros_decawave__rosidl_generator_c.dir/all] Error 2
[1.839s] make[1]: *** Waiting for unfinished jobs....
[2.299s] [35m[1mScanning dependencies of target ros_decawave__rosidl_typesupport_cpp[0m
[2.324s] [ 18%] [32mBuilding CXX object CMakeFiles/ros_decawave__rosidl_typesupport_cpp.dir/rosidl_typesupport_cpp/ros_decawave/msg/anchor_array__type_support.cpp.o[0m
[2.324s] [ 20%] [32mBuilding CXX object CMakeFiles/ros_decawave__rosidl_typesupport_cpp.dir/rosidl_typesupport_cpp/ros_decawave/msg/acc__type_support.cpp.o[0m
[2.325s] [ 21%] [32mBuilding CXX object CMakeFiles/ros_decawave__rosidl_typesupport_cpp.dir/rosidl_typesupport_cpp/ros_decawave/msg/tag__type_support.cpp.o[0m
[2.326s] [ 23%] [32mBuilding CXX object CMakeFiles/ros_decawave__rosidl_typesupport_cpp.dir/rosidl_typesupport_cpp/ros_decawave/msg/anchor__type_support.cpp.o[0m
[2.338s] [35m[1mScanning dependencies of target ros_decawave__rosidl_typesupport_fastrtps_cpp[0m
[2.363s] [ 25%] [32mBuilding CXX object CMakeFiles/ros_decawave__rosidl_typesupport_fastrtps_cpp.dir/rosidl_typesupport_fastrtps_cpp/ros_decawave/msg/detail/dds_fastrtps/acc__type_support.cpp.o[0m
[2.370s] [ 27%] [32mBuilding CXX object CMakeFiles/ros_decawave__rosidl_typesupport_fastrtps_cpp.dir/rosidl_typesupport_fastrtps_cpp/ros_decawave/msg/detail/dds_fastrtps/anchor__type_support.cpp.o[0m
[2.401s] [ 29%] [32mBuilding CXX object CMakeFiles/ros_decawave__rosidl_typesupport_fastrtps_cpp.dir/rosidl_typesupport_fastrtps_cpp/ros_decawave/msg/detail/dds_fastrtps/anchor_array__type_support.cpp.o[0m
[2.402s] [35m[1mScanning dependencies of target ros_decawave__rosidl_typesupport_introspection_cpp[0m
[2.420s] In file included from [01m[K/home/pk/najnowsze_przepisywanie/ros_decawave/build/ros_decawave/rosidl_typesupport_cpp/ros_decawave/msg/tag__type_support.cpp:7[m[K:
[2.420s] [01m[K/home/pk/najnowsze_przepisywanie/ros_decawave/build/ros_decawave/rosidl_generator_cpp/ros_decawave/msg/detail/tag__struct.hpp:19:10:[m[K [01;31m[Kfatal error: [m[Kros_decawave/msg/detail/header__struct.hpp: No such file or directory
[2.421s]    19 | #include [01;31m[K"ros_decawave/msg/detail/header__struct.hpp"[m[K
[2.421s]       |          [01;31m[K^~~~~~~~~~~~~~~~~~~~~~~~~~~~~~~~~~~~~~~~~~~~[m[K
[2.421s] compilation terminated.
[2.422s] make[2]: *** [CMakeFiles/ros_decawave__rosidl_typesupport_cpp.dir/build.make:124: CMakeFiles/ros_decawave__rosidl_typesupport_cpp.dir/rosidl_typesupport_cpp/ros_decawave/msg/tag__type_support.cpp.o] Error 1
[2.423s] make[2]: *** Waiting for unfinished jobs....
[2.429s] [ 30%] [32mBuilding CXX object CMakeFiles/ros_decawave__rosidl_typesupport_introspection_cpp.dir/rosidl_typesupport_introspection_cpp/ros_decawave/msg/detail/acc__type_support.cpp.o[0m
[2.446s] [ 32%] [32mBuilding CXX object CMakeFiles/ros_decawave__rosidl_typesupport_fastrtps_cpp.dir/rosidl_typesupport_fastrtps_cpp/ros_decawave/msg/detail/dds_fastrtps/tag__type_support.cpp.o[0m
[2.542s] In file included from [01m[K/home/pk/najnowsze_przepisywanie/ros_decawave/build/ros_decawave/rosidl_typesupport_fastrtps_cpp/ros_decawave/msg/detail/tag__rosidl_typesupport_fastrtps_cpp.hpp:11[m[K,
[2.543s]                  from [01m[K/home/pk/najnowsze_przepisywanie/ros_decawave/build/ros_decawave/rosidl_typesupport_fastrtps_cpp/ros_decawave/msg/detail/dds_fastrtps/tag__type_support.cpp:4[m[K:
[2.543s] [01m[K/home/pk/najnowsze_przepisywanie/ros_decawave/build/ros_decawave/rosidl_generator_cpp/ros_decawave/msg/detail/tag__struct.hpp:19:10:[m[K [01;31m[Kfatal error: [m[Kros_decawave/msg/detail/header__struct.hpp: No such file or directory
[2.543s]    19 | #include [01;31m[K"ros_decawave/msg/detail/header__struct.hpp"[m[K
[2.543s]       |          [01;31m[K^~~~~~~~~~~~~~~~~~~~~~~~~~~~~~~~~~~~~~~~~~~~[m[K
[2.543s] compilation terminated.
[2.546s] make[2]: *** [CMakeFiles/ros_decawave__rosidl_typesupport_fastrtps_cpp.dir/build.make:138: CMakeFiles/ros_decawave__rosidl_typesupport_fastrtps_cpp.dir/rosidl_typesupport_fastrtps_cpp/ros_decawave/msg/detail/dds_fastrtps/tag__type_support.cpp.o] Error 1
[2.546s] make[2]: *** Waiting for unfinished jobs....
[2.562s] [ 34%] [32mBuilding CXX object CMakeFiles/ros_decawave__rosidl_typesupport_introspection_cpp.dir/rosidl_typesupport_introspection_cpp/ros_decawave/msg/detail/anchor__type_support.cpp.o[0m
[2.943s] [ 36%] [32mBuilding CXX object CMakeFiles/ros_decawave__rosidl_typesupport_introspection_cpp.dir/rosidl_typesupport_introspection_cpp/ros_decawave/msg/detail/anchor_array__type_support.cpp.o[0m
[2.986s] make[1]: *** [CMakeFiles/Makefile2:526: CMakeFiles/ros_decawave__rosidl_typesupport_cpp.dir/all] Error 2
[2.990s] [ 38%] [32mBuilding CXX object CMakeFiles/ros_decawave__rosidl_typesupport_introspection_cpp.dir/rosidl_typesupport_introspection_cpp/ros_decawave/msg/detail/tag__type_support.cpp.o[0m
[3.081s] In file included from [01m[K/home/pk/najnowsze_przepisywanie/ros_decawave/build/ros_decawave/rosidl_typesupport_introspection_cpp/ros_decawave/msg/detail/tag__type_support.cpp:12[m[K:
[3.081s] [01m[K/home/pk/najnowsze_przepisywanie/ros_decawave/build/ros_decawave/rosidl_generator_cpp/ros_decawave/msg/detail/tag__struct.hpp:19:10:[m[K [01;31m[Kfatal error: [m[Kros_decawave/msg/detail/header__struct.hpp: No such file or directory
[3.081s]    19 | #include [01;31m[K"ros_decawave/msg/detail/header__struct.hpp"[m[K
[3.081s]       |          [01;31m[K^~~~~~~~~~~~~~~~~~~~~~~~~~~~~~~~~~~~~~~~~~~~[m[K
[3.081s] compilation terminated.
[3.085s] make[2]: *** [CMakeFiles/ros_decawave__rosidl_typesupport_introspection_cpp.dir/build.make:138: CMakeFiles/ros_decawave__rosidl_typesupport_introspection_cpp.dir/rosidl_typesupport_introspection_cpp/ros_decawave/msg/detail/tag__type_support.cpp.o] Error 1
[3.085s] make[2]: *** Waiting for unfinished jobs....
[3.273s] make[1]: *** [CMakeFiles/Makefile2:388: CMakeFiles/ros_decawave__rosidl_typesupport_fastrtps_cpp.dir/all] Error 2
[3.333s] make[1]: *** [CMakeFiles/Makefile2:300: CMakeFiles/ros_decawave__rosidl_typesupport_introspection_cpp.dir/all] Error 2
[3.333s] make: *** [Makefile:141: all] Error 2
[3.336s] Invoked command in '/home/pk/najnowsze_przepisywanie/ros_decawave/build/ros_decawave' returned '2': CMAKE_PREFIX_PATH=${CMAKE_PREFIX_PATH}:/opt/ros/foxy /usr/bin/cmake --build /home/pk/najnowsze_przepisywanie/ros_decawave/build/ros_decawave -- -j8 -l8
