[0.020s] Invoking command in '/home/pk/najnowsze_przepisywanie/ros_decawave/build/ros_decawave': CMAKE_PREFIX_PATH=${CMAKE_PREFIX_PATH}:/opt/ros/foxy /usr/bin/cmake --build /home/pk/najnowsze_przepisywanie/ros_decawave/build/ros_decawave -- -j8 -l8
[0.060s] -- Found ament_cmake: 0.9.11 (/opt/ros/foxy/share/ament_cmake/cmake)
[0.090s] -- Found PythonInterp: /usr/bin/python3 (found suitable version "3.8.10", minimum required is "3") 
[0.091s] -- Using PYTHON_EXECUTABLE: /usr/bin/python3
[0.305s] -- Found rosidl_default_generators: 1.0.1 (/opt/ros/foxy/share/rosidl_default_generators/cmake)
[0.310s] -- Using all available rosidl_typesupport_c: rosidl_typesupport_fastrtps_c;rosidl_typesupport_introspection_c
[0.316s] -- Found rosidl_adapter: 1.3.0 (/opt/ros/foxy/share/rosidl_adapter/cmake)
[0.512s] -- Using all available rosidl_typesupport_cpp: rosidl_typesupport_fastrtps_cpp;rosidl_typesupport_introspection_cpp
[0.572s] -- Found PythonInterp: /usr/bin/python3 (found version "3.8.10") 
[0.731s] -- Found ament_cmake_ros: 0.9.2 (/opt/ros/foxy/share/ament_cmake_ros/cmake)
[0.842s] -- Using all available rosidl_typesupport_c: rosidl_typesupport_fastrtps_c;rosidl_typesupport_introspection_c
[0.852s] -- Using all available rosidl_typesupport_cpp: rosidl_typesupport_fastrtps_cpp;rosidl_typesupport_introspection_cpp
[0.881s] -- Found PythonInterp: /usr/bin/python3 (found suitable version "3.8.10", minimum required is "3.5") 
[0.882s] -- Found python_cmake_module: 0.8.1 (/opt/ros/foxy/share/python_cmake_module/cmake)
[0.914s] -- Using PYTHON_EXECUTABLE: /usr/bin/python3
[0.914s] -- Using PYTHON_INCLUDE_DIRS: /usr/include/python3.8
[0.915s] -- Using PYTHON_LIBRARIES: /usr/lib/x86_64-linux-gnu/libpython3.8.so
[0.931s] -- Found ament_lint_auto: 0.9.7 (/opt/ros/foxy/share/ament_lint_auto/cmake)
[0.960s] -- Added test 'copyright' to check source files copyright and LICENSE
[1.015s] -- Added test 'cppcheck' to perform static code analysis on C / C++ code
[1.016s] -- Configured cppcheck include dirs: $<BUILD_INTERFACE:/home/pk/najnowsze_przepisywanie/ros_decawave/build/ros_decawave/rosidl_generator_c>;/home/pk/najnowsze_przepisywanie/ros_decawave/build/ros_decawave/rosidl_generator_c;/home/pk/najnowsze_przepisywanie/ros_decawave/build/ros_decawave/rosidl_generator_cpp;/home/pk/najnowsze_przepisywanie/ros_decawave/build/ros_decawave/rosidl_typesupport_fastrtps_c;/home/pk/najnowsze_przepisywanie/ros_decawave/build/ros_decawave/rosidl_typesupport_fastrtps_cpp;$<BUILD_INTERFACE:/home/pk/najnowsze_przepisywanie/ros_decawave/build/ros_decawave/rosidl_typesupport_introspection_c>;$<BUILD_INTERFACE:/home/pk/najnowsze_przepisywanie/ros_decawave/build/ros_decawave/rosidl_typesupport_c>;$<BUILD_INTERFACE:/home/pk/najnowsze_przepisywanie/ros_decawave/build/ros_decawave/rosidl_generator_cpp>;/home/pk/najnowsze_przepisywanie/ros_decawave/build/ros_decawave/rosidl_generator_py
[1.016s] -- Configured cppcheck exclude dirs and/or files: 
[1.077s] -- Added test 'cpplint' to check C / C++ code against the Google style
[1.078s] -- Configured cpplint exclude dirs and/or files: 
[1.087s] -- Added test 'flake8' to check Python code syntax and style conventions
[1.101s] -- Added test 'lint_cmake' to check CMake code style
[1.109s] -- Added test 'pep257' to check Python code against some of the style conventions in PEP 257
[1.165s] -- Added test 'uncrustify' to check C / C++ code style
[1.166s] -- Configured uncrustify additional arguments: 
[1.176s] -- Added test 'xmllint' to check XML markup files
[1.183s] -- Configuring done
[1.232s] -- Generating done
[1.236s] -- Build files have been written to: /home/pk/najnowsze_przepisywanie/ros_decawave/build/ros_decawave
[1.272s] [  1%] [34m[1mGenerating C code for ROS interfaces[0m
[1.284s] [  3%] [34m[1mGenerating C++ code for ROS interfaces[0m
[1.889s] [  3%] Built target ros_decawave__cpp
[1.908s] [  5%] [34m[1mGenerating C++ type support dispatch for ROS interfaces[0m
[1.918s] [  7%] [34m[1mGenerating C++ type support for eProsima Fast-RTPS[0m
[1.918s] [  9%] [34m[1mGenerating C++ introspection for ROS interfaces[0m
[1.928s] [35m[1mScanning dependencies of target ros_decawave__rosidl_generator_c[0m
[1.947s] [ 10%] [32mBuilding C object CMakeFiles/ros_decawave__rosidl_generator_c.dir/rosidl_generator_c/ros_decawave/msg/detail/anchor_array__functions.c.o[0m
[1.949s] [ 12%] [32mBuilding C object CMakeFiles/ros_decawave__rosidl_generator_c.dir/rosidl_generator_c/ros_decawave/msg/detail/acc__functions.c.o[0m
[1.950s] [ 14%] [32mBuilding C object CMakeFiles/ros_decawave__rosidl_generator_c.dir/rosidl_generator_c/ros_decawave/msg/detail/anchor__functions.c.o[0m
[1.953s] [ 16%] [32mBuilding C object CMakeFiles/ros_decawave__rosidl_generator_c.dir/rosidl_generator_c/ros_decawave/msg/detail/tag__functions.c.o[0m
[2.123s] [ 18%] [32m[1mLinking C shared library libros_decawave__rosidl_generator_c.so[0m
[2.190s] [ 18%] Built target ros_decawave__rosidl_generator_c
[2.203s] [ 20%] [34m[1mGenerating C type support dispatch for ROS interfaces[0m
[2.206s] [ 21%] [34m[1mGenerating C introspection for ROS interfaces[0m
[2.488s] [35m[1mScanning dependencies of target ros_decawave__rosidl_typesupport_cpp[0m
[2.509s] [ 25%] [32mBuilding CXX object CMakeFiles/ros_decawave__rosidl_typesupport_cpp.dir/rosidl_typesupport_cpp/ros_decawave/msg/anchor_array__type_support.cpp.o[0m
[2.509s] [ 25%] [32mBuilding CXX object CMakeFiles/ros_decawave__rosidl_typesupport_cpp.dir/rosidl_typesupport_cpp/ros_decawave/msg/anchor__type_support.cpp.o[0m
[2.509s] [ 27%] [32mBuilding CXX object CMakeFiles/ros_decawave__rosidl_typesupport_cpp.dir/rosidl_typesupport_cpp/ros_decawave/msg/acc__type_support.cpp.o[0m
[2.510s] [ 29%] [32mBuilding CXX object CMakeFiles/ros_decawave__rosidl_typesupport_cpp.dir/rosidl_typesupport_cpp/ros_decawave/msg/tag__type_support.cpp.o[0m
[2.701s] [35m[1mScanning dependencies of target ros_decawave__rosidl_typesupport_fastrtps_cpp[0m
[2.731s] [ 30%] [32mBuilding CXX object CMakeFiles/ros_decawave__rosidl_typesupport_fastrtps_cpp.dir/rosidl_typesupport_fastrtps_cpp/ros_decawave/msg/detail/dds_fastrtps/acc__type_support.cpp.o[0m
[2.893s] [35m[1mScanning dependencies of target ros_decawave__rosidl_typesupport_introspection_cpp[0m
[2.941s] [ 32%] [32mBuilding CXX object CMakeFiles/ros_decawave__rosidl_typesupport_introspection_cpp.dir/rosidl_typesupport_introspection_cpp/ros_decawave/msg/detail/acc__type_support.cpp.o[0m
[2.953s] [35m[1mScanning dependencies of target ros_decawave__rosidl_typesupport_c[0m
[2.985s] [ 34%] [32mBuilding CXX object CMakeFiles/ros_decawave__rosidl_typesupport_c.dir/rosidl_typesupport_c/ros_decawave/msg/acc__type_support.cpp.o[0m
[3.072s] [ 36%] [32mBuilding CXX object CMakeFiles/ros_decawave__rosidl_typesupport_c.dir/rosidl_typesupport_c/ros_decawave/msg/anchor__type_support.cpp.o[0m
[3.117s] [ 40%] [32mBuilding CXX object CMakeFiles/ros_decawave__rosidl_typesupport_introspection_cpp.dir/rosidl_typesupport_introspection_cpp/ros_decawave/msg/detail/anchor__type_support.cpp.o[0m
[3.117s] [ 40%] [32mBuilding CXX object CMakeFiles/ros_decawave__rosidl_typesupport_fastrtps_cpp.dir/rosidl_typesupport_fastrtps_cpp/ros_decawave/msg/detail/dds_fastrtps/anchor__type_support.cpp.o[0m
[3.131s] [ 41%] [32mBuilding CXX object CMakeFiles/ros_decawave__rosidl_typesupport_c.dir/rosidl_typesupport_c/ros_decawave/msg/anchor_array__type_support.cpp.o[0m
[3.139s] [ 43%] [32mBuilding CXX object CMakeFiles/ros_decawave__rosidl_typesupport_introspection_cpp.dir/rosidl_typesupport_introspection_cpp/ros_decawave/msg/detail/anchor_array__type_support.cpp.o[0m
[3.157s] [ 45%] [32m[1mLinking CXX shared library libros_decawave__rosidl_typesupport_cpp.so[0m
[3.199s] [ 47%] [32mBuilding CXX object CMakeFiles/ros_decawave__rosidl_typesupport_c.dir/rosidl_typesupport_c/ros_decawave/msg/tag__type_support.cpp.o[0m
[3.246s] [ 47%] Built target ros_decawave__rosidl_typesupport_cpp
[3.259s] [ 49%] [32m[1mLinking CXX shared library libros_decawave__rosidl_typesupport_c.so[0m
[3.264s] [ 50%] [32mBuilding CXX object CMakeFiles/ros_decawave__rosidl_typesupport_introspection_cpp.dir/rosidl_typesupport_introspection_cpp/ros_decawave/msg/detail/tag__type_support.cpp.o[0m
[3.336s] [ 50%] Built target ros_decawave__rosidl_typesupport_c
[3.365s] [ 52%] [32mBuilding CXX object CMakeFiles/ros_decawave__rosidl_typesupport_fastrtps_cpp.dir/rosidl_typesupport_fastrtps_cpp/ros_decawave/msg/detail/dds_fastrtps/anchor_array__type_support.cpp.o[0m
[3.368s] [35m[1mScanning dependencies of target ros_decawave__rosidl_typesupport_introspection_c[0m
[3.412s] [ 54%] [32mBuilding C object CMakeFiles/ros_decawave__rosidl_typesupport_introspection_c.dir/rosidl_typesupport_introspection_c/ros_decawave/msg/detail/acc__type_support.c.o[0m
[3.476s] [ 56%] [32mBuilding C object CMakeFiles/ros_decawave__rosidl_typesupport_introspection_c.dir/rosidl_typesupport_introspection_c/ros_decawave/msg/detail/anchor__type_support.c.o[0m
[3.540s] [ 58%] [32mBuilding C object CMakeFiles/ros_decawave__rosidl_typesupport_introspection_c.dir/rosidl_typesupport_introspection_c/ros_decawave/msg/detail/anchor_array__type_support.c.o[0m
[3.562s] [ 60%] [32mBuilding C object CMakeFiles/ros_decawave__rosidl_typesupport_introspection_c.dir/rosidl_typesupport_introspection_c/ros_decawave/msg/detail/tag__type_support.c.o[0m
[3.612s] [ 61%] [32mBuilding CXX object CMakeFiles/ros_decawave__rosidl_typesupport_fastrtps_cpp.dir/rosidl_typesupport_fastrtps_cpp/ros_decawave/msg/detail/dds_fastrtps/tag__type_support.cpp.o[0m
[3.629s] [ 63%] [32m[1mLinking C shared library libros_decawave__rosidl_typesupport_introspection_c.so[0m
[3.668s] [ 63%] Built target ros_decawave__rosidl_typesupport_introspection_c
[3.815s] [ 65%] [32m[1mLinking CXX shared library libros_decawave__rosidl_typesupport_introspection_cpp.so[0m
[3.918s] [ 65%] Built target ros_decawave__rosidl_typesupport_introspection_cpp
[4.153s] [ 67%] [32m[1mLinking CXX shared library libros_decawave__rosidl_typesupport_fastrtps_cpp.so[0m
[4.258s] [ 67%] Built target ros_decawave__rosidl_typesupport_fastrtps_cpp
[4.272s] [ 69%] [34m[1mGenerating C type support for eProsima Fast-RTPS[0m
[4.770s] [35m[1mScanning dependencies of target ros_decawave__rosidl_typesupport_fastrtps_c[0m
[4.791s] [ 72%] [32mBuilding CXX object CMakeFiles/ros_decawave__rosidl_typesupport_fastrtps_c.dir/rosidl_typesupport_fastrtps_c/ros_decawave/msg/detail/acc__type_support_c.cpp.o[0m
[4.791s] [ 72%] [32mBuilding CXX object CMakeFiles/ros_decawave__rosidl_typesupport_fastrtps_c.dir/rosidl_typesupport_fastrtps_c/ros_decawave/msg/detail/anchor_array__type_support_c.cpp.o[0m
[4.794s] [ 74%] [32mBuilding CXX object CMakeFiles/ros_decawave__rosidl_typesupport_fastrtps_c.dir/rosidl_typesupport_fastrtps_c/ros_decawave/msg/detail/anchor__type_support_c.cpp.o[0m
[4.795s] [ 76%] [32mBuilding CXX object CMakeFiles/ros_decawave__rosidl_typesupport_fastrtps_c.dir/rosidl_typesupport_fastrtps_c/ros_decawave/msg/detail/tag__type_support_c.cpp.o[0m
[5.210s] [ 78%] [32m[1mLinking CXX shared library libros_decawave__rosidl_typesupport_fastrtps_c.so[0m
[5.319s] [ 78%] Built target ros_decawave__rosidl_typesupport_fastrtps_c
[5.346s] [ 78%] Built target ros_decawave
[5.376s] [ 80%] [34m[1mGenerating Python code for ROS interfaces[0m
[6.367s] [ 80%] Built target ros_decawave__py
[6.382s] [35m[1mScanning dependencies of target ros_decawave__python[0m
[6.406s] [ 83%] [32mBuilding C object CMakeFiles/ros_decawave__python.dir/rosidl_generator_py/ros_decawave/msg/_acc_s.c.o[0m
[6.407s] [ 83%] [32mBuilding C object CMakeFiles/ros_decawave__python.dir/rosidl_generator_py/ros_decawave/msg/_anchor_s.c.o[0m
[6.411s] [ 87%] [32mBuilding C object CMakeFiles/ros_decawave__python.dir/rosidl_generator_py/ros_decawave/msg/_tag_s.c.o[0m
[6.411s] [ 87%] [32mBuilding C object CMakeFiles/ros_decawave__python.dir/rosidl_generator_py/ros_decawave/msg/_anchor_array_s.c.o[0m
[6.561s] [ 89%] [32m[1mLinking C shared library rosidl_generator_py/ros_decawave/libros_decawave__python.so[0m
[6.619s] [ 89%] Built target ros_decawave__python
[6.633s] [35m[1mScanning dependencies of target ros_decawave__rosidl_typesupport_introspection_c__pyext[0m
[6.634s] [35m[1mScanning dependencies of target ros_decawave__rosidl_typesupport_c__pyext[0m
[6.634s] [35m[1mScanning dependencies of target ros_decawave__rosidl_typesupport_fastrtps_c__pyext[0m
[6.653s] [ 90%] [32mBuilding C object CMakeFiles/ros_decawave__rosidl_typesupport_introspection_c__pyext.dir/rosidl_generator_py/ros_decawave/_ros_decawave_s.ep.rosidl_typesupport_introspection_c.c.o[0m
[6.654s] [ 94%] [32mBuilding C object CMakeFiles/ros_decawave__rosidl_typesupport_fastrtps_c__pyext.dir/rosidl_generator_py/ros_decawave/_ros_decawave_s.ep.rosidl_typesupport_fastrtps_c.c.o[0m
[6.655s] [ 94%] [32mBuilding C object CMakeFiles/ros_decawave__rosidl_typesupport_c__pyext.dir/rosidl_generator_py/ros_decawave/_ros_decawave_s.ep.rosidl_typesupport_c.c.o[0m
[6.750s] [ 96%] [32m[1mLinking CXX shared library rosidl_generator_py/ros_decawave/ros_decawave_s__rosidl_typesupport_fastrtps_c.cpython-38-x86_64-linux-gnu.so[0m
[6.764s] [100%] [32m[1mLinking C shared library rosidl_generator_py/ros_decawave/ros_decawave_s__rosidl_typesupport_c.cpython-38-x86_64-linux-gnu.so[0m
[6.764s] [100%] [32m[1mLinking C shared library rosidl_generator_py/ros_decawave/ros_decawave_s__rosidl_typesupport_introspection_c.cpython-38-x86_64-linux-gnu.so[0m
[6.802s] [100%] Built target ros_decawave__rosidl_typesupport_introspection_c__pyext
[6.802s] [100%] Built target ros_decawave__rosidl_typesupport_c__pyext
[6.821s] [100%] Built target ros_decawave__rosidl_typesupport_fastrtps_c__pyext
[6.835s] Invoked command in '/home/pk/najnowsze_przepisywanie/ros_decawave/build/ros_decawave' returned '0': CMAKE_PREFIX_PATH=${CMAKE_PREFIX_PATH}:/opt/ros/foxy /usr/bin/cmake --build /home/pk/najnowsze_przepisywanie/ros_decawave/build/ros_decawave -- -j8 -l8
[6.985s] Invoking command in '/home/pk/najnowsze_przepisywanie/ros_decawave/build/ros_decawave': CMAKE_PREFIX_PATH=${CMAKE_PREFIX_PATH}:/opt/ros/foxy /usr/bin/cmake --install /home/pk/najnowsze_przepisywanie/ros_decawave/build/ros_decawave
[6.998s] -- Install configuration: ""
[6.998s] -- Up-to-date: /home/pk/najnowsze_przepisywanie/ros_decawave/install/ros_decawave/share/ament_index/resource_index/rosidl_interfaces/ros_decawave
[6.998s] -- Up-to-date: /home/pk/najnowsze_przepisywanie/ros_decawave/install/ros_decawave/include/ros_decawave
[6.999s] -- Up-to-date: /home/pk/najnowsze_przepisywanie/ros_decawave/install/ros_decawave/include/ros_decawave/msg
[6.999s] -- Installing: /home/pk/najnowsze_przepisywanie/ros_decawave/install/ros_decawave/include/ros_decawave/msg/anchor.h
[6.999s] -- Up-to-date: /home/pk/najnowsze_przepisywanie/ros_decawave/install/ros_decawave/include/ros_decawave/msg/rosidl_generator_c__visibility_control.h
[6.999s] -- Up-to-date: /home/pk/najnowsze_przepisywanie/ros_decawave/install/ros_decawave/include/ros_decawave/msg/detail
[6.999s] -- Installing: /home/pk/najnowsze_przepisywanie/ros_decawave/install/ros_decawave/include/ros_decawave/msg/detail/anchor_array__struct.h
[6.999s] -- Installing: /home/pk/najnowsze_przepisywanie/ros_decawave/install/ros_decawave/include/ros_decawave/msg/detail/tag__functions.c
[6.999s] -- Installing: /home/pk/najnowsze_przepisywanie/ros_decawave/install/ros_decawave/include/ros_decawave/msg/detail/tag__struct.h
[7.000s] -- Installing: /home/pk/najnowsze_przepisywanie/ros_decawave/install/ros_decawave/include/ros_decawave/msg/detail/anchor__functions.h
[7.000s] -- Installing: /home/pk/najnowsze_przepisywanie/ros_decawave/install/ros_decawave/include/ros_decawave/msg/detail/anchor_array__functions.h
[7.000s] -- Installing: /home/pk/najnowsze_przepisywanie/ros_decawave/install/ros_decawave/include/ros_decawave/msg/detail/acc__functions.h
[7.000s] -- Installing: /home/pk/najnowsze_przepisywanie/ros_decawave/install/ros_decawave/include/ros_decawave/msg/detail/tag__type_support.h
[7.000s] -- Installing: /home/pk/najnowsze_przepisywanie/ros_decawave/install/ros_decawave/include/ros_decawave/msg/detail/anchor__struct.h
[7.001s] -- Installing: /home/pk/najnowsze_przepisywanie/ros_decawave/install/ros_decawave/include/ros_decawave/msg/detail/acc__functions.c
[7.001s] -- Installing: /home/pk/najnowsze_przepisywanie/ros_decawave/install/ros_decawave/include/ros_decawave/msg/detail/tag__functions.h
[7.001s] -- Installing: /home/pk/najnowsze_przepisywanie/ros_decawave/install/ros_decawave/include/ros_decawave/msg/detail/anchor__type_support.h
[7.001s] -- Installing: /home/pk/najnowsze_przepisywanie/ros_decawave/install/ros_decawave/include/ros_decawave/msg/detail/anchor_array__functions.c
[7.001s] -- Installing: /home/pk/najnowsze_przepisywanie/ros_decawave/install/ros_decawave/include/ros_decawave/msg/detail/anchor_array__type_support.h
[7.001s] -- Installing: /home/pk/najnowsze_przepisywanie/ros_decawave/install/ros_decawave/include/ros_decawave/msg/detail/anchor__functions.c
[7.001s] -- Installing: /home/pk/najnowsze_przepisywanie/ros_decawave/install/ros_decawave/include/ros_decawave/msg/detail/acc__type_support.h
[7.001s] -- Installing: /home/pk/najnowsze_przepisywanie/ros_decawave/install/ros_decawave/include/ros_decawave/msg/detail/acc__struct.h
[7.001s] -- Installing: /home/pk/najnowsze_przepisywanie/ros_decawave/install/ros_decawave/include/ros_decawave/msg/anchor_array.h
[7.002s] -- Installing: /home/pk/najnowsze_przepisywanie/ros_decawave/install/ros_decawave/include/ros_decawave/msg/tag.h
[7.002s] -- Installing: /home/pk/najnowsze_przepisywanie/ros_decawave/install/ros_decawave/include/ros_decawave/msg/acc.h
[7.002s] -- Up-to-date: /home/pk/najnowsze_przepisywanie/ros_decawave/install/ros_decawave/share/ros_decawave/environment/library_path.sh
[7.002s] -- Installing: /home/pk/najnowsze_przepisywanie/ros_decawave/install/ros_decawave/share/ros_decawave/environment/library_path.dsv
[7.002s] -- Installing: /home/pk/najnowsze_przepisywanie/ros_decawave/install/ros_decawave/lib/libros_decawave__rosidl_generator_c.so
[7.002s] -- Set runtime path of "/home/pk/najnowsze_przepisywanie/ros_decawave/install/ros_decawave/lib/libros_decawave__rosidl_generator_c.so" to ""
[7.002s] -- Up-to-date: /home/pk/najnowsze_przepisywanie/ros_decawave/install/ros_decawave/include/ros_decawave
[7.003s] -- Up-to-date: /home/pk/najnowsze_przepisywanie/ros_decawave/install/ros_decawave/include/ros_decawave/msg
[7.003s] -- Up-to-date: /home/pk/najnowsze_przepisywanie/ros_decawave/install/ros_decawave/include/ros_decawave/msg/detail
[7.003s] -- Installing: /home/pk/najnowsze_przepisywanie/ros_decawave/install/ros_decawave/include/ros_decawave/msg/detail/tag__rosidl_typesupport_fastrtps_c.h
[7.003s] -- Installing: /home/pk/najnowsze_przepisywanie/ros_decawave/install/ros_decawave/include/ros_decawave/msg/detail/anchor_array__rosidl_typesupport_fastrtps_c.h
[7.003s] -- Installing: /home/pk/najnowsze_przepisywanie/ros_decawave/install/ros_decawave/include/ros_decawave/msg/detail/acc__rosidl_typesupport_fastrtps_c.h
[7.003s] -- Installing: /home/pk/najnowsze_przepisywanie/ros_decawave/install/ros_decawave/include/ros_decawave/msg/detail/anchor__rosidl_typesupport_fastrtps_c.h
[7.003s] -- Up-to-date: /home/pk/najnowsze_przepisywanie/ros_decawave/install/ros_decawave/include/ros_decawave/msg/rosidl_typesupport_fastrtps_c__visibility_control.h
[7.003s] -- Installing: /home/pk/najnowsze_przepisywanie/ros_decawave/install/ros_decawave/lib/libros_decawave__rosidl_typesupport_fastrtps_c.so
[7.004s] -- Set runtime path of "/home/pk/najnowsze_przepisywanie/ros_decawave/install/ros_decawave/lib/libros_decawave__rosidl_typesupport_fastrtps_c.so" to ""
[7.004s] -- Up-to-date: /home/pk/najnowsze_przepisywanie/ros_decawave/install/ros_decawave/include/ros_decawave
[7.004s] -- Up-to-date: /home/pk/najnowsze_przepisywanie/ros_decawave/install/ros_decawave/include/ros_decawave/msg
[7.004s] -- Up-to-date: /home/pk/najnowsze_przepisywanie/ros_decawave/install/ros_decawave/include/ros_decawave/msg/detail
[7.004s] -- Installing: /home/pk/najnowsze_przepisywanie/ros_decawave/install/ros_decawave/include/ros_decawave/msg/detail/tag__rosidl_typesupport_fastrtps_cpp.hpp
[7.004s] -- Installing: /home/pk/najnowsze_przepisywanie/ros_decawave/install/ros_decawave/include/ros_decawave/msg/detail/acc__rosidl_typesupport_fastrtps_cpp.hpp
[7.004s] -- Up-to-date: /home/pk/najnowsze_przepisywanie/ros_decawave/install/ros_decawave/include/ros_decawave/msg/detail/dds_fastrtps
[7.004s] -- Installing: /home/pk/najnowsze_przepisywanie/ros_decawave/install/ros_decawave/include/ros_decawave/msg/detail/anchor__rosidl_typesupport_fastrtps_cpp.hpp
[7.005s] -- Installing: /home/pk/najnowsze_przepisywanie/ros_decawave/install/ros_decawave/include/ros_decawave/msg/detail/anchor_array__rosidl_typesupport_fastrtps_cpp.hpp
[7.005s] -- Up-to-date: /home/pk/najnowsze_przepisywanie/ros_decawave/install/ros_decawave/include/ros_decawave/msg/rosidl_typesupport_fastrtps_cpp__visibility_control.h
[7.005s] -- Installing: /home/pk/najnowsze_przepisywanie/ros_decawave/install/ros_decawave/lib/libros_decawave__rosidl_typesupport_fastrtps_cpp.so
[7.005s] -- Set runtime path of "/home/pk/najnowsze_przepisywanie/ros_decawave/install/ros_decawave/lib/libros_decawave__rosidl_typesupport_fastrtps_cpp.so" to ""
[7.005s] -- Up-to-date: /home/pk/najnowsze_przepisywanie/ros_decawave/install/ros_decawave/include/ros_decawave
[7.005s] -- Up-to-date: /home/pk/najnowsze_przepisywanie/ros_decawave/install/ros_decawave/include/ros_decawave/msg
[7.005s] -- Up-to-date: /home/pk/najnowsze_przepisywanie/ros_decawave/install/ros_decawave/include/ros_decawave/msg/detail
[7.006s] -- Installing: /home/pk/najnowsze_przepisywanie/ros_decawave/install/ros_decawave/include/ros_decawave/msg/detail/anchor_array__rosidl_typesupport_introspection_c.h
[7.006s] -- Installing: /home/pk/najnowsze_przepisywanie/ros_decawave/install/ros_decawave/include/ros_decawave/msg/detail/anchor_array__type_support.c
[7.006s] -- Installing: /home/pk/najnowsze_przepisywanie/ros_decawave/install/ros_decawave/include/ros_decawave/msg/detail/anchor__rosidl_typesupport_introspection_c.h
[7.006s] -- Installing: /home/pk/najnowsze_przepisywanie/ros_decawave/install/ros_decawave/include/ros_decawave/msg/detail/acc__rosidl_typesupport_introspection_c.h
[7.006s] -- Installing: /home/pk/najnowsze_przepisywanie/ros_decawave/install/ros_decawave/include/ros_decawave/msg/detail/tag__type_support.c
[7.006s] -- Installing: /home/pk/najnowsze_przepisywanie/ros_decawave/install/ros_decawave/include/ros_decawave/msg/detail/acc__type_support.c
[7.006s] -- Installing: /home/pk/najnowsze_przepisywanie/ros_decawave/install/ros_decawave/include/ros_decawave/msg/detail/anchor__type_support.c
[7.006s] -- Installing: /home/pk/najnowsze_przepisywanie/ros_decawave/install/ros_decawave/include/ros_decawave/msg/detail/tag__rosidl_typesupport_introspection_c.h
[7.006s] -- Up-to-date: /home/pk/najnowsze_przepisywanie/ros_decawave/install/ros_decawave/include/ros_decawave/msg/rosidl_typesupport_introspection_c__visibility_control.h
[7.007s] -- Installing: /home/pk/najnowsze_przepisywanie/ros_decawave/install/ros_decawave/lib/libros_decawave__rosidl_typesupport_introspection_c.so
[7.007s] -- Set runtime path of "/home/pk/najnowsze_przepisywanie/ros_decawave/install/ros_decawave/lib/libros_decawave__rosidl_typesupport_introspection_c.so" to ""
[7.007s] -- Installing: /home/pk/najnowsze_przepisywanie/ros_decawave/install/ros_decawave/lib/libros_decawave__rosidl_typesupport_c.so
[7.007s] -- Set runtime path of "/home/pk/najnowsze_przepisywanie/ros_decawave/install/ros_decawave/lib/libros_decawave__rosidl_typesupport_c.so" to ""
[7.008s] -- Up-to-date: /home/pk/najnowsze_przepisywanie/ros_decawave/install/ros_decawave/include/ros_decawave
[7.008s] -- Up-to-date: /home/pk/najnowsze_przepisywanie/ros_decawave/install/ros_decawave/include/ros_decawave/msg
[7.008s] -- Installing: /home/pk/najnowsze_przepisywanie/ros_decawave/install/ros_decawave/include/ros_decawave/msg/acc.hpp
[7.008s] -- Installing: /home/pk/najnowsze_przepisywanie/ros_decawave/install/ros_decawave/include/ros_decawave/msg/tag.hpp
[7.008s] -- Up-to-date: /home/pk/najnowsze_przepisywanie/ros_decawave/install/ros_decawave/include/ros_decawave/msg/detail
[7.008s] -- Installing: /home/pk/najnowsze_przepisywanie/ros_decawave/install/ros_decawave/include/ros_decawave/msg/detail/tag__builder.hpp
[7.008s] -- Installing: /home/pk/najnowsze_przepisywanie/ros_decawave/install/ros_decawave/include/ros_decawave/msg/detail/anchor_array__struct.hpp
[7.008s] -- Installing: /home/pk/najnowsze_przepisywanie/ros_decawave/install/ros_decawave/include/ros_decawave/msg/detail/acc__struct.hpp
[7.009s] -- Installing: /home/pk/najnowsze_przepisywanie/ros_decawave/install/ros_decawave/include/ros_decawave/msg/detail/anchor__builder.hpp
[7.009s] -- Installing: /home/pk/najnowsze_przepisywanie/ros_decawave/install/ros_decawave/include/ros_decawave/msg/detail/anchor_array__builder.hpp
[7.009s] -- Installing: /home/pk/najnowsze_przepisywanie/ros_decawave/install/ros_decawave/include/ros_decawave/msg/detail/acc__traits.hpp
[7.009s] -- Installing: /home/pk/najnowsze_przepisywanie/ros_decawave/install/ros_decawave/include/ros_decawave/msg/detail/anchor__traits.hpp
[7.009s] -- Installing: /home/pk/najnowsze_przepisywanie/ros_decawave/install/ros_decawave/include/ros_decawave/msg/detail/acc__builder.hpp
[7.009s] -- Installing: /home/pk/najnowsze_przepisywanie/ros_decawave/install/ros_decawave/include/ros_decawave/msg/detail/anchor_array__traits.hpp
[7.009s] -- Installing: /home/pk/najnowsze_przepisywanie/ros_decawave/install/ros_decawave/include/ros_decawave/msg/detail/tag__traits.hpp
[7.009s] -- Installing: /home/pk/najnowsze_przepisywanie/ros_decawave/install/ros_decawave/include/ros_decawave/msg/detail/tag__struct.hpp
[7.010s] -- Installing: /home/pk/najnowsze_przepisywanie/ros_decawave/install/ros_decawave/include/ros_decawave/msg/detail/anchor__struct.hpp
[7.010s] -- Installing: /home/pk/najnowsze_przepisywanie/ros_decawave/install/ros_decawave/include/ros_decawave/msg/anchor_array.hpp
[7.010s] -- Installing: /home/pk/najnowsze_przepisywanie/ros_decawave/install/ros_decawave/include/ros_decawave/msg/anchor.hpp
[7.010s] -- Up-to-date: /home/pk/najnowsze_przepisywanie/ros_decawave/install/ros_decawave/include/ros_decawave
[7.010s] -- Up-to-date: /home/pk/najnowsze_przepisywanie/ros_decawave/install/ros_decawave/include/ros_decawave/msg
[7.010s] -- Up-to-date: /home/pk/najnowsze_przepisywanie/ros_decawave/install/ros_decawave/include/ros_decawave/msg/detail
[7.010s] -- Installing: /home/pk/najnowsze_przepisywanie/ros_decawave/install/ros_decawave/include/ros_decawave/msg/detail/tag__rosidl_typesupport_introspection_cpp.hpp
[7.010s] -- Installing: /home/pk/najnowsze_przepisywanie/ros_decawave/install/ros_decawave/include/ros_decawave/msg/detail/anchor_array__rosidl_typesupport_introspection_cpp.hpp
[7.010s] -- Installing: /home/pk/najnowsze_przepisywanie/ros_decawave/install/ros_decawave/include/ros_decawave/msg/detail/anchor_array__type_support.cpp
[7.010s] -- Installing: /home/pk/najnowsze_przepisywanie/ros_decawave/install/ros_decawave/include/ros_decawave/msg/detail/anchor__type_support.cpp
[7.011s] -- Installing: /home/pk/najnowsze_przepisywanie/ros_decawave/install/ros_decawave/include/ros_decawave/msg/detail/acc__type_support.cpp
[7.011s] -- Installing: /home/pk/najnowsze_przepisywanie/ros_decawave/install/ros_decawave/include/ros_decawave/msg/detail/anchor__rosidl_typesupport_introspection_cpp.hpp
[7.011s] -- Installing: /home/pk/najnowsze_przepisywanie/ros_decawave/install/ros_decawave/include/ros_decawave/msg/detail/acc__rosidl_typesupport_introspection_cpp.hpp
[7.011s] -- Installing: /home/pk/najnowsze_przepisywanie/ros_decawave/install/ros_decawave/include/ros_decawave/msg/detail/tag__type_support.cpp
[7.011s] -- Installing: /home/pk/najnowsze_przepisywanie/ros_decawave/install/ros_decawave/lib/libros_decawave__rosidl_typesupport_introspection_cpp.so
[7.011s] -- Set runtime path of "/home/pk/najnowsze_przepisywanie/ros_decawave/install/ros_decawave/lib/libros_decawave__rosidl_typesupport_introspection_cpp.so" to ""
[7.011s] -- Installing: /home/pk/najnowsze_przepisywanie/ros_decawave/install/ros_decawave/lib/libros_decawave__rosidl_typesupport_cpp.so
[7.012s] -- Set runtime path of "/home/pk/najnowsze_przepisywanie/ros_decawave/install/ros_decawave/lib/libros_decawave__rosidl_typesupport_cpp.so" to ""
[7.012s] -- Up-to-date: /home/pk/najnowsze_przepisywanie/ros_decawave/install/ros_decawave/share/ros_decawave/environment/pythonpath.sh
[7.012s] -- Installing: /home/pk/najnowsze_przepisywanie/ros_decawave/install/ros_decawave/share/ros_decawave/environment/pythonpath.dsv
[7.012s] -- Installing: /home/pk/najnowsze_przepisywanie/ros_decawave/install/ros_decawave/lib/python3.8/site-packages/ros_decawave/__init__.py
[7.043s] Compiling '/home/pk/najnowsze_przepisywanie/ros_decawave/install/ros_decawave/lib/python3.8/site-packages/ros_decawave/__init__.py'...
[7.048s] -- Up-to-date: /home/pk/najnowsze_przepisywanie/ros_decawave/install/ros_decawave/lib/python3.8/site-packages/ros_decawave/msg
[7.048s] -- Installing: /home/pk/najnowsze_przepisywanie/ros_decawave/install/ros_decawave/lib/python3.8/site-packages/ros_decawave/msg/_anchor.py
[7.048s] -- Installing: /home/pk/najnowsze_przepisywanie/ros_decawave/install/ros_decawave/lib/python3.8/site-packages/ros_decawave/msg/__init__.py
[7.048s] -- Installing: /home/pk/najnowsze_przepisywanie/ros_decawave/install/ros_decawave/lib/python3.8/site-packages/ros_decawave/msg/_tag.py
[7.048s] -- Installing: /home/pk/najnowsze_przepisywanie/ros_decawave/install/ros_decawave/lib/python3.8/site-packages/ros_decawave/msg/_acc.py
[7.048s] -- Installing: /home/pk/najnowsze_przepisywanie/ros_decawave/install/ros_decawave/lib/python3.8/site-packages/ros_decawave/msg/_tag_s.c
[7.048s] -- Installing: /home/pk/najnowsze_przepisywanie/ros_decawave/install/ros_decawave/lib/python3.8/site-packages/ros_decawave/msg/_anchor_s.c
[7.049s] -- Installing: /home/pk/najnowsze_przepisywanie/ros_decawave/install/ros_decawave/lib/python3.8/site-packages/ros_decawave/msg/_anchor_array_s.c
[7.049s] -- Installing: /home/pk/najnowsze_przepisywanie/ros_decawave/install/ros_decawave/lib/python3.8/site-packages/ros_decawave/msg/_acc_s.c
[7.049s] -- Installing: /home/pk/najnowsze_przepisywanie/ros_decawave/install/ros_decawave/lib/python3.8/site-packages/ros_decawave/msg/_anchor_array.py
[7.050s] -- Installing: /home/pk/najnowsze_przepisywanie/ros_decawave/install/ros_decawave/lib/python3.8/site-packages/ros_decawave/ros_decawave_s__rosidl_typesupport_fastrtps_c.cpython-38-x86_64-linux-gnu.so
[7.050s] -- Set runtime path of "/home/pk/najnowsze_przepisywanie/ros_decawave/install/ros_decawave/lib/python3.8/site-packages/ros_decawave/ros_decawave_s__rosidl_typesupport_fastrtps_c.cpython-38-x86_64-linux-gnu.so" to ""
[7.051s] -- Installing: /home/pk/najnowsze_przepisywanie/ros_decawave/install/ros_decawave/lib/python3.8/site-packages/ros_decawave/ros_decawave_s__rosidl_typesupport_introspection_c.cpython-38-x86_64-linux-gnu.so
[7.052s] -- Set runtime path of "/home/pk/najnowsze_przepisywanie/ros_decawave/install/ros_decawave/lib/python3.8/site-packages/ros_decawave/ros_decawave_s__rosidl_typesupport_introspection_c.cpython-38-x86_64-linux-gnu.so" to ""
[7.052s] -- Installing: /home/pk/najnowsze_przepisywanie/ros_decawave/install/ros_decawave/lib/python3.8/site-packages/ros_decawave/ros_decawave_s__rosidl_typesupport_c.cpython-38-x86_64-linux-gnu.so
[7.053s] -- Set runtime path of "/home/pk/najnowsze_przepisywanie/ros_decawave/install/ros_decawave/lib/python3.8/site-packages/ros_decawave/ros_decawave_s__rosidl_typesupport_c.cpython-38-x86_64-linux-gnu.so" to ""
[7.053s] -- Installing: /home/pk/najnowsze_przepisywanie/ros_decawave/install/ros_decawave/lib/libros_decawave__python.so
[7.054s] -- Set runtime path of "/home/pk/najnowsze_przepisywanie/ros_decawave/install/ros_decawave/lib/libros_decawave__python.so" to ""
[7.054s] -- Installing: /home/pk/najnowsze_przepisywanie/ros_decawave/install/ros_decawave/share/ros_decawave/msg/Acc.idl
[7.054s] -- Installing: /home/pk/najnowsze_przepisywanie/ros_decawave/install/ros_decawave/share/ros_decawave/msg/Anchor.idl
[7.054s] -- Installing: /home/pk/najnowsze_przepisywanie/ros_decawave/install/ros_decawave/share/ros_decawave/msg/AnchorArray.idl
[7.054s] -- Up-to-date: /home/pk/najnowsze_przepisywanie/ros_decawave/install/ros_decawave/share/ros_decawave/msg/Tag.idl
[7.055s] -- Installing: /home/pk/najnowsze_przepisywanie/ros_decawave/install/ros_decawave/share/ros_decawave/msg/Acc.msg
[7.055s] -- Installing: /home/pk/najnowsze_przepisywanie/ros_decawave/install/ros_decawave/share/ros_decawave/msg/Anchor.msg
[7.055s] -- Installing: /home/pk/najnowsze_przepisywanie/ros_decawave/install/ros_decawave/share/ros_decawave/msg/AnchorArray.msg
[7.055s] -- Up-to-date: /home/pk/najnowsze_przepisywanie/ros_decawave/install/ros_decawave/share/ros_decawave/msg/Tag.msg
[7.055s] -- Up-to-date: /home/pk/najnowsze_przepisywanie/ros_decawave/install/ros_decawave/lib/python3.8/site-packages/ros_decawave
[7.055s] -- Installing: /home/pk/najnowsze_przepisywanie/ros_decawave/install/ros_decawave/lib/python3.8/site-packages/ros_decawave/__init__.py
[7.094s] Listing '/home/pk/najnowsze_przepisywanie/ros_decawave/install/ros_decawave/lib/python3.8/site-packages/ros_decawave'...
[7.094s] Compiling '/home/pk/najnowsze_przepisywanie/ros_decawave/install/ros_decawave/lib/python3.8/site-packages/ros_decawave/__init__.py'...
[7.094s] Listing '/home/pk/najnowsze_przepisywanie/ros_decawave/install/ros_decawave/lib/python3.8/site-packages/ros_decawave/msg'...
[7.094s] Compiling '/home/pk/najnowsze_przepisywanie/ros_decawave/install/ros_decawave/lib/python3.8/site-packages/ros_decawave/msg/__init__.py'...
[7.094s] Compiling '/home/pk/najnowsze_przepisywanie/ros_decawave/install/ros_decawave/lib/python3.8/site-packages/ros_decawave/msg/_acc.py'...
[7.094s] Compiling '/home/pk/najnowsze_przepisywanie/ros_decawave/install/ros_decawave/lib/python3.8/site-packages/ros_decawave/msg/_anchor.py'...
[7.094s] Compiling '/home/pk/najnowsze_przepisywanie/ros_decawave/install/ros_decawave/lib/python3.8/site-packages/ros_decawave/msg/_anchor_array.py'...
[7.094s] Compiling '/home/pk/najnowsze_przepisywanie/ros_decawave/install/ros_decawave/lib/python3.8/site-packages/ros_decawave/msg/_tag.py'...
[7.098s] -- Up-to-date: /home/pk/najnowsze_przepisywanie/ros_decawave/install/ros_decawave/lib/ros_decawave/decawave_driver.py
[7.098s] -- Up-to-date: /home/pk/najnowsze_przepisywanie/ros_decawave/install/ros_decawave/share/ament_index/resource_index/package_run_dependencies/ros_decawave
[7.098s] -- Up-to-date: /home/pk/najnowsze_przepisywanie/ros_decawave/install/ros_decawave/share/ament_index/resource_index/parent_prefix_path/ros_decawave
[7.099s] -- Up-to-date: /home/pk/najnowsze_przepisywanie/ros_decawave/install/ros_decawave/share/ros_decawave/environment/ament_prefix_path.sh
[7.099s] -- Installing: /home/pk/najnowsze_przepisywanie/ros_decawave/install/ros_decawave/share/ros_decawave/environment/ament_prefix_path.dsv
[7.099s] -- Up-to-date: /home/pk/najnowsze_przepisywanie/ros_decawave/install/ros_decawave/share/ros_decawave/environment/path.sh
[7.099s] -- Installing: /home/pk/najnowsze_przepisywanie/ros_decawave/install/ros_decawave/share/ros_decawave/environment/path.dsv
[7.099s] -- Up-to-date: /home/pk/najnowsze_przepisywanie/ros_decawave/install/ros_decawave/share/ros_decawave/local_setup.bash
[7.099s] -- Up-to-date: /home/pk/najnowsze_przepisywanie/ros_decawave/install/ros_decawave/share/ros_decawave/local_setup.sh
[7.099s] -- Up-to-date: /home/pk/najnowsze_przepisywanie/ros_decawave/install/ros_decawave/share/ros_decawave/local_setup.zsh
[7.100s] -- Installing: /home/pk/najnowsze_przepisywanie/ros_decawave/install/ros_decawave/share/ros_decawave/local_setup.dsv
[7.100s] -- Installing: /home/pk/najnowsze_przepisywanie/ros_decawave/install/ros_decawave/share/ros_decawave/package.dsv
[7.100s] -- Up-to-date: /home/pk/najnowsze_przepisywanie/ros_decawave/install/ros_decawave/share/ament_index/resource_index/packages/ros_decawave
[7.100s] -- Up-to-date: /home/pk/najnowsze_przepisywanie/ros_decawave/install/ros_decawave/share/ros_decawave/cmake/ros_decawave__rosidl_generator_cExport.cmake
[7.100s] -- Installing: /home/pk/najnowsze_przepisywanie/ros_decawave/install/ros_decawave/share/ros_decawave/cmake/ros_decawave__rosidl_generator_cExport-noconfig.cmake
[7.101s] -- Up-to-date: /home/pk/najnowsze_przepisywanie/ros_decawave/install/ros_decawave/share/ros_decawave/cmake/ros_decawave__rosidl_typesupport_introspection_cExport.cmake
[7.101s] -- Installing: /home/pk/najnowsze_przepisywanie/ros_decawave/install/ros_decawave/share/ros_decawave/cmake/ros_decawave__rosidl_typesupport_introspection_cExport-noconfig.cmake
[7.101s] -- Up-to-date: /home/pk/najnowsze_przepisywanie/ros_decawave/install/ros_decawave/share/ros_decawave/cmake/ros_decawave__rosidl_typesupport_cExport.cmake
[7.101s] -- Installing: /home/pk/najnowsze_przepisywanie/ros_decawave/install/ros_decawave/share/ros_decawave/cmake/ros_decawave__rosidl_typesupport_cExport-noconfig.cmake
[7.101s] -- Up-to-date: /home/pk/najnowsze_przepisywanie/ros_decawave/install/ros_decawave/share/ros_decawave/cmake/ros_decawave__rosidl_generator_cppExport.cmake
[7.102s] -- Up-to-date: /home/pk/najnowsze_przepisywanie/ros_decawave/install/ros_decawave/share/ros_decawave/cmake/ros_decawave__rosidl_typesupport_introspection_cppExport.cmake
[7.102s] -- Installing: /home/pk/najnowsze_przepisywanie/ros_decawave/install/ros_decawave/share/ros_decawave/cmake/ros_decawave__rosidl_typesupport_introspection_cppExport-noconfig.cmake
[7.102s] -- Up-to-date: /home/pk/najnowsze_przepisywanie/ros_decawave/install/ros_decawave/share/ros_decawave/cmake/ros_decawave__rosidl_typesupport_cppExport.cmake
[7.102s] -- Installing: /home/pk/najnowsze_przepisywanie/ros_decawave/install/ros_decawave/share/ros_decawave/cmake/ros_decawave__rosidl_typesupport_cppExport-noconfig.cmake
[7.102s] -- Up-to-date: /home/pk/najnowsze_przepisywanie/ros_decawave/install/ros_decawave/share/ros_decawave/cmake/rosidl_cmake-extras.cmake
[7.103s] -- Up-to-date: /home/pk/najnowsze_przepisywanie/ros_decawave/install/ros_decawave/share/ros_decawave/cmake/ament_cmake_export_dependencies-extras.cmake
[7.103s] -- Up-to-date: /home/pk/najnowsze_przepisywanie/ros_decawave/install/ros_decawave/share/ros_decawave/cmake/ament_cmake_export_libraries-extras.cmake
[7.103s] -- Up-to-date: /home/pk/najnowsze_przepisywanie/ros_decawave/install/ros_decawave/share/ros_decawave/cmake/ament_cmake_export_targets-extras.cmake
[7.103s] -- Up-to-date: /home/pk/najnowsze_przepisywanie/ros_decawave/install/ros_decawave/share/ros_decawave/cmake/ament_cmake_export_include_directories-extras.cmake
[7.103s] -- Up-to-date: /home/pk/najnowsze_przepisywanie/ros_decawave/install/ros_decawave/share/ros_decawave/cmake/rosidl_cmake_export_typesupport_libraries-extras.cmake
[7.103s] -- Up-to-date: /home/pk/najnowsze_przepisywanie/ros_decawave/install/ros_decawave/share/ros_decawave/cmake/rosidl_cmake_export_typesupport_targets-extras.cmake
[7.103s] -- Up-to-date: /home/pk/najnowsze_przepisywanie/ros_decawave/install/ros_decawave/share/ros_decawave/cmake/ros_decawaveConfig.cmake
[7.103s] -- Up-to-date: /home/pk/najnowsze_przepisywanie/ros_decawave/install/ros_decawave/share/ros_decawave/cmake/ros_decawaveConfig-version.cmake
[7.103s] -- Up-to-date: /home/pk/najnowsze_przepisywanie/ros_decawave/install/ros_decawave/share/ros_decawave/package.xml
[7.106s] Invoked command in '/home/pk/najnowsze_przepisywanie/ros_decawave/build/ros_decawave' returned '0': CMAKE_PREFIX_PATH=${CMAKE_PREFIX_PATH}:/opt/ros/foxy /usr/bin/cmake --install /home/pk/najnowsze_przepisywanie/ros_decawave/build/ros_decawave
