[0.193s] DEBUG:colcon:Command line arguments: ['/usr/bin/colcon', 'build']
[0.193s] DEBUG:colcon:Parsed command line arguments: Namespace(allow_overriding=[], ament_cmake_args=None, base_paths=['.'], build_base='build', catkin_cmake_args=None, catkin_skip_building_tests=False, cmake_args=None, cmake_clean_cache=False, cmake_clean_first=False, cmake_force_configure=False, cmake_target=None, cmake_target_skip_unavailable=False, continue_on_error=False, event_handlers=None, executor='parallel', ignore_user_meta=False, install_base='install', log_base=None, log_level=None, main=<bound method BuildVerb.main of <colcon_core.verb.build.BuildVerb object at 0x7f7bc2426d90>>, merge_install=False, metas=['./colcon.meta'], mixin=None, mixin_files=None, mixin_verb=('build',), packages_above=None, packages_above_and_dependencies=None, packages_above_depth=None, packages_end=None, packages_ignore=None, packages_ignore_regex=None, packages_select=None, packages_select_build_failed=False, packages_select_by_dep=None, packages_select_regex=None, packages_select_test_failures=False, packages_skip=None, packages_skip_build_finished=False, packages_skip_by_dep=None, packages_skip_regex=None, packages_skip_test_passed=False, packages_skip_up_to=None, packages_start=None, packages_up_to=None, packages_up_to_regex=None, parallel_workers=8, paths=None, symlink_install=False, test_result_base=None, verb_extension=<colcon_core.verb.build.BuildVerb object at 0x7f7bc2426d90>, verb_name='build', verb_parser=<colcon_mixin.mixin.mixin_argument.MixinArgumentDecorator object at 0x7f7bc242f310>)
[0.218s] Level 1:colcon.colcon_core.package_discovery:discover_packages(colcon_meta) check parameters
[0.218s] Level 1:colcon.colcon_core.package_discovery:discover_packages(recursive) check parameters
[0.218s] Level 1:colcon.colcon_core.package_discovery:discover_packages(ignore) check parameters
[0.218s] Level 1:colcon.colcon_core.package_discovery:discover_packages(path) check parameters
[0.218s] Level 1:colcon.colcon_core.package_discovery:discover_packages(colcon_meta) discover
[0.218s] Level 1:colcon.colcon_core.package_discovery:discover_packages(recursive) discover
[0.219s] INFO:colcon.colcon_core.package_discovery:Crawling recursively for packages in '/home/pk/najnowsze_przepisywanie/ros_decawave'
[0.219s] Level 1:colcon.colcon_core.package_identification:_identify(.) by extensions ['ignore', 'ignore_ament_install']
[0.219s] Level 1:colcon.colcon_core.package_identification:_identify(.) by extension 'ignore'
[0.219s] Level 1:colcon.colcon_core.package_identification:_identify(.) by extension 'ignore_ament_install'
[0.219s] Level 1:colcon.colcon_core.package_identification:_identify(.) by extensions ['colcon_pkg']
[0.219s] Level 1:colcon.colcon_core.package_identification:_identify(.) by extension 'colcon_pkg'
[0.219s] Level 1:colcon.colcon_core.package_identification:_identify(.) by extensions ['colcon_meta']
[0.219s] Level 1:colcon.colcon_core.package_identification:_identify(.) by extension 'colcon_meta'
[0.219s] Level 1:colcon.colcon_core.package_identification:_identify(.) by extensions ['ros']
[0.219s] Level 1:colcon.colcon_core.package_identification:_identify(.) by extension 'ros'
[0.244s] DEBUG:colcon.colcon_core.package_identification:Package '.' with type 'ros.ament_cmake' and name 'ros_decawave'
[0.244s] Level 1:colcon.colcon_core.package_discovery:discover_packages(recursive) using defaults
[0.244s] Level 1:colcon.colcon_core.package_discovery:discover_packages(ignore) discover
[0.244s] Level 1:colcon.colcon_core.package_discovery:discover_packages(ignore) using defaults
[0.244s] Level 1:colcon.colcon_core.package_discovery:discover_packages(path) discover
[0.244s] Level 1:colcon.colcon_core.package_discovery:discover_packages(path) using defaults
[0.264s] Level 1:colcon.colcon_core.package_discovery:discover_packages(prefix_path) check parameters
[0.264s] Level 1:colcon.colcon_core.package_discovery:discover_packages(prefix_path) discover
[0.267s] DEBUG:colcon.colcon_installed_package_information.package_discovery:Found 1 installed packages in /home/pk/najnowsze_przepisywanie/ros_decawave/install
[0.269s] DEBUG:colcon.colcon_installed_package_information.package_discovery:Found 330 installed packages in /opt/ros/foxy
[0.271s] Level 1:colcon.colcon_core.package_discovery:discover_packages(prefix_path) using defaults
[0.352s] Level 5:colcon.colcon_core.verb:set package 'ros_decawave' build argument 'cmake_args' from command line to 'None'
[0.352s] Level 5:colcon.colcon_core.verb:set package 'ros_decawave' build argument 'cmake_target' from command line to 'None'
[0.352s] Level 5:colcon.colcon_core.verb:set package 'ros_decawave' build argument 'cmake_target_skip_unavailable' from command line to 'False'
[0.352s] Level 5:colcon.colcon_core.verb:set package 'ros_decawave' build argument 'cmake_clean_cache' from command line to 'False'
[0.353s] Level 5:colcon.colcon_core.verb:set package 'ros_decawave' build argument 'cmake_clean_first' from command line to 'False'
[0.353s] Level 5:colcon.colcon_core.verb:set package 'ros_decawave' build argument 'cmake_force_configure' from command line to 'False'
[0.353s] Level 5:colcon.colcon_core.verb:set package 'ros_decawave' build argument 'ament_cmake_args' from command line to 'None'
[0.353s] Level 5:colcon.colcon_core.verb:set package 'ros_decawave' build argument 'catkin_cmake_args' from command line to 'None'
[0.353s] Level 5:colcon.colcon_core.verb:set package 'ros_decawave' build argument 'catkin_skip_building_tests' from command line to 'False'
[0.353s] DEBUG:colcon.colcon_core.verb:Building package 'ros_decawave' with the following arguments: {'ament_cmake_args': None, 'build_base': '/home/pk/najnowsze_przepisywanie/ros_decawave/build/ros_decawave', 'catkin_cmake_args': None, 'catkin_skip_building_tests': False, 'cmake_args': None, 'cmake_clean_cache': False, 'cmake_clean_first': False, 'cmake_force_configure': False, 'cmake_target': None, 'cmake_target_skip_unavailable': False, 'install_base': '/home/pk/najnowsze_przepisywanie/ros_decawave/install/ros_decawave', 'merge_install': False, 'path': '/home/pk/najnowsze_przepisywanie/ros_decawave', 'symlink_install': False, 'test_result_base': None}
[0.354s] INFO:colcon.colcon_core.executor:Executing jobs using 'parallel' executor
[0.358s] DEBUG:colcon.colcon_parallel_executor.executor.parallel:run_until_complete
[0.358s] INFO:colcon.colcon_ros.task.ament_cmake.build:Building ROS package in '/home/pk/najnowsze_przepisywanie/ros_decawave' with build type 'ament_cmake'
[0.358s] INFO:colcon.colcon_cmake.task.cmake.build:Building CMake package in '/home/pk/najnowsze_przepisywanie/ros_decawave'
[0.363s] INFO:colcon.colcon_core.plugin_system:Skipping extension 'colcon_core.shell.bat': Not used on non-Windows systems
[0.363s] INFO:colcon.colcon_core.shell:Skip shell extension 'powershell' for command environment: Not usable outside of PowerShell
[0.364s] DEBUG:colcon.colcon_core.shell:Skip shell extension 'dsv' for command environment
[0.380s] DEBUG:colcon.colcon_core.event_handler.log_command:Invoking command in '/home/pk/najnowsze_przepisywanie/ros_decawave/build/ros_decawave': CMAKE_PREFIX_PATH=${CMAKE_PREFIX_PATH}:/opt/ros/foxy /usr/bin/cmake --build /home/pk/najnowsze_przepisywanie/ros_decawave/build/ros_decawave -- -j8 -l8
[0.667s] DEBUG:colcon.colcon_core.event_handler.log_command:Invoked command in '/home/pk/najnowsze_przepisywanie/ros_decawave/build/ros_decawave' returned '0': CMAKE_PREFIX_PATH=${CMAKE_PREFIX_PATH}:/opt/ros/foxy /usr/bin/cmake --build /home/pk/najnowsze_przepisywanie/ros_decawave/build/ros_decawave -- -j8 -l8
[0.812s] DEBUG:colcon.colcon_core.event_handler.log_command:Invoking command in '/home/pk/najnowsze_przepisywanie/ros_decawave/build/ros_decawave': CMAKE_PREFIX_PATH=${CMAKE_PREFIX_PATH}:/opt/ros/foxy /usr/bin/cmake --install /home/pk/najnowsze_przepisywanie/ros_decawave/build/ros_decawave
[0.913s] Level 1:colcon.colcon_core.environment:create_environment_scripts_only(ros_decawave)
[0.915s] DEBUG:colcon.colcon_core.event_handler.log_command:Invoked command in '/home/pk/najnowsze_przepisywanie/ros_decawave/build/ros_decawave' returned '0': CMAKE_PREFIX_PATH=${CMAKE_PREFIX_PATH}:/opt/ros/foxy /usr/bin/cmake --install /home/pk/najnowsze_przepisywanie/ros_decawave/build/ros_decawave
[0.921s] Level 1:colcon.colcon_core.environment:checking '/home/pk/najnowsze_przepisywanie/ros_decawave/install/ros_decawave' for CMake module files
[0.921s] Level 1:colcon.colcon_core.environment:checking '/home/pk/najnowsze_przepisywanie/ros_decawave/install/ros_decawave' for CMake config files
[0.922s] Level 1:colcon.colcon_core.shell:create_environment_hook('ros_decawave', 'cmake_prefix_path')
[0.923s] INFO:colcon.colcon_core.shell:Creating environment hook '/home/pk/najnowsze_przepisywanie/ros_decawave/install/ros_decawave/share/ros_decawave/hook/cmake_prefix_path.ps1'
[0.924s] INFO:colcon.colcon_core.shell:Creating environment descriptor '/home/pk/najnowsze_przepisywanie/ros_decawave/install/ros_decawave/share/ros_decawave/hook/cmake_prefix_path.dsv'
[0.925s] INFO:colcon.colcon_core.shell:Creating environment hook '/home/pk/najnowsze_przepisywanie/ros_decawave/install/ros_decawave/share/ros_decawave/hook/cmake_prefix_path.sh'
[0.926s] Level 1:colcon.colcon_core.environment:checking '/home/pk/najnowsze_przepisywanie/ros_decawave/install/ros_decawave/lib'
[0.926s] Level 1:colcon.colcon_core.shell:create_environment_hook('ros_decawave', 'ld_library_path_lib')
[0.927s] INFO:colcon.colcon_core.shell:Creating environment hook '/home/pk/najnowsze_przepisywanie/ros_decawave/install/ros_decawave/share/ros_decawave/hook/ld_library_path_lib.ps1'
[0.928s] INFO:colcon.colcon_core.shell:Creating environment descriptor '/home/pk/najnowsze_przepisywanie/ros_decawave/install/ros_decawave/share/ros_decawave/hook/ld_library_path_lib.dsv'
[0.928s] INFO:colcon.colcon_core.shell:Creating environment hook '/home/pk/najnowsze_przepisywanie/ros_decawave/install/ros_decawave/share/ros_decawave/hook/ld_library_path_lib.sh'
[0.929s] Level 1:colcon.colcon_core.environment:checking '/home/pk/najnowsze_przepisywanie/ros_decawave/install/ros_decawave/bin'
[0.929s] Level 1:colcon.colcon_core.environment:checking '/home/pk/najnowsze_przepisywanie/ros_decawave/install/ros_decawave/lib/pkgconfig/ros_decawave.pc'
[0.929s] Level 1:colcon.colcon_core.environment:checking '/home/pk/najnowsze_przepisywanie/ros_decawave/install/ros_decawave/lib/python3.8/site-packages'
[0.929s] Level 1:colcon.colcon_core.shell:create_environment_hook('ros_decawave', 'pythonpath')
[0.930s] INFO:colcon.colcon_core.shell:Creating environment hook '/home/pk/najnowsze_przepisywanie/ros_decawave/install/ros_decawave/share/ros_decawave/hook/pythonpath.ps1'
[0.931s] INFO:colcon.colcon_core.shell:Creating environment descriptor '/home/pk/najnowsze_przepisywanie/ros_decawave/install/ros_decawave/share/ros_decawave/hook/pythonpath.dsv'
[0.931s] INFO:colcon.colcon_core.shell:Creating environment hook '/home/pk/najnowsze_przepisywanie/ros_decawave/install/ros_decawave/share/ros_decawave/hook/pythonpath.sh'
[0.932s] Level 1:colcon.colcon_core.environment:checking '/home/pk/najnowsze_przepisywanie/ros_decawave/install/ros_decawave/bin'
[0.933s] INFO:colcon.colcon_core.shell:Creating package script '/home/pk/najnowsze_przepisywanie/ros_decawave/install/ros_decawave/share/ros_decawave/package.ps1'
[0.934s] INFO:colcon.colcon_core.shell:Creating package descriptor '/home/pk/najnowsze_przepisywanie/ros_decawave/install/ros_decawave/share/ros_decawave/package.dsv'
[0.934s] INFO:colcon.colcon_core.shell:Creating package script '/home/pk/najnowsze_przepisywanie/ros_decawave/install/ros_decawave/share/ros_decawave/package.sh'
[0.935s] INFO:colcon.colcon_core.shell:Creating package script '/home/pk/najnowsze_przepisywanie/ros_decawave/install/ros_decawave/share/ros_decawave/package.bash'
[0.936s] INFO:colcon.colcon_core.shell:Creating package script '/home/pk/najnowsze_przepisywanie/ros_decawave/install/ros_decawave/share/ros_decawave/package.zsh'
[0.937s] Level 1:colcon.colcon_core.environment:create_file_with_runtime_dependencies(/home/pk/najnowsze_przepisywanie/ros_decawave/install/ros_decawave/share/colcon-core/packages/ros_decawave)
[1.070s] Level 1:colcon.colcon_core.environment:create_environment_scripts_only(ros_decawave)
[1.073s] Level 1:colcon.colcon_core.environment:checking '/home/pk/najnowsze_przepisywanie/ros_decawave/install/ros_decawave' for CMake module files
[1.074s] Level 1:colcon.colcon_core.environment:checking '/home/pk/najnowsze_przepisywanie/ros_decawave/install/ros_decawave' for CMake config files
[1.075s] Level 1:colcon.colcon_core.shell:create_environment_hook('ros_decawave', 'cmake_prefix_path')
[1.077s] INFO:colcon.colcon_core.shell:Creating environment hook '/home/pk/najnowsze_przepisywanie/ros_decawave/install/ros_decawave/share/ros_decawave/hook/cmake_prefix_path.ps1'
[1.078s] INFO:colcon.colcon_core.shell:Creating environment descriptor '/home/pk/najnowsze_przepisywanie/ros_decawave/install/ros_decawave/share/ros_decawave/hook/cmake_prefix_path.dsv'
[1.078s] INFO:colcon.colcon_core.shell:Creating environment hook '/home/pk/najnowsze_przepisywanie/ros_decawave/install/ros_decawave/share/ros_decawave/hook/cmake_prefix_path.sh'
[1.079s] Level 1:colcon.colcon_core.environment:checking '/home/pk/najnowsze_przepisywanie/ros_decawave/install/ros_decawave/lib'
[1.079s] Level 1:colcon.colcon_core.shell:create_environment_hook('ros_decawave', 'ld_library_path_lib')
[1.081s] INFO:colcon.colcon_core.shell:Creating environment hook '/home/pk/najnowsze_przepisywanie/ros_decawave/install/ros_decawave/share/ros_decawave/hook/ld_library_path_lib.ps1'
[1.081s] INFO:colcon.colcon_core.shell:Creating environment descriptor '/home/pk/najnowsze_przepisywanie/ros_decawave/install/ros_decawave/share/ros_decawave/hook/ld_library_path_lib.dsv'
[1.082s] INFO:colcon.colcon_core.shell:Creating environment hook '/home/pk/najnowsze_przepisywanie/ros_decawave/install/ros_decawave/share/ros_decawave/hook/ld_library_path_lib.sh'
[1.082s] Level 1:colcon.colcon_core.environment:checking '/home/pk/najnowsze_przepisywanie/ros_decawave/install/ros_decawave/bin'
[1.082s] Level 1:colcon.colcon_core.environment:checking '/home/pk/najnowsze_przepisywanie/ros_decawave/install/ros_decawave/lib/pkgconfig/ros_decawave.pc'
[1.083s] Level 1:colcon.colcon_core.environment:checking '/home/pk/najnowsze_przepisywanie/ros_decawave/install/ros_decawave/lib/python3.8/site-packages'
[1.083s] Level 1:colcon.colcon_core.shell:create_environment_hook('ros_decawave', 'pythonpath')
[1.084s] INFO:colcon.colcon_core.shell:Creating environment hook '/home/pk/najnowsze_przepisywanie/ros_decawave/install/ros_decawave/share/ros_decawave/hook/pythonpath.ps1'
[1.085s] INFO:colcon.colcon_core.shell:Creating environment descriptor '/home/pk/najnowsze_przepisywanie/ros_decawave/install/ros_decawave/share/ros_decawave/hook/pythonpath.dsv'
[1.085s] INFO:colcon.colcon_core.shell:Creating environment hook '/home/pk/najnowsze_przepisywanie/ros_decawave/install/ros_decawave/share/ros_decawave/hook/pythonpath.sh'
[1.086s] Level 1:colcon.colcon_core.environment:checking '/home/pk/najnowsze_przepisywanie/ros_decawave/install/ros_decawave/bin'
[1.087s] INFO:colcon.colcon_core.shell:Creating package script '/home/pk/najnowsze_przepisywanie/ros_decawave/install/ros_decawave/share/ros_decawave/package.ps1'
[1.088s] INFO:colcon.colcon_core.shell:Creating package descriptor '/home/pk/najnowsze_przepisywanie/ros_decawave/install/ros_decawave/share/ros_decawave/package.dsv'
[1.089s] INFO:colcon.colcon_core.shell:Creating package script '/home/pk/najnowsze_przepisywanie/ros_decawave/install/ros_decawave/share/ros_decawave/package.sh'
[1.089s] INFO:colcon.colcon_core.shell:Creating package script '/home/pk/najnowsze_przepisywanie/ros_decawave/install/ros_decawave/share/ros_decawave/package.bash'
[1.089s] INFO:colcon.colcon_core.shell:Creating package script '/home/pk/najnowsze_przepisywanie/ros_decawave/install/ros_decawave/share/ros_decawave/package.zsh'
[1.090s] Level 1:colcon.colcon_core.environment:create_file_with_runtime_dependencies(/home/pk/najnowsze_przepisywanie/ros_decawave/install/ros_decawave/share/colcon-core/packages/ros_decawave)
[1.090s] DEBUG:colcon.colcon_parallel_executor.executor.parallel:closing loop
[1.091s] DEBUG:colcon.colcon_parallel_executor.executor.parallel:loop closed
[1.091s] DEBUG:colcon.colcon_parallel_executor.executor.parallel:run_until_complete finished with '0'
[1.091s] DEBUG:colcon.colcon_core.event_reactor:joining thread
[1.097s] INFO:colcon.colcon_core.plugin_system:Skipping extension 'colcon_notification.desktop_notification.terminal_notifier': Not used on non-Darwin systems
[1.097s] INFO:colcon.colcon_core.plugin_system:Skipping extension 'colcon_notification.desktop_notification.win32': Not used on non-Windows systems
[1.098s] INFO:colcon.colcon_notification.desktop_notification:Sending desktop notification using 'notify2'
[1.117s] DEBUG:colcon.colcon_core.event_reactor:joined thread
[1.120s] INFO:colcon.colcon_core.shell:Creating prefix script '/home/pk/najnowsze_przepisywanie/ros_decawave/install/local_setup.ps1'
[1.121s] INFO:colcon.colcon_core.shell:Creating prefix util module '/home/pk/najnowsze_przepisywanie/ros_decawave/install/_local_setup_util_ps1.py'
[1.122s] INFO:colcon.colcon_core.shell:Creating prefix chain script '/home/pk/najnowsze_przepisywanie/ros_decawave/install/setup.ps1'
[1.124s] INFO:colcon.colcon_core.shell:Creating prefix script '/home/pk/najnowsze_przepisywanie/ros_decawave/install/local_setup.sh'
[1.125s] INFO:colcon.colcon_core.shell:Creating prefix util module '/home/pk/najnowsze_przepisywanie/ros_decawave/install/_local_setup_util_sh.py'
[1.125s] INFO:colcon.colcon_core.shell:Creating prefix chain script '/home/pk/najnowsze_przepisywanie/ros_decawave/install/setup.sh'
[1.127s] INFO:colcon.colcon_core.shell:Creating prefix script '/home/pk/najnowsze_przepisywanie/ros_decawave/install/local_setup.bash'
[1.128s] INFO:colcon.colcon_core.shell:Creating prefix chain script '/home/pk/najnowsze_przepisywanie/ros_decawave/install/setup.bash'
[1.129s] INFO:colcon.colcon_core.shell:Creating prefix script '/home/pk/najnowsze_przepisywanie/ros_decawave/install/local_setup.zsh'
[1.130s] INFO:colcon.colcon_core.shell:Creating prefix chain script '/home/pk/najnowsze_przepisywanie/ros_decawave/install/setup.zsh'
