[0.024s] Invoking command in '/home/pk/najnowsze_przepisywanie/ros_decawave/build/ros_decawave': CMAKE_PREFIX_PATH=/opt/ros/foxy /usr/bin/cmake --build /home/pk/najnowsze_przepisywanie/ros_decawave/build/ros_decawave -- -j8 -l8
[0.163s] [  1%] Built target ros_decawave__cpp
[0.171s] [ 12%] Built target ros_decawave__rosidl_generator_c
[0.195s] [ 23%] Built target ros_decawave__rosidl_typesupport_introspection_cpp
[0.195s] [ 34%] Built target ros_decawave__rosidl_typesupport_cpp
[0.198s] [ 45%] Built target ros_decawave__rosidl_typesupport_fastrtps_cpp
[0.201s] [ 56%] Built target ros_decawave__rosidl_typesupport_introspection_c
[0.202s] [ 67%] Built target ros_decawave__rosidl_typesupport_c
[0.237s] [ 78%] Built target ros_decawave__rosidl_typesupport_fastrtps_c
[0.263s] [ 78%] Built target ros_decawave
[0.291s] [ 80%] Built target ros_decawave__py
[0.333s] [ 89%] Built target ros_decawave__python
[0.366s] [100%] Built target ros_decawave__rosidl_typesupport_introspection_c__pyext
[0.366s] [100%] Built target ros_decawave__rosidl_typesupport_c__pyext
[0.366s] [100%] Built target ros_decawave__rosidl_typesupport_fastrtps_c__pyext
[0.378s] Invoked command in '/home/pk/najnowsze_przepisywanie/ros_decawave/build/ros_decawave' returned '0': CMAKE_PREFIX_PATH=/opt/ros/foxy /usr/bin/cmake --build /home/pk/najnowsze_przepisywanie/ros_decawave/build/ros_decawave -- -j8 -l8
[0.524s] Invoking command in '/home/pk/najnowsze_przepisywanie/ros_decawave/build/ros_decawave': CMAKE_PREFIX_PATH=/opt/ros/foxy /usr/bin/cmake --install /home/pk/najnowsze_przepisywanie/ros_decawave/build/ros_decawave
[0.535s] -- Install configuration: ""
[0.535s] -- Up-to-date: /home/pk/najnowsze_przepisywanie/ros_decawave/install/ros_decawave/share/ament_index/resource_index/rosidl_interfaces/ros_decawave
[0.535s] -- Up-to-date: /home/pk/najnowsze_przepisywanie/ros_decawave/install/ros_decawave/include/ros_decawave
[0.536s] -- Up-to-date: /home/pk/najnowsze_przepisywanie/ros_decawave/install/ros_decawave/include/ros_decawave/msg
[0.536s] -- Up-to-date: /home/pk/najnowsze_przepisywanie/ros_decawave/install/ros_decawave/include/ros_decawave/msg/anchor.h
[0.536s] -- Up-to-date: /home/pk/najnowsze_przepisywanie/ros_decawave/install/ros_decawave/include/ros_decawave/msg/rosidl_generator_c__visibility_control.h
[0.536s] -- Up-to-date: /home/pk/najnowsze_przepisywanie/ros_decawave/install/ros_decawave/include/ros_decawave/msg/detail
[0.536s] -- Up-to-date: /home/pk/najnowsze_przepisywanie/ros_decawave/install/ros_decawave/include/ros_decawave/msg/detail/anchor_array__struct.h
[0.536s] -- Up-to-date: /home/pk/najnowsze_przepisywanie/ros_decawave/install/ros_decawave/include/ros_decawave/msg/detail/tag__functions.c
[0.536s] -- Up-to-date: /home/pk/najnowsze_przepisywanie/ros_decawave/install/ros_decawave/include/ros_decawave/msg/detail/tag__struct.h
[0.536s] -- Up-to-date: /home/pk/najnowsze_przepisywanie/ros_decawave/install/ros_decawave/include/ros_decawave/msg/detail/anchor__functions.h
[0.536s] -- Up-to-date: /home/pk/najnowsze_przepisywanie/ros_decawave/install/ros_decawave/include/ros_decawave/msg/detail/anchor_array__functions.h
[0.536s] -- Up-to-date: /home/pk/najnowsze_przepisywanie/ros_decawave/install/ros_decawave/include/ros_decawave/msg/detail/acc__functions.h
[0.536s] -- Up-to-date: /home/pk/najnowsze_przepisywanie/ros_decawave/install/ros_decawave/include/ros_decawave/msg/detail/tag__type_support.h
[0.537s] -- Up-to-date: /home/pk/najnowsze_przepisywanie/ros_decawave/install/ros_decawave/include/ros_decawave/msg/detail/anchor__struct.h
[0.537s] -- Up-to-date: /home/pk/najnowsze_przepisywanie/ros_decawave/install/ros_decawave/include/ros_decawave/msg/detail/acc__functions.c
[0.537s] -- Up-to-date: /home/pk/najnowsze_przepisywanie/ros_decawave/install/ros_decawave/include/ros_decawave/msg/detail/tag__functions.h
[0.537s] -- Up-to-date: /home/pk/najnowsze_przepisywanie/ros_decawave/install/ros_decawave/include/ros_decawave/msg/detail/anchor__type_support.h
[0.537s] -- Up-to-date: /home/pk/najnowsze_przepisywanie/ros_decawave/install/ros_decawave/include/ros_decawave/msg/detail/anchor_array__functions.c
[0.537s] -- Up-to-date: /home/pk/najnowsze_przepisywanie/ros_decawave/install/ros_decawave/include/ros_decawave/msg/detail/anchor_array__type_support.h
[0.537s] -- Up-to-date: /home/pk/najnowsze_przepisywanie/ros_decawave/install/ros_decawave/include/ros_decawave/msg/detail/anchor__functions.c
[0.537s] -- Up-to-date: /home/pk/najnowsze_przepisywanie/ros_decawave/install/ros_decawave/include/ros_decawave/msg/detail/acc__type_support.h
[0.537s] -- Up-to-date: /home/pk/najnowsze_przepisywanie/ros_decawave/install/ros_decawave/include/ros_decawave/msg/detail/acc__struct.h
[0.537s] -- Up-to-date: /home/pk/najnowsze_przepisywanie/ros_decawave/install/ros_decawave/include/ros_decawave/msg/anchor_array.h
[0.537s] -- Up-to-date: /home/pk/najnowsze_przepisywanie/ros_decawave/install/ros_decawave/include/ros_decawave/msg/tag.h
[0.538s] -- Up-to-date: /home/pk/najnowsze_przepisywanie/ros_decawave/install/ros_decawave/include/ros_decawave/msg/acc.h
[0.538s] -- Up-to-date: /home/pk/najnowsze_przepisywanie/ros_decawave/install/ros_decawave/share/ros_decawave/environment/library_path.sh
[0.538s] -- Up-to-date: /home/pk/najnowsze_przepisywanie/ros_decawave/install/ros_decawave/share/ros_decawave/environment/library_path.dsv
[0.538s] -- Up-to-date: /home/pk/najnowsze_przepisywanie/ros_decawave/install/ros_decawave/lib/libros_decawave__rosidl_generator_c.so
[0.538s] -- Up-to-date: /home/pk/najnowsze_przepisywanie/ros_decawave/install/ros_decawave/include/ros_decawave
[0.538s] -- Up-to-date: /home/pk/najnowsze_przepisywanie/ros_decawave/install/ros_decawave/include/ros_decawave/msg
[0.538s] -- Up-to-date: /home/pk/najnowsze_przepisywanie/ros_decawave/install/ros_decawave/include/ros_decawave/msg/detail
[0.538s] -- Up-to-date: /home/pk/najnowsze_przepisywanie/ros_decawave/install/ros_decawave/include/ros_decawave/msg/detail/tag__rosidl_typesupport_fastrtps_c.h
[0.538s] -- Up-to-date: /home/pk/najnowsze_przepisywanie/ros_decawave/install/ros_decawave/include/ros_decawave/msg/detail/anchor_array__rosidl_typesupport_fastrtps_c.h
[0.538s] -- Up-to-date: /home/pk/najnowsze_przepisywanie/ros_decawave/install/ros_decawave/include/ros_decawave/msg/detail/acc__rosidl_typesupport_fastrtps_c.h
[0.538s] -- Up-to-date: /home/pk/najnowsze_przepisywanie/ros_decawave/install/ros_decawave/include/ros_decawave/msg/detail/anchor__rosidl_typesupport_fastrtps_c.h
[0.538s] -- Up-to-date: /home/pk/najnowsze_przepisywanie/ros_decawave/install/ros_decawave/include/ros_decawave/msg/rosidl_typesupport_fastrtps_c__visibility_control.h
[0.539s] -- Up-to-date: /home/pk/najnowsze_przepisywanie/ros_decawave/install/ros_decawave/lib/libros_decawave__rosidl_typesupport_fastrtps_c.so
[0.539s] -- Up-to-date: /home/pk/najnowsze_przepisywanie/ros_decawave/install/ros_decawave/include/ros_decawave
[0.539s] -- Up-to-date: /home/pk/najnowsze_przepisywanie/ros_decawave/install/ros_decawave/include/ros_decawave/msg
[0.539s] -- Up-to-date: /home/pk/najnowsze_przepisywanie/ros_decawave/install/ros_decawave/include/ros_decawave/msg/detail
[0.539s] -- Up-to-date: /home/pk/najnowsze_przepisywanie/ros_decawave/install/ros_decawave/include/ros_decawave/msg/detail/tag__rosidl_typesupport_fastrtps_cpp.hpp
[0.539s] -- Up-to-date: /home/pk/najnowsze_przepisywanie/ros_decawave/install/ros_decawave/include/ros_decawave/msg/detail/acc__rosidl_typesupport_fastrtps_cpp.hpp
[0.539s] -- Up-to-date: /home/pk/najnowsze_przepisywanie/ros_decawave/install/ros_decawave/include/ros_decawave/msg/detail/dds_fastrtps
[0.539s] -- Up-to-date: /home/pk/najnowsze_przepisywanie/ros_decawave/install/ros_decawave/include/ros_decawave/msg/detail/anchor__rosidl_typesupport_fastrtps_cpp.hpp
[0.539s] -- Up-to-date: /home/pk/najnowsze_przepisywanie/ros_decawave/install/ros_decawave/include/ros_decawave/msg/detail/anchor_array__rosidl_typesupport_fastrtps_cpp.hpp
[0.540s] -- Up-to-date: /home/pk/najnowsze_przepisywanie/ros_decawave/install/ros_decawave/include/ros_decawave/msg/rosidl_typesupport_fastrtps_cpp__visibility_control.h
[0.541s] -- Up-to-date: /home/pk/najnowsze_przepisywanie/ros_decawave/install/ros_decawave/lib/libros_decawave__rosidl_typesupport_fastrtps_cpp.so
[0.541s] -- Up-to-date: /home/pk/najnowsze_przepisywanie/ros_decawave/install/ros_decawave/include/ros_decawave
[0.541s] -- Up-to-date: /home/pk/najnowsze_przepisywanie/ros_decawave/install/ros_decawave/include/ros_decawave/msg
[0.542s] -- Up-to-date: /home/pk/najnowsze_przepisywanie/ros_decawave/install/ros_decawave/include/ros_decawave/msg/detail
[0.542s] -- Up-to-date: /home/pk/najnowsze_przepisywanie/ros_decawave/install/ros_decawave/include/ros_decawave/msg/detail/anchor_array__rosidl_typesupport_introspection_c.h
[0.542s] -- Up-to-date: /home/pk/najnowsze_przepisywanie/ros_decawave/install/ros_decawave/include/ros_decawave/msg/detail/anchor_array__type_support.c
[0.542s] -- Up-to-date: /home/pk/najnowsze_przepisywanie/ros_decawave/install/ros_decawave/include/ros_decawave/msg/detail/anchor__rosidl_typesupport_introspection_c.h
[0.542s] -- Up-to-date: /home/pk/najnowsze_przepisywanie/ros_decawave/install/ros_decawave/include/ros_decawave/msg/detail/acc__rosidl_typesupport_introspection_c.h
[0.542s] -- Up-to-date: /home/pk/najnowsze_przepisywanie/ros_decawave/install/ros_decawave/include/ros_decawave/msg/detail/tag__type_support.c
[0.542s] -- Up-to-date: /home/pk/najnowsze_przepisywanie/ros_decawave/install/ros_decawave/include/ros_decawave/msg/detail/acc__type_support.c
[0.542s] -- Up-to-date: /home/pk/najnowsze_przepisywanie/ros_decawave/install/ros_decawave/include/ros_decawave/msg/detail/anchor__type_support.c
[0.542s] -- Up-to-date: /home/pk/najnowsze_przepisywanie/ros_decawave/install/ros_decawave/include/ros_decawave/msg/detail/tag__rosidl_typesupport_introspection_c.h
[0.542s] -- Up-to-date: /home/pk/najnowsze_przepisywanie/ros_decawave/install/ros_decawave/include/ros_decawave/msg/rosidl_typesupport_introspection_c__visibility_control.h
[0.542s] -- Up-to-date: /home/pk/najnowsze_przepisywanie/ros_decawave/install/ros_decawave/lib/libros_decawave__rosidl_typesupport_introspection_c.so
[0.543s] -- Up-to-date: /home/pk/najnowsze_przepisywanie/ros_decawave/install/ros_decawave/lib/libros_decawave__rosidl_typesupport_c.so
[0.544s] -- Up-to-date: /home/pk/najnowsze_przepisywanie/ros_decawave/install/ros_decawave/include/ros_decawave
[0.544s] -- Up-to-date: /home/pk/najnowsze_przepisywanie/ros_decawave/install/ros_decawave/include/ros_decawave/msg
[0.544s] -- Up-to-date: /home/pk/najnowsze_przepisywanie/ros_decawave/install/ros_decawave/include/ros_decawave/msg/acc.hpp
[0.544s] -- Up-to-date: /home/pk/najnowsze_przepisywanie/ros_decawave/install/ros_decawave/include/ros_decawave/msg/tag.hpp
[0.544s] -- Up-to-date: /home/pk/najnowsze_przepisywanie/ros_decawave/install/ros_decawave/include/ros_decawave/msg/detail
[0.544s] -- Up-to-date: /home/pk/najnowsze_przepisywanie/ros_decawave/install/ros_decawave/include/ros_decawave/msg/detail/tag__builder.hpp
[0.544s] -- Up-to-date: /home/pk/najnowsze_przepisywanie/ros_decawave/install/ros_decawave/include/ros_decawave/msg/detail/anchor_array__struct.hpp
[0.545s] -- Up-to-date: /home/pk/najnowsze_przepisywanie/ros_decawave/install/ros_decawave/include/ros_decawave/msg/detail/acc__struct.hpp
[0.545s] -- Up-to-date: /home/pk/najnowsze_przepisywanie/ros_decawave/install/ros_decawave/include/ros_decawave/msg/detail/anchor__builder.hpp
[0.545s] -- Up-to-date: /home/pk/najnowsze_przepisywanie/ros_decawave/install/ros_decawave/include/ros_decawave/msg/detail/anchor_array__builder.hpp
[0.545s] -- Up-to-date: /home/pk/najnowsze_przepisywanie/ros_decawave/install/ros_decawave/include/ros_decawave/msg/detail/acc__traits.hpp
[0.545s] -- Up-to-date: /home/pk/najnowsze_przepisywanie/ros_decawave/install/ros_decawave/include/ros_decawave/msg/detail/anchor__traits.hpp
[0.545s] -- Up-to-date: /home/pk/najnowsze_przepisywanie/ros_decawave/install/ros_decawave/include/ros_decawave/msg/detail/acc__builder.hpp
[0.545s] -- Up-to-date: /home/pk/najnowsze_przepisywanie/ros_decawave/install/ros_decawave/include/ros_decawave/msg/detail/anchor_array__traits.hpp
[0.545s] -- Up-to-date: /home/pk/najnowsze_przepisywanie/ros_decawave/install/ros_decawave/include/ros_decawave/msg/detail/tag__traits.hpp
[0.545s] -- Up-to-date: /home/pk/najnowsze_przepisywanie/ros_decawave/install/ros_decawave/include/ros_decawave/msg/detail/tag__struct.hpp
[0.545s] -- Up-to-date: /home/pk/najnowsze_przepisywanie/ros_decawave/install/ros_decawave/include/ros_decawave/msg/detail/anchor__struct.hpp
[0.545s] -- Up-to-date: /home/pk/najnowsze_przepisywanie/ros_decawave/install/ros_decawave/include/ros_decawave/msg/anchor_array.hpp
[0.545s] -- Up-to-date: /home/pk/najnowsze_przepisywanie/ros_decawave/install/ros_decawave/include/ros_decawave/msg/anchor.hpp
[0.546s] -- Up-to-date: /home/pk/najnowsze_przepisywanie/ros_decawave/install/ros_decawave/include/ros_decawave
[0.546s] -- Up-to-date: /home/pk/najnowsze_przepisywanie/ros_decawave/install/ros_decawave/include/ros_decawave/msg
[0.546s] -- Up-to-date: /home/pk/najnowsze_przepisywanie/ros_decawave/install/ros_decawave/include/ros_decawave/msg/detail
[0.546s] -- Up-to-date: /home/pk/najnowsze_przepisywanie/ros_decawave/install/ros_decawave/include/ros_decawave/msg/detail/tag__rosidl_typesupport_introspection_cpp.hpp
[0.546s] -- Up-to-date: /home/pk/najnowsze_przepisywanie/ros_decawave/install/ros_decawave/include/ros_decawave/msg/detail/anchor_array__rosidl_typesupport_introspection_cpp.hpp
[0.546s] -- Up-to-date: /home/pk/najnowsze_przepisywanie/ros_decawave/install/ros_decawave/include/ros_decawave/msg/detail/anchor_array__type_support.cpp
[0.546s] -- Up-to-date: /home/pk/najnowsze_przepisywanie/ros_decawave/install/ros_decawave/include/ros_decawave/msg/detail/anchor__type_support.cpp
[0.546s] -- Up-to-date: /home/pk/najnowsze_przepisywanie/ros_decawave/install/ros_decawave/include/ros_decawave/msg/detail/acc__type_support.cpp
[0.546s] -- Up-to-date: /home/pk/najnowsze_przepisywanie/ros_decawave/install/ros_decawave/include/ros_decawave/msg/detail/anchor__rosidl_typesupport_introspection_cpp.hpp
[0.546s] -- Up-to-date: /home/pk/najnowsze_przepisywanie/ros_decawave/install/ros_decawave/include/ros_decawave/msg/detail/acc__rosidl_typesupport_introspection_cpp.hpp
[0.546s] -- Up-to-date: /home/pk/najnowsze_przepisywanie/ros_decawave/install/ros_decawave/include/ros_decawave/msg/detail/tag__type_support.cpp
[0.546s] -- Up-to-date: /home/pk/najnowsze_przepisywanie/ros_decawave/install/ros_decawave/lib/libros_decawave__rosidl_typesupport_introspection_cpp.so
[0.546s] -- Up-to-date: /home/pk/najnowsze_przepisywanie/ros_decawave/install/ros_decawave/lib/libros_decawave__rosidl_typesupport_cpp.so
[0.547s] -- Up-to-date: /home/pk/najnowsze_przepisywanie/ros_decawave/install/ros_decawave/share/ros_decawave/environment/pythonpath.sh
[0.547s] -- Up-to-date: /home/pk/najnowsze_przepisywanie/ros_decawave/install/ros_decawave/share/ros_decawave/environment/pythonpath.dsv
[0.547s] -- Installing: /home/pk/najnowsze_przepisywanie/ros_decawave/install/ros_decawave/lib/python3.8/site-packages/ros_decawave/__init__.py
[0.580s] Compiling '/home/pk/najnowsze_przepisywanie/ros_decawave/install/ros_decawave/lib/python3.8/site-packages/ros_decawave/__init__.py'...
[0.584s] -- Up-to-date: /home/pk/najnowsze_przepisywanie/ros_decawave/install/ros_decawave/lib/python3.8/site-packages/ros_decawave/msg
[0.584s] -- Up-to-date: /home/pk/najnowsze_przepisywanie/ros_decawave/install/ros_decawave/lib/python3.8/site-packages/ros_decawave/msg/_anchor.py
[0.584s] -- Up-to-date: /home/pk/najnowsze_przepisywanie/ros_decawave/install/ros_decawave/lib/python3.8/site-packages/ros_decawave/msg/__init__.py
[0.584s] -- Up-to-date: /home/pk/najnowsze_przepisywanie/ros_decawave/install/ros_decawave/lib/python3.8/site-packages/ros_decawave/msg/_tag.py
[0.584s] -- Up-to-date: /home/pk/najnowsze_przepisywanie/ros_decawave/install/ros_decawave/lib/python3.8/site-packages/ros_decawave/msg/_acc.py
[0.584s] -- Up-to-date: /home/pk/najnowsze_przepisywanie/ros_decawave/install/ros_decawave/lib/python3.8/site-packages/ros_decawave/msg/_tag_s.c
[0.584s] -- Up-to-date: /home/pk/najnowsze_przepisywanie/ros_decawave/install/ros_decawave/lib/python3.8/site-packages/ros_decawave/msg/_anchor_s.c
[0.584s] -- Up-to-date: /home/pk/najnowsze_przepisywanie/ros_decawave/install/ros_decawave/lib/python3.8/site-packages/ros_decawave/msg/_anchor_array_s.c
[0.584s] -- Up-to-date: /home/pk/najnowsze_przepisywanie/ros_decawave/install/ros_decawave/lib/python3.8/site-packages/ros_decawave/msg/_acc_s.c
[0.584s] -- Up-to-date: /home/pk/najnowsze_przepisywanie/ros_decawave/install/ros_decawave/lib/python3.8/site-packages/ros_decawave/msg/_anchor_array.py
[0.585s] -- Up-to-date: /home/pk/najnowsze_przepisywanie/ros_decawave/install/ros_decawave/lib/python3.8/site-packages/ros_decawave/ros_decawave_s__rosidl_typesupport_fastrtps_c.cpython-38-x86_64-linux-gnu.so
[0.586s] -- Up-to-date: /home/pk/najnowsze_przepisywanie/ros_decawave/install/ros_decawave/lib/python3.8/site-packages/ros_decawave/ros_decawave_s__rosidl_typesupport_introspection_c.cpython-38-x86_64-linux-gnu.so
[0.588s] -- Up-to-date: /home/pk/najnowsze_przepisywanie/ros_decawave/install/ros_decawave/lib/python3.8/site-packages/ros_decawave/ros_decawave_s__rosidl_typesupport_c.cpython-38-x86_64-linux-gnu.so
[0.589s] -- Up-to-date: /home/pk/najnowsze_przepisywanie/ros_decawave/install/ros_decawave/lib/libros_decawave__python.so
[0.589s] -- Up-to-date: /home/pk/najnowsze_przepisywanie/ros_decawave/install/ros_decawave/share/ros_decawave/msg/Acc.idl
[0.589s] -- Up-to-date: /home/pk/najnowsze_przepisywanie/ros_decawave/install/ros_decawave/share/ros_decawave/msg/Anchor.idl
[0.589s] -- Up-to-date: /home/pk/najnowsze_przepisywanie/ros_decawave/install/ros_decawave/share/ros_decawave/msg/AnchorArray.idl
[0.590s] -- Up-to-date: /home/pk/najnowsze_przepisywanie/ros_decawave/install/ros_decawave/share/ros_decawave/msg/Tag.idl
[0.590s] -- Up-to-date: /home/pk/najnowsze_przepisywanie/ros_decawave/install/ros_decawave/share/ros_decawave/msg/Acc.msg
[0.590s] -- Up-to-date: /home/pk/najnowsze_przepisywanie/ros_decawave/install/ros_decawave/share/ros_decawave/msg/Anchor.msg
[0.590s] -- Up-to-date: /home/pk/najnowsze_przepisywanie/ros_decawave/install/ros_decawave/share/ros_decawave/msg/AnchorArray.msg
[0.590s] -- Up-to-date: /home/pk/najnowsze_przepisywanie/ros_decawave/install/ros_decawave/share/ros_decawave/msg/Tag.msg
[0.590s] -- Up-to-date: /home/pk/najnowsze_przepisywanie/ros_decawave/install/ros_decawave/lib/python3.8/site-packages/ros_decawave
[0.590s] -- Installing: /home/pk/najnowsze_przepisywanie/ros_decawave/install/ros_decawave/lib/python3.8/site-packages/ros_decawave/__init__.py
[0.624s] Listing '/home/pk/najnowsze_przepisywanie/ros_decawave/install/ros_decawave/lib/python3.8/site-packages/ros_decawave'...
[0.624s] Compiling '/home/pk/najnowsze_przepisywanie/ros_decawave/install/ros_decawave/lib/python3.8/site-packages/ros_decawave/__init__.py'...
[0.624s] Listing '/home/pk/najnowsze_przepisywanie/ros_decawave/install/ros_decawave/lib/python3.8/site-packages/ros_decawave/msg'...
[0.629s] -- Up-to-date: /home/pk/najnowsze_przepisywanie/ros_decawave/install/ros_decawave/lib/ros_decawave/decawave_driver.py
[0.630s] -- Up-to-date: /home/pk/najnowsze_przepisywanie/ros_decawave/install/ros_decawave/share/ament_index/resource_index/package_run_dependencies/ros_decawave
[0.630s] -- Up-to-date: /home/pk/najnowsze_przepisywanie/ros_decawave/install/ros_decawave/share/ament_index/resource_index/parent_prefix_path/ros_decawave
[0.630s] -- Up-to-date: /home/pk/najnowsze_przepisywanie/ros_decawave/install/ros_decawave/share/ros_decawave/environment/ament_prefix_path.sh
[0.630s] -- Up-to-date: /home/pk/najnowsze_przepisywanie/ros_decawave/install/ros_decawave/share/ros_decawave/environment/ament_prefix_path.dsv
[0.630s] -- Up-to-date: /home/pk/najnowsze_przepisywanie/ros_decawave/install/ros_decawave/share/ros_decawave/environment/path.sh
[0.630s] -- Up-to-date: /home/pk/najnowsze_przepisywanie/ros_decawave/install/ros_decawave/share/ros_decawave/environment/path.dsv
[0.630s] -- Up-to-date: /home/pk/najnowsze_przepisywanie/ros_decawave/install/ros_decawave/share/ros_decawave/local_setup.bash
[0.630s] -- Up-to-date: /home/pk/najnowsze_przepisywanie/ros_decawave/install/ros_decawave/share/ros_decawave/local_setup.sh
[0.630s] -- Up-to-date: /home/pk/najnowsze_przepisywanie/ros_decawave/install/ros_decawave/share/ros_decawave/local_setup.zsh
[0.630s] -- Up-to-date: /home/pk/najnowsze_przepisywanie/ros_decawave/install/ros_decawave/share/ros_decawave/local_setup.dsv
[0.630s] -- Installing: /home/pk/najnowsze_przepisywanie/ros_decawave/install/ros_decawave/share/ros_decawave/package.dsv
[0.631s] -- Up-to-date: /home/pk/najnowsze_przepisywanie/ros_decawave/install/ros_decawave/share/ament_index/resource_index/packages/ros_decawave
[0.631s] -- Up-to-date: /home/pk/najnowsze_przepisywanie/ros_decawave/install/ros_decawave/share/ros_decawave/cmake/ros_decawave__rosidl_generator_cExport.cmake
[0.631s] -- Up-to-date: /home/pk/najnowsze_przepisywanie/ros_decawave/install/ros_decawave/share/ros_decawave/cmake/ros_decawave__rosidl_generator_cExport-noconfig.cmake
[0.632s] -- Up-to-date: /home/pk/najnowsze_przepisywanie/ros_decawave/install/ros_decawave/share/ros_decawave/cmake/ros_decawave__rosidl_typesupport_introspection_cExport.cmake
[0.632s] -- Up-to-date: /home/pk/najnowsze_przepisywanie/ros_decawave/install/ros_decawave/share/ros_decawave/cmake/ros_decawave__rosidl_typesupport_introspection_cExport-noconfig.cmake
[0.632s] -- Up-to-date: /home/pk/najnowsze_przepisywanie/ros_decawave/install/ros_decawave/share/ros_decawave/cmake/ros_decawave__rosidl_typesupport_cExport.cmake
[0.632s] -- Up-to-date: /home/pk/najnowsze_przepisywanie/ros_decawave/install/ros_decawave/share/ros_decawave/cmake/ros_decawave__rosidl_typesupport_cExport-noconfig.cmake
[0.633s] -- Up-to-date: /home/pk/najnowsze_przepisywanie/ros_decawave/install/ros_decawave/share/ros_decawave/cmake/ros_decawave__rosidl_generator_cppExport.cmake
[0.633s] -- Up-to-date: /home/pk/najnowsze_przepisywanie/ros_decawave/install/ros_decawave/share/ros_decawave/cmake/ros_decawave__rosidl_typesupport_introspection_cppExport.cmake
[0.634s] -- Up-to-date: /home/pk/najnowsze_przepisywanie/ros_decawave/install/ros_decawave/share/ros_decawave/cmake/ros_decawave__rosidl_typesupport_introspection_cppExport-noconfig.cmake
[0.634s] -- Up-to-date: /home/pk/najnowsze_przepisywanie/ros_decawave/install/ros_decawave/share/ros_decawave/cmake/ros_decawave__rosidl_typesupport_cppExport.cmake
[0.634s] -- Up-to-date: /home/pk/najnowsze_przepisywanie/ros_decawave/install/ros_decawave/share/ros_decawave/cmake/ros_decawave__rosidl_typesupport_cppExport-noconfig.cmake
[0.634s] -- Up-to-date: /home/pk/najnowsze_przepisywanie/ros_decawave/install/ros_decawave/share/ros_decawave/cmake/rosidl_cmake-extras.cmake
[0.634s] -- Up-to-date: /home/pk/najnowsze_przepisywanie/ros_decawave/install/ros_decawave/share/ros_decawave/cmake/ament_cmake_export_dependencies-extras.cmake
[0.635s] -- Up-to-date: /home/pk/najnowsze_przepisywanie/ros_decawave/install/ros_decawave/share/ros_decawave/cmake/ament_cmake_export_libraries-extras.cmake
[0.635s] -- Up-to-date: /home/pk/najnowsze_przepisywanie/ros_decawave/install/ros_decawave/share/ros_decawave/cmake/ament_cmake_export_targets-extras.cmake
[0.635s] -- Up-to-date: /home/pk/najnowsze_przepisywanie/ros_decawave/install/ros_decawave/share/ros_decawave/cmake/ament_cmake_export_include_directories-extras.cmake
[0.635s] -- Up-to-date: /home/pk/najnowsze_przepisywanie/ros_decawave/install/ros_decawave/share/ros_decawave/cmake/rosidl_cmake_export_typesupport_libraries-extras.cmake
[0.635s] -- Up-to-date: /home/pk/najnowsze_przepisywanie/ros_decawave/install/ros_decawave/share/ros_decawave/cmake/rosidl_cmake_export_typesupport_targets-extras.cmake
[0.635s] -- Up-to-date: /home/pk/najnowsze_przepisywanie/ros_decawave/install/ros_decawave/share/ros_decawave/cmake/ros_decawaveConfig.cmake
[0.635s] -- Up-to-date: /home/pk/najnowsze_przepisywanie/ros_decawave/install/ros_decawave/share/ros_decawave/cmake/ros_decawaveConfig-version.cmake
[0.635s] -- Up-to-date: /home/pk/najnowsze_przepisywanie/ros_decawave/install/ros_decawave/share/ros_decawave/package.xml
[0.638s] Invoked command in '/home/pk/najnowsze_przepisywanie/ros_decawave/build/ros_decawave' returned '0': CMAKE_PREFIX_PATH=/opt/ros/foxy /usr/bin/cmake --install /home/pk/najnowsze_przepisywanie/ros_decawave/build/ros_decawave
