[0.018s] Invoking command in '/home/pk/najnowsze_przepisywanie/ros_decawave/build/ros_decawave': CMAKE_PREFIX_PATH=${CMAKE_PREFIX_PATH}:/opt/ros/foxy /usr/bin/cmake --build /home/pk/najnowsze_przepisywanie/ros_decawave/build/ros_decawave -- -j8 -l8
[0.073s] [  1%] Built target ros_decawave__cpp
[0.074s] [ 12%] Built target ros_decawave__rosidl_generator_c
[0.100s] [ 32%] Built target ros_decawave__rosidl_typesupport_c
[0.100s] [ 34%] Built target ros_decawave__rosidl_typesupport_introspection_cpp
[0.103s] [ 45%] Built target ros_decawave__rosidl_typesupport_cpp
[0.104s] [ 56%] Built target ros_decawave__rosidl_typesupport_introspection_c
[0.113s] [ 67%] Built target ros_decawave__rosidl_typesupport_fastrtps_cpp
[0.143s] [ 78%] Built target ros_decawave__rosidl_typesupport_fastrtps_c
[0.164s] [ 78%] Built target ros_decawave
[0.186s] [ 80%] Built target ros_decawave__py
[0.217s] [ 89%] Built target ros_decawave__python
[0.247s] [100%] Built target ros_decawave__rosidl_typesupport_c__pyext
[0.247s] [100%] Built target ros_decawave__rosidl_typesupport_introspection_c__pyext
[0.247s] [100%] Built target ros_decawave__rosidl_typesupport_fastrtps_c__pyext
[0.259s] Invoked command in '/home/pk/najnowsze_przepisywanie/ros_decawave/build/ros_decawave' returned '0': CMAKE_PREFIX_PATH=${CMAKE_PREFIX_PATH}:/opt/ros/foxy /usr/bin/cmake --build /home/pk/najnowsze_przepisywanie/ros_decawave/build/ros_decawave -- -j8 -l8
[0.376s] Invoking command in '/home/pk/najnowsze_przepisywanie/ros_decawave/build/ros_decawave': CMAKE_PREFIX_PATH=${CMAKE_PREFIX_PATH}:/opt/ros/foxy /usr/bin/cmake --install /home/pk/najnowsze_przepisywanie/ros_decawave/build/ros_decawave
[0.386s] -- Install configuration: ""
[0.387s] -- Up-to-date: /home/pk/najnowsze_przepisywanie/ros_decawave/install/ros_decawave/share/ament_index/resource_index/rosidl_interfaces/ros_decawave
[0.387s] -- Up-to-date: /home/pk/najnowsze_przepisywanie/ros_decawave/install/ros_decawave/include/ros_decawave
[0.387s] -- Up-to-date: /home/pk/najnowsze_przepisywanie/ros_decawave/install/ros_decawave/include/ros_decawave/msg
[0.387s] -- Up-to-date: /home/pk/najnowsze_przepisywanie/ros_decawave/install/ros_decawave/include/ros_decawave/msg/anchor.h
[0.387s] -- Up-to-date: /home/pk/najnowsze_przepisywanie/ros_decawave/install/ros_decawave/include/ros_decawave/msg/rosidl_generator_c__visibility_control.h
[0.387s] -- Up-to-date: /home/pk/najnowsze_przepisywanie/ros_decawave/install/ros_decawave/include/ros_decawave/msg/detail
[0.387s] -- Up-to-date: /home/pk/najnowsze_przepisywanie/ros_decawave/install/ros_decawave/include/ros_decawave/msg/detail/anchor_array__struct.h
[0.387s] -- Up-to-date: /home/pk/najnowsze_przepisywanie/ros_decawave/install/ros_decawave/include/ros_decawave/msg/detail/tag__functions.c
[0.388s] -- Up-to-date: /home/pk/najnowsze_przepisywanie/ros_decawave/install/ros_decawave/include/ros_decawave/msg/detail/tag__struct.h
[0.388s] -- Up-to-date: /home/pk/najnowsze_przepisywanie/ros_decawave/install/ros_decawave/include/ros_decawave/msg/detail/anchor__functions.h
[0.388s] -- Up-to-date: /home/pk/najnowsze_przepisywanie/ros_decawave/install/ros_decawave/include/ros_decawave/msg/detail/anchor_array__functions.h
[0.388s] -- Up-to-date: /home/pk/najnowsze_przepisywanie/ros_decawave/install/ros_decawave/include/ros_decawave/msg/detail/acc__functions.h
[0.388s] -- Up-to-date: /home/pk/najnowsze_przepisywanie/ros_decawave/install/ros_decawave/include/ros_decawave/msg/detail/tag__type_support.h
[0.388s] -- Up-to-date: /home/pk/najnowsze_przepisywanie/ros_decawave/install/ros_decawave/include/ros_decawave/msg/detail/anchor__struct.h
[0.388s] -- Up-to-date: /home/pk/najnowsze_przepisywanie/ros_decawave/install/ros_decawave/include/ros_decawave/msg/detail/acc__functions.c
[0.388s] -- Up-to-date: /home/pk/najnowsze_przepisywanie/ros_decawave/install/ros_decawave/include/ros_decawave/msg/detail/tag__functions.h
[0.388s] -- Up-to-date: /home/pk/najnowsze_przepisywanie/ros_decawave/install/ros_decawave/include/ros_decawave/msg/detail/anchor__type_support.h
[0.388s] -- Up-to-date: /home/pk/najnowsze_przepisywanie/ros_decawave/install/ros_decawave/include/ros_decawave/msg/detail/anchor_array__functions.c
[0.388s] -- Up-to-date: /home/pk/najnowsze_przepisywanie/ros_decawave/install/ros_decawave/include/ros_decawave/msg/detail/anchor_array__type_support.h
[0.389s] -- Up-to-date: /home/pk/najnowsze_przepisywanie/ros_decawave/install/ros_decawave/include/ros_decawave/msg/detail/anchor__functions.c
[0.389s] -- Up-to-date: /home/pk/najnowsze_przepisywanie/ros_decawave/install/ros_decawave/include/ros_decawave/msg/detail/acc__type_support.h
[0.389s] -- Up-to-date: /home/pk/najnowsze_przepisywanie/ros_decawave/install/ros_decawave/include/ros_decawave/msg/detail/acc__struct.h
[0.389s] -- Up-to-date: /home/pk/najnowsze_przepisywanie/ros_decawave/install/ros_decawave/include/ros_decawave/msg/anchor_array.h
[0.389s] -- Up-to-date: /home/pk/najnowsze_przepisywanie/ros_decawave/install/ros_decawave/include/ros_decawave/msg/tag.h
[0.389s] -- Up-to-date: /home/pk/najnowsze_przepisywanie/ros_decawave/install/ros_decawave/include/ros_decawave/msg/acc.h
[0.389s] -- Up-to-date: /home/pk/najnowsze_przepisywanie/ros_decawave/install/ros_decawave/share/ros_decawave/environment/library_path.sh
[0.389s] -- Up-to-date: /home/pk/najnowsze_przepisywanie/ros_decawave/install/ros_decawave/share/ros_decawave/environment/library_path.dsv
[0.389s] -- Up-to-date: /home/pk/najnowsze_przepisywanie/ros_decawave/install/ros_decawave/lib/libros_decawave__rosidl_generator_c.so
[0.389s] -- Up-to-date: /home/pk/najnowsze_przepisywanie/ros_decawave/install/ros_decawave/include/ros_decawave
[0.389s] -- Up-to-date: /home/pk/najnowsze_przepisywanie/ros_decawave/install/ros_decawave/include/ros_decawave/msg
[0.390s] -- Up-to-date: /home/pk/najnowsze_przepisywanie/ros_decawave/install/ros_decawave/include/ros_decawave/msg/detail
[0.390s] -- Up-to-date: /home/pk/najnowsze_przepisywanie/ros_decawave/install/ros_decawave/include/ros_decawave/msg/detail/tag__rosidl_typesupport_fastrtps_c.h
[0.390s] -- Up-to-date: /home/pk/najnowsze_przepisywanie/ros_decawave/install/ros_decawave/include/ros_decawave/msg/detail/anchor_array__rosidl_typesupport_fastrtps_c.h
[0.390s] -- Up-to-date: /home/pk/najnowsze_przepisywanie/ros_decawave/install/ros_decawave/include/ros_decawave/msg/detail/acc__rosidl_typesupport_fastrtps_c.h
[0.390s] -- Up-to-date: /home/pk/najnowsze_przepisywanie/ros_decawave/install/ros_decawave/include/ros_decawave/msg/detail/anchor__rosidl_typesupport_fastrtps_c.h
[0.390s] -- Up-to-date: /home/pk/najnowsze_przepisywanie/ros_decawave/install/ros_decawave/include/ros_decawave/msg/rosidl_typesupport_fastrtps_c__visibility_control.h
[0.390s] -- Up-to-date: /home/pk/najnowsze_przepisywanie/ros_decawave/install/ros_decawave/lib/libros_decawave__rosidl_typesupport_fastrtps_c.so
[0.390s] -- Up-to-date: /home/pk/najnowsze_przepisywanie/ros_decawave/install/ros_decawave/include/ros_decawave
[0.390s] -- Up-to-date: /home/pk/najnowsze_przepisywanie/ros_decawave/install/ros_decawave/include/ros_decawave/msg
[0.390s] -- Up-to-date: /home/pk/najnowsze_przepisywanie/ros_decawave/install/ros_decawave/include/ros_decawave/msg/detail
[0.391s] -- Up-to-date: /home/pk/najnowsze_przepisywanie/ros_decawave/install/ros_decawave/include/ros_decawave/msg/detail/tag__rosidl_typesupport_fastrtps_cpp.hpp
[0.391s] -- Up-to-date: /home/pk/najnowsze_przepisywanie/ros_decawave/install/ros_decawave/include/ros_decawave/msg/detail/acc__rosidl_typesupport_fastrtps_cpp.hpp
[0.391s] -- Up-to-date: /home/pk/najnowsze_przepisywanie/ros_decawave/install/ros_decawave/include/ros_decawave/msg/detail/dds_fastrtps
[0.391s] -- Up-to-date: /home/pk/najnowsze_przepisywanie/ros_decawave/install/ros_decawave/include/ros_decawave/msg/detail/anchor__rosidl_typesupport_fastrtps_cpp.hpp
[0.391s] -- Up-to-date: /home/pk/najnowsze_przepisywanie/ros_decawave/install/ros_decawave/include/ros_decawave/msg/detail/anchor_array__rosidl_typesupport_fastrtps_cpp.hpp
[0.391s] -- Up-to-date: /home/pk/najnowsze_przepisywanie/ros_decawave/install/ros_decawave/include/ros_decawave/msg/rosidl_typesupport_fastrtps_cpp__visibility_control.h
[0.391s] -- Up-to-date: /home/pk/najnowsze_przepisywanie/ros_decawave/install/ros_decawave/lib/libros_decawave__rosidl_typesupport_fastrtps_cpp.so
[0.391s] -- Up-to-date: /home/pk/najnowsze_przepisywanie/ros_decawave/install/ros_decawave/include/ros_decawave
[0.391s] -- Up-to-date: /home/pk/najnowsze_przepisywanie/ros_decawave/install/ros_decawave/include/ros_decawave/msg
[0.391s] -- Up-to-date: /home/pk/najnowsze_przepisywanie/ros_decawave/install/ros_decawave/include/ros_decawave/msg/detail
[0.391s] -- Up-to-date: /home/pk/najnowsze_przepisywanie/ros_decawave/install/ros_decawave/include/ros_decawave/msg/detail/anchor_array__rosidl_typesupport_introspection_c.h
[0.391s] -- Up-to-date: /home/pk/najnowsze_przepisywanie/ros_decawave/install/ros_decawave/include/ros_decawave/msg/detail/anchor_array__type_support.c
[0.392s] -- Up-to-date: /home/pk/najnowsze_przepisywanie/ros_decawave/install/ros_decawave/include/ros_decawave/msg/detail/anchor__rosidl_typesupport_introspection_c.h
[0.392s] -- Up-to-date: /home/pk/najnowsze_przepisywanie/ros_decawave/install/ros_decawave/include/ros_decawave/msg/detail/acc__rosidl_typesupport_introspection_c.h
[0.392s] -- Up-to-date: /home/pk/najnowsze_przepisywanie/ros_decawave/install/ros_decawave/include/ros_decawave/msg/detail/tag__type_support.c
[0.392s] -- Up-to-date: /home/pk/najnowsze_przepisywanie/ros_decawave/install/ros_decawave/include/ros_decawave/msg/detail/acc__type_support.c
[0.392s] -- Up-to-date: /home/pk/najnowsze_przepisywanie/ros_decawave/install/ros_decawave/include/ros_decawave/msg/detail/anchor__type_support.c
[0.392s] -- Up-to-date: /home/pk/najnowsze_przepisywanie/ros_decawave/install/ros_decawave/include/ros_decawave/msg/detail/tag__rosidl_typesupport_introspection_c.h
[0.392s] -- Up-to-date: /home/pk/najnowsze_przepisywanie/ros_decawave/install/ros_decawave/include/ros_decawave/msg/rosidl_typesupport_introspection_c__visibility_control.h
[0.392s] -- Up-to-date: /home/pk/najnowsze_przepisywanie/ros_decawave/install/ros_decawave/lib/libros_decawave__rosidl_typesupport_introspection_c.so
[0.392s] -- Up-to-date: /home/pk/najnowsze_przepisywanie/ros_decawave/install/ros_decawave/lib/libros_decawave__rosidl_typesupport_c.so
[0.392s] -- Up-to-date: /home/pk/najnowsze_przepisywanie/ros_decawave/install/ros_decawave/include/ros_decawave
[0.392s] -- Up-to-date: /home/pk/najnowsze_przepisywanie/ros_decawave/install/ros_decawave/include/ros_decawave/msg
[0.392s] -- Up-to-date: /home/pk/najnowsze_przepisywanie/ros_decawave/install/ros_decawave/include/ros_decawave/msg/acc.hpp
[0.392s] -- Up-to-date: /home/pk/najnowsze_przepisywanie/ros_decawave/install/ros_decawave/include/ros_decawave/msg/tag.hpp
[0.393s] -- Up-to-date: /home/pk/najnowsze_przepisywanie/ros_decawave/install/ros_decawave/include/ros_decawave/msg/detail
[0.393s] -- Up-to-date: /home/pk/najnowsze_przepisywanie/ros_decawave/install/ros_decawave/include/ros_decawave/msg/detail/tag__builder.hpp
[0.393s] -- Up-to-date: /home/pk/najnowsze_przepisywanie/ros_decawave/install/ros_decawave/include/ros_decawave/msg/detail/anchor_array__struct.hpp
[0.393s] -- Up-to-date: /home/pk/najnowsze_przepisywanie/ros_decawave/install/ros_decawave/include/ros_decawave/msg/detail/acc__struct.hpp
[0.393s] -- Up-to-date: /home/pk/najnowsze_przepisywanie/ros_decawave/install/ros_decawave/include/ros_decawave/msg/detail/anchor__builder.hpp
[0.393s] -- Up-to-date: /home/pk/najnowsze_przepisywanie/ros_decawave/install/ros_decawave/include/ros_decawave/msg/detail/anchor_array__builder.hpp
[0.393s] -- Up-to-date: /home/pk/najnowsze_przepisywanie/ros_decawave/install/ros_decawave/include/ros_decawave/msg/detail/acc__traits.hpp
[0.393s] -- Up-to-date: /home/pk/najnowsze_przepisywanie/ros_decawave/install/ros_decawave/include/ros_decawave/msg/detail/anchor__traits.hpp
[0.393s] -- Up-to-date: /home/pk/najnowsze_przepisywanie/ros_decawave/install/ros_decawave/include/ros_decawave/msg/detail/acc__builder.hpp
[0.393s] -- Up-to-date: /home/pk/najnowsze_przepisywanie/ros_decawave/install/ros_decawave/include/ros_decawave/msg/detail/anchor_array__traits.hpp
[0.393s] -- Up-to-date: /home/pk/najnowsze_przepisywanie/ros_decawave/install/ros_decawave/include/ros_decawave/msg/detail/tag__traits.hpp
[0.393s] -- Up-to-date: /home/pk/najnowsze_przepisywanie/ros_decawave/install/ros_decawave/include/ros_decawave/msg/detail/tag__struct.hpp
[0.393s] -- Up-to-date: /home/pk/najnowsze_przepisywanie/ros_decawave/install/ros_decawave/include/ros_decawave/msg/detail/anchor__struct.hpp
[0.393s] -- Up-to-date: /home/pk/najnowsze_przepisywanie/ros_decawave/install/ros_decawave/include/ros_decawave/msg/anchor_array.hpp
[0.394s] -- Up-to-date: /home/pk/najnowsze_przepisywanie/ros_decawave/install/ros_decawave/include/ros_decawave/msg/anchor.hpp
[0.394s] -- Up-to-date: /home/pk/najnowsze_przepisywanie/ros_decawave/install/ros_decawave/include/ros_decawave
[0.394s] -- Up-to-date: /home/pk/najnowsze_przepisywanie/ros_decawave/install/ros_decawave/include/ros_decawave/msg
[0.394s] -- Up-to-date: /home/pk/najnowsze_przepisywanie/ros_decawave/install/ros_decawave/include/ros_decawave/msg/detail
[0.394s] -- Up-to-date: /home/pk/najnowsze_przepisywanie/ros_decawave/install/ros_decawave/include/ros_decawave/msg/detail/tag__rosidl_typesupport_introspection_cpp.hpp
[0.394s] -- Up-to-date: /home/pk/najnowsze_przepisywanie/ros_decawave/install/ros_decawave/include/ros_decawave/msg/detail/anchor_array__rosidl_typesupport_introspection_cpp.hpp
[0.394s] -- Up-to-date: /home/pk/najnowsze_przepisywanie/ros_decawave/install/ros_decawave/include/ros_decawave/msg/detail/anchor_array__type_support.cpp
[0.394s] -- Up-to-date: /home/pk/najnowsze_przepisywanie/ros_decawave/install/ros_decawave/include/ros_decawave/msg/detail/anchor__type_support.cpp
[0.394s] -- Up-to-date: /home/pk/najnowsze_przepisywanie/ros_decawave/install/ros_decawave/include/ros_decawave/msg/detail/acc__type_support.cpp
[0.394s] -- Up-to-date: /home/pk/najnowsze_przepisywanie/ros_decawave/install/ros_decawave/include/ros_decawave/msg/detail/anchor__rosidl_typesupport_introspection_cpp.hpp
[0.394s] -- Up-to-date: /home/pk/najnowsze_przepisywanie/ros_decawave/install/ros_decawave/include/ros_decawave/msg/detail/acc__rosidl_typesupport_introspection_cpp.hpp
[0.394s] -- Up-to-date: /home/pk/najnowsze_przepisywanie/ros_decawave/install/ros_decawave/include/ros_decawave/msg/detail/tag__type_support.cpp
[0.394s] -- Up-to-date: /home/pk/najnowsze_przepisywanie/ros_decawave/install/ros_decawave/lib/libros_decawave__rosidl_typesupport_introspection_cpp.so
[0.394s] -- Up-to-date: /home/pk/najnowsze_przepisywanie/ros_decawave/install/ros_decawave/lib/libros_decawave__rosidl_typesupport_cpp.so
[0.395s] -- Up-to-date: /home/pk/najnowsze_przepisywanie/ros_decawave/install/ros_decawave/share/ros_decawave/environment/pythonpath.sh
[0.395s] -- Up-to-date: /home/pk/najnowsze_przepisywanie/ros_decawave/install/ros_decawave/share/ros_decawave/environment/pythonpath.dsv
[0.395s] -- Installing: /home/pk/najnowsze_przepisywanie/ros_decawave/install/ros_decawave/lib/python3.8/site-packages/ros_decawave/__init__.py
[0.422s] Compiling '/home/pk/najnowsze_przepisywanie/ros_decawave/install/ros_decawave/lib/python3.8/site-packages/ros_decawave/__init__.py'...
[0.427s] -- Up-to-date: /home/pk/najnowsze_przepisywanie/ros_decawave/install/ros_decawave/lib/python3.8/site-packages/ros_decawave/msg
[0.427s] -- Up-to-date: /home/pk/najnowsze_przepisywanie/ros_decawave/install/ros_decawave/lib/python3.8/site-packages/ros_decawave/msg/_anchor.py
[0.427s] -- Up-to-date: /home/pk/najnowsze_przepisywanie/ros_decawave/install/ros_decawave/lib/python3.8/site-packages/ros_decawave/msg/__init__.py
[0.427s] -- Up-to-date: /home/pk/najnowsze_przepisywanie/ros_decawave/install/ros_decawave/lib/python3.8/site-packages/ros_decawave/msg/_tag.py
[0.427s] -- Up-to-date: /home/pk/najnowsze_przepisywanie/ros_decawave/install/ros_decawave/lib/python3.8/site-packages/ros_decawave/msg/_acc.py
[0.427s] -- Up-to-date: /home/pk/najnowsze_przepisywanie/ros_decawave/install/ros_decawave/lib/python3.8/site-packages/ros_decawave/msg/_tag_s.c
[0.428s] -- Up-to-date: /home/pk/najnowsze_przepisywanie/ros_decawave/install/ros_decawave/lib/python3.8/site-packages/ros_decawave/msg/_anchor_s.c
[0.428s] -- Up-to-date: /home/pk/najnowsze_przepisywanie/ros_decawave/install/ros_decawave/lib/python3.8/site-packages/ros_decawave/msg/_anchor_array_s.c
[0.428s] -- Up-to-date: /home/pk/najnowsze_przepisywanie/ros_decawave/install/ros_decawave/lib/python3.8/site-packages/ros_decawave/msg/_acc_s.c
[0.428s] -- Up-to-date: /home/pk/najnowsze_przepisywanie/ros_decawave/install/ros_decawave/lib/python3.8/site-packages/ros_decawave/msg/_anchor_array.py
[0.428s] -- Up-to-date: /home/pk/najnowsze_przepisywanie/ros_decawave/install/ros_decawave/lib/python3.8/site-packages/ros_decawave/ros_decawave_s__rosidl_typesupport_fastrtps_c.cpython-38-x86_64-linux-gnu.so
[0.428s] -- Up-to-date: /home/pk/najnowsze_przepisywanie/ros_decawave/install/ros_decawave/lib/python3.8/site-packages/ros_decawave/ros_decawave_s__rosidl_typesupport_introspection_c.cpython-38-x86_64-linux-gnu.so
[0.429s] -- Up-to-date: /home/pk/najnowsze_przepisywanie/ros_decawave/install/ros_decawave/lib/python3.8/site-packages/ros_decawave/ros_decawave_s__rosidl_typesupport_c.cpython-38-x86_64-linux-gnu.so
[0.429s] -- Up-to-date: /home/pk/najnowsze_przepisywanie/ros_decawave/install/ros_decawave/lib/libros_decawave__python.so
[0.430s] -- Up-to-date: /home/pk/najnowsze_przepisywanie/ros_decawave/install/ros_decawave/share/ros_decawave/msg/Acc.idl
[0.430s] -- Up-to-date: /home/pk/najnowsze_przepisywanie/ros_decawave/install/ros_decawave/share/ros_decawave/msg/Anchor.idl
[0.430s] -- Up-to-date: /home/pk/najnowsze_przepisywanie/ros_decawave/install/ros_decawave/share/ros_decawave/msg/AnchorArray.idl
[0.430s] -- Up-to-date: /home/pk/najnowsze_przepisywanie/ros_decawave/install/ros_decawave/share/ros_decawave/msg/Tag.idl
[0.430s] -- Up-to-date: /home/pk/najnowsze_przepisywanie/ros_decawave/install/ros_decawave/share/ros_decawave/msg/Acc.msg
[0.430s] -- Up-to-date: /home/pk/najnowsze_przepisywanie/ros_decawave/install/ros_decawave/share/ros_decawave/msg/Anchor.msg
[0.431s] -- Up-to-date: /home/pk/najnowsze_przepisywanie/ros_decawave/install/ros_decawave/share/ros_decawave/msg/AnchorArray.msg
[0.431s] -- Up-to-date: /home/pk/najnowsze_przepisywanie/ros_decawave/install/ros_decawave/share/ros_decawave/msg/Tag.msg
[0.431s] -- Up-to-date: /home/pk/najnowsze_przepisywanie/ros_decawave/install/ros_decawave/lib/python3.8/site-packages/ros_decawave
[0.431s] -- Installing: /home/pk/najnowsze_przepisywanie/ros_decawave/install/ros_decawave/lib/python3.8/site-packages/ros_decawave/__init__.py
[0.461s] Listing '/home/pk/najnowsze_przepisywanie/ros_decawave/install/ros_decawave/lib/python3.8/site-packages/ros_decawave'...
[0.462s] Compiling '/home/pk/najnowsze_przepisywanie/ros_decawave/install/ros_decawave/lib/python3.8/site-packages/ros_decawave/__init__.py'...
[0.462s] Listing '/home/pk/najnowsze_przepisywanie/ros_decawave/install/ros_decawave/lib/python3.8/site-packages/ros_decawave/msg'...
[0.466s] -- Installing: /home/pk/najnowsze_przepisywanie/ros_decawave/install/ros_decawave/lib/ros_decawave/decawave_driver.py
[0.466s] -- Up-to-date: /home/pk/najnowsze_przepisywanie/ros_decawave/install/ros_decawave/share/ament_index/resource_index/package_run_dependencies/ros_decawave
[0.466s] -- Up-to-date: /home/pk/najnowsze_przepisywanie/ros_decawave/install/ros_decawave/share/ament_index/resource_index/parent_prefix_path/ros_decawave
[0.466s] -- Up-to-date: /home/pk/najnowsze_przepisywanie/ros_decawave/install/ros_decawave/share/ros_decawave/environment/ament_prefix_path.sh
[0.466s] -- Up-to-date: /home/pk/najnowsze_przepisywanie/ros_decawave/install/ros_decawave/share/ros_decawave/environment/ament_prefix_path.dsv
[0.467s] -- Up-to-date: /home/pk/najnowsze_przepisywanie/ros_decawave/install/ros_decawave/share/ros_decawave/environment/path.sh
[0.467s] -- Up-to-date: /home/pk/najnowsze_przepisywanie/ros_decawave/install/ros_decawave/share/ros_decawave/environment/path.dsv
[0.467s] -- Up-to-date: /home/pk/najnowsze_przepisywanie/ros_decawave/install/ros_decawave/share/ros_decawave/local_setup.bash
[0.467s] -- Up-to-date: /home/pk/najnowsze_przepisywanie/ros_decawave/install/ros_decawave/share/ros_decawave/local_setup.sh
[0.467s] -- Up-to-date: /home/pk/najnowsze_przepisywanie/ros_decawave/install/ros_decawave/share/ros_decawave/local_setup.zsh
[0.467s] -- Up-to-date: /home/pk/najnowsze_przepisywanie/ros_decawave/install/ros_decawave/share/ros_decawave/local_setup.dsv
[0.468s] -- Installing: /home/pk/najnowsze_przepisywanie/ros_decawave/install/ros_decawave/share/ros_decawave/package.dsv
[0.468s] -- Up-to-date: /home/pk/najnowsze_przepisywanie/ros_decawave/install/ros_decawave/share/ament_index/resource_index/packages/ros_decawave
[0.468s] -- Up-to-date: /home/pk/najnowsze_przepisywanie/ros_decawave/install/ros_decawave/share/ros_decawave/cmake/ros_decawave__rosidl_generator_cExport.cmake
[0.468s] -- Up-to-date: /home/pk/najnowsze_przepisywanie/ros_decawave/install/ros_decawave/share/ros_decawave/cmake/ros_decawave__rosidl_generator_cExport-noconfig.cmake
[0.468s] -- Up-to-date: /home/pk/najnowsze_przepisywanie/ros_decawave/install/ros_decawave/share/ros_decawave/cmake/ros_decawave__rosidl_typesupport_introspection_cExport.cmake
[0.468s] -- Up-to-date: /home/pk/najnowsze_przepisywanie/ros_decawave/install/ros_decawave/share/ros_decawave/cmake/ros_decawave__rosidl_typesupport_introspection_cExport-noconfig.cmake
[0.468s] -- Up-to-date: /home/pk/najnowsze_przepisywanie/ros_decawave/install/ros_decawave/share/ros_decawave/cmake/ros_decawave__rosidl_typesupport_cExport.cmake
[0.469s] -- Up-to-date: /home/pk/najnowsze_przepisywanie/ros_decawave/install/ros_decawave/share/ros_decawave/cmake/ros_decawave__rosidl_typesupport_cExport-noconfig.cmake
[0.469s] -- Up-to-date: /home/pk/najnowsze_przepisywanie/ros_decawave/install/ros_decawave/share/ros_decawave/cmake/ros_decawave__rosidl_generator_cppExport.cmake
[0.469s] -- Up-to-date: /home/pk/najnowsze_przepisywanie/ros_decawave/install/ros_decawave/share/ros_decawave/cmake/ros_decawave__rosidl_typesupport_introspection_cppExport.cmake
[0.469s] -- Up-to-date: /home/pk/najnowsze_przepisywanie/ros_decawave/install/ros_decawave/share/ros_decawave/cmake/ros_decawave__rosidl_typesupport_introspection_cppExport-noconfig.cmake
[0.469s] -- Up-to-date: /home/pk/najnowsze_przepisywanie/ros_decawave/install/ros_decawave/share/ros_decawave/cmake/ros_decawave__rosidl_typesupport_cppExport.cmake
[0.469s] -- Up-to-date: /home/pk/najnowsze_przepisywanie/ros_decawave/install/ros_decawave/share/ros_decawave/cmake/ros_decawave__rosidl_typesupport_cppExport-noconfig.cmake
[0.470s] -- Up-to-date: /home/pk/najnowsze_przepisywanie/ros_decawave/install/ros_decawave/share/ros_decawave/cmake/rosidl_cmake-extras.cmake
[0.470s] -- Up-to-date: /home/pk/najnowsze_przepisywanie/ros_decawave/install/ros_decawave/share/ros_decawave/cmake/ament_cmake_export_dependencies-extras.cmake
[0.470s] -- Up-to-date: /home/pk/najnowsze_przepisywanie/ros_decawave/install/ros_decawave/share/ros_decawave/cmake/ament_cmake_export_libraries-extras.cmake
[0.470s] -- Up-to-date: /home/pk/najnowsze_przepisywanie/ros_decawave/install/ros_decawave/share/ros_decawave/cmake/ament_cmake_export_targets-extras.cmake
[0.470s] -- Up-to-date: /home/pk/najnowsze_przepisywanie/ros_decawave/install/ros_decawave/share/ros_decawave/cmake/ament_cmake_export_include_directories-extras.cmake
[0.470s] -- Up-to-date: /home/pk/najnowsze_przepisywanie/ros_decawave/install/ros_decawave/share/ros_decawave/cmake/rosidl_cmake_export_typesupport_libraries-extras.cmake
[0.470s] -- Up-to-date: /home/pk/najnowsze_przepisywanie/ros_decawave/install/ros_decawave/share/ros_decawave/cmake/rosidl_cmake_export_typesupport_targets-extras.cmake
[0.470s] -- Up-to-date: /home/pk/najnowsze_przepisywanie/ros_decawave/install/ros_decawave/share/ros_decawave/cmake/ros_decawaveConfig.cmake
[0.470s] -- Up-to-date: /home/pk/najnowsze_przepisywanie/ros_decawave/install/ros_decawave/share/ros_decawave/cmake/ros_decawaveConfig-version.cmake
[0.471s] -- Up-to-date: /home/pk/najnowsze_przepisywanie/ros_decawave/install/ros_decawave/share/ros_decawave/package.xml
[0.472s] Invoked command in '/home/pk/najnowsze_przepisywanie/ros_decawave/build/ros_decawave' returned '0': CMAKE_PREFIX_PATH=${CMAKE_PREFIX_PATH}:/opt/ros/foxy /usr/bin/cmake --install /home/pk/najnowsze_przepisywanie/ros_decawave/build/ros_decawave
