[0.184s] DEBUG:colcon:Command line arguments: ['/usr/bin/colcon', 'build']
[0.184s] DEBUG:colcon:Parsed command line arguments: Namespace(allow_overriding=[], ament_cmake_args=None, base_paths=['.'], build_base='build', catkin_cmake_args=None, catkin_skip_building_tests=False, cmake_args=None, cmake_clean_cache=False, cmake_clean_first=False, cmake_force_configure=False, cmake_target=None, cmake_target_skip_unavailable=False, continue_on_error=False, event_handlers=None, executor='parallel', ignore_user_meta=False, install_base='install', log_base=None, log_level=None, main=<bound method BuildVerb.main of <colcon_core.verb.build.BuildVerb object at 0x7f8e1f4fedc0>>, merge_install=False, metas=['./colcon.meta'], mixin=None, mixin_files=None, mixin_verb=('build',), packages_above=None, packages_above_and_dependencies=None, packages_above_depth=None, packages_end=None, packages_ignore=None, packages_ignore_regex=None, packages_select=None, packages_select_build_failed=False, packages_select_by_dep=None, packages_select_regex=None, packages_select_test_failures=False, packages_skip=None, packages_skip_build_finished=False, packages_skip_by_dep=None, packages_skip_regex=None, packages_skip_test_passed=False, packages_skip_up_to=None, packages_start=None, packages_up_to=None, packages_up_to_regex=None, parallel_workers=8, paths=None, symlink_install=False, test_result_base=None, verb_extension=<colcon_core.verb.build.BuildVerb object at 0x7f8e1f4fedc0>, verb_name='build', verb_parser=<colcon_mixin.mixin.mixin_argument.MixinArgumentDecorator object at 0x7f8e1f508340>)
[0.208s] Level 1:colcon.colcon_core.package_discovery:discover_packages(colcon_meta) check parameters
[0.208s] Level 1:colcon.colcon_core.package_discovery:discover_packages(recursive) check parameters
[0.208s] Level 1:colcon.colcon_core.package_discovery:discover_packages(ignore) check parameters
[0.208s] Level 1:colcon.colcon_core.package_discovery:discover_packages(path) check parameters
[0.208s] Level 1:colcon.colcon_core.package_discovery:discover_packages(colcon_meta) discover
[0.208s] Level 1:colcon.colcon_core.package_discovery:discover_packages(recursive) discover
[0.209s] INFO:colcon.colcon_core.package_discovery:Crawling recursively for packages in '/home/pk/najnowsze_przepisywanie/ros_decawave'
[0.209s] Level 1:colcon.colcon_core.package_identification:_identify(.) by extensions ['ignore', 'ignore_ament_install']
[0.209s] Level 1:colcon.colcon_core.package_identification:_identify(.) by extension 'ignore'
[0.209s] Level 1:colcon.colcon_core.package_identification:_identify(.) by extension 'ignore_ament_install'
[0.209s] Level 1:colcon.colcon_core.package_identification:_identify(.) by extensions ['colcon_pkg']
[0.209s] Level 1:colcon.colcon_core.package_identification:_identify(.) by extension 'colcon_pkg'
[0.209s] Level 1:colcon.colcon_core.package_identification:_identify(.) by extensions ['colcon_meta']
[0.209s] Level 1:colcon.colcon_core.package_identification:_identify(.) by extension 'colcon_meta'
[0.209s] Level 1:colcon.colcon_core.package_identification:_identify(.) by extensions ['ros']
[0.209s] Level 1:colcon.colcon_core.package_identification:_identify(.) by extension 'ros'
[0.234s] DEBUG:colcon.colcon_core.package_identification:Package '.' with type 'ros.ament_cmake' and name 'ros_decawave'
[0.234s] Level 1:colcon.colcon_core.package_discovery:discover_packages(recursive) using defaults
[0.234s] Level 1:colcon.colcon_core.package_discovery:discover_packages(ignore) discover
[0.234s] Level 1:colcon.colcon_core.package_discovery:discover_packages(ignore) using defaults
[0.234s] Level 1:colcon.colcon_core.package_discovery:discover_packages(path) discover
[0.234s] Level 1:colcon.colcon_core.package_discovery:discover_packages(path) using defaults
[0.253s] Level 1:colcon.colcon_core.package_discovery:discover_packages(prefix_path) check parameters
[0.254s] Level 1:colcon.colcon_core.package_discovery:discover_packages(prefix_path) discover
[0.256s] DEBUG:colcon.colcon_installed_package_information.package_discovery:Found 1 installed packages in /home/pk/najnowsze_przepisywanie/ros_decawave/install
[0.258s] DEBUG:colcon.colcon_installed_package_information.package_discovery:Found 330 installed packages in /opt/ros/foxy
[0.261s] Level 1:colcon.colcon_core.package_discovery:discover_packages(prefix_path) using defaults
[0.341s] Level 5:colcon.colcon_core.verb:set package 'ros_decawave' build argument 'cmake_args' from command line to 'None'
[0.341s] Level 5:colcon.colcon_core.verb:set package 'ros_decawave' build argument 'cmake_target' from command line to 'None'
[0.341s] Level 5:colcon.colcon_core.verb:set package 'ros_decawave' build argument 'cmake_target_skip_unavailable' from command line to 'False'
[0.341s] Level 5:colcon.colcon_core.verb:set package 'ros_decawave' build argument 'cmake_clean_cache' from command line to 'False'
[0.342s] Level 5:colcon.colcon_core.verb:set package 'ros_decawave' build argument 'cmake_clean_first' from command line to 'False'
[0.342s] Level 5:colcon.colcon_core.verb:set package 'ros_decawave' build argument 'cmake_force_configure' from command line to 'False'
[0.342s] Level 5:colcon.colcon_core.verb:set package 'ros_decawave' build argument 'ament_cmake_args' from command line to 'None'
[0.342s] Level 5:colcon.colcon_core.verb:set package 'ros_decawave' build argument 'catkin_cmake_args' from command line to 'None'
[0.342s] Level 5:colcon.colcon_core.verb:set package 'ros_decawave' build argument 'catkin_skip_building_tests' from command line to 'False'
[0.342s] DEBUG:colcon.colcon_core.verb:Building package 'ros_decawave' with the following arguments: {'ament_cmake_args': None, 'build_base': '/home/pk/najnowsze_przepisywanie/ros_decawave/build/ros_decawave', 'catkin_cmake_args': None, 'catkin_skip_building_tests': False, 'cmake_args': None, 'cmake_clean_cache': False, 'cmake_clean_first': False, 'cmake_force_configure': False, 'cmake_target': None, 'cmake_target_skip_unavailable': False, 'install_base': '/home/pk/najnowsze_przepisywanie/ros_decawave/install/ros_decawave', 'merge_install': False, 'path': '/home/pk/najnowsze_przepisywanie/ros_decawave', 'symlink_install': False, 'test_result_base': None}
[0.343s] INFO:colcon.colcon_core.executor:Executing jobs using 'parallel' executor
[0.346s] DEBUG:colcon.colcon_parallel_executor.executor.parallel:run_until_complete
[0.346s] INFO:colcon.colcon_ros.task.ament_cmake.build:Building ROS package in '/home/pk/najnowsze_przepisywanie/ros_decawave' with build type 'ament_cmake'
[0.347s] INFO:colcon.colcon_cmake.task.cmake.build:Building CMake package in '/home/pk/najnowsze_przepisywanie/ros_decawave'
[0.352s] INFO:colcon.colcon_core.plugin_system:Skipping extension 'colcon_core.shell.bat': Not used on non-Windows systems
[0.352s] INFO:colcon.colcon_core.shell:Skip shell extension 'powershell' for command environment: Not usable outside of PowerShell
[0.352s] DEBUG:colcon.colcon_core.shell:Skip shell extension 'dsv' for command environment
[0.368s] DEBUG:colcon.colcon_core.event_handler.log_command:Invoking command in '/home/pk/najnowsze_przepisywanie/ros_decawave/build/ros_decawave': CMAKE_PREFIX_PATH=${CMAKE_PREFIX_PATH}:/opt/ros/foxy /usr/bin/cmake --build /home/pk/najnowsze_przepisywanie/ros_decawave/build/ros_decawave -- -j8 -l8
[0.619s] DEBUG:colcon.colcon_core.event_handler.log_command:Invoked command in '/home/pk/najnowsze_przepisywanie/ros_decawave/build/ros_decawave' returned '0': CMAKE_PREFIX_PATH=${CMAKE_PREFIX_PATH}:/opt/ros/foxy /usr/bin/cmake --build /home/pk/najnowsze_przepisywanie/ros_decawave/build/ros_decawave -- -j8 -l8
[0.763s] DEBUG:colcon.colcon_core.event_handler.log_command:Invoking command in '/home/pk/najnowsze_przepisywanie/ros_decawave/build/ros_decawave': CMAKE_PREFIX_PATH=${CMAKE_PREFIX_PATH}:/opt/ros/foxy /usr/bin/cmake --install /home/pk/najnowsze_przepisywanie/ros_decawave/build/ros_decawave
[0.862s] Level 1:colcon.colcon_core.environment:create_environment_scripts_only(ros_decawave)
[0.864s] DEBUG:colcon.colcon_core.event_handler.log_command:Invoked command in '/home/pk/najnowsze_przepisywanie/ros_decawave/build/ros_decawave' returned '0': CMAKE_PREFIX_PATH=${CMAKE_PREFIX_PATH}:/opt/ros/foxy /usr/bin/cmake --install /home/pk/najnowsze_przepisywanie/ros_decawave/build/ros_decawave
[0.870s] Level 1:colcon.colcon_core.environment:checking '/home/pk/najnowsze_przepisywanie/ros_decawave/install/ros_decawave' for CMake module files
[0.871s] Level 1:colcon.colcon_core.environment:checking '/home/pk/najnowsze_przepisywanie/ros_decawave/install/ros_decawave' for CMake config files
[0.872s] Level 1:colcon.colcon_core.shell:create_environment_hook('ros_decawave', 'cmake_prefix_path')
[0.874s] INFO:colcon.colcon_core.shell:Creating environment hook '/home/pk/najnowsze_przepisywanie/ros_decawave/install/ros_decawave/share/ros_decawave/hook/cmake_prefix_path.ps1'
[0.875s] INFO:colcon.colcon_core.shell:Creating environment descriptor '/home/pk/najnowsze_przepisywanie/ros_decawave/install/ros_decawave/share/ros_decawave/hook/cmake_prefix_path.dsv'
[0.875s] INFO:colcon.colcon_core.shell:Creating environment hook '/home/pk/najnowsze_przepisywanie/ros_decawave/install/ros_decawave/share/ros_decawave/hook/cmake_prefix_path.sh'
[0.876s] Level 1:colcon.colcon_core.environment:checking '/home/pk/najnowsze_przepisywanie/ros_decawave/install/ros_decawave/lib'
[0.876s] Level 1:colcon.colcon_core.shell:create_environment_hook('ros_decawave', 'ld_library_path_lib')
[0.878s] INFO:colcon.colcon_core.shell:Creating environment hook '/home/pk/najnowsze_przepisywanie/ros_decawave/install/ros_decawave/share/ros_decawave/hook/ld_library_path_lib.ps1'
[0.878s] INFO:colcon.colcon_core.shell:Creating environment descriptor '/home/pk/najnowsze_przepisywanie/ros_decawave/install/ros_decawave/share/ros_decawave/hook/ld_library_path_lib.dsv'
[0.878s] INFO:colcon.colcon_core.shell:Creating environment hook '/home/pk/najnowsze_przepisywanie/ros_decawave/install/ros_decawave/share/ros_decawave/hook/ld_library_path_lib.sh'
[0.879s] Level 1:colcon.colcon_core.environment:checking '/home/pk/najnowsze_przepisywanie/ros_decawave/install/ros_decawave/bin'
[0.879s] Level 1:colcon.colcon_core.environment:checking '/home/pk/najnowsze_przepisywanie/ros_decawave/install/ros_decawave/lib/pkgconfig/ros_decawave.pc'
[0.879s] Level 1:colcon.colcon_core.environment:checking '/home/pk/najnowsze_przepisywanie/ros_decawave/install/ros_decawave/lib/python3.8/site-packages'
[0.879s] Level 1:colcon.colcon_core.shell:create_environment_hook('ros_decawave', 'pythonpath')
[0.881s] INFO:colcon.colcon_core.shell:Creating environment hook '/home/pk/najnowsze_przepisywanie/ros_decawave/install/ros_decawave/share/ros_decawave/hook/pythonpath.ps1'
[0.881s] INFO:colcon.colcon_core.shell:Creating environment descriptor '/home/pk/najnowsze_przepisywanie/ros_decawave/install/ros_decawave/share/ros_decawave/hook/pythonpath.dsv'
[0.881s] INFO:colcon.colcon_core.shell:Creating environment hook '/home/pk/najnowsze_przepisywanie/ros_decawave/install/ros_decawave/share/ros_decawave/hook/pythonpath.sh'
[0.882s] Level 1:colcon.colcon_core.environment:checking '/home/pk/najnowsze_przepisywanie/ros_decawave/install/ros_decawave/bin'
[0.883s] INFO:colcon.colcon_core.shell:Creating package script '/home/pk/najnowsze_przepisywanie/ros_decawave/install/ros_decawave/share/ros_decawave/package.ps1'
[0.884s] INFO:colcon.colcon_core.shell:Creating package descriptor '/home/pk/najnowsze_przepisywanie/ros_decawave/install/ros_decawave/share/ros_decawave/package.dsv'
[0.885s] INFO:colcon.colcon_core.shell:Creating package script '/home/pk/najnowsze_przepisywanie/ros_decawave/install/ros_decawave/share/ros_decawave/package.sh'
[0.886s] INFO:colcon.colcon_core.shell:Creating package script '/home/pk/najnowsze_przepisywanie/ros_decawave/install/ros_decawave/share/ros_decawave/package.bash'
[0.886s] INFO:colcon.colcon_core.shell:Creating package script '/home/pk/najnowsze_przepisywanie/ros_decawave/install/ros_decawave/share/ros_decawave/package.zsh'
[0.887s] Level 1:colcon.colcon_core.environment:create_file_with_runtime_dependencies(/home/pk/najnowsze_przepisywanie/ros_decawave/install/ros_decawave/share/colcon-core/packages/ros_decawave)
[0.997s] Level 1:colcon.colcon_core.environment:create_environment_scripts_only(ros_decawave)
[1.000s] Level 1:colcon.colcon_core.environment:checking '/home/pk/najnowsze_przepisywanie/ros_decawave/install/ros_decawave' for CMake module files
[1.001s] Level 1:colcon.colcon_core.environment:checking '/home/pk/najnowsze_przepisywanie/ros_decawave/install/ros_decawave' for CMake config files
[1.002s] Level 1:colcon.colcon_core.shell:create_environment_hook('ros_decawave', 'cmake_prefix_path')
[1.004s] INFO:colcon.colcon_core.shell:Creating environment hook '/home/pk/najnowsze_przepisywanie/ros_decawave/install/ros_decawave/share/ros_decawave/hook/cmake_prefix_path.ps1'
[1.005s] INFO:colcon.colcon_core.shell:Creating environment descriptor '/home/pk/najnowsze_przepisywanie/ros_decawave/install/ros_decawave/share/ros_decawave/hook/cmake_prefix_path.dsv'
[1.005s] INFO:colcon.colcon_core.shell:Creating environment hook '/home/pk/najnowsze_przepisywanie/ros_decawave/install/ros_decawave/share/ros_decawave/hook/cmake_prefix_path.sh'
[1.006s] Level 1:colcon.colcon_core.environment:checking '/home/pk/najnowsze_przepisywanie/ros_decawave/install/ros_decawave/lib'
[1.006s] Level 1:colcon.colcon_core.shell:create_environment_hook('ros_decawave', 'ld_library_path_lib')
[1.008s] INFO:colcon.colcon_core.shell:Creating environment hook '/home/pk/najnowsze_przepisywanie/ros_decawave/install/ros_decawave/share/ros_decawave/hook/ld_library_path_lib.ps1'
[1.009s] INFO:colcon.colcon_core.shell:Creating environment descriptor '/home/pk/najnowsze_przepisywanie/ros_decawave/install/ros_decawave/share/ros_decawave/hook/ld_library_path_lib.dsv'
[1.009s] INFO:colcon.colcon_core.shell:Creating environment hook '/home/pk/najnowsze_przepisywanie/ros_decawave/install/ros_decawave/share/ros_decawave/hook/ld_library_path_lib.sh'
[1.009s] Level 1:colcon.colcon_core.environment:checking '/home/pk/najnowsze_przepisywanie/ros_decawave/install/ros_decawave/bin'
[1.009s] Level 1:colcon.colcon_core.environment:checking '/home/pk/najnowsze_przepisywanie/ros_decawave/install/ros_decawave/lib/pkgconfig/ros_decawave.pc'
[1.010s] Level 1:colcon.colcon_core.environment:checking '/home/pk/najnowsze_przepisywanie/ros_decawave/install/ros_decawave/lib/python3.8/site-packages'
[1.010s] Level 1:colcon.colcon_core.shell:create_environment_hook('ros_decawave', 'pythonpath')
[1.011s] INFO:colcon.colcon_core.shell:Creating environment hook '/home/pk/najnowsze_przepisywanie/ros_decawave/install/ros_decawave/share/ros_decawave/hook/pythonpath.ps1'
[1.011s] INFO:colcon.colcon_core.shell:Creating environment descriptor '/home/pk/najnowsze_przepisywanie/ros_decawave/install/ros_decawave/share/ros_decawave/hook/pythonpath.dsv'
[1.012s] INFO:colcon.colcon_core.shell:Creating environment hook '/home/pk/najnowsze_przepisywanie/ros_decawave/install/ros_decawave/share/ros_decawave/hook/pythonpath.sh'
[1.012s] Level 1:colcon.colcon_core.environment:checking '/home/pk/najnowsze_przepisywanie/ros_decawave/install/ros_decawave/bin'
[1.014s] INFO:colcon.colcon_core.shell:Creating package script '/home/pk/najnowsze_przepisywanie/ros_decawave/install/ros_decawave/share/ros_decawave/package.ps1'
[1.014s] INFO:colcon.colcon_core.shell:Creating package descriptor '/home/pk/najnowsze_przepisywanie/ros_decawave/install/ros_decawave/share/ros_decawave/package.dsv'
[1.015s] INFO:colcon.colcon_core.shell:Creating package script '/home/pk/najnowsze_przepisywanie/ros_decawave/install/ros_decawave/share/ros_decawave/package.sh'
[1.015s] INFO:colcon.colcon_core.shell:Creating package script '/home/pk/najnowsze_przepisywanie/ros_decawave/install/ros_decawave/share/ros_decawave/package.bash'
[1.016s] INFO:colcon.colcon_core.shell:Creating package script '/home/pk/najnowsze_przepisywanie/ros_decawave/install/ros_decawave/share/ros_decawave/package.zsh'
[1.016s] Level 1:colcon.colcon_core.environment:create_file_with_runtime_dependencies(/home/pk/najnowsze_przepisywanie/ros_decawave/install/ros_decawave/share/colcon-core/packages/ros_decawave)
[1.016s] DEBUG:colcon.colcon_parallel_executor.executor.parallel:closing loop
[1.017s] DEBUG:colcon.colcon_parallel_executor.executor.parallel:loop closed
[1.017s] DEBUG:colcon.colcon_parallel_executor.executor.parallel:run_until_complete finished with '0'
[1.017s] DEBUG:colcon.colcon_core.event_reactor:joining thread
[1.023s] INFO:colcon.colcon_core.plugin_system:Skipping extension 'colcon_notification.desktop_notification.terminal_notifier': Not used on non-Darwin systems
[1.023s] INFO:colcon.colcon_core.plugin_system:Skipping extension 'colcon_notification.desktop_notification.win32': Not used on non-Windows systems
[1.023s] INFO:colcon.colcon_notification.desktop_notification:Sending desktop notification using 'notify2'
[1.042s] DEBUG:colcon.colcon_core.event_reactor:joined thread
[1.044s] INFO:colcon.colcon_core.shell:Creating prefix script '/home/pk/najnowsze_przepisywanie/ros_decawave/install/local_setup.ps1'
[1.045s] INFO:colcon.colcon_core.shell:Creating prefix util module '/home/pk/najnowsze_przepisywanie/ros_decawave/install/_local_setup_util_ps1.py'
[1.047s] INFO:colcon.colcon_core.shell:Creating prefix chain script '/home/pk/najnowsze_przepisywanie/ros_decawave/install/setup.ps1'
[1.048s] INFO:colcon.colcon_core.shell:Creating prefix script '/home/pk/najnowsze_przepisywanie/ros_decawave/install/local_setup.sh'
[1.049s] INFO:colcon.colcon_core.shell:Creating prefix util module '/home/pk/najnowsze_przepisywanie/ros_decawave/install/_local_setup_util_sh.py'
[1.049s] INFO:colcon.colcon_core.shell:Creating prefix chain script '/home/pk/najnowsze_przepisywanie/ros_decawave/install/setup.sh'
[1.051s] INFO:colcon.colcon_core.shell:Creating prefix script '/home/pk/najnowsze_przepisywanie/ros_decawave/install/local_setup.bash'
[1.051s] INFO:colcon.colcon_core.shell:Creating prefix chain script '/home/pk/najnowsze_przepisywanie/ros_decawave/install/setup.bash'
[1.052s] INFO:colcon.colcon_core.shell:Creating prefix script '/home/pk/najnowsze_przepisywanie/ros_decawave/install/local_setup.zsh'
[1.053s] INFO:colcon.colcon_core.shell:Creating prefix chain script '/home/pk/najnowsze_przepisywanie/ros_decawave/install/setup.zsh'
