[0.018s] Invoking command in '/home/pk/najnowsze_przepisywanie/ros_decawave/build/ros_decawave': CMAKE_PREFIX_PATH=${CMAKE_PREFIX_PATH}:/opt/ros/foxy /usr/bin/cmake --build /home/pk/najnowsze_przepisywanie/ros_decawave/build/ros_decawave -- -j8 -l8
[0.056s] -- Found ament_cmake: 0.9.11 (/opt/ros/foxy/share/ament_cmake/cmake)
[0.079s] -- Found PythonInterp: /usr/bin/python3 (found suitable version "3.8.10", minimum required is "3") 
[0.079s] -- Using PYTHON_EXECUTABLE: /usr/bin/python3
[0.309s] -- Found rosidl_default_generators: 1.0.1 (/opt/ros/foxy/share/rosidl_default_generators/cmake)
[0.312s] -- Using all available rosidl_typesupport_c: rosidl_typesupport_fastrtps_c;rosidl_typesupport_introspection_c
[0.316s] -- Found rosidl_adapter: 1.3.0 (/opt/ros/foxy/share/rosidl_adapter/cmake)
[0.468s] -- Using all available rosidl_typesupport_cpp: rosidl_typesupport_fastrtps_cpp;rosidl_typesupport_introspection_cpp
[0.518s] -- Found PythonInterp: /usr/bin/python3 (found version "3.8.10") 
[0.661s] -- Found ament_cmake_ros: 0.9.2 (/opt/ros/foxy/share/ament_cmake_ros/cmake)
[0.771s] -- Using all available rosidl_typesupport_c: rosidl_typesupport_fastrtps_c;rosidl_typesupport_introspection_c
[0.780s] -- Using all available rosidl_typesupport_cpp: rosidl_typesupport_fastrtps_cpp;rosidl_typesupport_introspection_cpp
[0.809s] -- Found PythonInterp: /usr/bin/python3 (found suitable version "3.8.10", minimum required is "3.5") 
[0.809s] -- Found python_cmake_module: 0.8.1 (/opt/ros/foxy/share/python_cmake_module/cmake)
[0.834s] -- Using PYTHON_EXECUTABLE: /usr/bin/python3
[0.835s] -- Using PYTHON_INCLUDE_DIRS: /usr/include/python3.8
[0.835s] -- Using PYTHON_LIBRARIES: /usr/lib/x86_64-linux-gnu/libpython3.8.so
[0.850s] -- Found ament_lint_auto: 0.9.7 (/opt/ros/foxy/share/ament_lint_auto/cmake)
[0.861s] -- Added test 'copyright' to check source files copyright and LICENSE
[0.919s] -- Added test 'cppcheck' to perform static code analysis on C / C++ code
[0.920s] -- Configured cppcheck include dirs: $<BUILD_INTERFACE:/home/pk/najnowsze_przepisywanie/ros_decawave/build/ros_decawave/rosidl_generator_c>;/home/pk/najnowsze_przepisywanie/ros_decawave/build/ros_decawave/rosidl_generator_c;/home/pk/najnowsze_przepisywanie/ros_decawave/build/ros_decawave/rosidl_generator_cpp;/home/pk/najnowsze_przepisywanie/ros_decawave/build/ros_decawave/rosidl_typesupport_fastrtps_c;/home/pk/najnowsze_przepisywanie/ros_decawave/build/ros_decawave/rosidl_typesupport_fastrtps_cpp;$<BUILD_INTERFACE:/home/pk/najnowsze_przepisywanie/ros_decawave/build/ros_decawave/rosidl_typesupport_introspection_c>;$<BUILD_INTERFACE:/home/pk/najnowsze_przepisywanie/ros_decawave/build/ros_decawave/rosidl_typesupport_c>;$<BUILD_INTERFACE:/home/pk/najnowsze_przepisywanie/ros_decawave/build/ros_decawave/rosidl_generator_cpp>;/home/pk/najnowsze_przepisywanie/ros_decawave/build/ros_decawave/rosidl_generator_py
[0.921s] -- Configured cppcheck exclude dirs and/or files: 
[0.975s] -- Added test 'cpplint' to check C / C++ code against the Google style
[0.975s] -- Configured cpplint exclude dirs and/or files: 
[0.982s] -- Added test 'flake8' to check Python code syntax and style conventions
[0.995s] -- Added test 'lint_cmake' to check CMake code style
[1.003s] -- Added test 'pep257' to check Python code against some of the style conventions in PEP 257
[1.061s] -- Added test 'uncrustify' to check C / C++ code style
[1.062s] -- Configured uncrustify additional arguments: 
[1.068s] -- Added test 'xmllint' to check XML markup files
[1.073s] -- Configuring done
[1.116s] -- Generating done
[1.119s] -- Build files have been written to: /home/pk/najnowsze_przepisywanie/ros_decawave/build/ros_decawave
[1.157s] [  1%] [34m[1mGenerating C code for ROS interfaces[0m
[1.168s] [  3%] [34m[1mGenerating C++ code for ROS interfaces[0m
[1.718s] [  3%] Built target ros_decawave__cpp
[1.737s] [  5%] [34m[1mGenerating C++ type support dispatch for ROS interfaces[0m
[1.747s] [  7%] [34m[1mGenerating C++ type support for eProsima Fast-RTPS[0m
[1.750s] [  9%] [34m[1mGenerating C++ introspection for ROS interfaces[0m
[1.785s] [35m[1mScanning dependencies of target ros_decawave__rosidl_generator_c[0m
[1.803s] [ 10%] [32mBuilding C object CMakeFiles/ros_decawave__rosidl_generator_c.dir/rosidl_generator_c/ros_decawave/msg/detail/anchor__functions.c.o[0m
[1.805s] [ 12%] [32mBuilding C object CMakeFiles/ros_decawave__rosidl_generator_c.dir/rosidl_generator_c/ros_decawave/msg/detail/anchor_array__functions.c.o[0m
[1.806s] [ 14%] [32mBuilding C object CMakeFiles/ros_decawave__rosidl_generator_c.dir/rosidl_generator_c/ros_decawave/msg/detail/acc__functions.c.o[0m
[1.806s] [ 16%] [32mBuilding C object CMakeFiles/ros_decawave__rosidl_generator_c.dir/rosidl_generator_c/ros_decawave/msg/detail/tag__functions.c.o[0m
[1.893s] [ 18%] [32m[1mLinking C shared library libros_decawave__rosidl_generator_c.so[0m
[1.937s] [ 18%] Built target ros_decawave__rosidl_generator_c
[1.954s] [ 21%] [34m[1mGenerating C introspection for ROS interfaces[0m
[1.955s] [ 21%] [34m[1mGenerating C type support dispatch for ROS interfaces[0m
[2.325s] [35m[1mScanning dependencies of target ros_decawave__rosidl_typesupport_cpp[0m
[2.348s] [ 27%] [32mBuilding CXX object CMakeFiles/ros_decawave__rosidl_typesupport_cpp.dir/rosidl_typesupport_cpp/ros_decawave/msg/anchor_array__type_support.cpp.o[0m
[2.348s] [ 29%] [32mBuilding CXX object CMakeFiles/ros_decawave__rosidl_typesupport_cpp.dir/rosidl_typesupport_cpp/ros_decawave/msg/tag__type_support.cpp.o[0m
[2.348s] [ 29%] [32mBuilding CXX object CMakeFiles/ros_decawave__rosidl_typesupport_cpp.dir/rosidl_typesupport_cpp/ros_decawave/msg/acc__type_support.cpp.o[0m
[2.349s] [ 29%] [32mBuilding CXX object CMakeFiles/ros_decawave__rosidl_typesupport_cpp.dir/rosidl_typesupport_cpp/ros_decawave/msg/anchor__type_support.cpp.o[0m
[2.598s] [35m[1mScanning dependencies of target ros_decawave__rosidl_typesupport_fastrtps_cpp[0m
[2.630s] [ 30%] [32mBuilding CXX object CMakeFiles/ros_decawave__rosidl_typesupport_fastrtps_cpp.dir/rosidl_typesupport_fastrtps_cpp/ros_decawave/msg/detail/dds_fastrtps/acc__type_support.cpp.o[0m
[2.740s] [35m[1mScanning dependencies of target ros_decawave__rosidl_typesupport_c[0m
[2.763s] [ 32%] [32mBuilding CXX object CMakeFiles/ros_decawave__rosidl_typesupport_c.dir/rosidl_typesupport_c/ros_decawave/msg/acc__type_support.cpp.o[0m
[2.820s] [ 34%] [32mBuilding CXX object CMakeFiles/ros_decawave__rosidl_typesupport_c.dir/rosidl_typesupport_c/ros_decawave/msg/anchor__type_support.cpp.o[0m
[2.832s] [35m[1mScanning dependencies of target ros_decawave__rosidl_typesupport_introspection_cpp[0m
[2.862s] [ 36%] [32mBuilding CXX object CMakeFiles/ros_decawave__rosidl_typesupport_introspection_cpp.dir/rosidl_typesupport_introspection_cpp/ros_decawave/msg/detail/acc__type_support.cpp.o[0m
[2.877s] [ 38%] [32mBuilding CXX object CMakeFiles/ros_decawave__rosidl_typesupport_c.dir/rosidl_typesupport_c/ros_decawave/msg/anchor_array__type_support.cpp.o[0m
[2.934s] [ 40%] [32mBuilding CXX object CMakeFiles/ros_decawave__rosidl_typesupport_c.dir/rosidl_typesupport_c/ros_decawave/msg/tag__type_support.cpp.o[0m
[2.936s] [ 41%] [32mBuilding CXX object CMakeFiles/ros_decawave__rosidl_typesupport_fastrtps_cpp.dir/rosidl_typesupport_fastrtps_cpp/ros_decawave/msg/detail/dds_fastrtps/anchor__type_support.cpp.o[0m
[2.941s] [ 43%] [32mBuilding CXX object CMakeFiles/ros_decawave__rosidl_typesupport_fastrtps_cpp.dir/rosidl_typesupport_fastrtps_cpp/ros_decawave/msg/detail/dds_fastrtps/anchor_array__type_support.cpp.o[0m
[2.977s] [ 47%] [32m[1mLinking CXX shared library libros_decawave__rosidl_typesupport_cpp.so[0m
[2.977s] [ 47%] [32mBuilding CXX object CMakeFiles/ros_decawave__rosidl_typesupport_fastrtps_cpp.dir/rosidl_typesupport_fastrtps_cpp/ros_decawave/msg/detail/dds_fastrtps/tag__type_support.cpp.o[0m
[2.992s] [ 49%] [32m[1mLinking CXX shared library libros_decawave__rosidl_typesupport_c.so[0m
[3.055s] [ 49%] Built target ros_decawave__rosidl_typesupport_cpp
[3.088s] [ 50%] [32mBuilding CXX object CMakeFiles/ros_decawave__rosidl_typesupport_introspection_cpp.dir/rosidl_typesupport_introspection_cpp/ros_decawave/msg/detail/anchor__type_support.cpp.o[0m
[3.090s] [35m[1mScanning dependencies of target ros_decawave__rosidl_typesupport_introspection_c[0m
[3.091s] [ 50%] Built target ros_decawave__rosidl_typesupport_c
[3.112s] [ 52%] [32mBuilding CXX object CMakeFiles/ros_decawave__rosidl_typesupport_introspection_cpp.dir/rosidl_typesupport_introspection_cpp/ros_decawave/msg/detail/anchor_array__type_support.cpp.o[0m
[3.133s] [ 54%] [32mBuilding C object CMakeFiles/ros_decawave__rosidl_typesupport_introspection_c.dir/rosidl_typesupport_introspection_c/ros_decawave/msg/detail/acc__type_support.c.o[0m
[3.215s] [ 56%] [32mBuilding C object CMakeFiles/ros_decawave__rosidl_typesupport_introspection_c.dir/rosidl_typesupport_introspection_c/ros_decawave/msg/detail/anchor__type_support.c.o[0m
[3.279s] [ 58%] [32mBuilding C object CMakeFiles/ros_decawave__rosidl_typesupport_introspection_c.dir/rosidl_typesupport_introspection_c/ros_decawave/msg/detail/anchor_array__type_support.c.o[0m
[3.353s] [ 60%] [32mBuilding C object CMakeFiles/ros_decawave__rosidl_typesupport_introspection_c.dir/rosidl_typesupport_introspection_c/ros_decawave/msg/detail/tag__type_support.c.o[0m
[3.423s] [ 61%] [32m[1mLinking C shared library libros_decawave__rosidl_typesupport_introspection_c.so[0m
[3.505s] [ 61%] Built target ros_decawave__rosidl_typesupport_introspection_c
[3.533s] [ 63%] [32mBuilding CXX object CMakeFiles/ros_decawave__rosidl_typesupport_introspection_cpp.dir/rosidl_typesupport_introspection_cpp/ros_decawave/msg/detail/tag__type_support.cpp.o[0m
[3.879s] [ 65%] [32m[1mLinking CXX shared library libros_decawave__rosidl_typesupport_fastrtps_cpp.so[0m
[3.973s] [ 67%] [32m[1mLinking CXX shared library libros_decawave__rosidl_typesupport_introspection_cpp.so[0m
[3.981s] [ 67%] Built target ros_decawave__rosidl_typesupport_fastrtps_cpp
[3.993s] [ 69%] [34m[1mGenerating C type support for eProsima Fast-RTPS[0m
[4.062s] [ 69%] Built target ros_decawave__rosidl_typesupport_introspection_cpp
[4.492s] [35m[1mScanning dependencies of target ros_decawave__rosidl_typesupport_fastrtps_c[0m
[4.511s] [ 72%] [32mBuilding CXX object CMakeFiles/ros_decawave__rosidl_typesupport_fastrtps_c.dir/rosidl_typesupport_fastrtps_c/ros_decawave/msg/detail/anchor_array__type_support_c.cpp.o[0m
[4.511s] [ 72%] [32mBuilding CXX object CMakeFiles/ros_decawave__rosidl_typesupport_fastrtps_c.dir/rosidl_typesupport_fastrtps_c/ros_decawave/msg/detail/anchor__type_support_c.cpp.o[0m
[4.514s] [ 74%] [32mBuilding CXX object CMakeFiles/ros_decawave__rosidl_typesupport_fastrtps_c.dir/rosidl_typesupport_fastrtps_c/ros_decawave/msg/detail/acc__type_support_c.cpp.o[0m
[4.515s] [ 76%] [32mBuilding CXX object CMakeFiles/ros_decawave__rosidl_typesupport_fastrtps_c.dir/rosidl_typesupport_fastrtps_c/ros_decawave/msg/detail/tag__type_support_c.cpp.o[0m
[4.963s] [ 78%] [32m[1mLinking CXX shared library libros_decawave__rosidl_typesupport_fastrtps_c.so[0m
[5.073s] [ 78%] Built target ros_decawave__rosidl_typesupport_fastrtps_c
[5.099s] [ 78%] Built target ros_decawave
[5.125s] [ 80%] [34m[1mGenerating Python code for ROS interfaces[0m
[6.110s] [ 80%] Built target ros_decawave__py
[6.127s] [35m[1mScanning dependencies of target ros_decawave__python[0m
[6.152s] [ 83%] [32mBuilding C object CMakeFiles/ros_decawave__python.dir/rosidl_generator_py/ros_decawave/msg/_anchor_s.c.o[0m
[6.152s] [ 83%] [32mBuilding C object CMakeFiles/ros_decawave__python.dir/rosidl_generator_py/ros_decawave/msg/_anchor_array_s.c.o[0m
[6.154s] [ 85%] [32mBuilding C object CMakeFiles/ros_decawave__python.dir/rosidl_generator_py/ros_decawave/msg/_acc_s.c.o[0m
[6.156s] [ 87%] [32mBuilding C object CMakeFiles/ros_decawave__python.dir/rosidl_generator_py/ros_decawave/msg/_tag_s.c.o[0m
[6.266s] [ 89%] [32m[1mLinking C shared library rosidl_generator_py/ros_decawave/libros_decawave__python.so[0m
[6.312s] [ 89%] Built target ros_decawave__python
[6.326s] [35m[1mScanning dependencies of target ros_decawave__rosidl_typesupport_c__pyext[0m
[6.327s] [35m[1mScanning dependencies of target ros_decawave__rosidl_typesupport_introspection_c__pyext[0m
[6.327s] [35m[1mScanning dependencies of target ros_decawave__rosidl_typesupport_fastrtps_c__pyext[0m
[6.346s] [ 90%] [32mBuilding C object CMakeFiles/ros_decawave__rosidl_typesupport_fastrtps_c__pyext.dir/rosidl_generator_py/ros_decawave/_ros_decawave_s.ep.rosidl_typesupport_fastrtps_c.c.o[0m
[6.346s] [ 92%] [32mBuilding C object CMakeFiles/ros_decawave__rosidl_typesupport_c__pyext.dir/rosidl_generator_py/ros_decawave/_ros_decawave_s.ep.rosidl_typesupport_c.c.o[0m
[6.347s] [ 94%] [32mBuilding C object CMakeFiles/ros_decawave__rosidl_typesupport_introspection_c__pyext.dir/rosidl_generator_py/ros_decawave/_ros_decawave_s.ep.rosidl_typesupport_introspection_c.c.o[0m
[6.443s] [ 96%] [32m[1mLinking C shared library rosidl_generator_py/ros_decawave/ros_decawave_s__rosidl_typesupport_c.cpython-38-x86_64-linux-gnu.so[0m
[6.444s] [ 98%] [32m[1mLinking CXX shared library rosidl_generator_py/ros_decawave/ros_decawave_s__rosidl_typesupport_fastrtps_c.cpython-38-x86_64-linux-gnu.so[0m
[6.445s] [100%] [32m[1mLinking C shared library rosidl_generator_py/ros_decawave/ros_decawave_s__rosidl_typesupport_introspection_c.cpython-38-x86_64-linux-gnu.so[0m
[6.481s] [100%] Built target ros_decawave__rosidl_typesupport_introspection_c__pyext
[6.481s] [100%] Built target ros_decawave__rosidl_typesupport_c__pyext
[6.513s] [100%] Built target ros_decawave__rosidl_typesupport_fastrtps_c__pyext
[6.529s] Invoked command in '/home/pk/najnowsze_przepisywanie/ros_decawave/build/ros_decawave' returned '0': CMAKE_PREFIX_PATH=${CMAKE_PREFIX_PATH}:/opt/ros/foxy /usr/bin/cmake --build /home/pk/najnowsze_przepisywanie/ros_decawave/build/ros_decawave -- -j8 -l8
[6.669s] Invoking command in '/home/pk/najnowsze_przepisywanie/ros_decawave/build/ros_decawave': CMAKE_PREFIX_PATH=${CMAKE_PREFIX_PATH}:/opt/ros/foxy /usr/bin/cmake --install /home/pk/najnowsze_przepisywanie/ros_decawave/build/ros_decawave
[6.678s] -- Install configuration: ""
[6.679s] -- Up-to-date: /home/pk/najnowsze_przepisywanie/ros_decawave/install/ros_decawave/share/ament_index/resource_index/rosidl_interfaces/ros_decawave
[6.679s] -- Up-to-date: /home/pk/najnowsze_przepisywanie/ros_decawave/install/ros_decawave/include/ros_decawave
[6.679s] -- Up-to-date: /home/pk/najnowsze_przepisywanie/ros_decawave/install/ros_decawave/include/ros_decawave/msg
[6.680s] -- Installing: /home/pk/najnowsze_przepisywanie/ros_decawave/install/ros_decawave/include/ros_decawave/msg/anchor.h
[6.680s] -- Up-to-date: /home/pk/najnowsze_przepisywanie/ros_decawave/install/ros_decawave/include/ros_decawave/msg/rosidl_generator_c__visibility_control.h
[6.680s] -- Up-to-date: /home/pk/najnowsze_przepisywanie/ros_decawave/install/ros_decawave/include/ros_decawave/msg/detail
[6.680s] -- Installing: /home/pk/najnowsze_przepisywanie/ros_decawave/install/ros_decawave/include/ros_decawave/msg/detail/anchor_array__struct.h
[6.680s] -- Installing: /home/pk/najnowsze_przepisywanie/ros_decawave/install/ros_decawave/include/ros_decawave/msg/detail/tag__functions.c
[6.680s] -- Installing: /home/pk/najnowsze_przepisywanie/ros_decawave/install/ros_decawave/include/ros_decawave/msg/detail/tag__struct.h
[6.680s] -- Installing: /home/pk/najnowsze_przepisywanie/ros_decawave/install/ros_decawave/include/ros_decawave/msg/detail/anchor__functions.h
[6.681s] -- Installing: /home/pk/najnowsze_przepisywanie/ros_decawave/install/ros_decawave/include/ros_decawave/msg/detail/anchor_array__functions.h
[6.681s] -- Installing: /home/pk/najnowsze_przepisywanie/ros_decawave/install/ros_decawave/include/ros_decawave/msg/detail/acc__functions.h
[6.681s] -- Installing: /home/pk/najnowsze_przepisywanie/ros_decawave/install/ros_decawave/include/ros_decawave/msg/detail/tag__type_support.h
[6.681s] -- Installing: /home/pk/najnowsze_przepisywanie/ros_decawave/install/ros_decawave/include/ros_decawave/msg/detail/anchor__struct.h
[6.681s] -- Installing: /home/pk/najnowsze_przepisywanie/ros_decawave/install/ros_decawave/include/ros_decawave/msg/detail/acc__functions.c
[6.681s] -- Installing: /home/pk/najnowsze_przepisywanie/ros_decawave/install/ros_decawave/include/ros_decawave/msg/detail/tag__functions.h
[6.681s] -- Installing: /home/pk/najnowsze_przepisywanie/ros_decawave/install/ros_decawave/include/ros_decawave/msg/detail/anchor__type_support.h
[6.681s] -- Installing: /home/pk/najnowsze_przepisywanie/ros_decawave/install/ros_decawave/include/ros_decawave/msg/detail/anchor_array__functions.c
[6.681s] -- Installing: /home/pk/najnowsze_przepisywanie/ros_decawave/install/ros_decawave/include/ros_decawave/msg/detail/anchor_array__type_support.h
[6.682s] -- Installing: /home/pk/najnowsze_przepisywanie/ros_decawave/install/ros_decawave/include/ros_decawave/msg/detail/anchor__functions.c
[6.682s] -- Installing: /home/pk/najnowsze_przepisywanie/ros_decawave/install/ros_decawave/include/ros_decawave/msg/detail/acc__type_support.h
[6.682s] -- Installing: /home/pk/najnowsze_przepisywanie/ros_decawave/install/ros_decawave/include/ros_decawave/msg/detail/acc__struct.h
[6.682s] -- Installing: /home/pk/najnowsze_przepisywanie/ros_decawave/install/ros_decawave/include/ros_decawave/msg/anchor_array.h
[6.682s] -- Installing: /home/pk/najnowsze_przepisywanie/ros_decawave/install/ros_decawave/include/ros_decawave/msg/tag.h
[6.682s] -- Installing: /home/pk/najnowsze_przepisywanie/ros_decawave/install/ros_decawave/include/ros_decawave/msg/acc.h
[6.682s] -- Up-to-date: /home/pk/najnowsze_przepisywanie/ros_decawave/install/ros_decawave/share/ros_decawave/environment/library_path.sh
[6.682s] -- Installing: /home/pk/najnowsze_przepisywanie/ros_decawave/install/ros_decawave/share/ros_decawave/environment/library_path.dsv
[6.682s] -- Installing: /home/pk/najnowsze_przepisywanie/ros_decawave/install/ros_decawave/lib/libros_decawave__rosidl_generator_c.so
[6.683s] -- Set runtime path of "/home/pk/najnowsze_przepisywanie/ros_decawave/install/ros_decawave/lib/libros_decawave__rosidl_generator_c.so" to ""
[6.683s] -- Up-to-date: /home/pk/najnowsze_przepisywanie/ros_decawave/install/ros_decawave/include/ros_decawave
[6.683s] -- Up-to-date: /home/pk/najnowsze_przepisywanie/ros_decawave/install/ros_decawave/include/ros_decawave/msg
[6.683s] -- Up-to-date: /home/pk/najnowsze_przepisywanie/ros_decawave/install/ros_decawave/include/ros_decawave/msg/detail
[6.683s] -- Installing: /home/pk/najnowsze_przepisywanie/ros_decawave/install/ros_decawave/include/ros_decawave/msg/detail/tag__rosidl_typesupport_fastrtps_c.h
[6.683s] -- Installing: /home/pk/najnowsze_przepisywanie/ros_decawave/install/ros_decawave/include/ros_decawave/msg/detail/anchor_array__rosidl_typesupport_fastrtps_c.h
[6.683s] -- Installing: /home/pk/najnowsze_przepisywanie/ros_decawave/install/ros_decawave/include/ros_decawave/msg/detail/acc__rosidl_typesupport_fastrtps_c.h
[6.683s] -- Installing: /home/pk/najnowsze_przepisywanie/ros_decawave/install/ros_decawave/include/ros_decawave/msg/detail/anchor__rosidl_typesupport_fastrtps_c.h
[6.683s] -- Up-to-date: /home/pk/najnowsze_przepisywanie/ros_decawave/install/ros_decawave/include/ros_decawave/msg/rosidl_typesupport_fastrtps_c__visibility_control.h
[6.684s] -- Installing: /home/pk/najnowsze_przepisywanie/ros_decawave/install/ros_decawave/lib/libros_decawave__rosidl_typesupport_fastrtps_c.so
[6.684s] -- Set runtime path of "/home/pk/najnowsze_przepisywanie/ros_decawave/install/ros_decawave/lib/libros_decawave__rosidl_typesupport_fastrtps_c.so" to ""
[6.684s] -- Up-to-date: /home/pk/najnowsze_przepisywanie/ros_decawave/install/ros_decawave/include/ros_decawave
[6.684s] -- Up-to-date: /home/pk/najnowsze_przepisywanie/ros_decawave/install/ros_decawave/include/ros_decawave/msg
[6.684s] -- Up-to-date: /home/pk/najnowsze_przepisywanie/ros_decawave/install/ros_decawave/include/ros_decawave/msg/detail
[6.684s] -- Installing: /home/pk/najnowsze_przepisywanie/ros_decawave/install/ros_decawave/include/ros_decawave/msg/detail/tag__rosidl_typesupport_fastrtps_cpp.hpp
[6.685s] -- Installing: /home/pk/najnowsze_przepisywanie/ros_decawave/install/ros_decawave/include/ros_decawave/msg/detail/acc__rosidl_typesupport_fastrtps_cpp.hpp
[6.685s] -- Up-to-date: /home/pk/najnowsze_przepisywanie/ros_decawave/install/ros_decawave/include/ros_decawave/msg/detail/dds_fastrtps
[6.685s] -- Installing: /home/pk/najnowsze_przepisywanie/ros_decawave/install/ros_decawave/include/ros_decawave/msg/detail/anchor__rosidl_typesupport_fastrtps_cpp.hpp
[6.685s] -- Installing: /home/pk/najnowsze_przepisywanie/ros_decawave/install/ros_decawave/include/ros_decawave/msg/detail/anchor_array__rosidl_typesupport_fastrtps_cpp.hpp
[6.685s] -- Up-to-date: /home/pk/najnowsze_przepisywanie/ros_decawave/install/ros_decawave/include/ros_decawave/msg/rosidl_typesupport_fastrtps_cpp__visibility_control.h
[6.685s] -- Installing: /home/pk/najnowsze_przepisywanie/ros_decawave/install/ros_decawave/lib/libros_decawave__rosidl_typesupport_fastrtps_cpp.so
[6.685s] -- Set runtime path of "/home/pk/najnowsze_przepisywanie/ros_decawave/install/ros_decawave/lib/libros_decawave__rosidl_typesupport_fastrtps_cpp.so" to ""
[6.686s] -- Up-to-date: /home/pk/najnowsze_przepisywanie/ros_decawave/install/ros_decawave/include/ros_decawave
[6.686s] -- Up-to-date: /home/pk/najnowsze_przepisywanie/ros_decawave/install/ros_decawave/include/ros_decawave/msg
[6.686s] -- Up-to-date: /home/pk/najnowsze_przepisywanie/ros_decawave/install/ros_decawave/include/ros_decawave/msg/detail
[6.686s] -- Installing: /home/pk/najnowsze_przepisywanie/ros_decawave/install/ros_decawave/include/ros_decawave/msg/detail/anchor_array__rosidl_typesupport_introspection_c.h
[6.686s] -- Installing: /home/pk/najnowsze_przepisywanie/ros_decawave/install/ros_decawave/include/ros_decawave/msg/detail/anchor_array__type_support.c
[6.686s] -- Installing: /home/pk/najnowsze_przepisywanie/ros_decawave/install/ros_decawave/include/ros_decawave/msg/detail/anchor__rosidl_typesupport_introspection_c.h
[6.686s] -- Installing: /home/pk/najnowsze_przepisywanie/ros_decawave/install/ros_decawave/include/ros_decawave/msg/detail/acc__rosidl_typesupport_introspection_c.h
[6.686s] -- Installing: /home/pk/najnowsze_przepisywanie/ros_decawave/install/ros_decawave/include/ros_decawave/msg/detail/tag__type_support.c
[6.686s] -- Installing: /home/pk/najnowsze_przepisywanie/ros_decawave/install/ros_decawave/include/ros_decawave/msg/detail/acc__type_support.c
[6.686s] -- Installing: /home/pk/najnowsze_przepisywanie/ros_decawave/install/ros_decawave/include/ros_decawave/msg/detail/anchor__type_support.c
[6.687s] -- Installing: /home/pk/najnowsze_przepisywanie/ros_decawave/install/ros_decawave/include/ros_decawave/msg/detail/tag__rosidl_typesupport_introspection_c.h
[6.687s] -- Up-to-date: /home/pk/najnowsze_przepisywanie/ros_decawave/install/ros_decawave/include/ros_decawave/msg/rosidl_typesupport_introspection_c__visibility_control.h
[6.687s] -- Installing: /home/pk/najnowsze_przepisywanie/ros_decawave/install/ros_decawave/lib/libros_decawave__rosidl_typesupport_introspection_c.so
[6.687s] -- Set runtime path of "/home/pk/najnowsze_przepisywanie/ros_decawave/install/ros_decawave/lib/libros_decawave__rosidl_typesupport_introspection_c.so" to ""
[6.688s] -- Installing: /home/pk/najnowsze_przepisywanie/ros_decawave/install/ros_decawave/lib/libros_decawave__rosidl_typesupport_c.so
[6.688s] -- Set runtime path of "/home/pk/najnowsze_przepisywanie/ros_decawave/install/ros_decawave/lib/libros_decawave__rosidl_typesupport_c.so" to ""
[6.688s] -- Up-to-date: /home/pk/najnowsze_przepisywanie/ros_decawave/install/ros_decawave/include/ros_decawave
[6.688s] -- Up-to-date: /home/pk/najnowsze_przepisywanie/ros_decawave/install/ros_decawave/include/ros_decawave/msg
[6.688s] -- Installing: /home/pk/najnowsze_przepisywanie/ros_decawave/install/ros_decawave/include/ros_decawave/msg/acc.hpp
[6.688s] -- Installing: /home/pk/najnowsze_przepisywanie/ros_decawave/install/ros_decawave/include/ros_decawave/msg/tag.hpp
[6.688s] -- Up-to-date: /home/pk/najnowsze_przepisywanie/ros_decawave/install/ros_decawave/include/ros_decawave/msg/detail
[6.689s] -- Installing: /home/pk/najnowsze_przepisywanie/ros_decawave/install/ros_decawave/include/ros_decawave/msg/detail/tag__builder.hpp
[6.689s] -- Installing: /home/pk/najnowsze_przepisywanie/ros_decawave/install/ros_decawave/include/ros_decawave/msg/detail/anchor_array__struct.hpp
[6.689s] -- Installing: /home/pk/najnowsze_przepisywanie/ros_decawave/install/ros_decawave/include/ros_decawave/msg/detail/acc__struct.hpp
[6.689s] -- Installing: /home/pk/najnowsze_przepisywanie/ros_decawave/install/ros_decawave/include/ros_decawave/msg/detail/anchor__builder.hpp
[6.689s] -- Installing: /home/pk/najnowsze_przepisywanie/ros_decawave/install/ros_decawave/include/ros_decawave/msg/detail/anchor_array__builder.hpp
[6.689s] -- Installing: /home/pk/najnowsze_przepisywanie/ros_decawave/install/ros_decawave/include/ros_decawave/msg/detail/acc__traits.hpp
[6.689s] -- Installing: /home/pk/najnowsze_przepisywanie/ros_decawave/install/ros_decawave/include/ros_decawave/msg/detail/anchor__traits.hpp
[6.689s] -- Installing: /home/pk/najnowsze_przepisywanie/ros_decawave/install/ros_decawave/include/ros_decawave/msg/detail/acc__builder.hpp
[6.689s] -- Installing: /home/pk/najnowsze_przepisywanie/ros_decawave/install/ros_decawave/include/ros_decawave/msg/detail/anchor_array__traits.hpp
[6.689s] -- Installing: /home/pk/najnowsze_przepisywanie/ros_decawave/install/ros_decawave/include/ros_decawave/msg/detail/tag__traits.hpp
[6.689s] -- Installing: /home/pk/najnowsze_przepisywanie/ros_decawave/install/ros_decawave/include/ros_decawave/msg/detail/tag__struct.hpp
[6.690s] -- Installing: /home/pk/najnowsze_przepisywanie/ros_decawave/install/ros_decawave/include/ros_decawave/msg/detail/anchor__struct.hpp
[6.690s] -- Installing: /home/pk/najnowsze_przepisywanie/ros_decawave/install/ros_decawave/include/ros_decawave/msg/anchor_array.hpp
[6.690s] -- Installing: /home/pk/najnowsze_przepisywanie/ros_decawave/install/ros_decawave/include/ros_decawave/msg/anchor.hpp
[6.690s] -- Up-to-date: /home/pk/najnowsze_przepisywanie/ros_decawave/install/ros_decawave/include/ros_decawave
[6.690s] -- Up-to-date: /home/pk/najnowsze_przepisywanie/ros_decawave/install/ros_decawave/include/ros_decawave/msg
[6.690s] -- Up-to-date: /home/pk/najnowsze_przepisywanie/ros_decawave/install/ros_decawave/include/ros_decawave/msg/detail
[6.690s] -- Installing: /home/pk/najnowsze_przepisywanie/ros_decawave/install/ros_decawave/include/ros_decawave/msg/detail/tag__rosidl_typesupport_introspection_cpp.hpp
[6.690s] -- Installing: /home/pk/najnowsze_przepisywanie/ros_decawave/install/ros_decawave/include/ros_decawave/msg/detail/anchor_array__rosidl_typesupport_introspection_cpp.hpp
[6.690s] -- Installing: /home/pk/najnowsze_przepisywanie/ros_decawave/install/ros_decawave/include/ros_decawave/msg/detail/anchor_array__type_support.cpp
[6.690s] -- Installing: /home/pk/najnowsze_przepisywanie/ros_decawave/install/ros_decawave/include/ros_decawave/msg/detail/anchor__type_support.cpp
[6.691s] -- Installing: /home/pk/najnowsze_przepisywanie/ros_decawave/install/ros_decawave/include/ros_decawave/msg/detail/acc__type_support.cpp
[6.691s] -- Installing: /home/pk/najnowsze_przepisywanie/ros_decawave/install/ros_decawave/include/ros_decawave/msg/detail/anchor__rosidl_typesupport_introspection_cpp.hpp
[6.691s] -- Installing: /home/pk/najnowsze_przepisywanie/ros_decawave/install/ros_decawave/include/ros_decawave/msg/detail/acc__rosidl_typesupport_introspection_cpp.hpp
[6.691s] -- Installing: /home/pk/najnowsze_przepisywanie/ros_decawave/install/ros_decawave/include/ros_decawave/msg/detail/tag__type_support.cpp
[6.691s] -- Installing: /home/pk/najnowsze_przepisywanie/ros_decawave/install/ros_decawave/lib/libros_decawave__rosidl_typesupport_introspection_cpp.so
[6.692s] -- Set runtime path of "/home/pk/najnowsze_przepisywanie/ros_decawave/install/ros_decawave/lib/libros_decawave__rosidl_typesupport_introspection_cpp.so" to ""
[6.692s] -- Installing: /home/pk/najnowsze_przepisywanie/ros_decawave/install/ros_decawave/lib/libros_decawave__rosidl_typesupport_cpp.so
[6.692s] -- Set runtime path of "/home/pk/najnowsze_przepisywanie/ros_decawave/install/ros_decawave/lib/libros_decawave__rosidl_typesupport_cpp.so" to ""
[6.693s] -- Up-to-date: /home/pk/najnowsze_przepisywanie/ros_decawave/install/ros_decawave/share/ros_decawave/environment/pythonpath.sh
[6.693s] -- Installing: /home/pk/najnowsze_przepisywanie/ros_decawave/install/ros_decawave/share/ros_decawave/environment/pythonpath.dsv
[6.693s] -- Installing: /home/pk/najnowsze_przepisywanie/ros_decawave/install/ros_decawave/lib/python3.8/site-packages/ros_decawave/__init__.py
[6.725s] Compiling '/home/pk/najnowsze_przepisywanie/ros_decawave/install/ros_decawave/lib/python3.8/site-packages/ros_decawave/__init__.py'...
[6.732s] -- Up-to-date: /home/pk/najnowsze_przepisywanie/ros_decawave/install/ros_decawave/lib/python3.8/site-packages/ros_decawave/msg
[6.733s] -- Installing: /home/pk/najnowsze_przepisywanie/ros_decawave/install/ros_decawave/lib/python3.8/site-packages/ros_decawave/msg/_anchor.py
[6.733s] -- Installing: /home/pk/najnowsze_przepisywanie/ros_decawave/install/ros_decawave/lib/python3.8/site-packages/ros_decawave/msg/__init__.py
[6.733s] -- Installing: /home/pk/najnowsze_przepisywanie/ros_decawave/install/ros_decawave/lib/python3.8/site-packages/ros_decawave/msg/_tag.py
[6.733s] -- Installing: /home/pk/najnowsze_przepisywanie/ros_decawave/install/ros_decawave/lib/python3.8/site-packages/ros_decawave/msg/_acc.py
[6.733s] -- Installing: /home/pk/najnowsze_przepisywanie/ros_decawave/install/ros_decawave/lib/python3.8/site-packages/ros_decawave/msg/_tag_s.c
[6.733s] -- Installing: /home/pk/najnowsze_przepisywanie/ros_decawave/install/ros_decawave/lib/python3.8/site-packages/ros_decawave/msg/_anchor_s.c
[6.733s] -- Installing: /home/pk/najnowsze_przepisywanie/ros_decawave/install/ros_decawave/lib/python3.8/site-packages/ros_decawave/msg/_anchor_array_s.c
[6.733s] -- Installing: /home/pk/najnowsze_przepisywanie/ros_decawave/install/ros_decawave/lib/python3.8/site-packages/ros_decawave/msg/_acc_s.c
[6.733s] -- Installing: /home/pk/najnowsze_przepisywanie/ros_decawave/install/ros_decawave/lib/python3.8/site-packages/ros_decawave/msg/_anchor_array.py
[6.734s] -- Installing: /home/pk/najnowsze_przepisywanie/ros_decawave/install/ros_decawave/lib/python3.8/site-packages/ros_decawave/ros_decawave_s__rosidl_typesupport_fastrtps_c.cpython-38-x86_64-linux-gnu.so
[6.734s] -- Set runtime path of "/home/pk/najnowsze_przepisywanie/ros_decawave/install/ros_decawave/lib/python3.8/site-packages/ros_decawave/ros_decawave_s__rosidl_typesupport_fastrtps_c.cpython-38-x86_64-linux-gnu.so" to ""
[6.735s] -- Installing: /home/pk/najnowsze_przepisywanie/ros_decawave/install/ros_decawave/lib/python3.8/site-packages/ros_decawave/ros_decawave_s__rosidl_typesupport_introspection_c.cpython-38-x86_64-linux-gnu.so
[6.735s] -- Set runtime path of "/home/pk/najnowsze_przepisywanie/ros_decawave/install/ros_decawave/lib/python3.8/site-packages/ros_decawave/ros_decawave_s__rosidl_typesupport_introspection_c.cpython-38-x86_64-linux-gnu.so" to ""
[6.736s] -- Installing: /home/pk/najnowsze_przepisywanie/ros_decawave/install/ros_decawave/lib/python3.8/site-packages/ros_decawave/ros_decawave_s__rosidl_typesupport_c.cpython-38-x86_64-linux-gnu.so
[6.736s] -- Set runtime path of "/home/pk/najnowsze_przepisywanie/ros_decawave/install/ros_decawave/lib/python3.8/site-packages/ros_decawave/ros_decawave_s__rosidl_typesupport_c.cpython-38-x86_64-linux-gnu.so" to ""
[6.737s] -- Installing: /home/pk/najnowsze_przepisywanie/ros_decawave/install/ros_decawave/lib/libros_decawave__python.so
[6.737s] -- Set runtime path of "/home/pk/najnowsze_przepisywanie/ros_decawave/install/ros_decawave/lib/libros_decawave__python.so" to ""
[6.737s] -- Up-to-date: /home/pk/najnowsze_przepisywanie/ros_decawave/install/ros_decawave/share/ros_decawave/msg/Acc.idl
[6.737s] -- Up-to-date: /home/pk/najnowsze_przepisywanie/ros_decawave/install/ros_decawave/share/ros_decawave/msg/Anchor.idl
[6.737s] -- Up-to-date: /home/pk/najnowsze_przepisywanie/ros_decawave/install/ros_decawave/share/ros_decawave/msg/AnchorArray.idl
[6.738s] -- Installing: /home/pk/najnowsze_przepisywanie/ros_decawave/install/ros_decawave/share/ros_decawave/msg/Tag.idl
[6.738s] -- Up-to-date: /home/pk/najnowsze_przepisywanie/ros_decawave/install/ros_decawave/share/ros_decawave/msg/Acc.msg
[6.738s] -- Up-to-date: /home/pk/najnowsze_przepisywanie/ros_decawave/install/ros_decawave/share/ros_decawave/msg/Anchor.msg
[6.738s] -- Up-to-date: /home/pk/najnowsze_przepisywanie/ros_decawave/install/ros_decawave/share/ros_decawave/msg/AnchorArray.msg
[6.738s] -- Installing: /home/pk/najnowsze_przepisywanie/ros_decawave/install/ros_decawave/share/ros_decawave/msg/Tag.msg
[6.738s] -- Up-to-date: /home/pk/najnowsze_przepisywanie/ros_decawave/install/ros_decawave/lib/python3.8/site-packages/ros_decawave
[6.738s] -- Installing: /home/pk/najnowsze_przepisywanie/ros_decawave/install/ros_decawave/lib/python3.8/site-packages/ros_decawave/__init__.py
[6.779s] Listing '/home/pk/najnowsze_przepisywanie/ros_decawave/install/ros_decawave/lib/python3.8/site-packages/ros_decawave'...
[6.779s] Compiling '/home/pk/najnowsze_przepisywanie/ros_decawave/install/ros_decawave/lib/python3.8/site-packages/ros_decawave/__init__.py'...
[6.779s] Listing '/home/pk/najnowsze_przepisywanie/ros_decawave/install/ros_decawave/lib/python3.8/site-packages/ros_decawave/msg'...
[6.779s] Compiling '/home/pk/najnowsze_przepisywanie/ros_decawave/install/ros_decawave/lib/python3.8/site-packages/ros_decawave/msg/__init__.py'...
[6.779s] Compiling '/home/pk/najnowsze_przepisywanie/ros_decawave/install/ros_decawave/lib/python3.8/site-packages/ros_decawave/msg/_acc.py'...
[6.779s] Compiling '/home/pk/najnowsze_przepisywanie/ros_decawave/install/ros_decawave/lib/python3.8/site-packages/ros_decawave/msg/_anchor.py'...
[6.779s] Compiling '/home/pk/najnowsze_przepisywanie/ros_decawave/install/ros_decawave/lib/python3.8/site-packages/ros_decawave/msg/_anchor_array.py'...
[6.779s] Compiling '/home/pk/najnowsze_przepisywanie/ros_decawave/install/ros_decawave/lib/python3.8/site-packages/ros_decawave/msg/_tag.py'...
[6.785s] -- Installing: /home/pk/najnowsze_przepisywanie/ros_decawave/install/ros_decawave/lib/ros_decawave/decawave_driver.py
[6.786s] -- Up-to-date: /home/pk/najnowsze_przepisywanie/ros_decawave/install/ros_decawave/share/ament_index/resource_index/package_run_dependencies/ros_decawave
[6.786s] -- Up-to-date: /home/pk/najnowsze_przepisywanie/ros_decawave/install/ros_decawave/share/ament_index/resource_index/parent_prefix_path/ros_decawave
[6.786s] -- Up-to-date: /home/pk/najnowsze_przepisywanie/ros_decawave/install/ros_decawave/share/ros_decawave/environment/ament_prefix_path.sh
[6.786s] -- Installing: /home/pk/najnowsze_przepisywanie/ros_decawave/install/ros_decawave/share/ros_decawave/environment/ament_prefix_path.dsv
[6.786s] -- Up-to-date: /home/pk/najnowsze_przepisywanie/ros_decawave/install/ros_decawave/share/ros_decawave/environment/path.sh
[6.786s] -- Installing: /home/pk/najnowsze_przepisywanie/ros_decawave/install/ros_decawave/share/ros_decawave/environment/path.dsv
[6.786s] -- Up-to-date: /home/pk/najnowsze_przepisywanie/ros_decawave/install/ros_decawave/share/ros_decawave/local_setup.bash
[6.787s] -- Up-to-date: /home/pk/najnowsze_przepisywanie/ros_decawave/install/ros_decawave/share/ros_decawave/local_setup.sh
[6.787s] -- Up-to-date: /home/pk/najnowsze_przepisywanie/ros_decawave/install/ros_decawave/share/ros_decawave/local_setup.zsh
[6.787s] -- Installing: /home/pk/najnowsze_przepisywanie/ros_decawave/install/ros_decawave/share/ros_decawave/local_setup.dsv
[6.787s] -- Installing: /home/pk/najnowsze_przepisywanie/ros_decawave/install/ros_decawave/share/ros_decawave/package.dsv
[6.787s] -- Up-to-date: /home/pk/najnowsze_przepisywanie/ros_decawave/install/ros_decawave/share/ament_index/resource_index/packages/ros_decawave
[6.787s] -- Up-to-date: /home/pk/najnowsze_przepisywanie/ros_decawave/install/ros_decawave/share/ros_decawave/cmake/ros_decawave__rosidl_generator_cExport.cmake
[6.787s] -- Installing: /home/pk/najnowsze_przepisywanie/ros_decawave/install/ros_decawave/share/ros_decawave/cmake/ros_decawave__rosidl_generator_cExport-noconfig.cmake
[6.787s] -- Up-to-date: /home/pk/najnowsze_przepisywanie/ros_decawave/install/ros_decawave/share/ros_decawave/cmake/ros_decawave__rosidl_typesupport_introspection_cExport.cmake
[6.787s] -- Installing: /home/pk/najnowsze_przepisywanie/ros_decawave/install/ros_decawave/share/ros_decawave/cmake/ros_decawave__rosidl_typesupport_introspection_cExport-noconfig.cmake
[6.788s] -- Up-to-date: /home/pk/najnowsze_przepisywanie/ros_decawave/install/ros_decawave/share/ros_decawave/cmake/ros_decawave__rosidl_typesupport_cExport.cmake
[6.788s] -- Installing: /home/pk/najnowsze_przepisywanie/ros_decawave/install/ros_decawave/share/ros_decawave/cmake/ros_decawave__rosidl_typesupport_cExport-noconfig.cmake
[6.788s] -- Up-to-date: /home/pk/najnowsze_przepisywanie/ros_decawave/install/ros_decawave/share/ros_decawave/cmake/ros_decawave__rosidl_generator_cppExport.cmake
[6.788s] -- Up-to-date: /home/pk/najnowsze_przepisywanie/ros_decawave/install/ros_decawave/share/ros_decawave/cmake/ros_decawave__rosidl_typesupport_introspection_cppExport.cmake
[6.788s] -- Installing: /home/pk/najnowsze_przepisywanie/ros_decawave/install/ros_decawave/share/ros_decawave/cmake/ros_decawave__rosidl_typesupport_introspection_cppExport-noconfig.cmake
[6.789s] -- Up-to-date: /home/pk/najnowsze_przepisywanie/ros_decawave/install/ros_decawave/share/ros_decawave/cmake/ros_decawave__rosidl_typesupport_cppExport.cmake
[6.789s] -- Installing: /home/pk/najnowsze_przepisywanie/ros_decawave/install/ros_decawave/share/ros_decawave/cmake/ros_decawave__rosidl_typesupport_cppExport-noconfig.cmake
[6.789s] -- Up-to-date: /home/pk/najnowsze_przepisywanie/ros_decawave/install/ros_decawave/share/ros_decawave/cmake/rosidl_cmake-extras.cmake
[6.789s] -- Up-to-date: /home/pk/najnowsze_przepisywanie/ros_decawave/install/ros_decawave/share/ros_decawave/cmake/ament_cmake_export_dependencies-extras.cmake
[6.789s] -- Up-to-date: /home/pk/najnowsze_przepisywanie/ros_decawave/install/ros_decawave/share/ros_decawave/cmake/ament_cmake_export_libraries-extras.cmake
[6.789s] -- Up-to-date: /home/pk/najnowsze_przepisywanie/ros_decawave/install/ros_decawave/share/ros_decawave/cmake/ament_cmake_export_targets-extras.cmake
[6.789s] -- Up-to-date: /home/pk/najnowsze_przepisywanie/ros_decawave/install/ros_decawave/share/ros_decawave/cmake/ament_cmake_export_include_directories-extras.cmake
[6.789s] -- Up-to-date: /home/pk/najnowsze_przepisywanie/ros_decawave/install/ros_decawave/share/ros_decawave/cmake/rosidl_cmake_export_typesupport_libraries-extras.cmake
[6.789s] -- Up-to-date: /home/pk/najnowsze_przepisywanie/ros_decawave/install/ros_decawave/share/ros_decawave/cmake/rosidl_cmake_export_typesupport_targets-extras.cmake
[6.790s] -- Up-to-date: /home/pk/najnowsze_przepisywanie/ros_decawave/install/ros_decawave/share/ros_decawave/cmake/ros_decawaveConfig.cmake
[6.790s] -- Up-to-date: /home/pk/najnowsze_przepisywanie/ros_decawave/install/ros_decawave/share/ros_decawave/cmake/ros_decawaveConfig-version.cmake
[6.790s] -- Up-to-date: /home/pk/najnowsze_przepisywanie/ros_decawave/install/ros_decawave/share/ros_decawave/package.xml
[6.792s] Invoked command in '/home/pk/najnowsze_przepisywanie/ros_decawave/build/ros_decawave' returned '0': CMAKE_PREFIX_PATH=${CMAKE_PREFIX_PATH}:/opt/ros/foxy /usr/bin/cmake --install /home/pk/najnowsze_przepisywanie/ros_decawave/build/ros_decawave
