[0.188s] DEBUG:colcon:Command line arguments: ['/usr/bin/colcon', 'build']
[0.188s] DEBUG:colcon:Parsed command line arguments: Namespace(allow_overriding=[], ament_cmake_args=None, base_paths=['.'], build_base='build', catkin_cmake_args=None, catkin_skip_building_tests=False, cmake_args=None, cmake_clean_cache=False, cmake_clean_first=False, cmake_force_configure=False, cmake_target=None, cmake_target_skip_unavailable=False, continue_on_error=False, event_handlers=None, executor='parallel', ignore_user_meta=False, install_base='install', log_base=None, log_level=None, main=<bound method BuildVerb.main of <colcon_core.verb.build.BuildVerb object at 0x7ff216d6c9d0>>, merge_install=False, metas=['./colcon.meta'], mixin=None, mixin_files=None, mixin_verb=('build',), packages_above=None, packages_above_and_dependencies=None, packages_above_depth=None, packages_end=None, packages_ignore=None, packages_ignore_regex=None, packages_select=None, packages_select_build_failed=False, packages_select_by_dep=None, packages_select_regex=None, packages_select_test_failures=False, packages_skip=None, packages_skip_build_finished=False, packages_skip_by_dep=None, packages_skip_regex=None, packages_skip_test_passed=False, packages_skip_up_to=None, packages_start=None, packages_up_to=None, packages_up_to_regex=None, parallel_workers=8, paths=None, symlink_install=False, test_result_base=None, verb_extension=<colcon_core.verb.build.BuildVerb object at 0x7ff216d6c9d0>, verb_name='build', verb_parser=<colcon_mixin.mixin.mixin_argument.MixinArgumentDecorator object at 0x7ff216d6cf10>)
[0.215s] Level 1:colcon.colcon_core.package_discovery:discover_packages(colcon_meta) check parameters
[0.216s] Level 1:colcon.colcon_core.package_discovery:discover_packages(recursive) check parameters
[0.216s] Level 1:colcon.colcon_core.package_discovery:discover_packages(ignore) check parameters
[0.216s] Level 1:colcon.colcon_core.package_discovery:discover_packages(path) check parameters
[0.216s] Level 1:colcon.colcon_core.package_discovery:discover_packages(colcon_meta) discover
[0.216s] Level 1:colcon.colcon_core.package_discovery:discover_packages(recursive) discover
[0.216s] INFO:colcon.colcon_core.package_discovery:Crawling recursively for packages in '/home/pk/najnowsze_przepisywanie/ros_decawave'
[0.216s] Level 1:colcon.colcon_core.package_identification:_identify(.) by extensions ['ignore', 'ignore_ament_install']
[0.216s] Level 1:colcon.colcon_core.package_identification:_identify(.) by extension 'ignore'
[0.216s] Level 1:colcon.colcon_core.package_identification:_identify(.) by extension 'ignore_ament_install'
[0.216s] Level 1:colcon.colcon_core.package_identification:_identify(.) by extensions ['colcon_pkg']
[0.216s] Level 1:colcon.colcon_core.package_identification:_identify(.) by extension 'colcon_pkg'
[0.216s] Level 1:colcon.colcon_core.package_identification:_identify(.) by extensions ['colcon_meta']
[0.217s] Level 1:colcon.colcon_core.package_identification:_identify(.) by extension 'colcon_meta'
[0.217s] Level 1:colcon.colcon_core.package_identification:_identify(.) by extensions ['ros']
[0.217s] Level 1:colcon.colcon_core.package_identification:_identify(.) by extension 'ros'
[0.242s] DEBUG:colcon.colcon_core.package_identification:Package '.' with type 'ros.ament_cmake' and name 'ros_decawave'
[0.242s] Level 1:colcon.colcon_core.package_discovery:discover_packages(recursive) using defaults
[0.242s] Level 1:colcon.colcon_core.package_discovery:discover_packages(ignore) discover
[0.242s] Level 1:colcon.colcon_core.package_discovery:discover_packages(ignore) using defaults
[0.242s] Level 1:colcon.colcon_core.package_discovery:discover_packages(path) discover
[0.242s] Level 1:colcon.colcon_core.package_discovery:discover_packages(path) using defaults
[0.265s] Level 1:colcon.colcon_core.package_discovery:discover_packages(prefix_path) check parameters
[0.265s] Level 1:colcon.colcon_core.package_discovery:discover_packages(prefix_path) discover
[0.268s] DEBUG:colcon.colcon_installed_package_information.package_discovery:Found 1 installed packages in /home/pk/najnowsze_przepisywanie/ros_decawave/install
[0.270s] DEBUG:colcon.colcon_installed_package_information.package_discovery:Found 330 installed packages in /opt/ros/foxy
[0.273s] Level 1:colcon.colcon_core.package_discovery:discover_packages(prefix_path) using defaults
[0.350s] Level 5:colcon.colcon_core.verb:set package 'ros_decawave' build argument 'cmake_args' from command line to 'None'
[0.350s] Level 5:colcon.colcon_core.verb:set package 'ros_decawave' build argument 'cmake_target' from command line to 'None'
[0.350s] Level 5:colcon.colcon_core.verb:set package 'ros_decawave' build argument 'cmake_target_skip_unavailable' from command line to 'False'
[0.351s] Level 5:colcon.colcon_core.verb:set package 'ros_decawave' build argument 'cmake_clean_cache' from command line to 'False'
[0.351s] Level 5:colcon.colcon_core.verb:set package 'ros_decawave' build argument 'cmake_clean_first' from command line to 'False'
[0.351s] Level 5:colcon.colcon_core.verb:set package 'ros_decawave' build argument 'cmake_force_configure' from command line to 'False'
[0.351s] Level 5:colcon.colcon_core.verb:set package 'ros_decawave' build argument 'ament_cmake_args' from command line to 'None'
[0.351s] Level 5:colcon.colcon_core.verb:set package 'ros_decawave' build argument 'catkin_cmake_args' from command line to 'None'
[0.351s] Level 5:colcon.colcon_core.verb:set package 'ros_decawave' build argument 'catkin_skip_building_tests' from command line to 'False'
[0.351s] DEBUG:colcon.colcon_core.verb:Building package 'ros_decawave' with the following arguments: {'ament_cmake_args': None, 'build_base': '/home/pk/najnowsze_przepisywanie/ros_decawave/build/ros_decawave', 'catkin_cmake_args': None, 'catkin_skip_building_tests': False, 'cmake_args': None, 'cmake_clean_cache': False, 'cmake_clean_first': False, 'cmake_force_configure': False, 'cmake_target': None, 'cmake_target_skip_unavailable': False, 'install_base': '/home/pk/najnowsze_przepisywanie/ros_decawave/install/ros_decawave', 'merge_install': False, 'path': '/home/pk/najnowsze_przepisywanie/ros_decawave', 'symlink_install': False, 'test_result_base': None}
[0.352s] INFO:colcon.colcon_core.executor:Executing jobs using 'parallel' executor
[0.355s] DEBUG:colcon.colcon_parallel_executor.executor.parallel:run_until_complete
[0.356s] INFO:colcon.colcon_ros.task.ament_cmake.build:Building ROS package in '/home/pk/najnowsze_przepisywanie/ros_decawave' with build type 'ament_cmake'
[0.356s] INFO:colcon.colcon_cmake.task.cmake.build:Building CMake package in '/home/pk/najnowsze_przepisywanie/ros_decawave'
[0.360s] INFO:colcon.colcon_core.plugin_system:Skipping extension 'colcon_core.shell.bat': Not used on non-Windows systems
[0.361s] INFO:colcon.colcon_core.shell:Skip shell extension 'powershell' for command environment: Not usable outside of PowerShell
[0.361s] DEBUG:colcon.colcon_core.shell:Skip shell extension 'dsv' for command environment
[0.374s] DEBUG:colcon.colcon_core.event_handler.log_command:Invoking command in '/home/pk/najnowsze_przepisywanie/ros_decawave/build/ros_decawave': CMAKE_PREFIX_PATH=${CMAKE_PREFIX_PATH}:/opt/ros/foxy /usr/bin/cmake --build /home/pk/najnowsze_przepisywanie/ros_decawave/build/ros_decawave -- -j8 -l8
[3.692s] DEBUG:colcon.colcon_core.event_handler.log_command:Invoked command in '/home/pk/najnowsze_przepisywanie/ros_decawave/build/ros_decawave' returned '2': CMAKE_PREFIX_PATH=${CMAKE_PREFIX_PATH}:/opt/ros/foxy /usr/bin/cmake --build /home/pk/najnowsze_przepisywanie/ros_decawave/build/ros_decawave -- -j8 -l8
[3.834s] Level 1:colcon.colcon_core.environment:create_environment_scripts_only(ros_decawave)
[3.842s] Level 1:colcon.colcon_core.environment:checking '/home/pk/najnowsze_przepisywanie/ros_decawave/install/ros_decawave' for CMake module files
[3.843s] Level 1:colcon.colcon_core.environment:checking '/home/pk/najnowsze_przepisywanie/ros_decawave/install/ros_decawave' for CMake config files
[3.843s] Level 1:colcon.colcon_core.shell:create_environment_hook('ros_decawave', 'cmake_prefix_path')
[3.846s] INFO:colcon.colcon_core.shell:Creating environment hook '/home/pk/najnowsze_przepisywanie/ros_decawave/install/ros_decawave/share/ros_decawave/hook/cmake_prefix_path.ps1'
[3.847s] INFO:colcon.colcon_core.shell:Creating environment descriptor '/home/pk/najnowsze_przepisywanie/ros_decawave/install/ros_decawave/share/ros_decawave/hook/cmake_prefix_path.dsv'
[3.847s] INFO:colcon.colcon_core.shell:Creating environment hook '/home/pk/najnowsze_przepisywanie/ros_decawave/install/ros_decawave/share/ros_decawave/hook/cmake_prefix_path.sh'
[3.849s] Level 1:colcon.colcon_core.environment:checking '/home/pk/najnowsze_przepisywanie/ros_decawave/install/ros_decawave/lib'
[3.849s] Level 1:colcon.colcon_core.shell:create_environment_hook('ros_decawave', 'ld_library_path_lib')
[3.850s] INFO:colcon.colcon_core.shell:Creating environment hook '/home/pk/najnowsze_przepisywanie/ros_decawave/install/ros_decawave/share/ros_decawave/hook/ld_library_path_lib.ps1'
[3.850s] INFO:colcon.colcon_core.shell:Creating environment descriptor '/home/pk/najnowsze_przepisywanie/ros_decawave/install/ros_decawave/share/ros_decawave/hook/ld_library_path_lib.dsv'
[3.851s] INFO:colcon.colcon_core.shell:Creating environment hook '/home/pk/najnowsze_przepisywanie/ros_decawave/install/ros_decawave/share/ros_decawave/hook/ld_library_path_lib.sh'
[3.851s] Level 1:colcon.colcon_core.environment:checking '/home/pk/najnowsze_przepisywanie/ros_decawave/install/ros_decawave/bin'
[3.851s] Level 1:colcon.colcon_core.environment:checking '/home/pk/najnowsze_przepisywanie/ros_decawave/install/ros_decawave/lib/pkgconfig/ros_decawave.pc'
[3.852s] Level 1:colcon.colcon_core.environment:checking '/home/pk/najnowsze_przepisywanie/ros_decawave/install/ros_decawave/lib/python3.8/site-packages'
[3.852s] Level 1:colcon.colcon_core.shell:create_environment_hook('ros_decawave', 'pythonpath')
[3.853s] INFO:colcon.colcon_core.shell:Creating environment hook '/home/pk/najnowsze_przepisywanie/ros_decawave/install/ros_decawave/share/ros_decawave/hook/pythonpath.ps1'
[3.853s] INFO:colcon.colcon_core.shell:Creating environment descriptor '/home/pk/najnowsze_przepisywanie/ros_decawave/install/ros_decawave/share/ros_decawave/hook/pythonpath.dsv'
[3.854s] INFO:colcon.colcon_core.shell:Creating environment hook '/home/pk/najnowsze_przepisywanie/ros_decawave/install/ros_decawave/share/ros_decawave/hook/pythonpath.sh'
[3.854s] Level 1:colcon.colcon_core.environment:checking '/home/pk/najnowsze_przepisywanie/ros_decawave/install/ros_decawave/bin'
[3.856s] INFO:colcon.colcon_core.shell:Creating package script '/home/pk/najnowsze_przepisywanie/ros_decawave/install/ros_decawave/share/ros_decawave/package.ps1'
[3.857s] INFO:colcon.colcon_core.shell:Creating package descriptor '/home/pk/najnowsze_przepisywanie/ros_decawave/install/ros_decawave/share/ros_decawave/package.dsv'
[3.857s] INFO:colcon.colcon_core.shell:Creating package script '/home/pk/najnowsze_przepisywanie/ros_decawave/install/ros_decawave/share/ros_decawave/package.sh'
[3.858s] INFO:colcon.colcon_core.shell:Creating package script '/home/pk/najnowsze_przepisywanie/ros_decawave/install/ros_decawave/share/ros_decawave/package.bash'
[3.859s] INFO:colcon.colcon_core.shell:Creating package script '/home/pk/najnowsze_przepisywanie/ros_decawave/install/ros_decawave/share/ros_decawave/package.zsh'
[3.860s] Level 1:colcon.colcon_core.environment:create_file_with_runtime_dependencies(/home/pk/najnowsze_przepisywanie/ros_decawave/install/ros_decawave/share/colcon-core/packages/ros_decawave)
[3.870s] DEBUG:colcon.colcon_parallel_executor.executor.parallel:closing loop
[3.871s] DEBUG:colcon.colcon_parallel_executor.executor.parallel:loop closed
[3.871s] DEBUG:colcon.colcon_parallel_executor.executor.parallel:run_until_complete finished with '2'
[3.871s] DEBUG:colcon.colcon_core.event_reactor:joining thread
[3.880s] INFO:colcon.colcon_core.plugin_system:Skipping extension 'colcon_notification.desktop_notification.terminal_notifier': Not used on non-Darwin systems
[3.880s] INFO:colcon.colcon_core.plugin_system:Skipping extension 'colcon_notification.desktop_notification.win32': Not used on non-Windows systems
[3.880s] INFO:colcon.colcon_notification.desktop_notification:Sending desktop notification using 'notify2'
[3.899s] DEBUG:colcon.colcon_core.event_reactor:joined thread
[3.901s] INFO:colcon.colcon_core.shell:Creating prefix script '/home/pk/najnowsze_przepisywanie/ros_decawave/install/local_setup.ps1'
[3.902s] INFO:colcon.colcon_core.shell:Creating prefix util module '/home/pk/najnowsze_przepisywanie/ros_decawave/install/_local_setup_util_ps1.py'
[3.903s] INFO:colcon.colcon_core.shell:Creating prefix chain script '/home/pk/najnowsze_przepisywanie/ros_decawave/install/setup.ps1'
[3.904s] INFO:colcon.colcon_core.shell:Creating prefix script '/home/pk/najnowsze_przepisywanie/ros_decawave/install/local_setup.sh'
[3.905s] INFO:colcon.colcon_core.shell:Creating prefix util module '/home/pk/najnowsze_przepisywanie/ros_decawave/install/_local_setup_util_sh.py'
[3.906s] INFO:colcon.colcon_core.shell:Creating prefix chain script '/home/pk/najnowsze_przepisywanie/ros_decawave/install/setup.sh'
[3.908s] INFO:colcon.colcon_core.shell:Creating prefix script '/home/pk/najnowsze_przepisywanie/ros_decawave/install/local_setup.bash'
[3.909s] INFO:colcon.colcon_core.shell:Creating prefix chain script '/home/pk/najnowsze_przepisywanie/ros_decawave/install/setup.bash'
[3.911s] INFO:colcon.colcon_core.shell:Creating prefix script '/home/pk/najnowsze_przepisywanie/ros_decawave/install/local_setup.zsh'
[3.912s] INFO:colcon.colcon_core.shell:Creating prefix chain script '/home/pk/najnowsze_przepisywanie/ros_decawave/install/setup.zsh'
