[0.020s] Invoking command in '/home/pk/najnowsze_przepisywanie/ros_decawave/build/ros_decawave': CMAKE_PREFIX_PATH=${CMAKE_PREFIX_PATH}:/opt/ros/foxy /usr/bin/cmake --build /home/pk/najnowsze_przepisywanie/ros_decawave/build/ros_decawave -- -j8 -l8
[0.051s] -- Found ament_cmake: 0.9.11 (/opt/ros/foxy/share/ament_cmake/cmake)
[0.076s] -- Found PythonInterp: /usr/bin/python3 (found suitable version "3.8.10", minimum required is "3") 
[0.076s] -- Using PYTHON_EXECUTABLE: /usr/bin/python3
[0.274s] -- Found rosidl_default_generators: 1.0.1 (/opt/ros/foxy/share/rosidl_default_generators/cmake)
[0.278s] -- Using all available rosidl_typesupport_c: rosidl_typesupport_fastrtps_c;rosidl_typesupport_introspection_c
[0.282s] -- Found rosidl_adapter: 1.3.0 (/opt/ros/foxy/share/rosidl_adapter/cmake)
[0.435s] -- Using all available rosidl_typesupport_cpp: rosidl_typesupport_fastrtps_cpp;rosidl_typesupport_introspection_cpp
[0.491s] -- Found PythonInterp: /usr/bin/python3 (found version "3.8.10") 
[0.657s] -- Found ament_cmake_ros: 0.9.2 (/opt/ros/foxy/share/ament_cmake_ros/cmake)
[0.768s] -- Using all available rosidl_typesupport_c: rosidl_typesupport_fastrtps_c;rosidl_typesupport_introspection_c
[0.775s] -- Using all available rosidl_typesupport_cpp: rosidl_typesupport_fastrtps_cpp;rosidl_typesupport_introspection_cpp
[0.799s] -- Found PythonInterp: /usr/bin/python3 (found suitable version "3.8.10", minimum required is "3.5") 
[0.799s] -- Found python_cmake_module: 0.8.1 (/opt/ros/foxy/share/python_cmake_module/cmake)
[0.825s] -- Using PYTHON_EXECUTABLE: /usr/bin/python3
[0.826s] -- Using PYTHON_INCLUDE_DIRS: /usr/include/python3.8
[0.826s] -- Using PYTHON_LIBRARIES: /usr/lib/x86_64-linux-gnu/libpython3.8.so
[0.840s] -- Found ament_lint_auto: 0.9.7 (/opt/ros/foxy/share/ament_lint_auto/cmake)
[0.851s] -- Added test 'copyright' to check source files copyright and LICENSE
[0.904s] -- Added test 'cppcheck' to perform static code analysis on C / C++ code
[0.906s] -- Configured cppcheck include dirs: $<BUILD_INTERFACE:/home/pk/najnowsze_przepisywanie/ros_decawave/build/ros_decawave/rosidl_generator_c>;/home/pk/najnowsze_przepisywanie/ros_decawave/build/ros_decawave/rosidl_generator_c;/home/pk/najnowsze_przepisywanie/ros_decawave/build/ros_decawave/rosidl_generator_cpp;/home/pk/najnowsze_przepisywanie/ros_decawave/build/ros_decawave/rosidl_typesupport_fastrtps_c;/home/pk/najnowsze_przepisywanie/ros_decawave/build/ros_decawave/rosidl_typesupport_fastrtps_cpp;$<BUILD_INTERFACE:/home/pk/najnowsze_przepisywanie/ros_decawave/build/ros_decawave/rosidl_typesupport_introspection_c>;$<BUILD_INTERFACE:/home/pk/najnowsze_przepisywanie/ros_decawave/build/ros_decawave/rosidl_typesupport_c>;$<BUILD_INTERFACE:/home/pk/najnowsze_przepisywanie/ros_decawave/build/ros_decawave/rosidl_generator_cpp>;/home/pk/najnowsze_przepisywanie/ros_decawave/build/ros_decawave/rosidl_generator_py
[0.906s] -- Configured cppcheck exclude dirs and/or files: 
[0.960s] -- Added test 'cpplint' to check C / C++ code against the Google style
[0.961s] -- Configured cpplint exclude dirs and/or files: 
[0.968s] -- Added test 'flake8' to check Python code syntax and style conventions
[0.982s] -- Added test 'lint_cmake' to check CMake code style
[0.989s] -- Added test 'pep257' to check Python code against some of the style conventions in PEP 257
[1.043s] -- Added test 'uncrustify' to check C / C++ code style
[1.043s] -- Configured uncrustify additional arguments: 
[1.050s] -- Added test 'xmllint' to check XML markup files
[1.054s] -- Configuring done
[1.094s] -- Generating done
[1.098s] -- Build files have been written to: /home/pk/najnowsze_przepisywanie/ros_decawave/build/ros_decawave
[1.142s] [  1%] Built target ros_decawave__cpp
[1.143s] [ 12%] Built target ros_decawave__rosidl_generator_c
[1.169s] [ 34%] Built target ros_decawave__rosidl_typesupport_cpp
[1.169s] [ 34%] Built target ros_decawave__rosidl_typesupport_c
[1.173s] [ 45%] Built target ros_decawave__rosidl_typesupport_introspection_c
[1.177s] [ 65%] Built target ros_decawave__rosidl_typesupport_introspection_cpp
[1.177s] [ 67%] Built target ros_decawave__rosidl_typesupport_fastrtps_cpp
[1.216s] [ 78%] Built target ros_decawave__rosidl_typesupport_fastrtps_c
[1.243s] [ 78%] Built target ros_decawave
[1.272s] [ 80%] Built target ros_decawave__py
[1.308s] [ 89%] Built target ros_decawave__python
[1.338s] [ 96%] Built target ros_decawave__rosidl_typesupport_fastrtps_c__pyext
[1.338s] [ 96%] Built target ros_decawave__rosidl_typesupport_introspection_c__pyext
[1.338s] [100%] Built target ros_decawave__rosidl_typesupport_c__pyext
[1.351s] Invoked command in '/home/pk/najnowsze_przepisywanie/ros_decawave/build/ros_decawave' returned '0': CMAKE_PREFIX_PATH=${CMAKE_PREFIX_PATH}:/opt/ros/foxy /usr/bin/cmake --build /home/pk/najnowsze_przepisywanie/ros_decawave/build/ros_decawave -- -j8 -l8
[1.510s] Invoking command in '/home/pk/najnowsze_przepisywanie/ros_decawave/build/ros_decawave': CMAKE_PREFIX_PATH=${CMAKE_PREFIX_PATH}:/opt/ros/foxy /usr/bin/cmake --install /home/pk/najnowsze_przepisywanie/ros_decawave/build/ros_decawave
[1.523s] -- Install configuration: ""
[1.523s] -- Up-to-date: /home/pk/najnowsze_przepisywanie/ros_decawave/install/ros_decawave/share/ament_index/resource_index/rosidl_interfaces/ros_decawave
[1.523s] -- Up-to-date: /home/pk/najnowsze_przepisywanie/ros_decawave/install/ros_decawave/include/ros_decawave
[1.523s] -- Up-to-date: /home/pk/najnowsze_przepisywanie/ros_decawave/install/ros_decawave/include/ros_decawave/msg
[1.523s] -- Up-to-date: /home/pk/najnowsze_przepisywanie/ros_decawave/install/ros_decawave/include/ros_decawave/msg/anchor.h
[1.523s] -- Up-to-date: /home/pk/najnowsze_przepisywanie/ros_decawave/install/ros_decawave/include/ros_decawave/msg/rosidl_generator_c__visibility_control.h
[1.523s] -- Up-to-date: /home/pk/najnowsze_przepisywanie/ros_decawave/install/ros_decawave/include/ros_decawave/msg/detail
[1.523s] -- Up-to-date: /home/pk/najnowsze_przepisywanie/ros_decawave/install/ros_decawave/include/ros_decawave/msg/detail/anchor_array__struct.h
[1.523s] -- Up-to-date: /home/pk/najnowsze_przepisywanie/ros_decawave/install/ros_decawave/include/ros_decawave/msg/detail/tag__functions.c
[1.524s] -- Up-to-date: /home/pk/najnowsze_przepisywanie/ros_decawave/install/ros_decawave/include/ros_decawave/msg/detail/tag__struct.h
[1.524s] -- Up-to-date: /home/pk/najnowsze_przepisywanie/ros_decawave/install/ros_decawave/include/ros_decawave/msg/detail/anchor__functions.h
[1.524s] -- Up-to-date: /home/pk/najnowsze_przepisywanie/ros_decawave/install/ros_decawave/include/ros_decawave/msg/detail/anchor_array__functions.h
[1.524s] -- Up-to-date: /home/pk/najnowsze_przepisywanie/ros_decawave/install/ros_decawave/include/ros_decawave/msg/detail/acc__functions.h
[1.524s] -- Up-to-date: /home/pk/najnowsze_przepisywanie/ros_decawave/install/ros_decawave/include/ros_decawave/msg/detail/tag__type_support.h
[1.524s] -- Up-to-date: /home/pk/najnowsze_przepisywanie/ros_decawave/install/ros_decawave/include/ros_decawave/msg/detail/anchor__struct.h
[1.524s] -- Up-to-date: /home/pk/najnowsze_przepisywanie/ros_decawave/install/ros_decawave/include/ros_decawave/msg/detail/acc__functions.c
[1.524s] -- Up-to-date: /home/pk/najnowsze_przepisywanie/ros_decawave/install/ros_decawave/include/ros_decawave/msg/detail/tag__functions.h
[1.524s] -- Up-to-date: /home/pk/najnowsze_przepisywanie/ros_decawave/install/ros_decawave/include/ros_decawave/msg/detail/anchor__type_support.h
[1.525s] -- Up-to-date: /home/pk/najnowsze_przepisywanie/ros_decawave/install/ros_decawave/include/ros_decawave/msg/detail/anchor_array__functions.c
[1.525s] -- Up-to-date: /home/pk/najnowsze_przepisywanie/ros_decawave/install/ros_decawave/include/ros_decawave/msg/detail/anchor_array__type_support.h
[1.525s] -- Up-to-date: /home/pk/najnowsze_przepisywanie/ros_decawave/install/ros_decawave/include/ros_decawave/msg/detail/anchor__functions.c
[1.525s] -- Up-to-date: /home/pk/najnowsze_przepisywanie/ros_decawave/install/ros_decawave/include/ros_decawave/msg/detail/acc__type_support.h
[1.525s] -- Up-to-date: /home/pk/najnowsze_przepisywanie/ros_decawave/install/ros_decawave/include/ros_decawave/msg/detail/acc__struct.h
[1.525s] -- Up-to-date: /home/pk/najnowsze_przepisywanie/ros_decawave/install/ros_decawave/include/ros_decawave/msg/anchor_array.h
[1.525s] -- Up-to-date: /home/pk/najnowsze_przepisywanie/ros_decawave/install/ros_decawave/include/ros_decawave/msg/tag.h
[1.525s] -- Up-to-date: /home/pk/najnowsze_przepisywanie/ros_decawave/install/ros_decawave/include/ros_decawave/msg/acc.h
[1.525s] -- Up-to-date: /home/pk/najnowsze_przepisywanie/ros_decawave/install/ros_decawave/share/ros_decawave/environment/library_path.sh
[1.526s] -- Installing: /home/pk/najnowsze_przepisywanie/ros_decawave/install/ros_decawave/share/ros_decawave/environment/library_path.dsv
[1.526s] -- Up-to-date: /home/pk/najnowsze_przepisywanie/ros_decawave/install/ros_decawave/lib/libros_decawave__rosidl_generator_c.so
[1.526s] -- Up-to-date: /home/pk/najnowsze_przepisywanie/ros_decawave/install/ros_decawave/include/ros_decawave
[1.526s] -- Up-to-date: /home/pk/najnowsze_przepisywanie/ros_decawave/install/ros_decawave/include/ros_decawave/msg
[1.526s] -- Up-to-date: /home/pk/najnowsze_przepisywanie/ros_decawave/install/ros_decawave/include/ros_decawave/msg/detail
[1.526s] -- Up-to-date: /home/pk/najnowsze_przepisywanie/ros_decawave/install/ros_decawave/include/ros_decawave/msg/detail/tag__rosidl_typesupport_fastrtps_c.h
[1.526s] -- Up-to-date: /home/pk/najnowsze_przepisywanie/ros_decawave/install/ros_decawave/include/ros_decawave/msg/detail/anchor_array__rosidl_typesupport_fastrtps_c.h
[1.526s] -- Up-to-date: /home/pk/najnowsze_przepisywanie/ros_decawave/install/ros_decawave/include/ros_decawave/msg/detail/acc__rosidl_typesupport_fastrtps_c.h
[1.526s] -- Up-to-date: /home/pk/najnowsze_przepisywanie/ros_decawave/install/ros_decawave/include/ros_decawave/msg/detail/anchor__rosidl_typesupport_fastrtps_c.h
[1.526s] -- Up-to-date: /home/pk/najnowsze_przepisywanie/ros_decawave/install/ros_decawave/include/ros_decawave/msg/rosidl_typesupport_fastrtps_c__visibility_control.h
[1.526s] -- Up-to-date: /home/pk/najnowsze_przepisywanie/ros_decawave/install/ros_decawave/lib/libros_decawave__rosidl_typesupport_fastrtps_c.so
[1.527s] -- Up-to-date: /home/pk/najnowsze_przepisywanie/ros_decawave/install/ros_decawave/include/ros_decawave
[1.527s] -- Up-to-date: /home/pk/najnowsze_przepisywanie/ros_decawave/install/ros_decawave/include/ros_decawave/msg
[1.527s] -- Up-to-date: /home/pk/najnowsze_przepisywanie/ros_decawave/install/ros_decawave/include/ros_decawave/msg/detail
[1.527s] -- Up-to-date: /home/pk/najnowsze_przepisywanie/ros_decawave/install/ros_decawave/include/ros_decawave/msg/detail/tag__rosidl_typesupport_fastrtps_cpp.hpp
[1.527s] -- Up-to-date: /home/pk/najnowsze_przepisywanie/ros_decawave/install/ros_decawave/include/ros_decawave/msg/detail/acc__rosidl_typesupport_fastrtps_cpp.hpp
[1.527s] -- Up-to-date: /home/pk/najnowsze_przepisywanie/ros_decawave/install/ros_decawave/include/ros_decawave/msg/detail/dds_fastrtps
[1.528s] -- Up-to-date: /home/pk/najnowsze_przepisywanie/ros_decawave/install/ros_decawave/include/ros_decawave/msg/detail/anchor__rosidl_typesupport_fastrtps_cpp.hpp
[1.528s] -- Up-to-date: /home/pk/najnowsze_przepisywanie/ros_decawave/install/ros_decawave/include/ros_decawave/msg/detail/anchor_array__rosidl_typesupport_fastrtps_cpp.hpp
[1.528s] -- Up-to-date: /home/pk/najnowsze_przepisywanie/ros_decawave/install/ros_decawave/include/ros_decawave/msg/rosidl_typesupport_fastrtps_cpp__visibility_control.h
[1.528s] -- Up-to-date: /home/pk/najnowsze_przepisywanie/ros_decawave/install/ros_decawave/lib/libros_decawave__rosidl_typesupport_fastrtps_cpp.so
[1.528s] -- Up-to-date: /home/pk/najnowsze_przepisywanie/ros_decawave/install/ros_decawave/include/ros_decawave
[1.528s] -- Up-to-date: /home/pk/najnowsze_przepisywanie/ros_decawave/install/ros_decawave/include/ros_decawave/msg
[1.528s] -- Up-to-date: /home/pk/najnowsze_przepisywanie/ros_decawave/install/ros_decawave/include/ros_decawave/msg/detail
[1.528s] -- Up-to-date: /home/pk/najnowsze_przepisywanie/ros_decawave/install/ros_decawave/include/ros_decawave/msg/detail/anchor_array__rosidl_typesupport_introspection_c.h
[1.528s] -- Up-to-date: /home/pk/najnowsze_przepisywanie/ros_decawave/install/ros_decawave/include/ros_decawave/msg/detail/anchor_array__type_support.c
[1.528s] -- Up-to-date: /home/pk/najnowsze_przepisywanie/ros_decawave/install/ros_decawave/include/ros_decawave/msg/detail/anchor__rosidl_typesupport_introspection_c.h
[1.528s] -- Up-to-date: /home/pk/najnowsze_przepisywanie/ros_decawave/install/ros_decawave/include/ros_decawave/msg/detail/acc__rosidl_typesupport_introspection_c.h
[1.528s] -- Up-to-date: /home/pk/najnowsze_przepisywanie/ros_decawave/install/ros_decawave/include/ros_decawave/msg/detail/tag__type_support.c
[1.529s] -- Up-to-date: /home/pk/najnowsze_przepisywanie/ros_decawave/install/ros_decawave/include/ros_decawave/msg/detail/acc__type_support.c
[1.529s] -- Up-to-date: /home/pk/najnowsze_przepisywanie/ros_decawave/install/ros_decawave/include/ros_decawave/msg/detail/anchor__type_support.c
[1.529s] -- Up-to-date: /home/pk/najnowsze_przepisywanie/ros_decawave/install/ros_decawave/include/ros_decawave/msg/detail/tag__rosidl_typesupport_introspection_c.h
[1.529s] -- Up-to-date: /home/pk/najnowsze_przepisywanie/ros_decawave/install/ros_decawave/include/ros_decawave/msg/rosidl_typesupport_introspection_c__visibility_control.h
[1.529s] -- Up-to-date: /home/pk/najnowsze_przepisywanie/ros_decawave/install/ros_decawave/lib/libros_decawave__rosidl_typesupport_introspection_c.so
[1.529s] -- Up-to-date: /home/pk/najnowsze_przepisywanie/ros_decawave/install/ros_decawave/lib/libros_decawave__rosidl_typesupport_c.so
[1.529s] -- Up-to-date: /home/pk/najnowsze_przepisywanie/ros_decawave/install/ros_decawave/include/ros_decawave
[1.529s] -- Up-to-date: /home/pk/najnowsze_przepisywanie/ros_decawave/install/ros_decawave/include/ros_decawave/msg
[1.529s] -- Up-to-date: /home/pk/najnowsze_przepisywanie/ros_decawave/install/ros_decawave/include/ros_decawave/msg/acc.hpp
[1.529s] -- Up-to-date: /home/pk/najnowsze_przepisywanie/ros_decawave/install/ros_decawave/include/ros_decawave/msg/tag.hpp
[1.529s] -- Up-to-date: /home/pk/najnowsze_przepisywanie/ros_decawave/install/ros_decawave/include/ros_decawave/msg/detail
[1.529s] -- Up-to-date: /home/pk/najnowsze_przepisywanie/ros_decawave/install/ros_decawave/include/ros_decawave/msg/detail/tag__builder.hpp
[1.530s] -- Up-to-date: /home/pk/najnowsze_przepisywanie/ros_decawave/install/ros_decawave/include/ros_decawave/msg/detail/anchor_array__struct.hpp
[1.530s] -- Up-to-date: /home/pk/najnowsze_przepisywanie/ros_decawave/install/ros_decawave/include/ros_decawave/msg/detail/acc__struct.hpp
[1.530s] -- Up-to-date: /home/pk/najnowsze_przepisywanie/ros_decawave/install/ros_decawave/include/ros_decawave/msg/detail/anchor__builder.hpp
[1.530s] -- Up-to-date: /home/pk/najnowsze_przepisywanie/ros_decawave/install/ros_decawave/include/ros_decawave/msg/detail/anchor_array__builder.hpp
[1.530s] -- Up-to-date: /home/pk/najnowsze_przepisywanie/ros_decawave/install/ros_decawave/include/ros_decawave/msg/detail/acc__traits.hpp
[1.530s] -- Up-to-date: /home/pk/najnowsze_przepisywanie/ros_decawave/install/ros_decawave/include/ros_decawave/msg/detail/anchor__traits.hpp
[1.530s] -- Up-to-date: /home/pk/najnowsze_przepisywanie/ros_decawave/install/ros_decawave/include/ros_decawave/msg/detail/acc__builder.hpp
[1.530s] -- Up-to-date: /home/pk/najnowsze_przepisywanie/ros_decawave/install/ros_decawave/include/ros_decawave/msg/detail/anchor_array__traits.hpp
[1.530s] -- Up-to-date: /home/pk/najnowsze_przepisywanie/ros_decawave/install/ros_decawave/include/ros_decawave/msg/detail/tag__traits.hpp
[1.530s] -- Up-to-date: /home/pk/najnowsze_przepisywanie/ros_decawave/install/ros_decawave/include/ros_decawave/msg/detail/tag__struct.hpp
[1.530s] -- Up-to-date: /home/pk/najnowsze_przepisywanie/ros_decawave/install/ros_decawave/include/ros_decawave/msg/detail/anchor__struct.hpp
[1.530s] -- Up-to-date: /home/pk/najnowsze_przepisywanie/ros_decawave/install/ros_decawave/include/ros_decawave/msg/anchor_array.hpp
[1.530s] -- Up-to-date: /home/pk/najnowsze_przepisywanie/ros_decawave/install/ros_decawave/include/ros_decawave/msg/anchor.hpp
[1.531s] -- Up-to-date: /home/pk/najnowsze_przepisywanie/ros_decawave/install/ros_decawave/include/ros_decawave
[1.531s] -- Up-to-date: /home/pk/najnowsze_przepisywanie/ros_decawave/install/ros_decawave/include/ros_decawave/msg
[1.531s] -- Up-to-date: /home/pk/najnowsze_przepisywanie/ros_decawave/install/ros_decawave/include/ros_decawave/msg/detail
[1.531s] -- Up-to-date: /home/pk/najnowsze_przepisywanie/ros_decawave/install/ros_decawave/include/ros_decawave/msg/detail/tag__rosidl_typesupport_introspection_cpp.hpp
[1.531s] -- Up-to-date: /home/pk/najnowsze_przepisywanie/ros_decawave/install/ros_decawave/include/ros_decawave/msg/detail/anchor_array__rosidl_typesupport_introspection_cpp.hpp
[1.531s] -- Up-to-date: /home/pk/najnowsze_przepisywanie/ros_decawave/install/ros_decawave/include/ros_decawave/msg/detail/anchor_array__type_support.cpp
[1.531s] -- Up-to-date: /home/pk/najnowsze_przepisywanie/ros_decawave/install/ros_decawave/include/ros_decawave/msg/detail/anchor__type_support.cpp
[1.531s] -- Up-to-date: /home/pk/najnowsze_przepisywanie/ros_decawave/install/ros_decawave/include/ros_decawave/msg/detail/acc__type_support.cpp
[1.531s] -- Up-to-date: /home/pk/najnowsze_przepisywanie/ros_decawave/install/ros_decawave/include/ros_decawave/msg/detail/anchor__rosidl_typesupport_introspection_cpp.hpp
[1.531s] -- Up-to-date: /home/pk/najnowsze_przepisywanie/ros_decawave/install/ros_decawave/include/ros_decawave/msg/detail/acc__rosidl_typesupport_introspection_cpp.hpp
[1.531s] -- Up-to-date: /home/pk/najnowsze_przepisywanie/ros_decawave/install/ros_decawave/include/ros_decawave/msg/detail/tag__type_support.cpp
[1.531s] -- Up-to-date: /home/pk/najnowsze_przepisywanie/ros_decawave/install/ros_decawave/lib/libros_decawave__rosidl_typesupport_introspection_cpp.so
[1.531s] -- Up-to-date: /home/pk/najnowsze_przepisywanie/ros_decawave/install/ros_decawave/lib/libros_decawave__rosidl_typesupport_cpp.so
[1.532s] -- Up-to-date: /home/pk/najnowsze_przepisywanie/ros_decawave/install/ros_decawave/share/ros_decawave/environment/pythonpath.sh
[1.532s] -- Installing: /home/pk/najnowsze_przepisywanie/ros_decawave/install/ros_decawave/share/ros_decawave/environment/pythonpath.dsv
[1.532s] -- Installing: /home/pk/najnowsze_przepisywanie/ros_decawave/install/ros_decawave/lib/python3.8/site-packages/ros_decawave/__init__.py
[1.560s] Compiling '/home/pk/najnowsze_przepisywanie/ros_decawave/install/ros_decawave/lib/python3.8/site-packages/ros_decawave/__init__.py'...
[1.565s] -- Up-to-date: /home/pk/najnowsze_przepisywanie/ros_decawave/install/ros_decawave/lib/python3.8/site-packages/ros_decawave/msg
[1.565s] -- Up-to-date: /home/pk/najnowsze_przepisywanie/ros_decawave/install/ros_decawave/lib/python3.8/site-packages/ros_decawave/msg/_anchor.py
[1.565s] -- Up-to-date: /home/pk/najnowsze_przepisywanie/ros_decawave/install/ros_decawave/lib/python3.8/site-packages/ros_decawave/msg/__init__.py
[1.565s] -- Up-to-date: /home/pk/najnowsze_przepisywanie/ros_decawave/install/ros_decawave/lib/python3.8/site-packages/ros_decawave/msg/_tag.py
[1.565s] -- Up-to-date: /home/pk/najnowsze_przepisywanie/ros_decawave/install/ros_decawave/lib/python3.8/site-packages/ros_decawave/msg/_acc.py
[1.565s] -- Up-to-date: /home/pk/najnowsze_przepisywanie/ros_decawave/install/ros_decawave/lib/python3.8/site-packages/ros_decawave/msg/_tag_s.c
[1.565s] -- Up-to-date: /home/pk/najnowsze_przepisywanie/ros_decawave/install/ros_decawave/lib/python3.8/site-packages/ros_decawave/msg/_anchor_s.c
[1.565s] -- Up-to-date: /home/pk/najnowsze_przepisywanie/ros_decawave/install/ros_decawave/lib/python3.8/site-packages/ros_decawave/msg/_anchor_array_s.c
[1.565s] -- Up-to-date: /home/pk/najnowsze_przepisywanie/ros_decawave/install/ros_decawave/lib/python3.8/site-packages/ros_decawave/msg/_acc_s.c
[1.565s] -- Up-to-date: /home/pk/najnowsze_przepisywanie/ros_decawave/install/ros_decawave/lib/python3.8/site-packages/ros_decawave/msg/_anchor_array.py
[1.566s] -- Up-to-date: /home/pk/najnowsze_przepisywanie/ros_decawave/install/ros_decawave/lib/python3.8/site-packages/ros_decawave/ros_decawave_s__rosidl_typesupport_fastrtps_c.cpython-38-x86_64-linux-gnu.so
[1.566s] -- Up-to-date: /home/pk/najnowsze_przepisywanie/ros_decawave/install/ros_decawave/lib/python3.8/site-packages/ros_decawave/ros_decawave_s__rosidl_typesupport_introspection_c.cpython-38-x86_64-linux-gnu.so
[1.567s] -- Up-to-date: /home/pk/najnowsze_przepisywanie/ros_decawave/install/ros_decawave/lib/python3.8/site-packages/ros_decawave/ros_decawave_s__rosidl_typesupport_c.cpython-38-x86_64-linux-gnu.so
[1.567s] -- Up-to-date: /home/pk/najnowsze_przepisywanie/ros_decawave/install/ros_decawave/lib/libros_decawave__python.so
[1.567s] -- Up-to-date: /home/pk/najnowsze_przepisywanie/ros_decawave/install/ros_decawave/share/ros_decawave/msg/Acc.idl
[1.568s] -- Up-to-date: /home/pk/najnowsze_przepisywanie/ros_decawave/install/ros_decawave/share/ros_decawave/msg/Anchor.idl
[1.568s] -- Up-to-date: /home/pk/najnowsze_przepisywanie/ros_decawave/install/ros_decawave/share/ros_decawave/msg/AnchorArray.idl
[1.568s] -- Up-to-date: /home/pk/najnowsze_przepisywanie/ros_decawave/install/ros_decawave/share/ros_decawave/msg/Tag.idl
[1.568s] -- Up-to-date: /home/pk/najnowsze_przepisywanie/ros_decawave/install/ros_decawave/share/ros_decawave/msg/Acc.msg
[1.568s] -- Up-to-date: /home/pk/najnowsze_przepisywanie/ros_decawave/install/ros_decawave/share/ros_decawave/msg/Anchor.msg
[1.568s] -- Up-to-date: /home/pk/najnowsze_przepisywanie/ros_decawave/install/ros_decawave/share/ros_decawave/msg/AnchorArray.msg
[1.568s] -- Installing: /home/pk/najnowsze_przepisywanie/ros_decawave/install/ros_decawave/share/ros_decawave/msg/Tag.msg
[1.568s] -- Up-to-date: /home/pk/najnowsze_przepisywanie/ros_decawave/install/ros_decawave/lib/python3.8/site-packages/ros_decawave
[1.568s] -- Installing: /home/pk/najnowsze_przepisywanie/ros_decawave/install/ros_decawave/lib/python3.8/site-packages/ros_decawave/__init__.py
[1.602s] Listing '/home/pk/najnowsze_przepisywanie/ros_decawave/install/ros_decawave/lib/python3.8/site-packages/ros_decawave'...
[1.602s] Compiling '/home/pk/najnowsze_przepisywanie/ros_decawave/install/ros_decawave/lib/python3.8/site-packages/ros_decawave/__init__.py'...
[1.602s] Listing '/home/pk/najnowsze_przepisywanie/ros_decawave/install/ros_decawave/lib/python3.8/site-packages/ros_decawave/msg'...
[1.606s] -- Installing: /home/pk/najnowsze_przepisywanie/ros_decawave/install/ros_decawave/lib/ros_decawave/decawave_driver.py
[1.607s] -- Up-to-date: /home/pk/najnowsze_przepisywanie/ros_decawave/install/ros_decawave/share/ament_index/resource_index/package_run_dependencies/ros_decawave
[1.607s] -- Up-to-date: /home/pk/najnowsze_przepisywanie/ros_decawave/install/ros_decawave/share/ament_index/resource_index/parent_prefix_path/ros_decawave
[1.607s] -- Up-to-date: /home/pk/najnowsze_przepisywanie/ros_decawave/install/ros_decawave/share/ros_decawave/environment/ament_prefix_path.sh
[1.607s] -- Installing: /home/pk/najnowsze_przepisywanie/ros_decawave/install/ros_decawave/share/ros_decawave/environment/ament_prefix_path.dsv
[1.607s] -- Up-to-date: /home/pk/najnowsze_przepisywanie/ros_decawave/install/ros_decawave/share/ros_decawave/environment/path.sh
[1.607s] -- Installing: /home/pk/najnowsze_przepisywanie/ros_decawave/install/ros_decawave/share/ros_decawave/environment/path.dsv
[1.608s] -- Up-to-date: /home/pk/najnowsze_przepisywanie/ros_decawave/install/ros_decawave/share/ros_decawave/local_setup.bash
[1.608s] -- Up-to-date: /home/pk/najnowsze_przepisywanie/ros_decawave/install/ros_decawave/share/ros_decawave/local_setup.sh
[1.608s] -- Up-to-date: /home/pk/najnowsze_przepisywanie/ros_decawave/install/ros_decawave/share/ros_decawave/local_setup.zsh
[1.608s] -- Installing: /home/pk/najnowsze_przepisywanie/ros_decawave/install/ros_decawave/share/ros_decawave/local_setup.dsv
[1.608s] -- Installing: /home/pk/najnowsze_przepisywanie/ros_decawave/install/ros_decawave/share/ros_decawave/package.dsv
[1.608s] -- Up-to-date: /home/pk/najnowsze_przepisywanie/ros_decawave/install/ros_decawave/share/ament_index/resource_index/packages/ros_decawave
[1.608s] -- Up-to-date: /home/pk/najnowsze_przepisywanie/ros_decawave/install/ros_decawave/share/ros_decawave/cmake/ros_decawave__rosidl_generator_cExport.cmake
[1.608s] -- Installing: /home/pk/najnowsze_przepisywanie/ros_decawave/install/ros_decawave/share/ros_decawave/cmake/ros_decawave__rosidl_generator_cExport-noconfig.cmake
[1.609s] -- Up-to-date: /home/pk/najnowsze_przepisywanie/ros_decawave/install/ros_decawave/share/ros_decawave/cmake/ros_decawave__rosidl_typesupport_introspection_cExport.cmake
[1.609s] -- Installing: /home/pk/najnowsze_przepisywanie/ros_decawave/install/ros_decawave/share/ros_decawave/cmake/ros_decawave__rosidl_typesupport_introspection_cExport-noconfig.cmake
[1.609s] -- Up-to-date: /home/pk/najnowsze_przepisywanie/ros_decawave/install/ros_decawave/share/ros_decawave/cmake/ros_decawave__rosidl_typesupport_cExport.cmake
[1.609s] -- Installing: /home/pk/najnowsze_przepisywanie/ros_decawave/install/ros_decawave/share/ros_decawave/cmake/ros_decawave__rosidl_typesupport_cExport-noconfig.cmake
[1.609s] -- Up-to-date: /home/pk/najnowsze_przepisywanie/ros_decawave/install/ros_decawave/share/ros_decawave/cmake/ros_decawave__rosidl_generator_cppExport.cmake
[1.609s] -- Up-to-date: /home/pk/najnowsze_przepisywanie/ros_decawave/install/ros_decawave/share/ros_decawave/cmake/ros_decawave__rosidl_typesupport_introspection_cppExport.cmake
[1.609s] -- Installing: /home/pk/najnowsze_przepisywanie/ros_decawave/install/ros_decawave/share/ros_decawave/cmake/ros_decawave__rosidl_typesupport_introspection_cppExport-noconfig.cmake
[1.610s] -- Up-to-date: /home/pk/najnowsze_przepisywanie/ros_decawave/install/ros_decawave/share/ros_decawave/cmake/ros_decawave__rosidl_typesupport_cppExport.cmake
[1.610s] -- Installing: /home/pk/najnowsze_przepisywanie/ros_decawave/install/ros_decawave/share/ros_decawave/cmake/ros_decawave__rosidl_typesupport_cppExport-noconfig.cmake
[1.610s] -- Up-to-date: /home/pk/najnowsze_przepisywanie/ros_decawave/install/ros_decawave/share/ros_decawave/cmake/rosidl_cmake-extras.cmake
[1.610s] -- Up-to-date: /home/pk/najnowsze_przepisywanie/ros_decawave/install/ros_decawave/share/ros_decawave/cmake/ament_cmake_export_dependencies-extras.cmake
[1.610s] -- Up-to-date: /home/pk/najnowsze_przepisywanie/ros_decawave/install/ros_decawave/share/ros_decawave/cmake/ament_cmake_export_libraries-extras.cmake
[1.610s] -- Up-to-date: /home/pk/najnowsze_przepisywanie/ros_decawave/install/ros_decawave/share/ros_decawave/cmake/ament_cmake_export_targets-extras.cmake
[1.610s] -- Up-to-date: /home/pk/najnowsze_przepisywanie/ros_decawave/install/ros_decawave/share/ros_decawave/cmake/ament_cmake_export_include_directories-extras.cmake
[1.610s] -- Up-to-date: /home/pk/najnowsze_przepisywanie/ros_decawave/install/ros_decawave/share/ros_decawave/cmake/rosidl_cmake_export_typesupport_libraries-extras.cmake
[1.610s] -- Up-to-date: /home/pk/najnowsze_przepisywanie/ros_decawave/install/ros_decawave/share/ros_decawave/cmake/rosidl_cmake_export_typesupport_targets-extras.cmake
[1.611s] -- Up-to-date: /home/pk/najnowsze_przepisywanie/ros_decawave/install/ros_decawave/share/ros_decawave/cmake/ros_decawaveConfig.cmake
[1.611s] -- Up-to-date: /home/pk/najnowsze_przepisywanie/ros_decawave/install/ros_decawave/share/ros_decawave/cmake/ros_decawaveConfig-version.cmake
[1.611s] -- Up-to-date: /home/pk/najnowsze_przepisywanie/ros_decawave/install/ros_decawave/share/ros_decawave/package.xml
[1.615s] Invoked command in '/home/pk/najnowsze_przepisywanie/ros_decawave/build/ros_decawave' returned '0': CMAKE_PREFIX_PATH=${CMAKE_PREFIX_PATH}:/opt/ros/foxy /usr/bin/cmake --install /home/pk/najnowsze_przepisywanie/ros_decawave/build/ros_decawave
